AOI_limit = 200.000000 (200)

---- Determine Closest Station Processing ----
Processing began on Aug  3 2004 14:54:00
Station ID/lat/lon file name (e.g., stnlatlon.inp): BAMEX_stn_list.ID
Reading stn ID's lats lons 
Total number stations read: 2887
Processing completed on Aug  3 2004 14:54:00

form_webPage_output.pl of file BAMEX_stn_list.ID began on Wed Sep 22 12:26:29 2004

Call det_closest_stn BAMEX_stn_list.ID 200.

 mv Closest_stns_LIST.out Closest_stns_LIST_200.out
Call create_web_page( BAMEX_stn_list.ID, 200 ).
stnInfo{num==1}:: HASH(0x194b40)
stnInfo{num==1}:: HASH(0x183214)
stnInfo{num==1}:: HASH(0x1ac84c)
stnInfo{num==1}:: HASH(0x15db1c)
stnInfo{num==1}:: HASH(0x165bdc)
stnInfo{num==1}:: HASH(0x194840)
stnInfo{num==1}:: HASH(0x194858)
stnInfo{num==1}:: HASH(0x1215c4)
stnInfo{num==1}:: HASH(0x1a6130)
stnInfo{num==1}:: HASH(0x17525c)
stnInfo{num==1}:: HASH(0x1bc208)
stnInfo{num==1}:: HASH(0x1bc2a4)
stnInfo{num==1}:: HASH(0x1bc3ac)
stnInfo{num==1}:: HASH(0x1bc3b8)
stnInfo{num==1}:: HASH(0x16c214)
stnInfo{num==1}:: HASH(0x1a622c)
stnInfo{num==1}:: HASH(0x1bfa68)
stnInfo{num==1}:: HASH(0x16c394)
stnInfo{num==1}:: HASH(0x1bc10c)
stnInfo{num==1}:: HASH(0x186064)
stnInfo{num==1}:: HASH(0x17c1f0)
stnInfo{num==1}:: HASH(0x1acbb8)
stnInfo{num==1}:: HASH(0x1a92bc)
stnInfo{num==1}:: HASH(0x18b268)
stnInfo{num==1}:: HASH(0x183238)
stnInfo{num==1}:: HASH(0x1a622c)
stnInfo{num==1}:: HASH(0x1b9394)
stnInfo{num==1}:: HASH(0x1a90a0)
stnInfo{num==1}:: HASH(0x186304)
stnInfo{num==1}:: HASH(0x1d62d4)
stnInfo{num==1}:: HASH(0x16c340)
stnInfo{num==1}:: HASH(0x1b925c)
stnInfo{num==1}:: HASH(0x1918e8)
stnInfo{num==1}:: HASH(0x1dc96c)
stnInfo{num==1}:: HASH(0x18b0b8)
stnInfo{num==1}:: HASH(0x1d6340)
stnInfo{num==1}:: HASH(0x12163c)
stnInfo{num==1}:: HASH(0x1d6208)
stnInfo{num==1}:: HASH(0x1658e8)
stnInfo{num==1}:: HASH(0x186160)
stnInfo{num==1}:: HASH(0x178978)
stnInfo{num==1}:: HASH(0x1aca14)
stnInfo{num==1}:: HASH(0x1863d0)
stnInfo{num==1}:: HASH(0x15da74)
stnInfo{num==1}:: HASH(0x1a937c)
stnInfo{num==1}:: HASH(0x16c07c)
stnInfo{num==1}:: HASH(0x1bb100)
stnInfo{num==1}:: HASH(0x178990)
stnInfo{num==1}:: HASH(0x1861cc)
stnInfo{num==1}:: HASH(0x1750dc)
stnInfo{num==1}:: HASH(0x1bb0f4)
stnInfo{num==1}:: HASH(0x1e0118)
stnInfo{num==1}:: HASH(0x1b9274)
stnInfo{num==1}:: HASH(0x191bd0)
stnInfo{num==1}:: HASH(0x1bb1cc)
stnInfo{num==1}:: HASH(0x1acbac)
stnInfo{num==1}:: HASH(0x17c1d8)
stnInfo{num==1}:: HASH(0x1b9178)
stnInfo{num==1}:: HASH(0x1215d0)
stnInfo{num==1}:: HASH(0x194834)
stnInfo{num==1}:: HASH(0x1bf840)
stnInfo{num==1}:: HASH(0x17528c)
stnInfo{num==1}:: HASH(0x1a187c)
stnInfo{num==1}:: HASH(0x1e0070)
stnInfo{num==1}:: HASH(0x1a1aec)
stnInfo{num==1}:: HASH(0x1d61d8)
stnInfo{num==1}:: HASH(0x1863c4)
stnInfo{num==1}:: HASH(0x1a1b70)
stnInfo{num==1}:: HASH(0x165a5c)
stnInfo{num==1}:: HASH(0x178bb8)
stnInfo{num==1}:: HASH(0x1a18dc)
stnInfo{num==1}:: HASH(0x178978)
stnInfo{num==1}:: HASH(0x194930)
stnInfo{num==1}:: HASH(0x1a60b8)
stnInfo{num==1}:: HASH(0x1214c8)
stnInfo{num==1}:: HASH(0x1d6340)
stnInfo{num==1}:: HASH(0x178930)
stnInfo{num==1}:: HASH(0x1b93f4)
stnInfo{num==1}:: HASH(0x1bc310)
stnInfo{num==1}:: HASH(0x16c244)
stnInfo{num==1}:: HASH(0x1bfa44)
stnInfo{num==1}:: HASH(0x1a9208)
stnInfo{num==1}:: HASH(0x1753f4)
stnInfo{num==1}:: HASH(0x17c334)
stnInfo{num==1}:: HASH(0x1833b8)
stnInfo{num==1}:: HASH(0x16c2bc)
stnInfo{num==1}:: HASH(0x1d631c)
stnInfo{num==1}:: HASH(0x1bfb94)
stnInfo{num==1}:: HASH(0x1a1ac8)
stnInfo{num==1}:: HASH(0x178bdc)
stnInfo{num==1}:: HASH(0x1948dc)
stnInfo{num==1}:: HASH(0x1acba0)
stnInfo{num==1}:: HASH(0x1bc3b8)
stnInfo{num==1}:: HASH(0x1bb034)
stnInfo{num==1}:: HASH(0x175064)
stnInfo{num==1}:: HASH(0x1dcbb8)
stnInfo{num==1}:: HASH(0x1a9268)
stnInfo{num==1}:: HASH(0x186388)
stnInfo{num==1}:: HASH(0x1bb3e8)
stnInfo{num==1}:: HASH(0x1a1ae0)
stnInfo{num==1}:: HASH(0x1a916c)
stnInfo{num==1}:: HASH(0x1949fc)
stnInfo{num==1}:: HASH(0x1860c4)
stnInfo{num==1}:: HASH(0x1bb328)
stnInfo{num==1}:: HASH(0x1bfa80)
stnInfo{num==1}:: HASH(0x1ac8d0)
stnInfo{num==1}:: HASH(0x1bfbf4)
stnInfo{num==1}:: HASH(0x1918e8)
stnInfo{num==1}:: HASH(0x17c130)
stnInfo{num==1}:: HASH(0x18b214)
stnInfo{num==1}:: HASH(0x186034)
stnInfo{num==1}:: HASH(0x191b40)
stnInfo{num==1}:: HASH(0x1919e4)
stnInfo{num==1}:: HASH(0x16c244)
stnInfo{num==1}:: HASH(0x12f3d0)
stnInfo{num==1}:: HASH(0x1bc1e4)
stnInfo{num==1}:: HASH(0x1dc840)
stnInfo{num==1}:: HASH(0x18b2b0)
stnInfo{num==1}:: HASH(0x18b2d4)
stnInfo{num==1}:: HASH(0x1bf9d8)
stnInfo{num==1}:: HASH(0x16c2b0)
stnInfo{num==1}:: HASH(0x1b901c)
stnInfo{num==1}:: HASH(0x17c244)
stnInfo{num==1}:: HASH(0x15da98)
stnInfo{num==1}:: HASH(0x12154c)
stnInfo{num==1}:: HASH(0x186040)
stnInfo{num==1}:: HASH(0x1a6208)
stnInfo{num==1}:: HASH(0x1a9028)
stnInfo{num==1}:: HASH(0x194a14)
stnInfo{num==1}:: HASH(0x1b913c)
stnInfo{num==1}:: HASH(0x1e0028)
stnInfo{num==1}:: HASH(0x178aa4)
stnInfo{num==1}:: HASH(0x1862a4)
stnInfo{num==1}:: HASH(0x1dca74)
stnInfo{num==1}:: HASH(0x17525c)
stnInfo{num==1}:: HASH(0x1751b4)
stnInfo{num==1}:: HASH(0x16c3ac)
stnInfo{num==1}:: HASH(0x1bfaf8)
stnInfo{num==1}:: HASH(0x1a9088)
stnInfo{num==1}:: HASH(0x1a9148)
stnInfo{num==1}:: HASH(0x1a6064)
stnInfo{num==1}:: HASH(0x1bb190)
stnInfo{num==1}:: HASH(0x1b92ec)
stnInfo{num==1}:: HASH(0x191b88)
stnInfo{num==1}:: HASH(0x1bf9cc)
stnInfo{num==1}:: HASH(0x1a1870)
stnInfo{num==1}:: HASH(0x17c31c)
stnInfo{num==1}:: HASH(0x16c028)
stnInfo{num==1}:: HASH(0x1788c4)
stnInfo{num==1}:: HASH(0x1a91d8)
stnInfo{num==1}:: HASH(0x1658ac)
stnInfo{num==1}:: HASH(0x1659d8)
stnInfo{num==1}:: HASH(0x1dc8f4)
stnInfo{num==1}:: HASH(0x191a20)
stnInfo{num==1}:: HASH(0x1a19c0)
stnInfo{num==1}:: HASH(0x1bc2ec)
stnInfo{num==1}:: HASH(0x191af8)
stnInfo{num==1}:: HASH(0x1658e8)
stnInfo{num==1}:: HASH(0x1a1954)
stnInfo{num==1}:: HASH(0x15d900)
stnInfo{num==1}:: HASH(0x1bb10c)
stnInfo{num==1}:: HASH(0x1b93ac)
stnInfo{num==1}:: HASH(0x15da50)
stnInfo{num==1}:: HASH(0x1bc0e8)
stnInfo{num==1}:: HASH(0x1dc93c)
stnInfo{num==1}:: HASH(0x1a1b34)
stnInfo{num==1}:: HASH(0x18610c)
stnInfo{num==1}:: HASH(0x12f2e0)
stnInfo{num==1}:: HASH(0x18b250)
stnInfo{num==1}:: HASH(0x12f3c4)
stnInfo{num==1}:: HASH(0x175310)
stnInfo{num==1}:: HASH(0x17c034)
stnInfo{num==1}:: HASH(0x194858)
stnInfo{num==1}:: HASH(0x1dc9d8)
stnInfo{num==1}:: HASH(0x1acbdc)
stnInfo{num==1}:: HASH(0x1bfa80)
stnInfo{num==1}:: HASH(0x15d984)
stnInfo{num==1}:: HASH(0x1a9058)
stnInfo{num==1}:: HASH(0x1a62d4)
stnInfo{num==1}:: HASH(0x15da50)
stnInfo{num==1}:: HASH(0x1e00c4)
stnInfo{num==1}:: HASH(0x1bc2f8)
stnInfo{num==1}:: HASH(0x165b70)
stnInfo{num==1}:: HASH(0x178948)
stnInfo{num==1}:: HASH(0x1acae0)
stnInfo{num==1}:: HASH(0x186070)
stnInfo{num==1}:: HASH(0x17510c)
stnInfo{num==1}:: HASH(0x16c3e8)
stnInfo{num==1}:: HASH(0x1bc364)
stnInfo{num==1}:: HASH(0x1dcb10)
stnInfo{num==1}:: HASH(0x186100)
stnInfo{num==1}:: HASH(0x1bc16c)
stnInfo{num==1}:: HASH(0x1dc870)
stnInfo{num==1}:: HASH(0x191a80)
stnInfo{num==1}:: HASH(0x178a98)
stnInfo{num==1}:: HASH(0x1a93ac)
stnInfo{num==1}:: HASH(0x1a6040)
stnInfo{num==1}:: HASH(0x1753a0)
stnInfo{num==1}:: HASH(0x191af8)
stnInfo{num==1}:: HASH(0x16c370)
stnInfo{num==1}:: HASH(0x12f208)
stnInfo{num==1}:: HASH(0x1a6148)
stnInfo{num==1}:: HASH(0x1d60dc)
stnInfo{num==1}:: HASH(0x194bdc)
stnInfo{num==1}:: HASH(0x1dc984)
stnInfo{num==1}:: HASH(0x165b10)
stnInfo{num==1}:: HASH(0x1215f4)
stnInfo{num==1}:: HASH(0x1d6220)
stnInfo{num==1}:: HASH(0x1bc208)
stnInfo{num==1}:: HASH(0x17510c)
stnInfo{num==1}:: HASH(0x1753b8)
stnInfo{num==1}:: HASH(0x1b92a4)
stnInfo{num==1}:: HASH(0x165828)
stnInfo{num==1}:: HASH(0x15db04)
stnInfo{num==1}:: HASH(0x175334)
stnInfo{num==1}:: HASH(0x1dc984)
stnInfo{num==1}:: HASH(0x16c130)
stnInfo{num==1}:: HASH(0x194948)
stnInfo{num==1}:: HASH(0x19481c)
stnInfo{num==1}:: HASH(0x1bf8b8)
stnInfo{num==1}:: HASH(0x165a14)
stnInfo{num==1}:: HASH(0x15daec)
stnInfo{num==1}:: HASH(0x19199c)
stnInfo{num==1}:: HASH(0x18b2e0)
stnInfo{num==1}:: HASH(0x1860d0)
stnInfo{num==1}:: HASH(0x1b9250)
stnInfo{num==1}:: HASH(0x1ac9e4)
stnInfo{num==1}:: HASH(0x191990)
stnInfo{num==1}:: HASH(0x1f8aa4)
stnInfo{num==1}:: HASH(0x1a9040)
stnInfo{num==1}:: HASH(0x1f8870)
stnInfo{num==1}:: HASH(0x200250)
stnInfo{num==1}:: HASH(0x1a90e8)
stnInfo{num==1}:: HASH(0x1bfa20)
stnInfo{num==1}:: HASH(0x178960)
stnInfo{num==1}:: HASH(0x1832a4)
stnInfo{num==1}:: HASH(0x1a601c)
stnInfo{num==1}:: HASH(0x1acb40)
stnInfo{num==1}:: HASH(0x1f8bb8)
stnInfo{num==1}:: HASH(0x17884c)
stnInfo{num==1}:: HASH(0x165b10)
stnInfo{num==1}:: HASH(0x1fc864)
stnInfo{num==1}:: HASH(0x15d8b8)
stnInfo{num==1}:: HASH(0x175394)
stnInfo{num==1}:: HASH(0x1e78ac)
stnInfo{num==1}:: HASH(0x194ba0)
stnInfo{num==1}:: HASH(0x1b913c)
stnInfo{num==1}:: HASH(0x1a91e4)
stnInfo{num==1}:: HASH(0x165b34)
stnInfo{num==1}:: HASH(0x1f8960)
stnInfo{num==1}:: HASH(0x1dca38)
stnInfo{num==1}:: HASH(0x15da50)
stnInfo{num==1}:: HASH(0x12f088)
stnInfo{num==1}:: HASH(0x2000c4)
stnInfo{num==1}:: HASH(0x175100)
stnInfo{num==1}:: HASH(0x165af8)
stnInfo{num==1}:: HASH(0x1b90dc)
stnInfo{num==1}:: HASH(0x200304)
stnInfo{num==1}:: HASH(0x1b919c)
stnInfo{num==1}:: HASH(0x1ac9e4)
stnInfo{num==1}:: HASH(0x1b91cc)
stnInfo{num==1}:: HASH(0x178954)
stnInfo{num==1}:: HASH(0x186070)
stnInfo{num==1}:: HASH(0x194894)
stnInfo{num==1}:: HASH(0x1bf954)
stnInfo{num==1}:: HASH(0x1ea8c4)
stnInfo{num==1}:: HASH(0x1e4034)
stnInfo{num==1}:: HASH(0x121450)
stnInfo{num==1}:: HASH(0x1d6364)
stnInfo{num==1}:: HASH(0x1ea81c)
stnInfo{num==1}:: HASH(0x1860dc)
stnInfo{num==1}:: HASH(0x1861a8)
stnInfo{num==1}:: HASH(0x20031c)
stnInfo{num==1}:: HASH(0x15db28)
stnInfo{num==1}:: HASH(0x178aec)
stnInfo{num==1}:: HASH(0x194abc)
stnInfo{num==1}:: HASH(0x1e793c)
stnInfo{num==1}:: HASH(0x1dc960)
stnInfo{num==1}:: HASH(0x1bc394)
stnInfo{num==1}:: HASH(0x191a38)
stnInfo{num==1}:: HASH(0x1e0328)
stnInfo{num==1}:: HASH(0x186274)
stnInfo{num==1}:: HASH(0x19481c)
stnInfo{num==1}:: HASH(0x200160)
stnInfo{num==1}:: HASH(0x1e7a08)
stnInfo{num==1}:: HASH(0x16593c)
stnInfo{num==1}:: HASH(0x1acbf4)
stnInfo{num==1}:: HASH(0x2002e0)
stnInfo{num==1}:: HASH(0x1e7abc)
stnInfo{num==1}:: HASH(0x165a2c)
stnInfo{num==1}:: HASH(0x1d6124)
stnInfo{num==1}:: HASH(0x1bc184)
stnInfo{num==1}:: HASH(0x165924)
stnInfo{num==1}:: HASH(0x1bb364)
stnInfo{num==1}:: HASH(0x1e43d0)
stnInfo{num==1}:: HASH(0x17c280)
stnInfo{num==1}:: HASH(0x178a5c)
stnInfo{num==1}:: HASH(0x178a74)
stnInfo{num==1}:: HASH(0x1b9238)
stnInfo{num==1}:: HASH(0x18328c)
stnInfo{num==1}:: HASH(0x175394)
stnInfo{num==1}:: HASH(0x191954)
stnInfo{num==1}:: HASH(0x1dc96c)
stnInfo{num==1}:: HASH(0x1bc3b8)
stnInfo{num==1}:: HASH(0x1a9310)
stnInfo{num==1}:: HASH(0x1a1954)
stnInfo{num==1}:: HASH(0x15d9b4)
stnInfo{num==1}:: HASH(0x186358)
stnInfo{num==1}:: HASH(0x200130)
stnInfo{num==1}:: HASH(0x1ea93c)
stnInfo{num==1}:: HASH(0x1863a0)
stnInfo{num==1}:: HASH(0x1a6238)
stnInfo{num==1}:: HASH(0x194b64)
stnInfo{num==1}:: HASH(0x191930)
stnInfo{num==1}:: HASH(0x17534c)
stnInfo{num==1}:: HASH(0x1d6214)
stnInfo{num==1}:: HASH(0x1831c0)
stnInfo{num==1}:: HASH(0x16c268)
stnInfo{num==1}:: HASH(0x1a1984)
stnInfo{num==1}:: HASH(0x175244)
stnInfo{num==1}:: HASH(0x194a68)
stnInfo{num==1}:: HASH(0x1aca50)
stnInfo{num==1}:: HASH(0x191b04)
stnInfo{num==1}:: HASH(0x1f8a38)
stnInfo{num==1}:: HASH(0x12178c)
stnInfo{num==1}:: HASH(0x15d9f0)
stnInfo{num==1}:: HASH(0x16c244)
stnInfo{num==1}:: HASH(0x178924)
stnInfo{num==1}:: HASH(0x1214ec)
stnInfo{num==1}:: HASH(0x178948)
stnInfo{num==1}:: HASH(0x1f8bd0)
stnInfo{num==1}:: HASH(0x17537c)
stnInfo{num==1}:: HASH(0x1dcb1c)
stnInfo{num==1}:: HASH(0x1a63a0)
stnInfo{num==1}:: HASH(0x1dc828)
stnInfo{num==1}:: HASH(0x1bb2b0)
stnInfo{num==1}:: HASH(0x2002ec)
stnInfo{num==1}:: HASH(0x1a1b88)
stnInfo{num==1}:: HASH(0x1ac900)
stnInfo{num==1}:: HASH(0x178ae0)
stnInfo{num==1}:: HASH(0x200334)
stnInfo{num==1}:: HASH(0x191954)
stnInfo{num==1}:: HASH(0x1e7930)
stnInfo{num==1}:: HASH(0x1bc0ac)
stnInfo{num==1}:: HASH(0x194a68)
stnInfo{num==1}:: HASH(0x1e7834)
stnInfo{num==1}:: HASH(0x1a9058)
stnInfo{num==1}:: HASH(0x1e0250)
stnInfo{num==1}:: HASH(0x1a9124)
stnInfo{num==1}:: HASH(0x1a9190)
stnInfo{num==1}:: HASH(0x1e7a08)
stnInfo{num==1}:: HASH(0x1a6184)
stnInfo{num==1}:: HASH(0x1bc1fc)
stnInfo{num==1}:: HASH(0x1d63a0)
stnInfo{num==1}:: HASH(0x1dc8dc)
stnInfo{num==1}:: HASH(0x1751c0)
stnInfo{num==1}:: HASH(0x15d9a8)
stnInfo{num==1}:: HASH(0x1bc148)
stnInfo{num==1}:: HASH(0x186064)
stnInfo{num==1}:: HASH(0x1214e0)
stnInfo{num==1}:: HASH(0x1e0334)
stnInfo{num==1}:: HASH(0x17887c)
stnInfo{num==1}:: HASH(0x1a1a08)
stnInfo{num==1}:: HASH(0x1fc93c)
stnInfo{num==1}:: HASH(0x1fc954)
stnInfo{num==1}:: HASH(0x194bc4)
stnInfo{num==1}:: HASH(0x1948e8)
stnInfo{num==1}:: HASH(0x1ac978)
stnInfo{num==1}:: HASH(0x1e41d8)
stnInfo{num==1}:: HASH(0x1d6298)
stnInfo{num==1}:: HASH(0x1b92e0)
stnInfo{num==1}:: HASH(0x1b91a8)
stnInfo{num==1}:: HASH(0x194a74)
stnInfo{num==1}:: HASH(0x1b90f4)
stnInfo{num==1}:: HASH(0x1dc828)
stnInfo{num==1}:: HASH(0x1e004c)
stnInfo{num==1}:: HASH(0x2003e8)
stnInfo{num==1}:: HASH(0x15db1c)
stnInfo{num==1}:: HASH(0x12148c)
stnInfo{num==1}:: HASH(0x1e4064)
stnInfo{num==1}:: HASH(0x194858)
stnInfo{num==1}:: HASH(0x17c148)
stnInfo{num==1}:: HASH(0x191888)
stnInfo{num==1}:: HASH(0x1a1b10)
stnInfo{num==1}:: HASH(0x1bc058)
stnInfo{num==1}:: HASH(0x1a1a5c)
stnInfo{num==1}:: HASH(0x15dbe8)
stnInfo{num==1}:: HASH(0x1e4094)
stnInfo{num==1}:: HASH(0x1dc918)
stnInfo{num==1}:: HASH(0x1b91e4)
stnInfo{num==1}:: HASH(0x1e4394)
stnInfo{num==1}:: HASH(0x1a93dc)
stnInfo{num==1}:: HASH(0x17519c)
stnInfo{num==1}:: HASH(0x1863f4)
stnInfo{num==1}:: HASH(0x1bc3c4)
stnInfo{num==1}:: HASH(0x18b034)
stnInfo{num==1}:: HASH(0x1dc834)
stnInfo{num==1}:: HASH(0x1bc1c0)
stnInfo{num==1}:: HASH(0x175304)
stnInfo{num==1}:: HASH(0x1b9100)
stnInfo{num==1}:: HASH(0x1aca38)
stnInfo{num==1}:: HASH(0x19196c)
stnInfo{num==1}:: HASH(0x18b220)
stnInfo{num==1}:: HASH(0x1e034c)
stnInfo{num==1}:: HASH(0x1eaa8c)
stnInfo{num==1}:: HASH(0x1bb178)
stnInfo{num==1}:: HASH(0x1fc948)
stnInfo{num==1}:: HASH(0x194a14)
stnInfo{num==1}:: HASH(0x15d924)
stnInfo{num==1}:: HASH(0x186334)
stnInfo{num==1}:: HASH(0x1e0184)
stnInfo{num==1}:: HASH(0x1e7900)
stnInfo{num==1}:: HASH(0x121474)
stnInfo{num==1}:: HASH(0x1f8a8c)
stnInfo{num==1}:: HASH(0x1e7b10)
stnInfo{num==1}:: HASH(0x16c034)
stnInfo{num==1}:: HASH(0x12f034)
stnInfo{num==1}:: HASH(0x186094)
stnInfo{num==1}:: HASH(0x1dca68)
stnInfo{num==1}:: HASH(0x165b10)
stnInfo{num==1}:: HASH(0x17893c)
stnInfo{num==1}:: HASH(0x191af8)
stnInfo{num==1}:: HASH(0x200358)
stnInfo{num==1}:: HASH(0x1e7ae0)
stnInfo{num==1}:: HASH(0x1bc154)
stnInfo{num==1}:: HASH(0x2003ac)
stnInfo{num==1}:: HASH(0x1b90b8)
stnInfo{num==1}:: HASH(0x178a14)
stnInfo{num==1}:: HASH(0x1658dc)
stnInfo{num==1}:: HASH(0x18b1cc)
stnInfo{num==1}:: HASH(0x17c388)
stnInfo{num==1}:: HASH(0x18b160)
stnInfo{num==1}:: HASH(0x1789b4)
stnInfo{num==1}:: HASH(0x1a901c)
stnInfo{num==1}:: HASH(0x1863b8)
stnInfo{num==1}:: HASH(0x1dca80)
stnInfo{num==1}:: HASH(0x1dc918)
stnInfo{num==1}:: HASH(0x1e7a5c)
stnInfo{num==1}:: HASH(0x1a6394)
stnInfo{num==1}:: HASH(0x16c01c)
stnInfo{num==1}:: HASH(0x1bf924)
stnInfo{num==1}:: HASH(0x1b9130)
stnInfo{num==1}:: HASH(0x1eab10)
stnInfo{num==1}:: HASH(0x1214b0)
stnInfo{num==1}:: HASH(0x1a63e8)
stnInfo{num==1}:: HASH(0x1e784c)
stnInfo{num==1}:: HASH(0x18b244)
stnInfo{num==1}:: HASH(0x17c13c)
stnInfo{num==1}:: HASH(0x2003dc)
stnInfo{num==1}:: HASH(0x1f89b4)
stnInfo{num==1}:: HASH(0x1a1a80)
stnInfo{num==1}:: HASH(0x1a90e8)
stnInfo{num==1}:: HASH(0x1e4208)
stnInfo{num==1}:: HASH(0x1bf984)
stnInfo{num==1}:: HASH(0x1aca50)
stnInfo{num==1}:: HASH(0x200184)
stnInfo{num==1}:: HASH(0x16c394)
stnInfo{num==1}:: HASH(0x1dcbc4)
stnInfo{num==1}:: HASH(0x1e7bac)
stnInfo{num==1}:: HASH(0x1f88dc)
stnInfo{num==1}:: HASH(0x183064)
stnInfo{num==1}:: HASH(0x194858)
stnInfo{num==1}:: HASH(0x175124)
stnInfo{num==1}:: HASH(0x1e7b04)
stnInfo{num==1}:: HASH(0x1dcac8)
stnInfo{num==1}:: HASH(0x1eab64)
stnInfo{num==1}:: HASH(0x1750b8)
stnInfo{num==1}:: HASH(0x1e01d8)
stnInfo{num==1}:: HASH(0x1e42bc)
stnInfo{num==1}:: HASH(0x1a19cc)
stnInfo{num==1}:: HASH(0x175208)
stnInfo{num==1}:: HASH(0x16c3a0)
stnInfo{num==1}:: HASH(0x1e43e8)
stnInfo{num==1}:: HASH(0x15d99c)
stnInfo{num==1}:: HASH(0x1e40c4)
stnInfo{num==1}:: HASH(0x1f8ae0)
stnInfo{num==1}:: HASH(0x1753ac)
stnInfo{num==1}:: HASH(0x1bb2bc)
stnInfo{num==1}:: HASH(0x1f8bc4)
stnInfo{num==1}:: HASH(0x194a8c)
stnInfo{num==1}:: HASH(0x1e428c)
stnInfo{num==1}:: HASH(0x1d60e8)
stnInfo{num==1}:: HASH(0x1d6298)
stnInfo{num==1}:: HASH(0x1a181c)
stnInfo{num==1}:: HASH(0x1ac990)
stnInfo{num==1}:: HASH(0x165bb8)
stnInfo{num==1}:: HASH(0x1bb034)
stnInfo{num==1}:: HASH(0x1bb370)
stnInfo{num==1}:: HASH(0x1e0244)
stnInfo{num==1}:: HASH(0x1e01f0)
stnInfo{num==1}:: HASH(0x1ea90c)
stnInfo{num==1}:: HASH(0x1dcbc4)
stnInfo{num==1}:: HASH(0x1e7888)
stnInfo{num==1}:: HASH(0x1e41cc)
stnInfo{num==1}:: HASH(0x1acb64)
stnInfo{num==1}:: HASH(0x1658dc)
stnInfo{num==1}:: HASH(0x1e4088)
stnInfo{num==1}:: HASH(0x12157c)
stnInfo{num==1}:: HASH(0x1b9130)
stnInfo{num==1}:: HASH(0x1831a8)
stnInfo{num==1}:: HASH(0x1b9184)
stnInfo{num==1}:: HASH(0x178954)
stnInfo{num==1}:: HASH(0x1ea9e4)
stnInfo{num==1}:: HASH(0x2000f4)
stnInfo{num==1}:: HASH(0x1a6358)
stnInfo{num==1}:: HASH(0x12f214)
stnInfo{num==1}:: HASH(0x1f8bac)
stnInfo{num==1}:: HASH(0x18b19c)
stnInfo{num==1}:: HASH(0x1f8af8)
stnInfo{num==1}:: HASH(0x1f8bc4)
stnInfo{num==1}:: HASH(0x15d9fc)
stnInfo{num==1}:: HASH(0x1bc0b8)
stnInfo{num==1}:: HASH(0x1a93e8)
stnInfo{num==1}:: HASH(0x1e0094)
stnInfo{num==1}:: HASH(0x16c064)
stnInfo{num==1}:: HASH(0x183130)
stnInfo{num==1}:: HASH(0x1e7a5c)
stnInfo{num==1}:: HASH(0x1a6190)
stnInfo{num==1}:: HASH(0x121570)
stnInfo{num==1}:: HASH(0x1750c4)
stnInfo{num==1}:: HASH(0x1fc8c4)
stnInfo{num==1}:: HASH(0x175184)
stnInfo{num==1}:: HASH(0x1a63d0)
stnInfo{num==1}:: HASH(0x19490c)
stnInfo{num==1}:: HASH(0x1bf9a8)
stnInfo{num==1}:: HASH(0x1751a8)
stnInfo{num==1}:: HASH(0x1bc2e0)
stnInfo{num==1}:: HASH(0x1752c8)
stnInfo{num==1}:: HASH(0x186328)
stnInfo{num==1}:: HASH(0x2000a0)
stnInfo{num==1}:: HASH(0x18b094)
stnInfo{num==1}:: HASH(0x15d8c4)
stnInfo{num==1}:: HASH(0x12f034)
stnInfo{num==1}:: HASH(0x1dcb10)
stnInfo{num==1}:: HASH(0x18b0e8)
stnInfo{num==1}:: HASH(0x17c3ac)
stnInfo{num==1}:: HASH(0x165bd0)
stnInfo{num==1}:: HASH(0x1e031c)
stnInfo{num==1}:: HASH(0x1e0178)
stnInfo{num==1}:: HASH(0x1bb364)
stnInfo{num==1}:: HASH(0x1e4100)
stnInfo{num==1}:: HASH(0x18634c)
stnInfo{num==1}:: HASH(0x12f2a4)
stnInfo{num==1}:: HASH(0x18625c)
stnInfo{num==1}:: HASH(0x12f1a8)
stnInfo{num==1}:: HASH(0x191990)
stnInfo{num==1}:: HASH(0x18b154)
stnInfo{num==1}:: HASH(0x1dcb70)
stnInfo{num==1}:: HASH(0x16c184)
stnInfo{num==1}:: HASH(0x1ac96c)
stnInfo{num==1}:: HASH(0x183094)
stnInfo{num==1}:: HASH(0x2001c0)
stnInfo{num==1}:: HASH(0x1ea984)
stnInfo{num==1}:: HASH(0x16c0c4)
stnInfo{num==1}:: HASH(0x1860c4)
stnInfo{num==1}:: HASH(0x1d619c)
stnInfo{num==1}:: HASH(0x178b04)
stnInfo{num==1}:: HASH(0x1b90f4)
stnInfo{num==1}:: HASH(0x12f3b8)
stnInfo{num==1}:: HASH(0x121690)
stnInfo{num==1}:: HASH(0x1b91cc)
stnInfo{num==1}:: HASH(0x1b9190)
stnInfo{num==1}:: HASH(0x1e40b8)
stnInfo{num==1}:: HASH(0x1b93ac)
stnInfo{num==1}:: HASH(0x1e01fc)
stnInfo{num==1}:: HASH(0x186238)
stnInfo{num==1}:: HASH(0x12f25c)
stnInfo{num==1}:: HASH(0x1e03e8)
stnInfo{num==1}:: HASH(0x1863e8)
stnInfo{num==1}:: HASH(0x1e43b8)
stnInfo{num==1}:: HASH(0x1a9394)
stnInfo{num==1}:: HASH(0x1788a0)
stnInfo{num==1}:: HASH(0x1e7a20)
stnInfo{num==1}:: HASH(0x200364)
stnInfo{num==1}:: HASH(0x165834)
stnInfo{num==1}:: HASH(0x2001a8)
stnInfo{num==1}:: HASH(0x194b88)
stnInfo{num==1}:: HASH(0x1a90d0)
stnInfo{num==1}:: HASH(0x121678)
stnInfo{num==1}:: HASH(0x1b9094)
stnInfo{num==1}:: HASH(0x1a9388)
stnInfo{num==1}:: HASH(0x1bc238)
stnInfo{num==1}:: HASH(0x1ac990)
stnInfo{num==1}:: HASH(0x1658f4)
stnInfo{num==1}:: HASH(0x191b40)
stnInfo{num==1}:: HASH(0x1d6040)
stnInfo{num==1}:: HASH(0x1e40a0)
stnInfo{num==1}:: HASH(0x1e79a8)
stnInfo{num==1}:: HASH(0x186094)
stnInfo{num==1}:: HASH(0x1a9088)
stnInfo{num==1}:: HASH(0x1a1888)
stnInfo{num==1}:: HASH(0x1830ac)
stnInfo{num==1}:: HASH(0x2000e8)
stnInfo{num==1}:: HASH(0x1e41b4)
stnInfo{num==1}:: HASH(0x16c1b4)
stnInfo{num==1}:: HASH(0x1bc0a0)
stnInfo{num==1}:: HASH(0x1bb304)
stnInfo{num==1}:: HASH(0x1e0040)
stnInfo{num==1}:: HASH(0x1e4238)
stnInfo{num==1}:: HASH(0x1a19cc)
stnInfo{num==1}:: HASH(0x1a6154)
stnInfo{num==1}:: HASH(0x16584c)
stnInfo{num==1}:: HASH(0x1a92d4)
stnInfo{num==1}:: HASH(0x1e410c)
stnInfo{num==1}:: HASH(0x1a601c)
stnInfo{num==1}:: HASH(0x12f2b0)
stnInfo{num==1}:: HASH(0x1a93a0)
stnInfo{num==1}:: HASH(0x12f094)
stnInfo{num==1}:: HASH(0x200340)
stnInfo{num==1}:: HASH(0x194990)
stnInfo{num==1}:: HASH(0x1acb1c)
stnInfo{num==1}:: HASH(0x1a9100)
stnInfo{num==1}:: HASH(0x1ea978)
stnInfo{num==1}:: HASH(0x18b310)
stnInfo{num==1}:: HASH(0x15dbb8)
stnInfo{num==1}:: HASH(0x1d6160)
stnInfo{num==1}:: HASH(0x18b1fc)
stnInfo{num==1}:: HASH(0x18b124)
stnInfo{num==1}:: HASH(0x1e0298)
stnInfo{num==1}:: HASH(0x1bb2ec)
stnInfo{num==1}:: HASH(0x12f3c4)
stnInfo{num==1}:: HASH(0x1d6370)
stnInfo{num==1}:: HASH(0x16c148)
stnInfo{num==1}:: HASH(0x1bc3dc)
stnInfo{num==1}:: HASH(0x2001f0)
stnInfo{num==1}:: HASH(0x1e001c)
stnInfo{num==1}:: HASH(0x1bc040)
stnInfo{num==1}:: HASH(0x194894)
stnInfo{num==1}:: HASH(0x1e42d4)
stnInfo{num==1}:: HASH(0x1bb358)
stnInfo{num==1}:: HASH(0x1bc034)
stnInfo{num==1}:: HASH(0x1bb220)
stnInfo{num==1}:: HASH(0x1ac864)
stnInfo{num==1}:: HASH(0x1dcaf8)
stnInfo{num==1}:: HASH(0x18b25c)
stnInfo{num==1}:: HASH(0x1e0094)
stnInfo{num==1}:: HASH(0x16c064)
stnInfo{num==1}:: HASH(0x1f8b40)
stnInfo{num==1}:: HASH(0x1bc160)
stnInfo{num==1}:: HASH(0x19484c)
stnInfo{num==1}:: HASH(0x12f0ac)
stnInfo{num==1}:: HASH(0x1833dc)
stnInfo{num==1}:: HASH(0x15d918)
stnInfo{num==1}:: HASH(0x1a1ab0)
stnInfo{num==1}:: HASH(0x1a1a44)
stnInfo{num==1}:: HASH(0x1eab40)
stnInfo{num==1}:: HASH(0x1e7b04)
stnInfo{num==1}:: HASH(0x186310)
stnInfo{num==1}:: HASH(0x1831c0)
stnInfo{num==1}:: HASH(0x1a9130)
stnInfo{num==1}:: HASH(0x1a6094)
stnInfo{num==1}:: HASH(0x1a62a4)
stnInfo{num==1}:: HASH(0x16c37c)
stnInfo{num==1}:: HASH(0x1ea834)
stnInfo{num==1}:: HASH(0x1bfa38)
stnInfo{num==1}:: HASH(0x17c13c)
stnInfo{num==1}:: HASH(0x1fc828)
stnInfo{num==1}:: HASH(0x1fc954)
stnInfo{num==1}:: HASH(0x17c244)
stnInfo{num==1}:: HASH(0x1a919c)
stnInfo{num==1}:: HASH(0x1e7b1c)
stnInfo{num==1}:: HASH(0x1788dc)
stnInfo{num==1}:: HASH(0x16c16c)
stnInfo{num==1}:: HASH(0x1d61fc)
stnInfo{num==1}:: HASH(0x1fc87c)
stnInfo{num==1}:: HASH(0x186310)
stnInfo{num==1}:: HASH(0x1e01cc)
stnInfo{num==1}:: HASH(0x1860dc)
stnInfo{num==1}:: HASH(0x1bf978)
stnInfo{num==1}:: HASH(0x1bb19c)
stnInfo{num==1}:: HASH(0x1b928c)
stnInfo{num==1}:: HASH(0x1a18d0)
stnInfo{num==1}:: HASH(0x1bfa8c)
stnInfo{num==1}:: HASH(0x175094)
stnInfo{num==1}:: HASH(0x1bb04c)
stnInfo{num==1}:: HASH(0x1b92ec)
stnInfo{num==1}:: HASH(0x16c19c)
stnInfo{num==1}:: HASH(0x1fc930)
stnInfo{num==1}:: HASH(0x12f0e8)
stnInfo{num==1}:: HASH(0x1e7ba0)
stnInfo{num==1}:: HASH(0x1a19cc)
stnInfo{num==1}:: HASH(0x194b7c)
stnInfo{num==1}:: HASH(0x1216d8)
stnInfo{num==1}:: HASH(0x1e79cc)
stnInfo{num==1}:: HASH(0x16c0dc)
stnInfo{num==1}:: HASH(0x1ea9c0)
stnInfo{num==1}:: HASH(0x1a6388)
stnInfo{num==1}:: HASH(0x17c334)
stnInfo{num==1}:: HASH(0x1d63c4)
stnInfo{num==1}:: HASH(0x1bf894)
stnInfo{num==1}:: HASH(0x15db1c)
stnInfo{num==1}:: HASH(0x1ac99c)
stnInfo{num==1}:: HASH(0x1bf8e8)
stnInfo{num==1}:: HASH(0x1e03dc)
stnInfo{num==1}:: HASH(0x1215b8)
stnInfo{num==1}:: HASH(0x1861f0)
stnInfo{num==1}:: HASH(0x1f88d0)
stnInfo{num==1}:: HASH(0x1a18ac)
stnInfo{num==1}:: HASH(0x16c0b8)
stnInfo{num==1}:: HASH(0x16c214)
stnInfo{num==1}:: HASH(0x1f8b7c)
stnInfo{num==1}:: HASH(0x1ea8a0)
stnInfo{num==1}:: HASH(0x1ea840)
stnInfo{num==1}:: HASH(0x1948dc)
stnInfo{num==1}:: HASH(0x1752e0)
stnInfo{num==1}:: HASH(0x18b148)
stnInfo{num==1}:: HASH(0x1a1a44)
stnInfo{num==1}:: HASH(0x1f8abc)
stnInfo{num==1}:: HASH(0x12f1d8)
stnInfo{num==1}:: HASH(0x1e7960)
stnInfo{num==1}:: HASH(0x178900)
stnInfo{num==1}:: HASH(0x175100)
stnInfo{num==1}:: HASH(0x1216f0)
stnInfo{num==1}:: HASH(0x1a1828)
stnInfo{num==1}:: HASH(0x1ac870)
stnInfo{num==1}:: HASH(0x16c16c)
stnInfo{num==1}:: HASH(0x165b64)
stnInfo{num==1}:: HASH(0x1750b8)
stnInfo{num==1}:: HASH(0x1dcb34)
stnInfo{num==1}:: HASH(0x1bf90c)
stnInfo{num==1}:: HASH(0x178bac)
stnInfo{num==1}:: HASH(0x183100)
stnInfo{num==1}:: HASH(0x1b90f4)
stnInfo{num==1}:: HASH(0x12f2e0)
stnInfo{num==1}:: HASH(0x1e4304)
stnInfo{num==1}:: HASH(0x175190)
stnInfo{num==1}:: HASH(0x17531c)
stnInfo{num==1}:: HASH(0x186160)
stnInfo{num==1}:: HASH(0x1750dc)
stnInfo{num==1}:: HASH(0x1a6310)
stnInfo{num==1}:: HASH(0x1b9184)
stnInfo{num==1}:: HASH(0x12f10c)
stnInfo{num==1}:: HASH(0x191894)
stnInfo{num==1}:: HASH(0x1dc87c)
stnInfo{num==1}:: HASH(0x1e0154)
stnInfo{num==1}:: HASH(0x1e0250)
stnInfo{num==1}:: HASH(0x1918d0)
stnInfo{num==1}:: HASH(0x1752c8)
stnInfo{num==1}:: HASH(0x1e4148)
stnInfo{num==1}:: HASH(0x15d930)
stnInfo{num==1}:: HASH(0x175244)
stnInfo{num==1}:: HASH(0x1862e0)
stnInfo{num==1}:: HASH(0x1dca20)
stnInfo{num==1}:: HASH(0x165b94)
stnInfo{num==1}:: HASH(0x1b9250)
stnInfo{num==1}:: HASH(0x1b91a8)
stnInfo{num==1}:: HASH(0x1a610c)
stnInfo{num==1}:: HASH(0x17c34c)
stnInfo{num==1}:: HASH(0x1dcb7c)
stnInfo{num==1}:: HASH(0x1e41fc)
stnInfo{num==1}:: HASH(0x1bf918)
stnInfo{num==1}:: HASH(0x1b91f0)
stnInfo{num==1}:: HASH(0x1aca50)
stnInfo{num==1}:: HASH(0x194900)
stnInfo{num==1}:: HASH(0x1e031c)
stnInfo{num==1}:: HASH(0x18331c)
stnInfo{num==1}:: HASH(0x18b28c)
stnInfo{num==1}:: HASH(0x16c3b8)
stnInfo{num==1}:: HASH(0x200070)
stnInfo{num==1}:: HASH(0x18304c)
stnInfo{num==1}:: HASH(0x1bc2f8)
stnInfo{num==1}:: HASH(0x1a6058)
stnInfo{num==1}:: HASH(0x183220)
stnInfo{num==1}:: HASH(0x15db28)
stnInfo{num==1}:: HASH(0x175250)
stnInfo{num==1}:: HASH(0x165ab0)
stnInfo{num==1}:: HASH(0x178ad4)
stnInfo{num==1}:: HASH(0x2002c8)
stnInfo{num==1}:: HASH(0x1ea870)
stnInfo{num==1}:: HASH(0x194828)
stnInfo{num==1}:: HASH(0x15dab0)
stnInfo{num==1}:: HASH(0x1ac87c)
stnInfo{num==1}:: HASH(0x1aca14)
stnInfo{num==1}:: HASH(0x1bb148)
stnInfo{num==1}:: HASH(0x1658c4)
stnInfo{num==1}:: HASH(0x1e40a0)
stnInfo{num==1}:: HASH(0x1788ac)
stnInfo{num==1}:: HASH(0x200358)
stnInfo{num==1}:: HASH(0x1e419c)
stnInfo{num==1}:: HASH(0x17c184)
stnInfo{num==1}:: HASH(0x1f88c4)
stnInfo{num==1}:: HASH(0x1658e8)
stnInfo{num==1}:: HASH(0x1bc1c0)
stnInfo{num==1}:: HASH(0x20028c)
stnInfo{num==1}:: HASH(0x1e7948)
stnInfo{num==1}:: HASH(0x1a1a80)
stnInfo{num==1}:: HASH(0x194a2c)
stnInfo{num==1}:: HASH(0x1a613c)
stnInfo{num==1}:: HASH(0x1f899c)
stnInfo{num==1}:: HASH(0x178ac8)
stnInfo{num==1}:: HASH(0x1a1be8)
stnInfo{num==1}:: HASH(0x16599c)
stnInfo{num==1}:: HASH(0x1bc268)
stnInfo{num==1}:: HASH(0x1d604c)
stnInfo{num==1}:: HASH(0x1830a0)
stnInfo{num==1}:: HASH(0x1ac99c)
stnInfo{num==1}:: HASH(0x1a9160)
stnInfo{num==1}:: HASH(0x1dc978)
stnInfo{num==1}:: HASH(0x1a1b7c)
stnInfo{num==1}:: HASH(0x17c2c8)
stnInfo{num==1}:: HASH(0x16c13c)
stnInfo{num==1}:: HASH(0x12f2d4)
stnInfo{num==1}:: HASH(0x1ea840)
stnInfo{num==1}:: HASH(0x1659fc)
stnInfo{num==1}:: HASH(0x200268)
stnInfo{num==1}:: HASH(0x1ac96c)
stnInfo{num==1}:: HASH(0x1a61cc)
stnInfo{num==1}:: HASH(0x1d6358)
stnInfo{num==1}:: HASH(0x17c100)
stnInfo{num==1}:: HASH(0x1f8a80)
stnInfo{num==1}:: HASH(0x1e7ab0)
stnInfo{num==1}:: HASH(0x1217ec)
stnInfo{num==1}:: HASH(0x16c3e8)
stnInfo{num==1}:: HASH(0x18b2e0)
stnInfo{num==1}:: HASH(0x178a44)
stnInfo{num==1}:: HASH(0x1aca5c)
stnInfo{num==1}:: HASH(0x1bc3dc)
stnInfo{num==1}:: HASH(0x186160)
stnInfo{num==1}:: HASH(0x165ab0)
stnInfo{num==1}:: HASH(0x1e7a44)
stnInfo{num==1}:: HASH(0x178bb8)
stnInfo{num==1}:: HASH(0x1dcbd0)
stnInfo{num==1}:: HASH(0x186028)
stnInfo{num==1}:: HASH(0x1bc3dc)
stnInfo{num==1}:: HASH(0x191a74)
stnInfo{num==1}:: HASH(0x183154)
stnInfo{num==1}:: HASH(0x18b334)
stnInfo{num==1}:: HASH(0x17c064)
stnInfo{num==1}:: HASH(0x1833dc)
stnInfo{num==1}:: HASH(0x1dc84c)
stnInfo{num==1}:: HASH(0x1a61e4)
stnInfo{num==1}:: HASH(0x15d948)
stnInfo{num==1}:: HASH(0x121774)
stnInfo{num==1}:: HASH(0x1dc8f4)
stnInfo{num==1}:: HASH(0x1e4304)
stnInfo{num==1}:: HASH(0x183064)
stnInfo{num==1}:: HASH(0x1e01b4)
stnInfo{num==1}:: HASH(0x1a92bc)
stnInfo{num==1}:: HASH(0x15dba0)
stnInfo{num==1}:: HASH(0x200070)
stnInfo{num==1}:: HASH(0x178858)
stnInfo{num==1}:: HASH(0x1bc370)
stnInfo{num==1}:: HASH(0x1fc918)
stnInfo{num==1}:: HASH(0x1ac954)
stnInfo{num==1}:: HASH(0x1bc3e8)
stnInfo{num==1}:: HASH(0x200064)
stnInfo{num==1}:: HASH(0x1bc13c)
stnInfo{num==1}:: HASH(0x17c124)
stnInfo{num==1}:: HASH(0x1b9310)
stnInfo{num==1}:: HASH(0x16c160)
stnInfo{num==1}:: HASH(0x1fc828)
stnInfo{num==1}:: HASH(0x1f887c)
stnInfo{num==1}:: HASH(0x178b34)
stnInfo{num==1}:: HASH(0x1217a4)
stnInfo{num==1}:: HASH(0x200040)
stnInfo{num==1}:: HASH(0x1d6190)
stnInfo{num==1}:: HASH(0x1833ac)
stnInfo{num==1}:: HASH(0x1a6304)
stnInfo{num==1}:: HASH(0x1b931c)
stnInfo{num==1}:: HASH(0x1bc2ec)
stnInfo{num==1}:: HASH(0x1d60c4)
stnInfo{num==1}:: HASH(0x18b028)
stnInfo{num==1}:: HASH(0x1eab88)
stnInfo{num==1}:: HASH(0x1bfac8)
stnInfo{num==1}:: HASH(0x15db1c)
stnInfo{num==1}:: HASH(0x1e02bc)
stnInfo{num==1}:: HASH(0x121780)
stnInfo{num==1}:: HASH(0x18b100)
stnInfo{num==1}:: HASH(0x1dc9e4)
stnInfo{num==1}:: HASH(0x1bc2e0)
stnInfo{num==1}:: HASH(0x186334)
stnInfo{num==1}:: HASH(0x1e40f4)
stnInfo{num==1}:: HASH(0x18b028)
stnInfo{num==1}:: HASH(0x12f220)
stnInfo{num==1}:: HASH(0x178984)
stnInfo{num==1}:: HASH(0x1e7a20)
stnInfo{num==1}:: HASH(0x1b922c)
stnInfo{num==1}:: HASH(0x1d61b4)
stnInfo{num==1}:: HASH(0x1788ac)
stnInfo{num==1}:: HASH(0x1d62f8)
stnInfo{num==1}:: HASH(0x1d6244)
stnInfo{num==1}:: HASH(0x17c3c4)
stnInfo{num==1}:: HASH(0x1a919c)
stnInfo{num==1}:: HASH(0x1d6160)
stnInfo{num==1}:: HASH(0x18601c)
stnInfo{num==1}:: HASH(0x178a5c)
stnInfo{num==1}:: HASH(0x17c028)
stnInfo{num==1}:: HASH(0x1ea9b4)
stnInfo{num==1}:: HASH(0x178888)
stnInfo{num==1}:: HASH(0x1eab88)
stnInfo{num==1}:: HASH(0x1bc034)
stnInfo{num==1}:: HASH(0x1a63b8)
stnInfo{num==1}:: HASH(0x191840)
stnInfo{num==1}:: HASH(0x16c22c)
stnInfo{num==1}:: HASH(0x1863dc)
stnInfo{num==1}:: HASH(0x1a62d4)
stnInfo{num==1}:: HASH(0x1a6070)
stnInfo{num==1}:: HASH(0x1bfa68)
stnInfo{num==1}:: HASH(0x17893c)
stnInfo{num==1}:: HASH(0x1e7a2c)
stnInfo{num==1}:: HASH(0x17c070)
stnInfo{num==1}:: HASH(0x1ea930)
stnInfo{num==1}:: HASH(0x165bac)
stnInfo{num==1}:: HASH(0x1dc8b8)
stnInfo{num==1}:: HASH(0x1bf924)
stnInfo{num==1}:: HASH(0x1dcabc)
stnInfo{num==1}:: HASH(0x1e40ac)
stnInfo{num==1}:: HASH(0x1f89cc)
stnInfo{num==1}:: HASH(0x165b58)
stnInfo{num==1}:: HASH(0x1e0394)
stnInfo{num==1}:: HASH(0x186178)
stnInfo{num==1}:: HASH(0x194ac8)
stnInfo{num==1}:: HASH(0x1f893c)
stnInfo{num==1}:: HASH(0x1a90e8)
stnInfo{num==1}:: HASH(0x1752a4)
stnInfo{num==1}:: HASH(0x1bb040)
stnInfo{num==1}:: HASH(0x1f88a0)
stnInfo{num==1}:: HASH(0x1833dc)
stnInfo{num==1}:: HASH(0x1dca98)
stnInfo{num==1}:: HASH(0x1bc2e0)
stnInfo{num==1}:: HASH(0x121750)
stnInfo{num==1}:: HASH(0x12f058)
stnInfo{num==1}:: HASH(0x121630)
stnInfo{num==1}:: HASH(0x1bfb40)
stnInfo{num==1}:: HASH(0x1a1a8c)
stnInfo{num==1}:: HASH(0x1ac858)
stnInfo{num==1}:: HASH(0x1aca08)
stnInfo{num==1}:: HASH(0x1acbdc)
stnInfo{num==1}:: HASH(0x1eab34)
stnInfo{num==1}:: HASH(0x1b90ac)
stnInfo{num==1}:: HASH(0x1ac978)
stnInfo{num==1}:: HASH(0x1e0388)
stnInfo{num==1}:: HASH(0x1e4034)
stnInfo{num==1}:: HASH(0x1bc118)
stnInfo{num==1}:: HASH(0x1fc900)
stnInfo{num==1}:: HASH(0x16c034)
stnInfo{num==1}:: HASH(0x16c328)
stnInfo{num==1}:: HASH(0x17537c)
stnInfo{num==1}:: HASH(0x18b13c)
stnInfo{num==1}:: HASH(0x183358)
stnInfo{num==1}:: HASH(0x186340)
stnInfo{num==1}:: HASH(0x194948)
stnInfo{num==1}:: HASH(0x1e7a44)
stnInfo{num==1}:: HASH(0x1a9334)
stnInfo{num==1}:: HASH(0x15d8c4)
stnInfo{num==1}:: HASH(0x1bc3f4)
stnInfo{num==1}:: HASH(0x1bb3f4)
stnInfo{num==1}:: HASH(0x178b1c)
stnInfo{num==1}:: HASH(0x165a8c)
stnInfo{num==1}:: HASH(0x1e7954)
stnInfo{num==1}:: HASH(0x1a92d4)
stnInfo{num==1}:: HASH(0x1789d8)
stnInfo{num==1}:: HASH(0x1752f8)
stnInfo{num==1}:: HASH(0x1a1a74)
stnInfo{num==1}:: HASH(0x18b0a0)
stnInfo{num==1}:: HASH(0x1e4178)
stnInfo{num==1}:: HASH(0x175064)
stnInfo{num==1}:: HASH(0x16c118)
stnInfo{num==1}:: HASH(0x1fc894)
stnInfo{num==1}:: HASH(0x18b28c)
stnInfo{num==1}:: HASH(0x1e0268)
stnInfo{num==1}:: HASH(0x1dc9cc)
stnInfo{num==1}:: HASH(0x1bf864)
stnInfo{num==1}:: HASH(0x15d840)
stnInfo{num==1}:: HASH(0x1acb10)
stnInfo{num==1}:: HASH(0x1d625c)
stnInfo{num==1}:: HASH(0x15d99c)
stnInfo{num==1}:: HASH(0x1750a0)
stnInfo{num==1}:: HASH(0x1e7bac)
stnInfo{num==1}:: HASH(0x1dcab0)
stnInfo{num==1}:: HASH(0x1fc9d8)
stnInfo{num==1}:: HASH(0x186070)
stnInfo{num==1}:: HASH(0x1215d0)
stnInfo{num==1}:: HASH(0x1ea93c)
stnInfo{num==1}:: HASH(0x1a1b04)
stnInfo{num==1}:: HASH(0x1e00b8)
stnInfo{num==1}:: HASH(0x1e42ec)
stnInfo{num==1}:: HASH(0x1e4394)
stnInfo{num==1}:: HASH(0x1ea918)
stnInfo{num==1}:: HASH(0x18b064)
stnInfo{num==1}:: HASH(0x165bf4)
stnInfo{num==1}:: HASH(0x17c1cc)
stnInfo{num==1}:: HASH(0x1eab34)
stnInfo{num==1}:: HASH(0x18b1b4)
stnInfo{num==1}:: HASH(0x1750a0)
stnInfo{num==1}:: HASH(0x1b90a0)
stnInfo{num==1}:: HASH(0x178b10)
stnInfo{num==1}:: HASH(0x2001a8)
stnInfo{num==1}:: HASH(0x12f148)
stnInfo{num==1}:: HASH(0x165bb8)
stnInfo{num==1}:: HASH(0x1e404c)
stnInfo{num==1}:: HASH(0x1b92ec)
stnInfo{num==1}:: HASH(0x178b40)
stnInfo{num==1}:: HASH(0x1a187c)
stnInfo{num==1}:: HASH(0x191bdc)
stnInfo{num==1}:: HASH(0x15da08)
stnInfo{num==1}:: HASH(0x1863b8)
stnInfo{num==1}:: HASH(0x16c0b8)
stnInfo{num==1}:: HASH(0x1eaa44)
stnInfo{num==1}:: HASH(0x1e422c)
stnInfo{num==1}:: HASH(0x1bb058)
stnInfo{num==1}:: HASH(0x1a6280)
stnInfo{num==1}:: HASH(0x1a9178)
stnInfo{num==1}:: HASH(0x1bfb40)
stnInfo{num==1}:: HASH(0x1e7bf4)
stnInfo{num==1}:: HASH(0x1b9280)
stnInfo{num==1}:: HASH(0x1f881c)
stnInfo{num==1}:: HASH(0x1a9178)
stnInfo{num==1}:: HASH(0x1863c4)
stnInfo{num==1}:: HASH(0x1f8ba0)
stnInfo{num==1}:: HASH(0x1e42e0)
stnInfo{num==1}:: HASH(0x15da74)
stnInfo{num==1}:: HASH(0x1e7aec)
stnInfo{num==1}:: HASH(0x12157c)
stnInfo{num==1}:: HASH(0x1bb274)
stnInfo{num==1}:: HASH(0x18b328)
stnInfo{num==1}:: HASH(0x16c340)
stnInfo{num==1}:: HASH(0x1e4040)
stnInfo{num==1}:: HASH(0x1a62e0)
stnInfo{num==1}:: HASH(0x1e40c4)
stnInfo{num==1}:: HASH(0x1ea948)
stnInfo{num==1}:: HASH(0x1e00e8)
stnInfo{num==1}:: HASH(0x1e4214)
stnInfo{num==1}:: HASH(0x1862d4)
stnInfo{num==1}:: HASH(0x1831cc)
stnInfo{num==1}:: HASH(0x1e410c)
stnInfo{num==1}:: HASH(0x194aec)
stnInfo{num==1}:: HASH(0x17519c)
stnInfo{num==1}:: HASH(0x1bb37c)
stnInfo{num==1}:: HASH(0x1e0160)
stnInfo{num==1}:: HASH(0x1e0304)
stnInfo{num==1}:: HASH(0x165a2c)
stnInfo{num==1}:: HASH(0x19184c)
stnInfo{num==1}:: HASH(0x1e43e8)
stnInfo{num==1}:: HASH(0x1eaa38)
stnInfo{num==1}:: HASH(0x1863b8)
stnInfo{num==1}:: HASH(0x1bf9e4)
stnInfo{num==1}:: HASH(0x1f8a98)
stnInfo{num==1}:: HASH(0x1e01a8)
stnInfo{num==1}:: HASH(0x183388)
stnInfo{num==1}:: HASH(0x165b7c)
stnInfo{num==1}:: HASH(0x1215b8)
stnInfo{num==1}:: HASH(0x17c19c)
stnInfo{num==1}:: HASH(0x191ab0)
stnInfo{num==1}:: HASH(0x1bc364)
stnInfo{num==1}:: HASH(0x17c394)
stnInfo{num==1}:: HASH(0x1f88ac)
stnInfo{num==1}:: HASH(0x18b190)
stnInfo{num==1}:: HASH(0x186190)
stnInfo{num==1}:: HASH(0x17887c)
stnInfo{num==1}:: HASH(0x17501c)
stnInfo{num==1}:: HASH(0x1a92ec)
stnInfo{num==1}:: HASH(0x1949c0)
stnInfo{num==1}:: HASH(0x18b2ec)
stnInfo{num==1}:: HASH(0x1215d0)
stnInfo{num==1}:: HASH(0x17c220)
stnInfo{num==1}:: HASH(0x16c0c4)
stnInfo{num==1}:: HASH(0x1e0118)
stnInfo{num==1}:: HASH(0x1860dc)
stnInfo{num==1}:: HASH(0x1d628c)
stnInfo{num==1}:: HASH(0x15db34)
stnInfo{num==1}:: HASH(0x1ac90c)
stnInfo{num==1}:: HASH(0x17c124)
stnInfo{num==1}:: HASH(0x1bb2d4)
stnInfo{num==1}:: HASH(0x1215f4)
stnInfo{num==1}:: HASH(0x183034)
stnInfo{num==1}:: HASH(0x1e0184)
stnInfo{num==1}:: HASH(0x1751c0)
stnInfo{num==1}:: HASH(0x1e4178)
stnInfo{num==1}:: HASH(0x1658f4)
stnInfo{num==1}:: HASH(0x1eab34)
stnInfo{num==1}:: HASH(0x1e0070)
stnInfo{num==1}:: HASH(0x15db28)
stnInfo{num==1}:: HASH(0x1d604c)
stnInfo{num==1}:: HASH(0x17c0ac)
stnInfo{num==1}:: HASH(0x1e7924)
stnInfo{num==1}:: HASH(0x1949e4)
stnInfo{num==1}:: HASH(0x1d6268)
stnInfo{num==1}:: HASH(0x1a93b8)
stnInfo{num==1}:: HASH(0x1e4178)
stnInfo{num==1}:: HASH(0x17519c)
stnInfo{num==1}:: HASH(0x15db40)
stnInfo{num==1}:: HASH(0x1a9184)
stnInfo{num==1}:: HASH(0x17c358)
stnInfo{num==1}:: HASH(0x1acae0)
stnInfo{num==1}:: HASH(0x18b064)
stnInfo{num==1}:: HASH(0x1acaec)
stnInfo{num==1}:: HASH(0x1fc8dc)
stnInfo{num==1}:: HASH(0x1a1aec)
stnInfo{num==1}:: HASH(0x1216a8)
stnInfo{num==1}:: HASH(0x1dc84c)
stnInfo{num==1}:: HASH(0x1e010c)
stnInfo{num==1}:: HASH(0x1e78d0)
stnInfo{num==1}:: HASH(0x1aca38)
stnInfo{num==1}:: HASH(0x1860d0)
stnInfo{num==1}:: HASH(0x16c3a0)
stnInfo{num==1}:: HASH(0x1a9214)
stnInfo{num==1}:: HASH(0x1658b8)
stnInfo{num==1}:: HASH(0x1bfb70)
stnInfo{num==1}:: HASH(0x1acb10)
stnInfo{num==1}:: HASH(0x16c2c8)
stnInfo{num==1}:: HASH(0x1e4394)
stnInfo{num==1}:: HASH(0x15db70)
stnInfo{num==1}:: HASH(0x1bf870)
stnInfo{num==1}:: HASH(0x1bc1fc)
stnInfo{num==1}:: HASH(0x121450)
stnInfo{num==1}:: HASH(0x1a9118)
stnInfo{num==1}:: HASH(0x121474)
stnInfo{num==1}:: HASH(0x121750)
stnInfo{num==1}:: HASH(0x1e028c)
stnInfo{num==1}:: HASH(0x15d8c4)
stnInfo{num==1}:: HASH(0x1d6094)
stnInfo{num==1}:: HASH(0x121570)
stnInfo{num==1}:: HASH(0x15d840)
stnInfo{num==1}:: HASH(0x1ac8f4)
stnInfo{num==1}:: HASH(0x1a9388)
stnInfo{num==1}:: HASH(0x1eab70)
stnInfo{num==1}:: HASH(0x1e028c)
stnInfo{num==1}:: HASH(0x1dc900)
stnInfo{num==1}:: HASH(0x1dc864)
stnInfo{num==1}:: HASH(0x1a92bc)
stnInfo{num==1}:: HASH(0x18b094)
stnInfo{num==1}:: HASH(0x1bc22c)
stnInfo{num==1}:: HASH(0x1e0130)
stnInfo{num==1}:: HASH(0x1ac8b8)
stnInfo{num==1}:: HASH(0x1658a0)
stnInfo{num==1}:: HASH(0x165a44)
stnInfo{num==1}:: HASH(0x18b064)
stnInfo{num==1}:: HASH(0x1b9184)
stnInfo{num==1}:: HASH(0x18301c)
stnInfo{num==1}:: HASH(0x1e00c4)
stnInfo{num==1}:: HASH(0x1a1a8c)
stnInfo{num==1}:: HASH(0x2001b4)
stnInfo{num==1}:: HASH(0x1bb328)
stnInfo{num==1}:: HASH(0x1e0220)
stnInfo{num==1}:: HASH(0x1b9190)
stnInfo{num==1}:: HASH(0x1bfb7c)
stnInfo{num==1}:: HASH(0x1a61b4)
stnInfo{num==1}:: HASH(0x1b93ac)
stnInfo{num==1}:: HASH(0x12f118)
stnInfo{num==1}:: HASH(0x1b904c)
stnInfo{num==1}:: HASH(0x1dcb7c)
stnInfo{num==1}:: HASH(0x1a1bac)
stnInfo{num==1}:: HASH(0x1a1a2c)
stnInfo{num==1}:: HASH(0x1eab7c)
stnInfo{num==1}:: HASH(0x165b94)
stnInfo{num==1}:: HASH(0x186244)
stnInfo{num==1}:: HASH(0x12f064)
stnInfo{num==1}:: HASH(0x121654)
stnInfo{num==1}:: HASH(0x12f0c4)
stnInfo{num==1}:: HASH(0x186100)
stnInfo{num==1}:: HASH(0x1b93ac)
stnInfo{num==1}:: HASH(0x1bf87c)
stnInfo{num==1}:: HASH(0x1bc1c0)
stnInfo{num==1}:: HASH(0x194888)
stnInfo{num==1}:: HASH(0x1a6124)
stnInfo{num==1}:: HASH(0x1e7948)
stnInfo{num==1}:: HASH(0x165a98)
stnInfo{num==1}:: HASH(0x1a1a68)
stnInfo{num==1}:: HASH(0x1d6130)
stnInfo{num==1}:: HASH(0x1a90dc)
stnInfo{num==1}:: HASH(0x1e00ac)
stnInfo{num==1}:: HASH(0x183184)
stnInfo{num==1}:: HASH(0x1ac93c)
stnInfo{num==1}:: HASH(0x1bb190)
stnInfo{num==1}:: HASH(0x1a916c)
stnInfo{num==1}:: HASH(0x1e43d0)
stnInfo{num==1}:: HASH(0x1bc2e0)
stnInfo{num==1}:: HASH(0x191a8c)
stnInfo{num==1}:: HASH(0x18b3b8)
stnInfo{num==1}:: HASH(0x1e7924)
stnInfo{num==1}:: HASH(0x191858)
stnInfo{num==1}:: HASH(0x17519c)
stnInfo{num==1}:: HASH(0x17c304)
stnInfo{num==1}:: HASH(0x2001e4)
stnInfo{num==1}:: HASH(0x1d6328)
stnInfo{num==1}:: HASH(0x1b93dc)
stnInfo{num==1}:: HASH(0x1948b8)
stnInfo{num==1}:: HASH(0x1d6340)
stnInfo{num==1}:: HASH(0x191ad4)
stnInfo{num==1}:: HASH(0x1bfae0)
stnInfo{num==1}:: HASH(0x178a8c)
stnInfo{num==1}:: HASH(0x1e41e4)
stnInfo{num==1}:: HASH(0x1d62d4)
stnInfo{num==1}:: HASH(0x15d918)
stnInfo{num==1}:: HASH(0x18b1d8)
stnInfo{num==1}:: HASH(0x1a6250)
stnInfo{num==1}:: HASH(0x1216a8)
stnInfo{num==1}:: HASH(0x12f244)
stnInfo{num==1}:: HASH(0x1dcb7c)
stnInfo{num==1}:: HASH(0x1a1bf4)
stnInfo{num==1}:: HASH(0x1658f4)
stnInfo{num==1}:: HASH(0x1949fc)
stnInfo{num==1}:: HASH(0x1e4358)
stnInfo{num==1}:: HASH(0x200058)
stnInfo{num==1}:: HASH(0x15d9c0)
stnInfo{num==1}:: HASH(0x1dca98)
stnInfo{num==1}:: HASH(0x183370)
stnInfo{num==1}:: HASH(0x1dc8dc)
stnInfo{num==1}:: HASH(0x1216b4)
stnInfo{num==1}:: HASH(0x16c2bc)
stnInfo{num==1}:: HASH(0x183178)
stnInfo{num==1}:: HASH(0x1bb0f4)
stnInfo{num==1}:: HASH(0x12f1cc)
stnInfo{num==1}:: HASH(0x1f88dc)
stnInfo{num==1}:: HASH(0x165960)
stnInfo{num==1}:: HASH(0x1acb28)
stnInfo{num==1}:: HASH(0x175394)
stnInfo{num==1}:: HASH(0x191870)
stnInfo{num==1}:: HASH(0x1e7bd0)
stnInfo{num==1}:: HASH(0x18b298)
stnInfo{num==1}:: HASH(0x1e7b04)
stnInfo{num==1}:: HASH(0x1833a0)
stnInfo{num==1}:: HASH(0x1eaa50)
stnInfo{num==1}:: HASH(0x178b64)
stnInfo{num==1}:: HASH(0x18b3b8)
stnInfo{num==1}:: HASH(0x1bfaf8)
stnInfo{num==1}:: HASH(0x191a20)
stnInfo{num==1}:: HASH(0x18b3e8)
stnInfo{num==1}:: HASH(0x1919fc)
stnInfo{num==1}:: HASH(0x1a1aa4)
stnInfo{num==1}:: HASH(0x18310c)
stnInfo{num==1}:: HASH(0x194954)
stnInfo{num==1}:: HASH(0x15d8ac)
stnInfo{num==1}:: HASH(0x1b93d0)
stnInfo{num==1}:: HASH(0x1bb0b8)
stnInfo{num==1}:: HASH(0x121738)
stnInfo{num==1}:: HASH(0x1d6100)
stnInfo{num==1}:: HASH(0x15d84c)
stnInfo{num==1}:: HASH(0x183070)
stnInfo{num==1}:: HASH(0x18619c)
stnInfo{num==1}:: HASH(0x121510)
stnInfo{num==1}:: HASH(0x1e4160)
stnInfo{num==1}:: HASH(0x1d62a4)
stnInfo{num==1}:: HASH(0x1bfbd0)
stnInfo{num==1}:: HASH(0x1d6118)
stnInfo{num==1}:: HASH(0x1919d8)
stnInfo{num==1}:: HASH(0x1fc924)
stnInfo{num==1}:: HASH(0x186190)
stnInfo{num==1}:: HASH(0x1a60dc)
stnInfo{num==1}:: HASH(0x1acabc)
stnInfo{num==1}:: HASH(0x15dbf4)
stnInfo{num==1}:: HASH(0x186268)
stnInfo{num==1}:: HASH(0x1b9028)
stnInfo{num==1}:: HASH(0x17c3e8)
stnInfo{num==1}:: HASH(0x15d8dc)
stnInfo{num==1}:: HASH(0x178ae0)
stnInfo{num==1}:: HASH(0x1862c8)
stnInfo{num==1}:: HASH(0x1bc1cc)
stnInfo{num==1}:: HASH(0x19484c)
stnInfo{num==1}:: HASH(0x1bb3f4)
stnInfo{num==1}:: HASH(0x12154c)
stnInfo{num==1}:: HASH(0x1acabc)
stnInfo{num==1}:: HASH(0x165984)
stnInfo{num==1}:: HASH(0x1dcb1c)
stnInfo{num==1}:: HASH(0x1860a0)
stnInfo{num==1}:: HASH(0x16c2c8)
stnInfo{num==1}:: HASH(0x18622c)
stnInfo{num==1}:: HASH(0x1a9178)
stnInfo{num==1}:: HASH(0x1bc3dc)
stnInfo{num==1}:: HASH(0x1d6280)
stnInfo{num==1}:: HASH(0x1b913c)
stnInfo{num==1}:: HASH(0x178888)
stnInfo{num==1}:: HASH(0x1aca44)
stnInfo{num==1}:: HASH(0x1ea948)
stnInfo{num==1}:: HASH(0x1830ac)
stnInfo{num==1}:: HASH(0x1753ac)
stnInfo{num==1}:: HASH(0x1f8a38)
stnInfo{num==1}:: HASH(0x1bf888)
stnInfo{num==1}:: HASH(0x1bb358)
stnInfo{num==1}:: HASH(0x175100)
stnInfo{num==1}:: HASH(0x1949a8)
stnInfo{num==1}:: HASH(0x18b310)
stnInfo{num==1}:: HASH(0x1e7930)
stnInfo{num==1}:: HASH(0x15db40)
stnInfo{num==1}:: HASH(0x1918e8)
stnInfo{num==1}:: HASH(0x1b9064)
stnInfo{num==1}:: HASH(0x194ab0)
stnInfo{num==1}:: HASH(0x16c244)
stnInfo{num==1}:: HASH(0x15d918)
stnInfo{num==1}:: HASH(0x1bc16c)
stnInfo{num==1}:: HASH(0x1bf8dc)
stnInfo{num==1}:: HASH(0x18316c)
stnInfo{num==1}:: HASH(0x1830ac)
stnInfo{num==1}:: HASH(0x200274)
stnInfo{num==1}:: HASH(0x1e0160)
stnInfo{num==1}:: HASH(0x186154)
stnInfo{num==1}:: HASH(0x1dc8d0)
stnInfo{num==1}:: HASH(0x1e7ac8)
stnInfo{num==1}:: HASH(0x1a19f0)
stnInfo{num==1}:: HASH(0x194ab0)
stnInfo{num==1}:: HASH(0x12f0e8)
stnInfo{num==1}:: HASH(0x191918)
stnInfo{num==1}:: HASH(0x200250)
stnInfo{num==1}:: HASH(0x1f8b7c)
stnInfo{num==1}:: HASH(0x1949c0)
stnInfo{num==1}:: HASH(0x1832e0)
stnInfo{num==1}:: HASH(0x1bb34c)
stnInfo{num==1}:: HASH(0x1214e0)
stnInfo{num==1}:: HASH(0x1ac948)
stnInfo{num==1}:: HASH(0x1658b8)
stnInfo{num==1}:: HASH(0x1b9388)
stnInfo{num==1}:: HASH(0x1d619c)
stnInfo{num==1}:: HASH(0x15d960)
stnInfo{num==1}:: HASH(0x200394)
stnInfo{num==1}:: HASH(0x1b90e8)
stnInfo{num==1}:: HASH(0x16c064)
stnInfo{num==1}:: HASH(0x17c358)
stnInfo{num==1}:: HASH(0x1f8bf4)
stnInfo{num==1}:: HASH(0x16c07c)
stnInfo{num==1}:: HASH(0x1750dc)
stnInfo{num==1}:: HASH(0x1bc2a4)
stnInfo{num==1}:: HASH(0x1e7ad4)
stnInfo{num==1}:: HASH(0x1f8aec)
stnInfo{num==1}:: HASH(0x1ac990)
stnInfo{num==1}:: HASH(0x1830ac)
stnInfo{num==1}:: HASH(0x1bc25c)
stnInfo{num==1}:: HASH(0x1750a0)
stnInfo{num==1}:: HASH(0x200094)
stnInfo{num==1}:: HASH(0x1ac8a0)
stnInfo{num==1}:: HASH(0x121498)
stnInfo{num==1}:: HASH(0x12f2bc)
stnInfo{num==1}:: HASH(0x1d63ac)
stnInfo{num==1}:: HASH(0x183304)
stnInfo{num==1}:: HASH(0x1bc3dc)
stnInfo{num==1}:: HASH(0x15db04)
stnInfo{num==1}:: HASH(0x1b9094)
stnInfo{num==1}:: HASH(0x165834)
stnInfo{num==1}:: HASH(0x121570)
stnInfo{num==1}:: HASH(0x15da5c)
stnInfo{num==1}:: HASH(0x1dca44)
stnInfo{num==1}:: HASH(0x175304)
stnInfo{num==1}:: HASH(0x1eaad4)
stnInfo{num==1}:: HASH(0x1bc1d8)
stnInfo{num==1}:: HASH(0x165954)
stnInfo{num==1}:: HASH(0x1d6304)
stnInfo{num==1}:: HASH(0x1bb13c)
stnInfo{num==1}:: HASH(0x1bb19c)
stnInfo{num==1}:: HASH(0x175178)
stnInfo{num==1}:: HASH(0x194984)
stnInfo{num==1}:: HASH(0x1215dc)
stnInfo{num==1}:: HASH(0x1fc930)
stnInfo{num==1}:: HASH(0x194a14)
stnInfo{num==1}:: HASH(0x194b70)
stnInfo{num==1}:: HASH(0x1e0364)
stnInfo{num==1}:: HASH(0x1a61f0)
stnInfo{num==1}:: HASH(0x12142c)
stnInfo{num==1}:: HASH(0x1d62f8)
stnInfo{num==1}:: HASH(0x1e413c)
stnInfo{num==1}:: HASH(0x165bd0)
stnInfo{num==1}:: HASH(0x1a910c)
stnInfo{num==1}:: HASH(0x1ea8d0)
stnInfo{num==1}:: HASH(0x17c2d4)
stnInfo{num==1}:: HASH(0x15db94)
stnInfo{num==1}:: HASH(0x1a6064)
stnInfo{num==1}:: HASH(0x17c304)
stnInfo{num==1}:: HASH(0x1830b8)
stnInfo{num==1}:: HASH(0x1f8ba0)
stnInfo{num==1}:: HASH(0x1bc3a0)
stnInfo{num==1}:: HASH(0x1fc84c)
stnInfo{num==1}:: HASH(0x1b9388)
stnInfo{num==1}:: HASH(0x1e40a0)
stnInfo{num==1}:: HASH(0x183268)
stnInfo{num==1}:: HASH(0x1e42b0)
stnInfo{num==1}:: HASH(0x186184)
stnInfo{num==1}:: HASH(0x1751f0)
stnInfo{num==1}:: HASH(0x15dac8)
stnInfo{num==1}:: HASH(0x12f2ec)
stnInfo{num==1}:: HASH(0x16c214)
stnInfo{num==1}:: HASH(0x1a9310)
stnInfo{num==1}:: HASH(0x1acb04)
stnInfo{num==1}:: HASH(0x15d8b8)
stnInfo{num==1}:: HASH(0x1acb28)
stnInfo{num==1}:: HASH(0x1a6340)
stnInfo{num==1}:: HASH(0x1216fc)
stnInfo{num==1}:: HASH(0x1ac9a8)
stnInfo{num==1}:: HASH(0x1918dc)
stnInfo{num==1}:: HASH(0x1863d0)
stnInfo{num==1}:: HASH(0x1a61a8)
stnInfo{num==1}:: HASH(0x1751f0)
stnInfo{num==1}:: HASH(0x1a6094)
stnInfo{num==1}:: HASH(0x18b364)
stnInfo{num==1}:: HASH(0x16c2a4)
stnInfo{num==1}:: HASH(0x1bf8b8)
stnInfo{num==1}:: HASH(0x1751a8)
stnInfo{num==1}:: HASH(0x18b388)
stnInfo{num==1}:: HASH(0x17c328)
stnInfo{num==1}:: HASH(0x1863d0)
stnInfo{num==1}:: HASH(0x1bfa20)
stnInfo{num==1}:: HASH(0x1bb178)
stnInfo{num==1}:: HASH(0x1b901c)
stnInfo{num==1}:: HASH(0x165af8)
stnInfo{num==1}:: HASH(0x1e79b4)
stnInfo{num==1}:: HASH(0x1789f0)
stnInfo{num==1}:: HASH(0x194a08)
stnInfo{num==1}:: HASH(0x1d6310)
stnInfo{num==1}:: HASH(0x165894)
stnInfo{num==1}:: HASH(0x1948d0)
stnInfo{num==1}:: HASH(0x1b9220)
stnInfo{num==1}:: HASH(0x1b9370)
stnInfo{num==1}:: HASH(0x1b9064)
stnInfo{num==1}:: HASH(0x1a9364)
stnInfo{num==1}:: HASH(0x1bc124)
stnInfo{num==1}:: HASH(0x17c31c)
stnInfo{num==1}:: HASH(0x1e03e8)
stnInfo{num==1}:: HASH(0x1e0094)
stnInfo{num==1}:: HASH(0x194a8c)
stnInfo{num==1}:: HASH(0x1ea9cc)
stnInfo{num==1}:: HASH(0x165bd0)
stnInfo{num==1}:: HASH(0x17c190)
stnInfo{num==1}:: HASH(0x1bc3f4)
stnInfo{num==1}:: HASH(0x18b310)
stnInfo{num==1}:: HASH(0x191a14)
stnInfo{num==1}:: HASH(0x200238)
stnInfo{num==1}:: HASH(0x1789f0)
stnInfo{num==1}:: HASH(0x1bf9a8)
stnInfo{num==1}:: HASH(0x194ba0)
stnInfo{num==1}:: HASH(0x1e01f0)
stnInfo{num==1}:: HASH(0x1a9388)
stnInfo{num==1}:: HASH(0x1e42b0)
stnInfo{num==1}:: HASH(0x1e0034)
stnInfo{num==1}:: HASH(0x17c220)
stnInfo{num==1}:: HASH(0x1ac93c)
stnInfo{num==1}:: HASH(0x12f268)
stnInfo{num==1}:: HASH(0x12f358)
stnInfo{num==1}:: HASH(0x191a8c)
stnInfo{num==1}:: HASH(0x16c2a4)
stnInfo{num==1}:: HASH(0x1830ac)
stnInfo{num==1}:: HASH(0x1831b4)
stnInfo{num==1}:: HASH(0x1217b0)
stnInfo{num==1}:: HASH(0x1d62ec)
stnInfo{num==1}:: HASH(0x1bb04c)
stnInfo{num==1}:: HASH(0x1fc9b4)
stnInfo{num==1}:: HASH(0x18b148)
stnInfo{num==1}:: HASH(0x16c16c)
stnInfo{num==1}:: HASH(0x1a9280)
stnInfo{num==1}:: HASH(0x1f8be8)
stnInfo{num==1}:: HASH(0x2002e0)
stnInfo{num==1}:: HASH(0x194bf4)
stnInfo{num==1}:: HASH(0x18b0d0)
stnInfo{num==1}:: HASH(0x191b1c)
stnInfo{num==1}:: HASH(0x194b28)
stnInfo{num==1}:: HASH(0x1ac828)
stnInfo{num==1}:: HASH(0x1e01cc)
stnInfo{num==1}:: HASH(0x178b04)
stnInfo{num==1}:: HASH(0x1833f4)
stnInfo{num==1}:: HASH(0x1ac918)
stnInfo{num==1}:: HASH(0x12163c)
stnInfo{num==1}:: HASH(0x1658dc)
stnInfo{num==1}:: HASH(0x1bb2a4)
stnInfo{num==1}:: HASH(0x1e42f8)
stnInfo{num==1}:: HASH(0x1d6070)
stnInfo{num==1}:: HASH(0x17c328)
stnInfo{num==1}:: HASH(0x194b1c)
stnInfo{num==1}:: HASH(0x17c238)
stnInfo{num==1}:: HASH(0x1dca14)
stnInfo{num==1}:: HASH(0x1bc094)
stnInfo{num==1}:: HASH(0x1861f0)
stnInfo{num==1}:: HASH(0x1919cc)
stnInfo{num==1}:: HASH(0x1d60f4)
stnInfo{num==1}:: HASH(0x1bb328)
stnInfo{num==1}:: HASH(0x191bd0)
stnInfo{num==1}:: HASH(0x1b934c)
stnInfo{num==1}:: HASH(0x12f10c)
stnInfo{num==1}:: HASH(0x15da38)
stnInfo{num==1}:: HASH(0x1861d8)
stnInfo{num==1}:: HASH(0x12169c)
stnInfo{num==1}:: HASH(0x1a6340)
stnInfo{num==1}:: HASH(0x1863c4)
stnInfo{num==1}:: HASH(0x15d9cc)
stnInfo{num==1}:: HASH(0x15d9d8)
stnInfo{num==1}:: HASH(0x1b9244)
stnInfo{num==1}:: HASH(0x17c01c)
stnInfo{num==1}:: HASH(0x1ea888)
stnInfo{num==1}:: HASH(0x1ac924)
stnInfo{num==1}:: HASH(0x1a6244)
stnInfo{num==1}:: HASH(0x183040)
stnInfo{num==1}:: HASH(0x191a2c)
stnInfo{num==1}:: HASH(0x1f8984)
stnInfo{num==1}:: HASH(0x18b328)
stnInfo{num==1}:: HASH(0x1d6070)
stnInfo{num==1}:: HASH(0x1861cc)
stnInfo{num==1}:: HASH(0x18b214)
stnInfo{num==1}:: HASH(0x1b93b8)
stnInfo{num==1}:: HASH(0x191bc4)
stnInfo{num==1}:: HASH(0x18b1e4)
stnInfo{num==1}:: HASH(0x165a80)
stnInfo{num==1}:: HASH(0x1a9190)
stnInfo{num==1}:: HASH(0x17c1cc)
stnInfo{num==1}:: HASH(0x1bb34c)
stnInfo{num==1}:: HASH(0x19193c)
stnInfo{num==1}:: HASH(0x1e0220)
stnInfo{num==1}:: HASH(0x1bb274)
stnInfo{num==1}:: HASH(0x178bb8)
stnInfo{num==1}:: HASH(0x18631c)
stnInfo{num==1}:: HASH(0x1a1ba0)
stnInfo{num==1}:: HASH(0x1a91d8)
stnInfo{num==1}:: HASH(0x1e4388)
stnInfo{num==1}:: HASH(0x12f1b4)
stnInfo{num==1}:: HASH(0x1dc918)
stnInfo{num==1}:: HASH(0x1a9340)
stnInfo{num==1}:: HASH(0x1a18b8)
stnInfo{num==1}:: HASH(0x175304)
stnInfo{num==1}:: HASH(0x1e7840)
stnInfo{num==1}:: HASH(0x1e01cc)
stnInfo{num==1}:: HASH(0x15db40)
stnInfo{num==1}:: HASH(0x121534)
stnInfo{num==1}:: HASH(0x12f340)
stnInfo{num==1}:: HASH(0x16c070)
stnInfo{num==1}:: HASH(0x17c28c)
stnInfo{num==1}:: HASH(0x165b10)
stnInfo{num==1}:: HASH(0x1bb274)
stnInfo{num==1}:: HASH(0x16c364)
stnInfo{num==1}:: HASH(0x1dc8c4)
stnInfo{num==1}:: HASH(0x1a60d0)
stnInfo{num==1}:: HASH(0x178a74)
stnInfo{num==1}:: HASH(0x1a91f0)
stnInfo{num==1}:: HASH(0x15dba0)
stnInfo{num==1}:: HASH(0x1acb4c)
stnInfo{num==1}:: HASH(0x1f8b7c)
stnInfo{num==1}:: HASH(0x175370)
stnInfo{num==1}:: HASH(0x17c160)
stnInfo{num==1}:: HASH(0x183244)
stnInfo{num==1}:: HASH(0x16590c)
stnInfo{num==1}:: HASH(0x165aa4)
stnInfo{num==1}:: HASH(0x1bfabc)
stnInfo{num==1}:: HASH(0x200064)
stnInfo{num==1}:: HASH(0x1bf984)
stnInfo{num==1}:: HASH(0x1ea888)
stnInfo{num==1}:: HASH(0x1788b8)
stnInfo{num==1}:: HASH(0x1a9154)
stnInfo{num==1}:: HASH(0x17c0e8)
stnInfo{num==1}:: HASH(0x1bb370)
stnInfo{num==1}:: HASH(0x17c2a4)
stnInfo{num==1}:: HASH(0x17c3d0)
stnInfo{num==1}:: HASH(0x165948)
stnInfo{num==1}:: HASH(0x1a61fc)
stnInfo{num==1}:: HASH(0x1e7954)
stnInfo{num==1}:: HASH(0x1e0334)
stnInfo{num==1}:: HASH(0x1d62ec)
stnInfo{num==1}:: HASH(0x1e03f4)
stnInfo{num==1}:: HASH(0x191a2c)
stnInfo{num==1}:: HASH(0x18b154)
stnInfo{num==1}:: HASH(0x1215a0)
stnInfo{num==1}:: HASH(0x16593c)
stnInfo{num==1}:: HASH(0x15da80)
stnInfo{num==1}:: HASH(0x1862a4)
stnInfo{num==1}:: HASH(0x18b058)
stnInfo{num==1}:: HASH(0x1e4214)
stnInfo{num==1}:: HASH(0x191954)
stnInfo{num==1}:: HASH(0x2003f4)
stnInfo{num==1}:: HASH(0x1f8b7c)
stnInfo{num==1}:: HASH(0x1b9058)
stnInfo{num==1}:: HASH(0x1a1af8)
stnInfo{num==1}:: HASH(0x1b9100)
stnInfo{num==1}:: HASH(0x1a6268)
stnInfo{num==1}:: HASH(0x175214)
stnInfo{num==1}:: HASH(0x18b22c)
stnInfo{num==1}:: HASH(0x1d613c)
stnInfo{num==1}:: HASH(0x1833b8)
stnInfo{num==1}:: HASH(0x1a9370)
stnInfo{num==1}:: HASH(0x16c1c0)
stnInfo{num==1}:: HASH(0x1217c8)
stnInfo{num==1}:: HASH(0x18b2f8)
stnInfo{num==1}:: HASH(0x1658dc)
stnInfo{num==1}:: HASH(0x1ea954)
stnInfo{num==1}:: HASH(0x1e01e4)
stnInfo{num==1}:: HASH(0x1dcb7c)
stnInfo{num==1}:: HASH(0x1e78ac)
stnInfo{num==1}:: HASH(0x1ea8c4)
stnInfo{num==1}:: HASH(0x1bc3e8)
stnInfo{num==1}:: HASH(0x1860ac)
stnInfo{num==1}:: HASH(0x1a9040)
stnInfo{num==1}:: HASH(0x1eab34)
stnInfo{num==1}:: HASH(0x2003dc)
stnInfo{num==1}:: HASH(0x200034)
stnInfo{num==1}:: HASH(0x17c214)
stnInfo{num==1}:: HASH(0x1e7b64)
stnInfo{num==1}:: HASH(0x17c274)
stnInfo{num==1}:: HASH(0x200328)
stnInfo{num==1}:: HASH(0x183184)
stnInfo{num==1}:: HASH(0x1214b0)
stnInfo{num==1}:: HASH(0x1bb31c)
stnInfo{num==1}:: HASH(0x200088)
stnInfo{num==1}:: HASH(0x1bc2d4)
stnInfo{num==1}:: HASH(0x12169c)
stnInfo{num==1}:: HASH(0x17c2a4)
stnInfo{num==1}:: HASH(0x1bb124)
stnInfo{num==1}:: HASH(0x1751e4)
stnInfo{num==1}:: HASH(0x15dbe8)
stnInfo{num==1}:: HASH(0x1e43dc)
stnInfo{num==1}:: HASH(0x191a8c)
stnInfo{num==1}:: HASH(0x12f280)
stnInfo{num==1}:: HASH(0x1bb094)
stnInfo{num==1}:: HASH(0x16c244)
stnInfo{num==1}:: HASH(0x1bb2c8)
stnInfo{num==1}:: HASH(0x1a931c)
stnInfo{num==1}:: HASH(0x1e031c)
stnInfo{num==1}:: HASH(0x16c190)
stnInfo{num==1}:: HASH(0x1d61c0)
stnInfo{num==1}:: HASH(0x1acbe8)
stnInfo{num==1}:: HASH(0x20022c)
stnInfo{num==1}:: HASH(0x1d6184)
stnInfo{num==1}:: HASH(0x1e42a4)
stnInfo{num==1}:: HASH(0x183334)
stnInfo{num==1}:: HASH(0x20025c)
stnInfo{num==1}:: HASH(0x178954)
stnInfo{num==1}:: HASH(0x1bc250)
stnInfo{num==1}:: HASH(0x16c130)
stnInfo{num==1}:: HASH(0x165a44)
stnInfo{num==1}:: HASH(0x1a6100)
stnInfo{num==1}:: HASH(0x194840)
stnInfo{num==1}:: HASH(0x1bb280)
stnInfo{num==1}:: HASH(0x1b92c8)
stnInfo{num==1}:: HASH(0x194bf4)
stnInfo{num==1}:: HASH(0x1bb04c)
stnInfo{num==1}:: HASH(0x1acbc4)
stnInfo{num==1}:: HASH(0x20022c)
stnInfo{num==1}:: HASH(0x1dca20)
stnInfo{num==1}:: HASH(0x1fcad4)
stnInfo{num==1}:: HASH(0x1bc178)
stnInfo{num==1}:: HASH(0x1fc894)
stnInfo{num==1}:: HASH(0x1833b8)
stnInfo{num==1}:: HASH(0x17c2ec)
stnInfo{num==1}:: HASH(0x1fc87c)
stnInfo{num==1}:: HASH(0x15d990)
stnInfo{num==1}:: HASH(0x165834)
stnInfo{num==1}:: HASH(0x1e0328)
stnInfo{num==1}:: HASH(0x1948ac)
stnInfo{num==1}:: HASH(0x1eaaa4)
stnInfo{num==1}:: HASH(0x1833a0)
stnInfo{num==1}:: HASH(0x18b340)
stnInfo{num==1}:: HASH(0x12f2b0)
stnInfo{num==1}:: HASH(0x1b91b4)
stnInfo{num==1}:: HASH(0x12f1cc)
stnInfo{num==1}:: HASH(0x15d828)
stnInfo{num==1}:: HASH(0x1949b4)
stnInfo{num==1}:: HASH(0x1bb3dc)
stnInfo{num==1}:: HASH(0x1a1bf4)
stnInfo{num==1}:: HASH(0x1f881c)
stnInfo{num==1}:: HASH(0x178aec)
stnInfo{num==1}:: HASH(0x1bfa5c)
stnInfo{num==1}:: HASH(0x1dc99c)
stnInfo{num==1}:: HASH(0x1bfaec)
stnInfo{num==1}:: HASH(0x15d924)
stnInfo{num==1}:: HASH(0x1b937c)
stnInfo{num==1}:: HASH(0x1bf9fc)
stnInfo{num==1}:: HASH(0x1ea8c4)
stnInfo{num==1}:: HASH(0x17c190)
stnInfo{num==1}:: HASH(0x1acba0)
stnInfo{num==1}:: HASH(0x1b904c)
stnInfo{num==1}:: HASH(0x1a92e0)
stnInfo{num==1}:: HASH(0x1a1834)
stnInfo{num==1}:: HASH(0x1a6178)
stnInfo{num==1}:: HASH(0x1e7870)
stnInfo{num==1}:: HASH(0x1e01d8)
stnInfo{num==1}:: HASH(0x1752d4)
stnInfo{num==1}:: HASH(0x1dc834)
stnInfo{num==1}:: HASH(0x1bb364)
stnInfo{num==1}:: HASH(0x1fc87c)
stnInfo{num==1}:: HASH(0x1a93d0)
stnInfo{num==1}:: HASH(0x178b1c)
stnInfo{num==1}:: HASH(0x18b2a4)
stnInfo{num==1}:: HASH(0x165aa4)
stnInfo{num==1}:: HASH(0x1a18f4)
stnInfo{num==1}:: HASH(0x165af8)
stnInfo{num==1}:: HASH(0x1dcbd0)
stnInfo{num==1}:: HASH(0x1e01b4)
stnInfo{num==1}:: HASH(0x1a6328)
stnInfo{num==1}:: HASH(0x1bf828)
stnInfo{num==1}:: HASH(0x1dcad4)
stnInfo{num==1}:: HASH(0x1a9370)
stnInfo{num==1}:: HASH(0x1b9148)
stnInfo{num==1}:: HASH(0x1f88e8)
stnInfo{num==1}:: HASH(0x1f8b88)
stnInfo{num==1}:: HASH(0x1dc93c)
stnInfo{num==1}:: HASH(0x1a6274)
stnInfo{num==1}:: HASH(0x1f881c)
stnInfo{num==1}:: HASH(0x16c22c)
stnInfo{num==1}:: HASH(0x15d828)
stnInfo{num==1}:: HASH(0x191978)
stnInfo{num==1}:: HASH(0x1a6334)
stnInfo{num==1}:: HASH(0x1bfb40)
stnInfo{num==1}:: HASH(0x1831fc)
stnInfo{num==1}:: HASH(0x19499c)
stnInfo{num==1}:: HASH(0x1bfb10)
stnInfo{num==1}:: HASH(0x1a91b4)
stnInfo{num==1}:: HASH(0x1bfb40)
stnInfo{num==1}:: HASH(0x1a61d8)
stnInfo{num==1}:: HASH(0x1753c4)
stnInfo{num==1}:: HASH(0x1a181c)
stnInfo{num==1}:: HASH(0x1b9184)
stnInfo{num==1}:: HASH(0x16c3a0)
stnInfo{num==1}:: HASH(0x194b34)
stnInfo{num==1}:: HASH(0x1dc9b4)
stnInfo{num==1}:: HASH(0x186154)
stnInfo{num==1}:: HASH(0x1ac870)
stnInfo{num==1}:: HASH(0x1bb2f8)
stnInfo{num==1}:: HASH(0x1acac8)
stnInfo{num==1}:: HASH(0x1fca5c)
stnInfo{num==1}:: HASH(0x1e001c)
stnInfo{num==1}:: HASH(0x18b0c4)
stnInfo{num==1}:: HASH(0x15d828)
stnInfo{num==1}:: HASH(0x194a98)
stnInfo{num==1}:: HASH(0x15d9b4)
stnInfo{num==1}:: HASH(0x15d930)
stnInfo{num==1}:: HASH(0x194858)
stnInfo{num==1}:: HASH(0x2003d0)
stnInfo{num==1}:: HASH(0x1bb370)
stnInfo{num==1}:: HASH(0x194bb8)
stnInfo{num==1}:: HASH(0x1a6280)
stnInfo{num==1}:: HASH(0x1a1a2c)
stnInfo{num==1}:: HASH(0x1788b8)
stnInfo{num==1}:: HASH(0x18b2ec)
stnInfo{num==1}:: HASH(0x1aca38)
stnInfo{num==1}:: HASH(0x1f8bc4)
stnInfo{num==1}:: HASH(0x1a1a8c)
stnInfo{num==1}:: HASH(0x18601c)
stnInfo{num==1}:: HASH(0x1214ec)
stnInfo{num==1}:: HASH(0x1bc22c)
stnInfo{num==1}:: HASH(0x1f88c4)
stnInfo{num==1}:: HASH(0x17c220)
stnInfo{num==1}:: HASH(0x18619c)
stnInfo{num==1}:: HASH(0x1e784c)
stnInfo{num==1}:: HASH(0x12f370)
stnInfo{num==1}:: HASH(0x1a1948)
stnInfo{num==1}:: HASH(0x1dcbe8)
stnInfo{num==1}:: HASH(0x1e407c)
stnInfo{num==1}:: HASH(0x1aca50)
stnInfo{num==1}:: HASH(0x17c160)
stnInfo{num==1}:: HASH(0x186304)
stnInfo{num==1}:: HASH(0x1a637c)
stnInfo{num==1}:: HASH(0x15d8c4)
stnInfo{num==1}:: HASH(0x1bfa5c)
stnInfo{num==1}:: HASH(0x1ac87c)
stnInfo{num==1}:: HASH(0x178aa4)
stnInfo{num==1}:: HASH(0x183304)
stnInfo{num==1}:: HASH(0x121774)
stnInfo{num==1}:: HASH(0x1a9334)
stnInfo{num==1}:: HASH(0x186394)
stnInfo{num==1}:: HASH(0x121738)
stnInfo{num==1}:: HASH(0x1bb0d0)
stnInfo{num==1}:: HASH(0x1e7bf4)
stnInfo{num==1}:: HASH(0x16c268)
stnInfo{num==1}:: HASH(0x2000f4)
stnInfo{num==1}:: HASH(0x1fca50)
stnInfo{num==1}:: HASH(0x15da44)
stnInfo{num==1}:: HASH(0x1e0208)
stnInfo{num==1}:: HASH(0x1d63f4)
stnInfo{num==1}:: HASH(0x1ac8dc)
stnInfo{num==1}:: HASH(0x1a91fc)
stnInfo{num==1}:: HASH(0x1bc340)
stnInfo{num==1}:: HASH(0x1789f0)
stnInfo{num==1}:: HASH(0x17c13c)
stnInfo{num==1}:: HASH(0x1eaab0)
stnInfo{num==1}:: HASH(0x178b58)
stnInfo{num==1}:: HASH(0x178840)
stnInfo{num==1}:: HASH(0x1bb178)
stnInfo{num==1}:: HASH(0x1e7a2c)
stnInfo{num==1}:: HASH(0x1d625c)
stnInfo{num==1}:: HASH(0x1f8a5c)
stnInfo{num==1}:: HASH(0x1d6088)
stnInfo{num==1}:: HASH(0x1bb364)
stnInfo{num==1}:: HASH(0x1e00dc)
stnInfo{num==1}:: HASH(0x1862f8)
stnInfo{num==1}:: HASH(0x1e00dc)
stnInfo{num==1}:: HASH(0x1a6208)
stnInfo{num==1}:: HASH(0x1ac9b4)
stnInfo{num==1}:: HASH(0x1949e4)
stnInfo{num==1}:: HASH(0x1216f0)
stnInfo{num==1}:: HASH(0x1dca98)
stnInfo{num==1}:: HASH(0x16c208)
stnInfo{num==1}:: HASH(0x1ea918)
stnInfo{num==1}:: HASH(0x175370)
stnInfo{num==1}:: HASH(0x191a68)
stnInfo{num==1}:: HASH(0x12f0c4)
stnInfo{num==1}:: HASH(0x1bc130)
stnInfo{num==1}:: HASH(0x1a19d8)
stnInfo{num==1}:: HASH(0x165894)
stnInfo{num==1}:: HASH(0x1919f0)
stnInfo{num==1}:: HASH(0x1753c4)
stnInfo{num==1}:: HASH(0x1e78e8)
stnInfo{num==1}:: HASH(0x16c2d4)
stnInfo{num==1}:: HASH(0x1d62bc)
stnInfo{num==1}:: HASH(0x12154c)
stnInfo{num==1}:: HASH(0x1bb214)
stnInfo{num==1}:: HASH(0x18b3ac)
stnInfo{num==1}:: HASH(0x191954)
stnInfo{num==1}:: HASH(0x1ac9c0)
stnInfo{num==1}:: HASH(0x1750d0)
stnInfo{num==1}:: HASH(0x1a625c)
stnInfo{num==1}:: HASH(0x1a6394)
stnInfo{num==1}:: HASH(0x178924)
stnInfo{num==1}:: HASH(0x175064)
stnInfo{num==1}:: HASH(0x178a8c)
stnInfo{num==1}:: HASH(0x1a193c)
stnInfo{num==1}:: HASH(0x1ac90c)
stnInfo{num==1}:: HASH(0x1dca08)
stnInfo{num==1}:: HASH(0x1b9070)
stnInfo{num==1}:: HASH(0x1ea840)
stnInfo{num==1}:: HASH(0x186328)
stnInfo{num==1}:: HASH(0x1a19a8)
stnInfo{num==1}:: HASH(0x1acaf8)
stnInfo{num==1}:: HASH(0x1215a0)
stnInfo{num==1}:: HASH(0x191894)
stnInfo{num==1}:: HASH(0x1a622c)
stnInfo{num==1}:: HASH(0x1788b8)
stnInfo{num==1}:: HASH(0x1fca8c)
stnInfo{num==1}:: HASH(0x1a1984)
stnInfo{num==1}:: HASH(0x1862d4)
stnInfo{num==1}:: HASH(0x178af8)
stnInfo{num==1}:: HASH(0x15d8dc)
stnInfo{num==1}:: HASH(0x1dc8e8)
stnInfo{num==1}:: HASH(0x1a1984)
stnInfo{num==1}:: HASH(0x18b1e4)
stnInfo{num==1}:: HASH(0x1e02d4)
stnInfo{num==1}:: HASH(0x1ac8d0)
stnInfo{num==1}:: HASH(0x15d9b4)
stnInfo{num==1}:: HASH(0x12f0f4)
stnInfo{num==1}:: HASH(0x1b91fc)
stnInfo{num==1}:: HASH(0x18b34c)
stnInfo{num==1}:: HASH(0x16c298)
stnInfo{num==1}:: HASH(0x1a61b4)
stnInfo{num==1}:: HASH(0x1bb31c)
stnInfo{num==1}:: HASH(0x1b907c)
stnInfo{num==1}:: HASH(0x1ea9c0)
stnInfo{num==1}:: HASH(0x1a6250)
stnInfo{num==1}:: HASH(0x20025c)
stnInfo{num==1}:: HASH(0x186064)
stnInfo{num==1}:: HASH(0x194984)
stnInfo{num==1}:: HASH(0x15d8dc)
stnInfo{num==1}:: HASH(0x15d834)
stnInfo{num==1}:: HASH(0x1860ac)
stnInfo{num==1}:: HASH(0x1bb2d4)
stnInfo{num==1}:: HASH(0x1753e8)
stnInfo{num==1}:: HASH(0x1a9154)
stnInfo{num==1}:: HASH(0x1bc3c4)
stnInfo{num==1}:: HASH(0x1dcbe8)
stnInfo{num==1}:: HASH(0x1a6298)
stnInfo{num==1}:: HASH(0x1e02c8)
stnInfo{num==1}:: HASH(0x1bb34c)
stnInfo{num==1}:: HASH(0x12145c)
stnInfo{num==1}:: HASH(0x1acb4c)
stnInfo{num==1}:: HASH(0x1d63dc)
stnInfo{num==1}:: HASH(0x1a93d0)
stnInfo{num==1}:: HASH(0x1bf9e4)
stnInfo{num==1}:: HASH(0x1753b8)
stnInfo{num==1}:: HASH(0x1b9370)
stnInfo{num==1}:: HASH(0x200124)
stnInfo{num==1}:: HASH(0x1fc84c)
stnInfo{num==1}:: HASH(0x2002e0)
stnInfo{num==1}:: HASH(0x1a1b04)
stnInfo{num==1}:: HASH(0x1bfa98)
stnInfo{num==1}:: HASH(0x1aca50)
stnInfo{num==1}:: HASH(0x1b93b8)
stnInfo{num==1}:: HASH(0x1a1a20)
stnInfo{num==1}:: HASH(0x1ea864)
stnInfo{num==1}:: HASH(0x200124)
stnInfo{num==1}:: HASH(0x1751a8)
stnInfo{num==1}:: HASH(0x1a6274)
stnInfo{num==1}:: HASH(0x1bc07c)
stnInfo{num==1}:: HASH(0x178a50)
stnInfo{num==1}:: HASH(0x1ea87c)
stnInfo{num==1}:: HASH(0x1e4250)
stnInfo{num==1}:: HASH(0x1dca98)
stnInfo{num==1}:: HASH(0x18319c)
stnInfo{num==1}:: HASH(0x17c1cc)
stnInfo{num==1}:: HASH(0x1a613c)
stnInfo{num==1}:: HASH(0x1ea8d0)
stnInfo{num==1}:: HASH(0x1acba0)
stnInfo{num==1}:: HASH(0x1bc118)
stnInfo{num==1}:: HASH(0x1e0070)
stnInfo{num==1}:: HASH(0x178a5c)
stnInfo{num==1}:: HASH(0x1ea948)
stnInfo{num==1}:: HASH(0x1eaa80)
stnInfo{num==1}:: HASH(0x16587c)
stnInfo{num==1}:: HASH(0x12160c)
stnInfo{num==1}:: HASH(0x1a9124)
stnInfo{num==1}:: HASH(0x194a2c)
stnInfo{num==1}:: HASH(0x1dca38)
stnInfo{num==1}:: HASH(0x1bc124)
stnInfo{num==1}:: HASH(0x1bc3f4)
stnInfo{num==1}:: HASH(0x1f8864)
stnInfo{num==1}:: HASH(0x15da8c)
stnInfo{num==1}:: HASH(0x17c01c)
stnInfo{num==1}:: HASH(0x18b070)
stnInfo{num==1}:: HASH(0x1b904c)
stnInfo{num==1}:: HASH(0x1e019c)
stnInfo{num==1}:: HASH(0x165828)
stnInfo{num==1}:: HASH(0x17c0f4)
stnInfo{num==1}:: HASH(0x1e022c)
stnInfo{num==1}:: HASH(0x1bb214)
stnInfo{num==1}:: HASH(0x1f8a14)
stnInfo{num==1}:: HASH(0x1659fc)
stnInfo{num==1}:: HASH(0x183184)
stnInfo{num==1}:: HASH(0x1fc9cc)
stnInfo{num==1}:: HASH(0x1bc3ac)
stnInfo{num==1}:: HASH(0x1a90c4)
stnInfo{num==1}:: HASH(0x15d858)
stnInfo{num==1}:: HASH(0x183310)
stnInfo{num==1}:: HASH(0x194a44)
stnInfo{num==1}:: HASH(0x1a90ac)
stnInfo{num==1}:: HASH(0x1f88e8)
stnInfo{num==1}:: HASH(0x1d62e0)
stnInfo{num==1}:: HASH(0x1e7a68)
stnInfo{num==1}:: HASH(0x16c238)
stnInfo{num==1}:: HASH(0x17c0e8)
stnInfo{num==1}:: HASH(0x1d6364)
stnInfo{num==1}:: HASH(0x1b91cc)
stnInfo{num==1}:: HASH(0x1e7894)
stnInfo{num==1}:: HASH(0x18b0f4)
stnInfo{num==1}:: HASH(0x12142c)
stnInfo{num==1}:: HASH(0x121690)
stnInfo{num==1}:: HASH(0x1d6370)
stnInfo{num==1}:: HASH(0x191918)
stnInfo{num==1}:: HASH(0x200334)
stnInfo{num==1}:: HASH(0x18b1c0)
stnInfo{num==1}:: HASH(0x1bc31c)
stnInfo{num==1}:: HASH(0x1a63f4)
stnInfo{num==1}:: HASH(0x1bf84c)
stnInfo{num==1}:: HASH(0x17c0d0)
stnInfo{num==1}:: HASH(0x15dbb8)
stnInfo{num==1}:: HASH(0x1a6394)
stnInfo{num==1}:: HASH(0x1f8978)
stnInfo{num==1}:: HASH(0x17c2f8)
stnInfo{num==1}:: HASH(0x12f094)
stnInfo{num==1}:: HASH(0x200334)
stnInfo{num==1}:: HASH(0x1752c8)
stnInfo{num==1}:: HASH(0x121780)
stnInfo{num==1}:: HASH(0x1a93f4)
stnInfo{num==1}:: HASH(0x17c3f4)
stnInfo{num==1}:: HASH(0x186370)
stnInfo{num==1}:: HASH(0x1a6370)
stnInfo{num==1}:: HASH(0x2003a0)
stnInfo{num==1}:: HASH(0x1a919c)
stnInfo{num==1}:: HASH(0x175028)
stnInfo{num==1}:: HASH(0x12f28c)
stnInfo{num==1}:: HASH(0x2002a4)
stnInfo{num==1}:: HASH(0x16c058)
stnInfo{num==1}:: HASH(0x1bb070)
stnInfo{num==1}:: HASH(0x1b93a0)
stnInfo{num==1}:: HASH(0x1753f4)
stnInfo{num==1}:: HASH(0x1ac93c)
stnInfo{num==1}:: HASH(0x1ac9b4)
stnInfo{num==1}:: HASH(0x1dcbf4)
stnInfo{num==1}:: HASH(0x19187c)
stnInfo{num==1}:: HASH(0x1e0070)
stnInfo{num==1}:: HASH(0x1e401c)
stnInfo{num==1}:: HASH(0x1e407c)
stnInfo{num==1}:: HASH(0x1a910c)
stnInfo{num==1}:: HASH(0x12f0d0)
stnInfo{num==1}:: HASH(0x178b70)
stnInfo{num==1}:: HASH(0x1fc834)
stnInfo{num==1}:: HASH(0x17c340)
stnInfo{num==1}:: HASH(0x1b9238)
stnInfo{num==1}:: HASH(0x1750e8)
stnInfo{num==1}:: HASH(0x15d9b4)
stnInfo{num==1}:: HASH(0x1e4310)
stnInfo{num==1}:: HASH(0x1bb028)
stnInfo{num==1}:: HASH(0x17510c)
stnInfo{num==1}:: HASH(0x1e0310)
stnInfo{num==1}:: HASH(0x1ea81c)
stnInfo{num==1}:: HASH(0x1eab88)
stnInfo{num==1}:: HASH(0x1e41b4)
stnInfo{num==1}:: HASH(0x1bc3e8)
stnInfo{num==1}:: HASH(0x1d6394)
stnInfo{num==1}:: HASH(0x200340)
stnInfo{num==1}:: HASH(0x1a6214)
stnInfo{num==1}:: HASH(0x12f394)
stnInfo{num==1}:: HASH(0x1bb1fc)
stnInfo{num==1}:: HASH(0x1bfbf4)
stnInfo{num==1}:: HASH(0x18b10c)
stnInfo{num==1}:: HASH(0x17c3d0)
stnInfo{num==1}:: HASH(0x1fc8f4)
stnInfo{num==1}:: HASH(0x200100)
stnInfo{num==1}:: HASH(0x1bf9c0)
stnInfo{num==1}:: HASH(0x183220)
stnInfo{num==1}:: HASH(0x1e0028)
stnInfo{num==1}:: HASH(0x1949cc)
stnInfo{num==1}:: HASH(0x183034)
stnInfo{num==1}:: HASH(0x178a5c)
stnInfo{num==1}:: HASH(0x1f8954)
stnInfo{num==1}:: HASH(0x1214d4)
stnInfo{num==1}:: HASH(0x1eaa98)
stnInfo{num==1}:: HASH(0x16c280)
stnInfo{num==1}:: HASH(0x17516c)
stnInfo{num==1}:: HASH(0x1e40d0)
stnInfo{num==1}:: HASH(0x1a193c)
stnInfo{num==1}:: HASH(0x1bb2ec)
stnInfo{num==1}:: HASH(0x1bf894)
stnInfo{num==1}:: HASH(0x1dc9f0)
stnInfo{num==1}:: HASH(0x200370)
stnInfo{num==1}:: HASH(0x1a9394)
stnInfo{num==1}:: HASH(0x1bb0b8)
stnInfo{num==1}:: HASH(0x1fc858)
stnInfo{num==1}:: HASH(0x16c19c)
stnInfo{num==1}:: HASH(0x1bc310)
stnInfo{num==1}:: HASH(0x165a2c)
stnInfo{num==1}:: HASH(0x1659fc)
stnInfo{num==1}:: HASH(0x165ba0)
stnInfo{num==1}:: HASH(0x1d6130)
stnInfo{num==1}:: HASH(0x2003dc)
stnInfo{num==1}:: HASH(0x1bc2c8)
stnInfo{num==1}:: HASH(0x191978)
stnInfo{num==1}:: HASH(0x1bc358)
stnInfo{num==1}:: HASH(0x18625c)
stnInfo{num==1}:: HASH(0x1fc9e4)
stnInfo{num==1}:: HASH(0x17525c)
stnInfo{num==1}:: HASH(0x1f8bd0)
stnInfo{num==1}:: HASH(0x194b64)
stnInfo{num==1}:: HASH(0x17c04c)
stnInfo{num==1}:: HASH(0x1a18b8)
stnInfo{num==1}:: HASH(0x1e42c8)
stnInfo{num==1}:: HASH(0x19193c)
stnInfo{num==1}:: HASH(0x1217a4)
stnInfo{num==1}:: HASH(0x1bc190)
stnInfo{num==1}:: HASH(0x1a1864)
stnInfo{num==1}:: HASH(0x1bc2d4)
stnInfo{num==1}:: HASH(0x16c3ac)
stnInfo{num==1}:: HASH(0x1dca5c)
stnInfo{num==1}:: HASH(0x183040)
stnInfo{num==1}:: HASH(0x16c040)
stnInfo{num==1}:: HASH(0x16593c)
stnInfo{num==1}:: HASH(0x194b7c)
stnInfo{num==1}:: HASH(0x1bc064)
stnInfo{num==1}:: HASH(0x1b9334)
stnInfo{num==1}:: HASH(0x17c3f4)
stnInfo{num==1}:: HASH(0x1fc8f4)
stnInfo{num==1}:: HASH(0x1b9358)
stnInfo{num==1}:: HASH(0x2003dc)
stnInfo{num==1}:: HASH(0x1d634c)
stnInfo{num==1}:: HASH(0x1e0388)
stnInfo{num==1}:: HASH(0x1bc07c)
stnInfo{num==1}:: HASH(0x1863a0)
stnInfo{num==1}:: HASH(0x1b9214)
stnInfo{num==1}:: HASH(0x1751d8)
stnInfo{num==1}:: HASH(0x18b274)
stnInfo{num==1}:: HASH(0x1d6310)
stnInfo{num==1}:: HASH(0x1ea99c)
stnInfo{num==1}:: HASH(0x18b31c)
stnInfo{num==1}:: HASH(0x1bf864)
stnInfo{num==1}:: HASH(0x1f8b7c)
stnInfo{num==1}:: HASH(0x175370)
stnInfo{num==1}:: HASH(0x1dc834)
stnInfo{num==1}:: HASH(0x1bfa5c)
stnInfo{num==1}:: HASH(0x1e404c)
stnInfo{num==1}:: HASH(0x165bac)
stnInfo{num==1}:: HASH(0x19187c)
stnInfo{num==1}:: HASH(0x1f88c4)
stnInfo{num==1}:: HASH(0x1bb1c0)
stnInfo{num==1}:: HASH(0x1ea84c)
stnInfo{num==1}:: HASH(0x1bb2f8)
stnInfo{num==1}:: HASH(0x1a6250)
stnInfo{num==1}:: HASH(0x15d9fc)
stnInfo{num==1}:: HASH(0x1ea93c)
stnInfo{num==1}:: HASH(0x16c25c)
stnInfo{num==1}:: HASH(0x194a80)
stnInfo{num==1}:: HASH(0x1bc3c4)
stnInfo{num==1}:: HASH(0x1e03a0)
stnInfo{num==1}:: HASH(0x175154)
stnInfo{num==1}:: HASH(0x1a1ab0)
stnInfo{num==1}:: HASH(0x1a1a14)
stnInfo{num==1}:: HASH(0x1bf894)
stnInfo{num==1}:: HASH(0x1d62d4)
stnInfo{num==1}:: HASH(0x121594)
stnInfo{num==1}:: HASH(0x1e4304)
stnInfo{num==1}:: HASH(0x1e79cc)
stnInfo{num==1}:: HASH(0x12f0f4)
stnInfo{num==1}:: HASH(0x1bb2b0)
stnInfo{num==1}:: HASH(0x186034)
stnInfo{num==1}:: HASH(0x1f8bb8)
stnInfo{num==1}:: HASH(0x17c100)
stnInfo{num==1}:: HASH(0x1bfb7c)
stnInfo{num==1}:: HASH(0x1e43e8)
stnInfo{num==1}:: HASH(0x1a93c4)
stnInfo{num==1}:: HASH(0x1eabe8)
stnInfo{num==1}:: HASH(0x1eaa20)
stnInfo{num==1}:: HASH(0x18b2e0)
stnInfo{num==1}:: HASH(0x1a1b1c)
stnInfo{num==1}:: HASH(0x1860ac)
stnInfo{num==1}:: HASH(0x1a1b10)
stnInfo{num==1}:: HASH(0x1bb190)
stnInfo{num==1}:: HASH(0x1bc07c)
stnInfo{num==1}:: HASH(0x1acbac)
stnInfo{num==1}:: HASH(0x183184)
stnInfo{num==1}:: HASH(0x191990)
stnInfo{num==1}:: HASH(0x18b1e4)
stnInfo{num==1}:: HASH(0x1bc220)
stnInfo{num==1}:: HASH(0x1e0094)
stnInfo{num==1}:: HASH(0x1a628c)
stnInfo{num==1}:: HASH(0x1ac8dc)
stnInfo{num==1}:: HASH(0x165a08)
stnInfo{num==1}:: HASH(0x1659cc)
stnInfo{num==1}:: HASH(0x186370)
stnInfo{num==1}:: HASH(0x1fca20)
stnInfo{num==1}:: HASH(0x1e7aa4)
stnInfo{num==1}:: HASH(0x1acb1c)
stnInfo{num==1}:: HASH(0x2000a0)
stnInfo{num==1}:: HASH(0x1ac93c)
stnInfo{num==1}:: HASH(0x1fca8c)
stnInfo{num==1}:: HASH(0x12f394)
stnInfo{num==1}:: HASH(0x1a9064)
stnInfo{num==1}:: HASH(0x1a92b0)
stnInfo{num==1}:: HASH(0x1a613c)
stnInfo{num==1}:: HASH(0x15d984)
stnInfo{num==1}:: HASH(0x16c154)
stnInfo{num==1}:: HASH(0x1bf864)
stnInfo{num==1}:: HASH(0x12f37c)
stnInfo{num==1}:: HASH(0x1a90d0)
stnInfo{num==1}:: HASH(0x1e0064)
stnInfo{num==1}:: HASH(0x1861cc)
stnInfo{num==1}:: HASH(0x194948)
stnInfo{num==1}:: HASH(0x1d62b0)
stnInfo{num==1}:: HASH(0x1a63e8)
stnInfo{num==1}:: HASH(0x1e01b4)
stnInfo{num==1}:: HASH(0x1658b8)
stnInfo{num==1}:: HASH(0x12f1e4)
stnInfo{num==1}:: HASH(0x1bc01c)
stnInfo{num==1}:: HASH(0x1d61fc)
stnInfo{num==1}:: HASH(0x1eaba0)
stnInfo{num==1}:: HASH(0x12f184)
stnInfo{num==1}:: HASH(0x17c0d0)
stnInfo{num==1}:: HASH(0x1dc8e8)
stnInfo{num==1}:: HASH(0x17c3c4)
stnInfo{num==1}:: HASH(0x1a91c0)
stnInfo{num==1}:: HASH(0x1dc894)
stnInfo{num==1}:: HASH(0x191b10)
stnInfo{num==1}:: HASH(0x1bc148)
stnInfo{num==1}:: HASH(0x1dc9a8)
stnInfo{num==1}:: HASH(0x1d613c)
stnInfo{num==1}:: HASH(0x121540)
stnInfo{num==1}:: HASH(0x194abc)
stnInfo{num==1}:: HASH(0x178a50)
stnInfo{num==1}:: HASH(0x12166c)
stnInfo{num==1}:: HASH(0x12f1f0)
stnInfo{num==1}:: HASH(0x191b4c)
stnInfo{num==1}:: HASH(0x1b9388)
stnInfo{num==1}:: HASH(0x1216a8)
stnInfo{num==1}:: HASH(0x15d978)
stnInfo{num==1}:: HASH(0x1a9220)
stnInfo{num==1}:: HASH(0x18b0e8)
stnInfo{num==1}:: HASH(0x17c25c)
stnInfo{num==1}:: HASH(0x1bb2d4)
stnInfo{num==1}:: HASH(0x1a6394)
stnInfo{num==1}:: HASH(0x1a901c)
stnInfo{num==1}:: HASH(0x186310)
stnInfo{num==1}:: HASH(0x178b28)
stnInfo{num==1}:: HASH(0x12148c)
stnInfo{num==1}:: HASH(0x191a98)
stnInfo{num==1}:: HASH(0x1bc2a4)
stnInfo{num==1}:: HASH(0x1bb190)
stnInfo{num==1}:: HASH(0x1fc8e8)
stnInfo{num==1}:: HASH(0x2002a4)
stnInfo{num==1}:: HASH(0x17c058)
stnInfo{num==1}:: HASH(0x165a44)
stnInfo{num==1}:: HASH(0x1f8b28)
stnInfo{num==1}:: HASH(0x186094)
stnInfo{num==1}:: HASH(0x1aca50)
stnInfo{num==1}:: HASH(0x18b13c)
stnInfo{num==1}:: HASH(0x16581c)
stnInfo{num==1}:: HASH(0x1ac984)
stnInfo{num==1}:: HASH(0x194b64)
stnInfo{num==1}:: HASH(0x1bc034)
stnInfo{num==1}:: HASH(0x1a6244)
stnInfo{num==1}:: HASH(0x1eaabc)
stnInfo{num==1}:: HASH(0x200184)
stnInfo{num==1}:: HASH(0x1e0214)
stnInfo{num==1}:: HASH(0x1a9118)
stnInfo{num==1}:: HASH(0x16c214)
stnInfo{num==1}:: HASH(0x16c1fc)
stnInfo{num==1}:: HASH(0x1bb34c)
stnInfo{num==1}:: HASH(0x1a19e4)
stnInfo{num==1}:: HASH(0x16593c)
stnInfo{num==1}:: HASH(0x175184)
stnInfo{num==1}:: HASH(0x183130)
stnInfo{num==1}:: HASH(0x12f3ac)
stnInfo{num==1}:: HASH(0x1e79d8)
stnInfo{num==1}:: HASH(0x16c268)
stnInfo{num==1}:: HASH(0x1d6070)
stnInfo{num==1}:: HASH(0x1eab7c)
stnInfo{num==1}:: HASH(0x15d8f4)
stnInfo{num==1}:: HASH(0x17534c)
stnInfo{num==1}:: HASH(0x1e4070)
stnInfo{num==1}:: HASH(0x15d954)
stnInfo{num==1}:: HASH(0x1862c8)
stnInfo{num==1}:: HASH(0x1949fc)
stnInfo{num==1}:: HASH(0x1bb1d8)
stnInfo{num==1}:: HASH(0x1bf9cc)
stnInfo{num==1}:: HASH(0x165b28)
stnInfo{num==1}:: HASH(0x1bf900)
stnInfo{num==1}:: HASH(0x16c10c)
stnInfo{num==1}:: HASH(0x1789cc)
stnInfo{num==1}:: HASH(0x194ad4)
stnInfo{num==1}:: HASH(0x18b0e8)
stnInfo{num==1}:: HASH(0x1d604c)
stnInfo{num==1}:: HASH(0x194a44)
stnInfo{num==1}:: HASH(0x15da68)
stnInfo{num==1}:: HASH(0x17c0dc)
stnInfo{num==1}:: HASH(0x1e7b58)
stnInfo{num==1}:: HASH(0x20034c)
stnInfo{num==1}:: HASH(0x1bc280)
stnInfo{num==1}:: HASH(0x16c19c)
stnInfo{num==1}:: HASH(0x194b7c)
stnInfo{num==1}:: HASH(0x1bc3d0)
stnInfo{num==1}:: HASH(0x175148)
stnInfo{num==1}:: HASH(0x1788b8)
stnInfo{num==1}:: HASH(0x1b9178)
stnInfo{num==1}:: HASH(0x18637c)
stnInfo{num==1}:: HASH(0x17c07c)
stnInfo{num==1}:: HASH(0x1f8b4c)
stnInfo{num==1}:: HASH(0x1bb310)
stnInfo{num==1}:: HASH(0x16c07c)
stnInfo{num==1}:: HASH(0x200070)
stnInfo{num==1}:: HASH(0x1e4214)
stnInfo{num==1}:: HASH(0x15daa4)
stnInfo{num==1}:: HASH(0x1e41fc)
stnInfo{num==1}:: HASH(0x1ea8d0)
stnInfo{num==1}:: HASH(0x12f28c)
stnInfo{num==1}:: HASH(0x1658f4)
stnInfo{num==1}:: HASH(0x1861e4)
stnInfo{num==1}:: HASH(0x1bc0d0)
stnInfo{num==1}:: HASH(0x186310)
stnInfo{num==1}:: HASH(0x15d8e8)
stnInfo{num==1}:: HASH(0x1bb0ac)
stnInfo{num==1}:: HASH(0x183178)
stnInfo{num==1}:: HASH(0x1eab28)
stnInfo{num==1}:: HASH(0x1bc2b0)
stnInfo{num==1}:: HASH(0x200310)
stnInfo{num==1}:: HASH(0x18b184)
stnInfo{num==1}:: HASH(0x1a9058)
stnInfo{num==1}:: HASH(0x1bc31c)
stnInfo{num==1}:: HASH(0x178b88)
stnInfo{num==1}:: HASH(0x175268)
stnInfo{num==1}:: HASH(0x1b90d0)
stnInfo{num==1}:: HASH(0x121708)
stnInfo{num==1}:: HASH(0x1dc9cc)
stnInfo{num==1}:: HASH(0x1832c8)
stnInfo{num==1}:: HASH(0x1b93dc)
stnInfo{num==1}:: HASH(0x1bb280)
stnInfo{num==1}:: HASH(0x121690)
stnInfo{num==1}:: HASH(0x1bb154)
stnInfo{num==1}:: HASH(0x1dcb7c)
stnInfo{num==1}:: HASH(0x16c034)
stnInfo{num==1}:: HASH(0x1d6364)
stnInfo{num==1}:: HASH(0x17c388)
stnInfo{num==1}:: HASH(0x1bc19c)
stnInfo{num==1}:: HASH(0x1217ec)
stnInfo{num==1}:: HASH(0x1bb154)
stnInfo{num==1}:: HASH(0x1e4130)
stnInfo{num==1}:: HASH(0x17537c)
stnInfo{num==1}:: HASH(0x1949fc)
stnInfo{num==1}:: HASH(0x1bfb64)
stnInfo{num==1}:: HASH(0x12f1f0)
stnInfo{num==1}:: HASH(0x15dbf4)
stnInfo{num==1}:: HASH(0x1a9310)
stnInfo{num==1}:: HASH(0x15d99c)
stnInfo{num==1}:: HASH(0x178b28)
stnInfo{num==1}:: HASH(0x1b9298)
stnInfo{num==1}:: HASH(0x1eaa2c)
stnInfo{num==1}:: HASH(0x16593c)
stnInfo{num==1}:: HASH(0x1b9208)
stnInfo{num==1}:: HASH(0x18b0f4)
stnInfo{num==1}:: HASH(0x1e7b7c)
stnInfo{num==1}:: HASH(0x1e42c8)
stnInfo{num==1}:: HASH(0x12f1f0)
stnInfo{num==1}:: HASH(0x1e7894)
stnInfo{num==1}:: HASH(0x1f8b7c)
stnInfo{num==1}:: HASH(0x1d61f0)
stnInfo{num==1}:: HASH(0x186214)
stnInfo{num==1}:: HASH(0x165888)
stnInfo{num==1}:: HASH(0x1eab1c)
stnInfo{num==1}:: HASH(0x1acb94)
stnInfo{num==1}:: HASH(0x1a6340)
stnInfo{num==1}:: HASH(0x1e7b70)
stnInfo{num==1}:: HASH(0x191bdc)
stnInfo{num==1}:: HASH(0x17534c)
stnInfo{num==1}:: HASH(0x1ea924)
stnInfo{num==1}:: HASH(0x1a61a8)
stnInfo{num==1}:: HASH(0x1e4124)
stnInfo{num==1}:: HASH(0x15dbd0)
stnInfo{num==1}:: HASH(0x12154c)
stnInfo{num==1}:: HASH(0x194bdc)
stnInfo{num==1}:: HASH(0x1b9268)
stnInfo{num==1}:: HASH(0x1753c4)
stnInfo{num==1}:: HASH(0x1d6154)
stnInfo{num==1}:: HASH(0x1fc978)
stnInfo{num==1}:: HASH(0x1e0178)
stnInfo{num==1}:: HASH(0x175154)
stnInfo{num==1}:: HASH(0x1831f0)
stnInfo{num==1}:: HASH(0x186328)
stnInfo{num==1}:: HASH(0x1b92bc)
stnInfo{num==1}:: HASH(0x1a9160)
stnInfo{num==1}:: HASH(0x200298)
stnInfo{num==1}:: HASH(0x194a2c)
stnInfo{num==1}:: HASH(0x1919b4)
stnInfo{num==1}:: HASH(0x1860e8)
stnInfo{num==1}:: HASH(0x1f8a2c)
stnInfo{num==1}:: HASH(0x1aca14)
stnInfo{num==1}:: HASH(0x1bf9e4)
stnInfo{num==1}:: HASH(0x1e42bc)
stnInfo{num==1}:: HASH(0x1e7b4c)
stnInfo{num==1}:: HASH(0x1751f0)
stnInfo{num==1}:: HASH(0x194b94)
stnInfo{num==1}:: HASH(0x1dc87c)
stnInfo{num==1}:: HASH(0x1aca20)
stnInfo{num==1}:: HASH(0x1f8840)
stnInfo{num==1}:: HASH(0x1659cc)
stnInfo{num==1}:: HASH(0x1bc22c)
stnInfo{num==1}:: HASH(0x1bb2b0)
stnInfo{num==1}:: HASH(0x1a62bc)
stnInfo{num==1}:: HASH(0x1e41f0)
stnInfo{num==1}:: HASH(0x16c3f4)
stnInfo{num==1}:: HASH(0x20016c)
stnInfo{num==1}:: HASH(0x1b919c)
stnInfo{num==1}:: HASH(0x1a18c4)
stnInfo{num==1}:: HASH(0x1752c8)
stnInfo{num==1}:: HASH(0x200040)
stnInfo{num==1}:: HASH(0x1e4154)
stnInfo{num==1}:: HASH(0x1bf9b4)
stnInfo{num==1}:: HASH(0x1dc8e8)
stnInfo{num==1}:: HASH(0x1bb148)
stnInfo{num==1}:: HASH(0x1e78a0)
stnInfo{num==1}:: HASH(0x17510c)
stnInfo{num==1}:: HASH(0x1830b8)
stnInfo{num==1}:: HASH(0x186364)
stnInfo{num==1}:: HASH(0x1a1900)
stnInfo{num==1}:: HASH(0x175268)
stnInfo{num==1}:: HASH(0x1eabc4)
stnInfo{num==1}:: HASH(0x165840)
stnInfo{num==1}:: HASH(0x1e42a4)
stnInfo{num==1}:: HASH(0x1a6244)
stnInfo{num==1}:: HASH(0x191978)
stnInfo{num==1}:: HASH(0x191960)
stnInfo{num==1}:: HASH(0x1d6310)
stnInfo{num==1}:: HASH(0x16c07c)
stnInfo{num==1}:: HASH(0x18b25c)
stnInfo{num==1}:: HASH(0x1a19e4)
stnInfo{num==1}:: HASH(0x178864)
stnInfo{num==1}:: HASH(0x1fc9b4)
stnInfo{num==1}:: HASH(0x17c22c)
stnInfo{num==1}:: HASH(0x121570)
stnInfo{num==1}:: HASH(0x15d984)
stnInfo{num==1}:: HASH(0x12f2e0)
stnInfo{num==1}:: HASH(0x1b9214)
stnInfo{num==1}:: HASH(0x1832e0)
stnInfo{num==1}:: HASH(0x1d63f4)
stnInfo{num==1}:: HASH(0x1bb298)
stnInfo{num==1}:: HASH(0x1aca44)
stnInfo{num==1}:: HASH(0x12f184)
stnInfo{num==1}:: HASH(0x19496c)
stnInfo{num==1}:: HASH(0x1a922c)
stnInfo{num==1}:: HASH(0x194a50)
stnInfo{num==1}:: HASH(0x1215d0)
stnInfo{num==1}:: HASH(0x1a61b4)
stnInfo{num==1}:: HASH(0x1bb0ac)
stnInfo{num==1}:: HASH(0x186160)
stnInfo{num==1}:: HASH(0x12f328)
stnInfo{num==1}:: HASH(0x121438)
stnInfo{num==1}:: HASH(0x1b9250)
stnInfo{num==1}:: HASH(0x165b1c)
stnInfo{num==1}:: HASH(0x1eab94)
stnInfo{num==1}:: HASH(0x1214e0)
stnInfo{num==1}:: HASH(0x1ac984)
stnInfo{num==1}:: HASH(0x1860dc)
stnInfo{num==1}:: HASH(0x183064)
stnInfo{num==1}:: HASH(0x17c3d0)
stnInfo{num==1}:: HASH(0x12f094)
stnInfo{num==1}:: HASH(0x1e01f0)
stnInfo{num==1}:: HASH(0x1a9364)
stnInfo{num==1}:: HASH(0x1e40b8)
stnInfo{num==1}:: HASH(0x20016c)
stnInfo{num==1}:: HASH(0x1bb1fc)
stnInfo{num==1}:: HASH(0x1a9130)
stnInfo{num==1}:: HASH(0x20010c)
stnInfo{num==1}:: HASH(0x12f1fc)
stnInfo{num==1}:: HASH(0x1dc960)
stnInfo{num==1}:: HASH(0x194984)
stnInfo{num==1}:: HASH(0x1e7aec)
stnInfo{num==1}:: HASH(0x20001c)
stnInfo{num==1}:: HASH(0x1e0340)
stnInfo{num==1}:: HASH(0x191b34)
stnInfo{num==1}:: HASH(0x1753ac)
stnInfo{num==1}:: HASH(0x12f0f4)
stnInfo{num==1}:: HASH(0x1ac84c)
stnInfo{num==1}:: HASH(0x12f2ec)
stnInfo{num==1}:: HASH(0x1e40ac)
stnInfo{num==1}:: HASH(0x1a1ae0)
stnInfo{num==1}:: HASH(0x1e41a8)
stnInfo{num==1}:: HASH(0x1b93f4)
stnInfo{num==1}:: HASH(0x12f2d4)
stnInfo{num==1}:: HASH(0x15d9b4)
stnInfo{num==1}:: HASH(0x2003e8)
stnInfo{num==1}:: HASH(0x178840)
stnInfo{num==1}:: HASH(0x165ba0)
stnInfo{num==1}:: HASH(0x16587c)
stnInfo{num==1}:: HASH(0x18b088)
stnInfo{num==1}:: HASH(0x121498)
stnInfo{num==1}:: HASH(0x175244)
stnInfo{num==1}:: HASH(0x17c2c8)
stnInfo{num==1}:: HASH(0x1833ac)
stnInfo{num==1}:: HASH(0x194a68)
stnInfo{num==1}:: HASH(0x1a9130)
stnInfo{num==1}:: HASH(0x16c3a0)
stnInfo{num==1}:: HASH(0x1e4304)
stnInfo{num==1}:: HASH(0x1659d8)
stnInfo{num==1}:: HASH(0x1dca5c)
stnInfo{num==1}:: HASH(0x1e7b34)
stnInfo{num==1}:: HASH(0x16c190)
stnInfo{num==1}:: HASH(0x1bc31c)
stnInfo{num==1}:: HASH(0x165954)
stnInfo{num==1}:: HASH(0x1e00ac)
stnInfo{num==1}:: HASH(0x1bc3d0)
stnInfo{num==1}:: HASH(0x1e02ec)
stnInfo{num==1}:: HASH(0x18b274)
stnInfo{num==1}:: HASH(0x1eaaa4)
stnInfo{num==1}:: HASH(0x1bc2ec)
stnInfo{num==1}:: HASH(0x1e0154)
stnInfo{num==1}:: HASH(0x200070)
stnInfo{num==1}:: HASH(0x1aca20)
stnInfo{num==1}:: HASH(0x1e01f0)
stnInfo{num==1}:: HASH(0x17c118)
stnInfo{num==1}:: HASH(0x175124)
stnInfo{num==1}:: HASH(0x1e00d0)
stnInfo{num==1}:: HASH(0x18b1c0)
stnInfo{num==1}:: HASH(0x200130)
stnInfo{num==1}:: HASH(0x1f8894)
stnInfo{num==1}:: HASH(0x165924)
stnInfo{num==1}:: HASH(0x1a1a50)
stnInfo{num==1}:: HASH(0x121798)
stnInfo{num==1}:: HASH(0x1b90b8)
stnInfo{num==1}:: HASH(0x1bc034)
stnInfo{num==1}:: HASH(0x1dcab0)
stnInfo{num==1}:: HASH(0x1a9340)
stnInfo{num==1}:: HASH(0x1f8a20)
stnInfo{num==1}:: HASH(0x1a18c4)
stnInfo{num==1}:: HASH(0x1bb1d8)
stnInfo{num==1}:: HASH(0x175358)
stnInfo{num==1}:: HASH(0x18b058)
stnInfo{num==1}:: HASH(0x18b0ac)
stnInfo{num==1}:: HASH(0x18304c)
stnInfo{num==1}:: HASH(0x1f8960)
stnInfo{num==1}:: HASH(0x1f8b88)
stnInfo{num==1}:: HASH(0x18b364)
stnInfo{num==1}:: HASH(0x1752c8)
stnInfo{num==1}:: HASH(0x1a9328)
stnInfo{num==1}:: HASH(0x1bc034)
stnInfo{num==1}:: HASH(0x1f89cc)
stnInfo{num==1}:: HASH(0x1fc900)
stnInfo{num==1}:: HASH(0x1dc8e8)
stnInfo{num==1}:: HASH(0x16c340)
stnInfo{num==1}:: HASH(0x18b064)
stnInfo{num==1}:: HASH(0x178a8c)
stnInfo{num==1}:: HASH(0x1a601c)
stnInfo{num==1}:: HASH(0x1217e0)
stnInfo{num==1}:: HASH(0x12f3c4)
stnInfo{num==1}:: HASH(0x1ea954)
stnInfo{num==1}:: HASH(0x1eaac8)
stnInfo{num==1}:: HASH(0x16c208)
stnInfo{num==1}:: HASH(0x1fc9c0)
stnInfo{num==1}:: HASH(0x1bb190)
stnInfo{num==1}:: HASH(0x17c1c0)
stnInfo{num==1}:: HASH(0x17c31c)
stnInfo{num==1}:: HASH(0x191b88)
stnInfo{num==1}:: HASH(0x121720)
stnInfo{num==1}:: HASH(0x1e4040)
stnInfo{num==1}:: HASH(0x1d63ac)
stnInfo{num==1}:: HASH(0x17531c)
stnInfo{num==1}:: HASH(0x1a1918)
stnInfo{num==1}:: HASH(0x1e7864)
stnInfo{num==1}:: HASH(0x12f220)
stnInfo{num==1}:: HASH(0x1bfab0)
stnInfo{num==1}:: HASH(0x1214b0)
stnInfo{num==1}:: HASH(0x1d6184)
stnInfo{num==1}:: HASH(0x1a1954)
stnInfo{num==1}:: HASH(0x1e01fc)
stnInfo{num==1}:: HASH(0x183274)
stnInfo{num==1}:: HASH(0x1789cc)
stnInfo{num==1}:: HASH(0x194a68)
stnInfo{num==1}:: HASH(0x1919c0)
stnInfo{num==1}:: HASH(0x1fca38)
stnInfo{num==1}:: HASH(0x1f88ac)
stnInfo{num==1}:: HASH(0x1a6268)
stnInfo{num==1}:: HASH(0x1e0310)
stnInfo{num==1}:: HASH(0x1bc16c)
stnInfo{num==1}:: HASH(0x1e03d0)
stnInfo{num==1}:: HASH(0x1bf870)
stnInfo{num==1}:: HASH(0x12f040)
stnInfo{num==1}:: HASH(0x18b358)
stnInfo{num==1}:: HASH(0x1788b8)
stnInfo{num==1}:: HASH(0x175340)
stnInfo{num==1}:: HASH(0x1a6154)
stnInfo{num==1}:: HASH(0x178b10)
stnInfo{num==1}:: HASH(0x18628c)
stnInfo{num==1}:: HASH(0x1e7b4c)
stnInfo{num==1}:: HASH(0x16c028)
stnInfo{num==1}:: HASH(0x1861fc)
stnInfo{num==1}:: HASH(0x16c1c0)
stnInfo{num==1}:: HASH(0x1a92d4)
stnInfo{num==1}:: HASH(0x18616c)
stnInfo{num==1}:: HASH(0x1fc828)
stnInfo{num==1}:: HASH(0x18b10c)
stnInfo{num==1}:: HASH(0x1918f4)
stnInfo{num==1}:: HASH(0x17c1d8)
stnInfo{num==1}:: HASH(0x1f88f4)
stnInfo{num==1}:: HASH(0x1b9220)
stnInfo{num==1}:: HASH(0x1fcad4)
stnInfo{num==1}:: HASH(0x1eab7c)
stnInfo{num==1}:: HASH(0x1dc978)
stnInfo{num==1}:: HASH(0x165870)
stnInfo{num==1}:: HASH(0x1a9130)
stnInfo{num==1}:: HASH(0x121780)
stnInfo{num==1}:: HASH(0x17c0dc)
stnInfo{num==1}:: HASH(0x1bc3d0)
stnInfo{num==1}:: HASH(0x1eaad4)
stnInfo{num==1}:: HASH(0x1b9358)
stnInfo{num==1}:: HASH(0x1e7a50)
stnInfo{num==1}:: HASH(0x16c370)
stnInfo{num==1}:: HASH(0x1b9064)
stnInfo{num==1}:: HASH(0x1ea888)
stnInfo{num==1}:: HASH(0x12f1a8)
stnInfo{num==1}:: HASH(0x2001fc)
stnInfo{num==1}:: HASH(0x1e4064)
stnInfo{num==1}:: HASH(0x17c370)
stnInfo{num==1}:: HASH(0x17c2c8)
stnInfo{num==1}:: HASH(0x18b244)
stnInfo{num==1}:: HASH(0x121738)
stnInfo{num==1}:: HASH(0x1e03a0)
stnInfo{num==1}:: HASH(0x1a907c)
stnInfo{num==1}:: HASH(0x1f8a14)
stnInfo{num==1}:: HASH(0x200208)
stnInfo{num==1}:: HASH(0x1bfb7c)
stnInfo{num==1}:: HASH(0x1a1930)
stnInfo{num==1}:: HASH(0x191834)
stnInfo{num==1}:: HASH(0x16c154)
stnInfo{num==1}:: HASH(0x17c388)
stnInfo{num==1}:: HASH(0x191bdc)
stnInfo{num==1}:: HASH(0x121660)
stnInfo{num==1}:: HASH(0x1a93e8)
stnInfo{num==1}:: HASH(0x1e7a38)
stnInfo{num==1}:: HASH(0x1eaa5c)
stnInfo{num==1}:: HASH(0x1aca8c)
stnInfo{num==1}:: HASH(0x1e437c)
stnInfo{num==1}:: HASH(0x191bb8)
stnInfo{num==1}:: HASH(0x1e7b04)
stnInfo{num==1}:: HASH(0x18b1d8)
stnInfo{num==1}:: HASH(0x1b93d0)
stnInfo{num==1}:: HASH(0x12f0c4)
stnInfo{num==1}:: HASH(0x1a92ec)
stnInfo{num==1}:: HASH(0x1dc84c)
stnInfo{num==1}:: HASH(0x175190)
stnInfo{num==1}:: HASH(0x1dc990)
stnInfo{num==1}:: HASH(0x1b91cc)
stnInfo{num==1}:: HASH(0x186040)
stnInfo{num==1}:: HASH(0x1832a4)
stnInfo{num==1}:: HASH(0x2002bc)
stnInfo{num==1}:: HASH(0x1fcaa4)
stnInfo{num==1}:: HASH(0x1f89cc)
stnInfo{num==1}:: HASH(0x1ac8d0)
stnInfo{num==1}:: HASH(0x16c3a0)
stnInfo{num==1}:: HASH(0x1aca98)
stnInfo{num==1}:: HASH(0x183214)
stnInfo{num==1}:: HASH(0x16c130)
stnInfo{num==1}:: HASH(0x17c280)
stnInfo{num==1}:: HASH(0x1e78e8)
stnInfo{num==1}:: HASH(0x1a1960)
stnInfo{num==1}:: HASH(0x16c298)
stnInfo{num==1}:: HASH(0x191b94)
stnInfo{num==1}:: HASH(0x191b88)
stnInfo{num==1}:: HASH(0x1bfb58)
stnInfo{num==1}:: HASH(0x1dc8d0)
stnInfo{num==1}:: HASH(0x165a50)
stnInfo{num==1}:: HASH(0x1831f0)
stnInfo{num==1}:: HASH(0x1a190c)
stnInfo{num==1}:: HASH(0x1f8954)
stnInfo{num==1}:: HASH(0x1833dc)
stnInfo{num==1}:: HASH(0x1e00c4)
stnInfo{num==1}:: HASH(0x1eaaf8)
stnInfo{num==1}:: HASH(0x165b10)
stnInfo{num==1}:: HASH(0x1bfb4c)
stnInfo{num==1}:: HASH(0x1d6340)
stnInfo{num==1}:: HASH(0x1eab04)
stnInfo{num==1}:: HASH(0x1b93ac)
stnInfo{num==1}:: HASH(0x183298)
stnInfo{num==1}:: HASH(0x1a9334)
stnInfo{num==1}:: HASH(0x1bb2c8)
stnInfo{num==1}:: HASH(0x1f89e4)
stnInfo{num==1}:: HASH(0x1e7894)
stnInfo{num==1}:: HASH(0x1dc990)
stnInfo{num==1}:: HASH(0x1752e0)
stnInfo{num==1}:: HASH(0x17c154)
stnInfo{num==1}:: HASH(0x1659a8)
stnInfo{num==1}:: HASH(0x12f22c)
stnInfo{num==1}:: HASH(0x16c0ac)
stnInfo{num==1}:: HASH(0x1e0094)
stnInfo{num==1}:: HASH(0x200304)
stnInfo{num==1}:: HASH(0x1eab64)
stnInfo{num==1}:: HASH(0x1a9394)
stnInfo{num==1}:: HASH(0x1b9208)
stnInfo{num==1}:: HASH(0x1f8ae0)
stnInfo{num==1}:: HASH(0x1bfae0)
stnInfo{num==1}:: HASH(0x194840)
stnInfo{num==1}:: HASH(0x1b919c)
stnInfo{num==1}:: HASH(0x1bc13c)
stnInfo{num==1}:: HASH(0x1fc8a0)
stnInfo{num==1}:: HASH(0x1d6280)
stnInfo{num==1}:: HASH(0x17c124)
stnInfo{num==1}:: HASH(0x1860e8)
stnInfo{num==1}:: HASH(0x1e4280)
stnInfo{num==1}:: HASH(0x1a181c)
stnInfo{num==1}:: HASH(0x1a9244)
stnInfo{num==1}:: HASH(0x1a610c)
stnInfo{num==1}:: HASH(0x1fc9fc)
stnInfo{num==1}:: HASH(0x1e7930)
stnInfo{num==1}:: HASH(0x1bf87c)
stnInfo{num==1}:: HASH(0x200310)
stnInfo{num==1}:: HASH(0x12f1d8)
stnInfo{num==1}:: HASH(0x1b907c)
stnInfo{num==1}:: HASH(0x12169c)
stnInfo{num==1}:: HASH(0x1e43e8)
stnInfo{num==1}:: HASH(0x17504c)
stnInfo{num==1}:: HASH(0x1bfbdc)
stnInfo{num==1}:: HASH(0x1bc250)
stnInfo{num==1}:: HASH(0x1fca2c)
stnInfo{num==1}:: HASH(0x1bc304)
stnInfo{num==1}:: HASH(0x1a18dc)
stnInfo{num==1}:: HASH(0x1788d0)
stnInfo{num==1}:: HASH(0x121654)
stnInfo{num==1}:: HASH(0x165888)
stnInfo{num==1}:: HASH(0x165b1c)
stnInfo{num==1}:: HASH(0x1bc184)
stnInfo{num==1}:: HASH(0x1bb118)
stnInfo{num==1}:: HASH(0x186244)
stnInfo{num==1}:: HASH(0x183268)
stnInfo{num==1}:: HASH(0x16599c)
stnInfo{num==1}:: HASH(0x16c3e8)
stnInfo{num==1}:: HASH(0x1dca98)
stnInfo{num==1}:: HASH(0x1948e8)
stnInfo{num==1}:: HASH(0x15d840)
stnInfo{num==1}:: HASH(0x16599c)
stnInfo{num==1}:: HASH(0x200028)
stnInfo{num==1}:: HASH(0x1d625c)
stnInfo{num==1}:: HASH(0x2002d4)
stnInfo{num==1}:: HASH(0x183160)
stnInfo{num==1}:: HASH(0x1e0040)
stnInfo{num==1}:: HASH(0x1fcb88)
stnInfo{num==1}:: HASH(0x1ea90c)
stnInfo{num==1}:: HASH(0x1bfbf4)
stnInfo{num==1}:: HASH(0x186070)
stnInfo{num==1}:: HASH(0x12f328)
stnInfo{num==1}:: HASH(0x1acaec)
stnInfo{num==1}:: HASH(0x1a6154)
stnInfo{num==1}:: HASH(0x1751d8)
stnInfo{num==1}:: HASH(0x1eab88)
stnInfo{num==1}:: HASH(0x1832ec)
stnInfo{num==1}:: HASH(0x1a90a0)
stnInfo{num==1}:: HASH(0x1bb0f4)
stnInfo{num==1}:: HASH(0x1e03ac)
stnInfo{num==1}:: HASH(0x1b9250)
stnInfo{num==1}:: HASH(0x1bfa44)
stnInfo{num==1}:: HASH(0x1f890c)
stnInfo{num==1}:: HASH(0x16c2c8)
stnInfo{num==1}:: HASH(0x1bfb64)
stnInfo{num==1}:: HASH(0x1e7be8)
stnInfo{num==1}:: HASH(0x1d6064)
stnInfo{num==1}:: HASH(0x12f1fc)
stnInfo{num==1}:: HASH(0x1e428c)
stnInfo{num==1}:: HASH(0x16c304)
stnInfo{num==1}:: HASH(0x15db28)
stnInfo{num==1}:: HASH(0x1833e8)
stnInfo{num==1}:: HASH(0x1e0178)
stnInfo{num==1}:: HASH(0x1a1b40)
stnInfo{num==1}:: HASH(0x183310)
stnInfo{num==1}:: HASH(0x1bfb88)
stnInfo{num==1}:: HASH(0x12f0d0)
stnInfo{num==1}:: HASH(0x200148)
stnInfo{num==1}:: HASH(0x18b160)
stnInfo{num==1}:: HASH(0x1788c4)
stnInfo{num==1}:: HASH(0x18b13c)
stnInfo{num==1}:: HASH(0x2001e4)
stnInfo{num==1}:: HASH(0x16c0d0)
stnInfo{num==1}:: HASH(0x183238)
stnInfo{num==1}:: HASH(0x1bb118)
stnInfo{num==1}:: HASH(0x12163c)
stnInfo{num==1}:: HASH(0x1949f0)
stnInfo{num==1}:: HASH(0x1bb250)
stnInfo{num==1}:: HASH(0x1bf8dc)
stnInfo{num==1}:: HASH(0x1bf8ac)
stnInfo{num==1}:: HASH(0x17c394)
stnInfo{num==1}:: HASH(0x1f89d8)
stnInfo{num==1}:: HASH(0x1bf990)
stnInfo{num==1}:: HASH(0x1fca14)
stnInfo{num==1}:: HASH(0x1832a4)
stnInfo{num==1}:: HASH(0x1bc370)
stnInfo{num==1}:: HASH(0x1750d0)
stnInfo{num==1}:: HASH(0x1bc22c)
stnInfo{num==1}:: HASH(0x1bc118)
stnInfo{num==1}:: HASH(0x1a1ad4)
stnInfo{num==1}:: HASH(0x15da2c)
stnInfo{num==1}:: HASH(0x1bb118)
stnInfo{num==1}:: HASH(0x1659c0)
stnInfo{num==1}:: HASH(0x1e4328)
stnInfo{num==1}:: HASH(0x1d61fc)
stnInfo{num==1}:: HASH(0x1948dc)
stnInfo{num==1}:: HASH(0x1ea8f4)
stnInfo{num==1}:: HASH(0x17c250)
stnInfo{num==1}:: HASH(0x19481c)
stnInfo{num==1}:: HASH(0x183298)
stnInfo{num==1}:: HASH(0x12f118)
stnInfo{num==1}:: HASH(0x1a6028)
stnInfo{num==1}:: HASH(0x191a14)
stnInfo{num==1}:: HASH(0x1789b4)
stnInfo{num==1}:: HASH(0x12f160)
stnInfo{num==1}:: HASH(0x1fcbe8)
stnInfo{num==1}:: HASH(0x1658a0)
stnInfo{num==1}:: HASH(0x1a6370)
stnInfo{num==1}:: HASH(0x1fcac8)
stnInfo{num==1}:: HASH(0x1bc25c)
stnInfo{num==1}:: HASH(0x1d62f8)
stnInfo{num==1}:: HASH(0x1a6034)
stnInfo{num==1}:: HASH(0x178978)
stnInfo{num==1}:: HASH(0x1a625c)
stnInfo{num==1}:: HASH(0x1e0304)
stnInfo{num==1}:: HASH(0x17c268)
stnInfo{num==1}:: HASH(0x1f8840)
stnInfo{num==1}:: HASH(0x1d634c)
stnInfo{num==1}:: HASH(0x1bc04c)
stnInfo{num==1}:: HASH(0x1bf924)
stnInfo{num==1}:: HASH(0x18b2ec)
stnInfo{num==1}:: HASH(0x186388)
stnInfo{num==1}:: HASH(0x1b9358)
stnInfo{num==1}:: HASH(0x1e43dc)
stnInfo{num==1}:: HASH(0x1753a0)
stnInfo{num==1}:: HASH(0x1eaa08)
stnInfo{num==1}:: HASH(0x1f884c)
stnInfo{num==1}:: HASH(0x1830ac)
stnInfo{num==1}:: HASH(0x1751e4)
stnInfo{num==1}:: HASH(0x1dcb58)
stnInfo{num==1}:: HASH(0x165b10)
stnInfo{num==1}:: HASH(0x1658f4)
stnInfo{num==1}:: HASH(0x1ac96c)
stnInfo{num==1}:: HASH(0x16584c)
stnInfo{num==1}:: HASH(0x1dcbac)
stnInfo{num==1}:: HASH(0x1830b8)
stnInfo{num==1}:: HASH(0x12f28c)
stnInfo{num==1}:: HASH(0x15daec)
stnInfo{num==1}:: HASH(0x1a919c)
stnInfo{num==1}:: HASH(0x1e0058)
stnInfo{num==1}:: HASH(0x1a63dc)
stnInfo{num==1}:: HASH(0x1ea978)
stnInfo{num==1}:: HASH(0x1ac924)
stnInfo{num==1}:: HASH(0x178b10)
stnInfo{num==1}:: HASH(0x1bfb40)
stnInfo{num==1}:: HASH(0x17c214)
stnInfo{num==1}:: HASH(0x165ad4)
stnInfo{num==1}:: HASH(0x1a193c)
stnInfo{num==1}:: HASH(0x1bf8dc)
stnInfo{num==1}:: HASH(0x18b214)
stnInfo{num==1}:: HASH(0x1dc990)
stnInfo{num==1}:: HASH(0x17c100)
stnInfo{num==1}:: HASH(0x1919a8)
stnInfo{num==1}:: HASH(0x1dca38)
stnInfo{num==1}:: HASH(0x1216d8)
stnInfo{num==1}:: HASH(0x1bf834)
stnInfo{num==1}:: HASH(0x1a61c0)
stnInfo{num==1}:: HASH(0x1a60e8)
stnInfo{num==1}:: HASH(0x1bfba0)
stnInfo{num==1}:: HASH(0x1bb328)
stnInfo{num==1}:: HASH(0x1e79d8)
stnInfo{num==1}:: HASH(0x1ea90c)
stnInfo{num==1}:: HASH(0x17537c)
stnInfo{num==1}:: HASH(0x186178)
stnInfo{num==1}:: HASH(0x16c244)
stnInfo{num==1}:: HASH(0x17c088)
stnInfo{num==1}:: HASH(0x1bb01c)
stnInfo{num==1}:: HASH(0x1eab58)
stnInfo{num==1}:: HASH(0x165a38)
stnInfo{num==1}:: HASH(0x1f8ba0)
stnInfo{num==1}:: HASH(0x191b1c)
stnInfo{num==1}:: HASH(0x194888)
stnInfo{num==1}:: HASH(0x12f0ac)
stnInfo{num==1}:: HASH(0x165a38)
stnInfo{num==1}:: HASH(0x191858)
stnInfo{num==1}:: HASH(0x1eab34)
stnInfo{num==1}:: HASH(0x1215a0)
stnInfo{num==1}:: HASH(0x1a1864)
stnInfo{num==1}:: HASH(0x1b9070)
stnInfo{num==1}:: HASH(0x1a6058)
stnInfo{num==1}:: HASH(0x1a1984)
stnInfo{num==1}:: HASH(0x1a63e8)
stnInfo{num==1}:: HASH(0x1f890c)
stnInfo{num==1}:: HASH(0x165900)
stnInfo{num==1}:: HASH(0x1a607c)
stnInfo{num==1}:: HASH(0x1dc954)
stnInfo{num==1}:: HASH(0x1831c0)
stnInfo{num==1}:: HASH(0x17c274)
stnInfo{num==1}:: HASH(0x1b93a0)
stnInfo{num==1}:: HASH(0x183238)
stnInfo{num==1}:: HASH(0x1e025c)
stnInfo{num==1}:: HASH(0x1a199c)
stnInfo{num==1}:: HASH(0x1f8b4c)
stnInfo{num==1}:: HASH(0x1fc894)
stnInfo{num==1}:: HASH(0x1215f4)
stnInfo{num==1}:: HASH(0x1215b8)
stnInfo{num==1}:: HASH(0x18b340)
stnInfo{num==1}:: HASH(0x1eabb8)
stnInfo{num==1}:: HASH(0x1a1b64)
stnInfo{num==1}:: HASH(0x1a9130)
stnInfo{num==1}:: HASH(0x194858)
stnInfo{num==1}:: HASH(0x1e01f0)
stnInfo{num==1}:: HASH(0x18b184)
stnInfo{num==1}:: HASH(0x18631c)
stnInfo{num==1}:: HASH(0x20019c)
stnInfo{num==1}:: HASH(0x175274)
stnInfo{num==1}:: HASH(0x1d62d4)
stnInfo{num==1}:: HASH(0x1a9214)
stnInfo{num==1}:: HASH(0x1bc118)
stnInfo{num==1}:: HASH(0x1eaaf8)
stnInfo{num==1}:: HASH(0x1e004c)
stnInfo{num==1}:: HASH(0x194b88)
stnInfo{num==1}:: HASH(0x1bc370)
stnInfo{num==1}:: HASH(0x1ea8b8)
stnInfo{num==1}:: HASH(0x15d8f4)
stnInfo{num==1}:: HASH(0x1e02d4)
stnInfo{num==1}:: HASH(0x1832f8)
stnInfo{num==1}:: HASH(0x1f8b40)
stnInfo{num==1}:: HASH(0x1f88d0)
stnInfo{num==1}:: HASH(0x1e7a2c)
stnInfo{num==1}:: HASH(0x1861b4)
stnInfo{num==1}:: HASH(0x194894)
stnInfo{num==1}:: HASH(0x12178c)
stnInfo{num==1}:: HASH(0x19199c)
stnInfo{num==1}:: HASH(0x1d637c)
stnInfo{num==1}:: HASH(0x1eaac8)
stnInfo{num==1}:: HASH(0x191888)
stnInfo{num==1}:: HASH(0x12f268)
stnInfo{num==1}:: HASH(0x1e4178)
stnInfo{num==1}:: HASH(0x1831e4)
stnInfo{num==1}:: HASH(0x1fc984)
stnInfo{num==1}:: HASH(0x1860f4)
stnInfo{num==1}:: HASH(0x121684)
stnInfo{num==1}:: HASH(0x1e7a74)
stnInfo{num==1}:: HASH(0x200208)
stnInfo{num==1}:: HASH(0x15d93c)
stnInfo{num==1}:: HASH(0x2003ac)
stnInfo{num==1}:: HASH(0x1a18d0)
stnInfo{num==1}:: HASH(0x1a63c4)
stnInfo{num==1}:: HASH(0x1bc1c0)
stnInfo{num==1}:: HASH(0x194b04)
stnInfo{num==1}:: HASH(0x12f388)
stnInfo{num==1}:: HASH(0x17519c)
stnInfo{num==1}:: HASH(0x1e41fc)
stnInfo{num==1}:: HASH(0x15dbac)
stnInfo{num==1}:: HASH(0x1830e8)
stnInfo{num==1}:: HASH(0x175154)
stnInfo{num==1}:: HASH(0x194954)
stnInfo{num==1}:: HASH(0x1fca38)
stnInfo{num==1}:: HASH(0x183370)
stnInfo{num==1}:: HASH(0x165990)
stnInfo{num==1}:: HASH(0x1d622c)
stnInfo{num==1}:: HASH(0x1e793c)
stnInfo{num==1}:: HASH(0x191990)
stnInfo{num==1}:: HASH(0x1a1aa4)
stnInfo{num==1}:: HASH(0x1d63e8)
stnInfo{num==1}:: HASH(0x1e7978)
stnInfo{num==1}:: HASH(0x1f8a80)
stnInfo{num==1}:: HASH(0x1d6268)
stnInfo{num==1}:: HASH(0x18b3b8)
stnInfo{num==1}:: HASH(0x1f890c)
stnInfo{num==1}:: HASH(0x16c388)
stnInfo{num==1}:: HASH(0x1bc1e4)
stnInfo{num==1}:: HASH(0x1861fc)
stnInfo{num==1}:: HASH(0x1a9100)
stnInfo{num==1}:: HASH(0x20028c)
stnInfo{num==1}:: HASH(0x20034c)
stnInfo{num==1}:: HASH(0x186208)
stnInfo{num==1}:: HASH(0x1fcaf8)
stnInfo{num==1}:: HASH(0x12f310)
stnInfo{num==1}:: HASH(0x17c358)
stnInfo{num==1}:: HASH(0x183214)
stnInfo{num==1}:: HASH(0x165aec)
stnInfo{num==1}:: HASH(0x1e40b8)
stnInfo{num==1}:: HASH(0x1e03f4)
stnInfo{num==1}:: HASH(0x178b04)
stnInfo{num==1}:: HASH(0x1e40b8)
stnInfo{num==1}:: HASH(0x12f124)
stnInfo{num==1}:: HASH(0x15d81c)
stnInfo{num==1}:: HASH(0x16c25c)

Total number lines processed in file Closest_stns_LIST_200.out: 5776

form_webPage_output.pl of file BAMEX_stn_list.ID ended on Wed Sep 22 12:28:47 2004
