
Hello! WrapperLinkChecker.pl began on Mon Jul 16 15:52:39 2018.

Input file: /net/work/software/tools/link_verification/celeste_tool/input/listofprojects_2010_2014.txt

Project(s) to be processed: 
 dbo
 hippo-3
 itop
 predict
 dynamo
 hippo-4
 hippo-5
 icebridge
 ice-t
 ideas-4_c130
 dc3
 materhorn-x
 pacmars
 torero
 ideas-4_gv
 mpex
 owles
 saangria-test
 sas
 sprites-ii
 contrast
 deepwave
 frappe
 front-de2
 front-rose
 front-step
 haic-hiwc
 hcrtest
 ifracs
 latte
 mascrad 

Begin loop with linkChecker.pl
---------------------------------Processing Project: dbo---------------------------------
Welcome! linkChecker.pl  began on Mon Jul 16 15:52:39 2018
Verifying URL's for dbo
Processing ./dbo_finalURLName.txt
End Processing for dbo 
----------------------------------------
See you later! linkChecker.pl ended on Mon Jul 16 15:54:16 2018

---------------------------------Processing Project: hippo-3---------------------------------
Welcome! linkChecker.pl  began on Mon Jul 16 15:54:16 2018
Verifying URL's for hippo-3
Processing ./hippo-3_finalURLName.txt
End Processing for hippo-3 
----------------------------------------
See you later! linkChecker.pl ended on Mon Jul 16 15:54:42 2018

---------------------------------Processing Project: itop---------------------------------
Welcome! linkChecker.pl  began on Mon Jul 16 15:54:42 2018
Verifying URL's for itop
Processing ./itop_finalURLName.txt
End Processing for itop 
----------------------------------------
See you later! linkChecker.pl ended on Mon Jul 16 15:56:47 2018

---------------------------------Processing Project: predict---------------------------------
Welcome! linkChecker.pl  began on Mon Jul 16 15:56:47 2018
Verifying URL's for predict
Processing ./predict_finalURLName.txt
End Processing for predict 
----------------------------------------
See you later! linkChecker.pl ended on Mon Jul 16 15:57:33 2018

---------------------------------Processing Project: dynamo---------------------------------
Welcome! linkChecker.pl  began on Mon Jul 16 15:57:33 2018
Verifying URL's for dynamo
Processing ./dynamo_finalURLName.txt
sh: -c: line 0: syntax error near unexpected token `('
sh: -c: line 0: `wget --spider -nd -nv --timeout=1 --tries=2 -a dynamo_wget_log.txt  Indonesia Site - Manado Radiosonde L3.1 Data (ESC Format) '
End Processing for dynamo 
----------------------------------------
See you later! linkChecker.pl ended on Mon Jul 16 16:02:33 2018

---------------------------------Processing Project: hippo-4---------------------------------
Welcome! linkChecker.pl  began on Mon Jul 16 16:02:33 2018
Verifying URL's for hippo-4
Processing ./hippo-4_finalURLName.txt
End Processing for hippo-4 
----------------------------------------
See you later! linkChecker.pl ended on Mon Jul 16 16:02:56 2018

---------------------------------Processing Project: hippo-5---------------------------------
Welcome! linkChecker.pl  began on Mon Jul 16 16:02:56 2018
Verifying URL's for hippo-5
Processing ./hippo-5_finalURLName.txt
End Processing for hippo-5 
----------------------------------------
See you later! linkChecker.pl ended on Mon Jul 16 16:03:12 2018

---------------------------------Processing Project: icebridge---------------------------------
Welcome! linkChecker.pl  began on Mon Jul 16 16:03:12 2018
Verifying URL's for icebridge
Processing ./icebridge_finalURLName.txt
End Processing for icebridge 
----------------------------------------
See you later! linkChecker.pl ended on Mon Jul 16 16:03:13 2018

---------------------------------Processing Project: ice-t---------------------------------
Welcome! linkChecker.pl  began on Mon Jul 16 16:03:13 2018
Verifying URL's for ice-t
Processing ./ice-t_finalURLName.txt
End Processing for ice-t 
----------------------------------------
See you later! linkChecker.pl ended on Mon Jul 16 16:03:24 2018

---------------------------------Processing Project: ideas-4_c130---------------------------------
Welcome! linkChecker.pl  began on Mon Jul 16 16:03:24 2018
Verifying URL's for ideas-4_c130
Processing ./ideas-4_c130_finalURLName.txt
End Processing for ideas-4_c130 
----------------------------------------
See you later! linkChecker.pl ended on Mon Jul 16 16:03:28 2018

---------------------------------Processing Project: dc3---------------------------------
Welcome! linkChecker.pl  began on Mon Jul 16 16:03:28 2018
Verifying URL's for dc3
Processing ./dc3_finalURLName.txt
sh: -c: line 0: syntax error near unexpected token `('
sh: -c: line 0: `wget --spider -nd -nv --timeout=1 --tries=2 -a dc3_wget_log.txt  (NCAR-EOL) '
End Processing for dc3 
----------------------------------------
See you later! linkChecker.pl ended on Mon Jul 16 16:08:19 2018

---------------------------------Processing Project: materhorn-x---------------------------------
Welcome! linkChecker.pl  began on Mon Jul 16 16:08:19 2018
Verifying URL's for materhorn-x
Processing ./materhorn-x_finalURLName.txt
End Processing for materhorn-x 
----------------------------------------
See you later! linkChecker.pl ended on Mon Jul 16 16:08:34 2018

---------------------------------Processing Project: pacmars---------------------------------
Welcome! linkChecker.pl  began on Mon Jul 16 16:08:34 2018
Verifying URL's for pacmars
Processing ./pacmars_finalURLName.txt
End Processing for pacmars 
----------------------------------------
See you later! linkChecker.pl ended on Mon Jul 16 16:09:55 2018

---------------------------------Processing Project: torero---------------------------------
Welcome! linkChecker.pl  began on Mon Jul 16 16:09:55 2018
Verifying URL's for torero
Processing ./torero_finalURLName.txt
End Processing for torero 
----------------------------------------
See you later! linkChecker.pl ended on Mon Jul 16 16:10:23 2018

---------------------------------Processing Project: ideas-4_gv---------------------------------
Welcome! linkChecker.pl  began on Mon Jul 16 16:10:23 2018
Verifying URL's for ideas-4_gv
Processing ./ideas-4_gv_finalURLName.txt
wget: missing URL
Usage: wget [OPTION]... [URL]...

Try `wget --help' for more options.
End Processing for ideas-4_gv 
----------------------------------------
See you later! linkChecker.pl ended on Mon Jul 16 16:10:34 2018

---------------------------------Processing Project: mpex---------------------------------
Welcome! linkChecker.pl  began on Mon Jul 16 16:10:34 2018
Verifying URL's for mpex
Processing ./mpex_finalURLName.txt
End Processing for mpex 
----------------------------------------
See you later! linkChecker.pl ended on Mon Jul 16 16:11:07 2018

---------------------------------Processing Project: owles---------------------------------
Welcome! linkChecker.pl  began on Mon Jul 16 16:11:07 2018
Verifying URL's for owles
Processing ./owles_finalURLName.txt
End Processing for owles 
----------------------------------------
See you later! linkChecker.pl ended on Mon Jul 16 16:11:35 2018

---------------------------------Processing Project: saangria-test---------------------------------
Welcome! linkChecker.pl  began on Mon Jul 16 16:11:35 2018
Verifying URL's for saangria-test
Processing ./saangria-test_finalURLName.txt
End Processing for saangria-test 
----------------------------------------
See you later! linkChecker.pl ended on Mon Jul 16 16:11:37 2018

---------------------------------Processing Project: sas---------------------------------
Welcome! linkChecker.pl  began on Mon Jul 16 16:11:37 2018
Verifying URL's for sas
Processing ./sas_finalURLName.txt
End Processing for sas 
----------------------------------------
See you later! linkChecker.pl ended on Mon Jul 16 16:13:57 2018

---------------------------------Processing Project: sprites-ii---------------------------------
Welcome! linkChecker.pl  began on Mon Jul 16 16:13:57 2018
Verifying URL's for sprites-ii
Processing ./sprites-ii_finalURLName.txt
End Processing for sprites-ii 
----------------------------------------
See you later! linkChecker.pl ended on Mon Jul 16 16:14:04 2018

---------------------------------Processing Project: contrast---------------------------------
Welcome! linkChecker.pl  began on Mon Jul 16 16:14:04 2018
Verifying URL's for contrast
Processing ./contrast_finalURLName.txt
End Processing for contrast 
----------------------------------------
See you later! linkChecker.pl ended on Mon Jul 16 16:14:54 2018

---------------------------------Processing Project: deepwave---------------------------------
Welcome! linkChecker.pl  began on Mon Jul 16 16:14:54 2018
Verifying URL's for deepwave
Processing ./deepwave_finalURLName.txt
End Processing for deepwave 
----------------------------------------
See you later! linkChecker.pl ended on Mon Jul 16 16:16:37 2018

---------------------------------Processing Project: frappe---------------------------------
Welcome! linkChecker.pl  began on Mon Jul 16 16:16:37 2018
Verifying URL's for frappe
Processing ./frappe_finalURLName.txt
End Processing for frappe 
----------------------------------------
See you later! linkChecker.pl ended on Mon Jul 16 16:16:43 2018

---------------------------------Processing Project: front-de2---------------------------------
Welcome! linkChecker.pl  began on Mon Jul 16 16:16:43 2018
Verifying URL's for front-de2
Processing ./front-de2_finalURLName.txt
End Processing for front-de2 
----------------------------------------
See you later! linkChecker.pl ended on Mon Jul 16 16:16:44 2018

---------------------------------Processing Project: front-rose---------------------------------
Welcome! linkChecker.pl  began on Mon Jul 16 16:16:44 2018
Verifying URL's for front-rose
Processing ./front-rose_finalURLName.txt
End Processing for front-rose 
----------------------------------------
See you later! linkChecker.pl ended on Mon Jul 16 16:16:46 2018

---------------------------------Processing Project: front-step---------------------------------
Welcome! linkChecker.pl  began on Mon Jul 16 16:16:46 2018
Verifying URL's for front-step
Processing ./front-step_finalURLName.txt
End Processing for front-step 
----------------------------------------
See you later! linkChecker.pl ended on Mon Jul 16 16:16:47 2018

---------------------------------Processing Project: haic-hiwc---------------------------------
Welcome! linkChecker.pl  began on Mon Jul 16 16:16:47 2018
Verifying URL's for haic-hiwc
Processing ./haic-hiwc_finalURLName.txt
End Processing for haic-hiwc 
----------------------------------------
See you later! linkChecker.pl ended on Mon Jul 16 16:17:01 2018

---------------------------------Processing Project: hcrtest---------------------------------
Welcome! linkChecker.pl  began on Mon Jul 16 16:17:01 2018
Verifying URL's for hcrtest
Processing ./hcrtest_finalURLName.txt
End Processing for hcrtest 
----------------------------------------
See you later! linkChecker.pl ended on Mon Jul 16 16:17:02 2018

---------------------------------Processing Project: ifracs---------------------------------
Welcome! linkChecker.pl  began on Mon Jul 16 16:17:02 2018
Verifying URL's for ifracs
Processing ./ifracs_finalURLName.txt
End Processing for ifracs 
----------------------------------------
See you later! linkChecker.pl ended on Mon Jul 16 16:17:02 2018

---------------------------------Processing Project: latte---------------------------------
Welcome! linkChecker.pl  began on Mon Jul 16 16:17:02 2018
Verifying URL's for latte
Processing ./latte_finalURLName.txt
End Processing for latte 
----------------------------------------
See you later! linkChecker.pl ended on Mon Jul 16 16:17:04 2018

---------------------------------Processing Project: mascrad---------------------------------
Welcome! linkChecker.pl  began on Mon Jul 16 16:17:04 2018
Verifying URL's for mascrad
Processing ./mascrad_finalURLName.txt
End Processing for mascrad 
----------------------------------------
See you later! linkChecker.pl ended on Mon Jul 16 16:17:04 2018


WrapperLinkChecker.pl completed on Mon Jul 16 16:17:04 2018.

