tikal:/net/work/Projects/VORTEX-SE/Meso18-19/data_processing/upper_air/radiosonde/5mb_composite-> ant dayfiles
Buildfile: /net/work/Projects/VORTEX-SE/Meso18-19/data_processing/upper_air/radiosonde/5mb_composite/build.xml

dayfiles:
     [java] Creating the day files from data in /net/work/Projects/VORTEX-SE/Meso18-19/data_processing/upper_air/radiosonde/5mb_composite/data and putting the files into /net/work/Projects/VORTEX-SE/Meso18-19/data_processing/upper_air/radiosonde/5mb_composite/database using file pattern \.05mb(\.gz)?
     [java] Creating day file: 2018/10/31
     [java] Creating day file: 2018/11/01
     [java] Creating day file: 2018/11/02
     [java] Creating day file: 2018/11/03
     [java] Creating day file: 2018/11/04
     [java] Creating day file: 2018/11/05
     [java] Creating day file: 2018/11/06
     [java] Creating day file: 2018/11/07
     [java] Creating day file: 2018/11/08
     [java] Creating day file: 2018/11/09
     [java] Creating day file: 2018/11/10
     [java] Creating day file: 2018/11/11
     [java] Creating day file: 2018/11/12
     [java] Creating day file: 2018/11/13
     [java] Creating day file: 2018/11/14
     [java] Creating day file: 2018/11/15
     [java] Creating day file: 2018/11/16
     [java] Creating day file: 2018/11/17
     [java] Creating day file: 2018/11/18
     [java] Creating day file: 2018/11/19
     [java] Creating day file: 2018/11/20
     [java] Creating day file: 2018/11/21
     [java] Creating day file: 2018/11/22
     [java] Creating day file: 2018/11/23
     [java] Creating day file: 2018/11/24
     [java] Creating day file: 2018/11/25
     [java] Creating day file: 2018/11/26
     [java] Creating day file: 2018/11/27
     [java] Creating day file: 2018/11/28
     [java] Creating day file: 2018/11/29
     [java] Creating day file: 2018/11/30
     [java] Creating day file: 2018/12/01
     [java] Creating day file: 2018/12/02
     [java] Creating day file: 2018/12/03
     [java] Creating day file: 2018/12/04
     [java] Creating day file: 2018/12/05
     [java] Creating day file: 2018/12/06
     [java] Creating day file: 2018/12/07
     [java] Creating day file: 2018/12/08
     [java] Creating day file: 2018/12/09
     [java] Creating day file: 2018/12/10
     [java] Creating day file: 2018/12/11
     [java] Creating day file: 2018/12/12
     [java] Creating day file: 2018/12/13
     [java] Creating day file: 2018/12/14
     [java] Creating day file: 2018/12/15
     [java] Creating day file: 2018/12/16
     [java] Creating day file: 2018/12/17
     [java] Creating day file: 2018/12/18
     [java] Creating day file: 2018/12/19
     [java] Creating day file: 2018/12/20
     [java] Creating day file: 2018/12/21
     [java] Creating day file: 2018/12/22
     [java] Creating day file: 2018/12/23
     [java] Creating day file: 2018/12/24
     [java] Creating day file: 2018/12/25
     [java] Creating day file: 2018/12/26
     [java] Creating day file: 2018/12/27
     [java] Creating day file: 2018/12/28
     [java] Creating day file: 2018/12/29
     [java] Creating day file: 2018/12/30
     [java] Creating day file: 2018/12/31
     [java] Creating day file: 2019/01/01
     [java] Creating day file: 2019/01/02
     [java] Creating day file: 2019/01/03
     [java] Creating day file: 2019/01/04
     [java] Creating day file: 2019/01/05
     [java] Creating day file: 2019/01/06
     [java] Creating day file: 2019/01/07
     [java] Creating day file: 2019/01/08
     [java] Creating day file: 2019/01/09
     [java] Creating day file: 2019/01/10
     [java] Creating day file: 2019/01/11
     [java] Creating day file: 2019/01/12
     [java] Creating day file: 2019/01/13
     [java] Creating day file: 2019/01/14
     [java] Creating day file: 2019/01/15
     [java] Creating day file: 2019/01/16
     [java] Creating day file: 2019/01/17
     [java] Creating day file: 2019/01/18
     [java] Creating day file: 2019/01/19
     [java] Creating day file: 2019/01/20
     [java] Creating day file: 2019/01/21
     [java] Creating day file: 2019/01/22
     [java] Creating day file: 2019/01/23
     [java] Creating day file: 2019/01/24
     [java] Creating day file: 2019/01/25
     [java] Creating day file: 2019/01/26
     [java] Creating day file: 2019/01/27
     [java] Creating day file: 2019/01/28
     [java] Creating day file: 2019/01/29
     [java] Creating day file: 2019/01/30
     [java] Creating day file: 2019/01/31
     [java] Creating day file: 2019/02/01
     [java] Creating day file: 2019/02/02
     [java] Creating day file: 2019/02/03
     [java] Creating day file: 2019/02/04
     [java] Creating day file: 2019/02/05
     [java] Creating day file: 2019/02/06
     [java] Creating day file: 2019/02/07
     [java] Creating day file: 2019/02/08
     [java] Creating day file: 2019/02/09
     [java] Creating day file: 2019/02/10
     [java] Creating day file: 2019/02/11
     [java] Creating day file: 2019/02/12
     [java] Creating day file: 2019/02/13
     [java] Creating day file: 2019/02/14
     [java] Creating day file: 2019/02/15
     [java] Creating day file: 2019/02/16
     [java] Creating day file: 2019/02/17
     [java] Creating day file: 2019/02/18
     [java] Creating day file: 2019/02/19
     [java] Creating day file: 2019/02/20
     [java] Creating day file: 2019/02/21
     [java] Creating day file: 2019/02/22
     [java] Creating day file: 2019/02/23
     [java] Creating day file: 2019/02/24
     [java] Creating day file: 2019/02/25
     [java] Creating day file: 2019/02/26
     [java] Creating day file: 2019/02/27
     [java] Creating day file: 2019/02/28
     [java] Creating day file: 2019/03/01
     [java] Creating day file: 2019/03/02
     [java] Creating day file: 2019/03/03
     [java] Creating day file: 2019/03/04
     [java] Creating day file: 2019/03/05
     [java] Creating day file: 2019/03/06
     [java] Creating day file: 2019/03/07
     [java] Creating day file: 2019/03/08
     [java] Creating day file: 2019/03/09
     [java] Creating day file: 2019/03/10
     [java] Creating day file: 2019/03/11
     [java] Creating day file: 2019/03/12
     [java] Creating day file: 2019/03/13
     [java] Creating day file: 2019/03/14
     [java] Creating day file: 2019/03/15
     [java] Creating day file: 2019/03/16
     [java] Creating day file: 2019/03/17
     [java] Creating day file: 2019/03/18
     [java] Creating day file: 2019/03/19
     [java] Creating day file: 2019/03/20
     [java] Creating day file: 2019/03/21
     [java] Creating day file: 2019/03/22
     [java] Creating day file: 2019/03/23
     [java] Creating day file: 2019/03/24
     [java] Creating day file: 2019/03/25
     [java] Creating day file: 2019/03/26
     [java] Creating day file: 2019/03/27
     [java] Creating day file: 2019/03/28
     [java] Creating day file: 2019/03/29
     [java] Creating day file: 2019/03/30
     [java] Creating day file: 2019/03/31
     [java] Creating day file: 2019/04/01
     [java] Creating day file: 2019/04/02
     [java] Creating day file: 2019/04/03
     [java] Creating day file: 2019/04/04
     [java] Creating day file: 2019/04/05
     [java] Creating day file: 2019/04/06
     [java] Creating day file: 2019/04/07
     [java] Creating day file: 2019/04/08
     [java] Creating day file: 2019/04/09
     [java] Creating day file: 2019/04/10
     [java] Creating day file: 2019/04/11
     [java] Creating day file: 2019/04/12
     [java] Creating day file: 2019/04/13
     [java] Creating day file: 2019/04/14
     [java] Creating day file: 2019/04/15
     [java] Creating day file: 2019/04/16
     [java] Creating day file: 2019/04/17
     [java] Creating day file: 2019/04/18
     [java] Creating day file: 2019/04/19
     [java] Creating day file: 2019/04/20
     [java] Creating day file: 2019/04/21
     [java] Creating day file: 2019/04/25
     [java] Creating day file: 2019/04/30

BUILD SUCCESSFUL
Total time: 41 seconds
tikal:/net/work/Projects/VORTEX-SE/Meso18-19/data_processing/upper_air/radiosonde/5mb_composite
