
Hello! WrapperLinkChecker.pl began on Mon Jul 16 15:28:05 2018.

Input file: /net/work/software/tools/link_verification/celeste_tool/input/listofprojects_2005_2009.txt

Project(s) to be processed: 
 rainex
 best
 bsierp
 cupido
 milagro
 trex
 ice-l
 lpb
 pacdex
 pase
 post
 start08
 timrex
 t-parc
 vocals
 adele_sprite
 hippo
 hippo-1
 hippo-2
 plows
 vortex2 

Begin loop with linkChecker.pl
---------------------------------Processing Project: rainex---------------------------------
Welcome! linkChecker.pl  began on Mon Jul 16 15:28:05 2018
Verifying URL's for rainex
Processing ./rainex_finalURLName.txt
End Processing for rainex 
----------------------------------------
See you later! linkChecker.pl ended on Mon Jul 16 15:28:51 2018

---------------------------------Processing Project: best---------------------------------
Welcome! linkChecker.pl  began on Mon Jul 16 15:28:51 2018
Verifying URL's for best
Processing ./best_finalURLName.txt
End Processing for best 
----------------------------------------
See you later! linkChecker.pl ended on Mon Jul 16 15:33:43 2018

---------------------------------Processing Project: bsierp---------------------------------
Welcome! linkChecker.pl  began on Mon Jul 16 15:33:43 2018
Verifying URL's for bsierp
Processing ./bsierp_finalURLName.txt
End Processing for bsierp 
----------------------------------------
See you later! linkChecker.pl ended on Mon Jul 16 15:34:54 2018

---------------------------------Processing Project: cupido---------------------------------
Welcome! linkChecker.pl  began on Mon Jul 16 15:34:54 2018
Verifying URL's for cupido
Processing ./cupido_finalURLName.txt
End Processing for cupido 
----------------------------------------
See you later! linkChecker.pl ended on Mon Jul 16 15:35:13 2018

---------------------------------Processing Project: milagro---------------------------------
Welcome! linkChecker.pl  began on Mon Jul 16 15:35:13 2018
Verifying URL's for milagro
Processing ./milagro_finalURLName.txt
End Processing for milagro 
----------------------------------------
See you later! linkChecker.pl ended on Mon Jul 16 15:39:04 2018

---------------------------------Processing Project: trex---------------------------------
Welcome! linkChecker.pl  began on Mon Jul 16 15:39:04 2018
Verifying URL's for trex
Processing ./trex_finalURLName.txt
End Processing for trex 
----------------------------------------
See you later! linkChecker.pl ended on Mon Jul 16 15:40:09 2018

---------------------------------Processing Project: ice-l---------------------------------
Welcome! linkChecker.pl  began on Mon Jul 16 15:40:09 2018
Verifying URL's for ice-l
Processing ./ice-l_finalURLName.txt
End Processing for ice-l 
----------------------------------------
See you later! linkChecker.pl ended on Mon Jul 16 15:40:25 2018

---------------------------------Processing Project: lpb---------------------------------
Welcome! linkChecker.pl  began on Mon Jul 16 15:40:25 2018
Verifying URL's for lpb
Processing ./lpb_finalURLName.txt
utf8 "\xB0" does not map to Unicode at linkChecker.pl line 308, <$brokenLinks> line 10.
utf8 "\xB0" does not map to Unicode at linkChecker.pl line 308, <$brokenLinks> line 10.
utf8 "\xB0" does not map to Unicode at linkChecker.pl line 308, <$brokenLinks> line 30.
utf8 "\xB0" does not map to Unicode at linkChecker.pl line 308, <$brokenLinks> line 30.
End Processing for lpb 
----------------------------------------
See you later! linkChecker.pl ended on Mon Jul 16 15:41:37 2018

---------------------------------Processing Project: pacdex---------------------------------
Welcome! linkChecker.pl  began on Mon Jul 16 15:41:37 2018
Verifying URL's for pacdex
Processing ./pacdex_finalURLName.txt
End Processing for pacdex 
----------------------------------------
See you later! linkChecker.pl ended on Mon Jul 16 15:41:42 2018

---------------------------------Processing Project: pase---------------------------------
Welcome! linkChecker.pl  began on Mon Jul 16 15:41:42 2018
Verifying URL's for pase
Processing ./pase_finalURLName.txt
End Processing for pase 
----------------------------------------
See you later! linkChecker.pl ended on Mon Jul 16 15:41:50 2018

---------------------------------Processing Project: post---------------------------------
Welcome! linkChecker.pl  began on Mon Jul 16 15:41:50 2018
Verifying URL's for post
Processing ./post_finalURLName.txt
End Processing for post 
----------------------------------------
See you later! linkChecker.pl ended on Mon Jul 16 15:42:01 2018

---------------------------------Processing Project: start08---------------------------------
Welcome! linkChecker.pl  began on Mon Jul 16 15:42:01 2018
Verifying URL's for start08
Processing ./start08_finalURLName.txt
End Processing for start08 
----------------------------------------
See you later! linkChecker.pl ended on Mon Jul 16 15:42:14 2018

---------------------------------Processing Project: timrex---------------------------------
Welcome! linkChecker.pl  began on Mon Jul 16 15:42:14 2018
Verifying URL's for timrex
Processing ./timrex_finalURLName.txt
End Processing for timrex 
----------------------------------------
See you later! linkChecker.pl ended on Mon Jul 16 15:42:15 2018

---------------------------------Processing Project: t-parc---------------------------------
Welcome! linkChecker.pl  began on Mon Jul 16 15:42:15 2018
Verifying URL's for t-parc
Processing ./t-parc_finalURLName.txt
End Processing for t-parc 
----------------------------------------
See you later! linkChecker.pl ended on Mon Jul 16 15:43:03 2018

---------------------------------Processing Project: vocals---------------------------------
Welcome! linkChecker.pl  began on Mon Jul 16 15:43:03 2018
Verifying URL's for vocals
Processing ./vocals_finalURLName.txt
sh: -c: line 0: syntax error near unexpected token `('
sh: -c: line 0: `wget --spider -nd -nv --timeout=1 --tries=2 -a vocals_wget_log.txt  http://iop.archive.arm.gov/arm-iop/0special-data/ASP_Campaigns_past/2008VOCALS/Processed_Data/High%20Speed%20Data/CAS%20%20Particle-by-Particle%20(PbP)%20%20Cloud%20Data/ '
End Processing for vocals 
----------------------------------------
See you later! linkChecker.pl ended on Mon Jul 16 15:48:07 2018

---------------------------------Processing Project: adele_sprite---------------------------------
Welcome! linkChecker.pl  began on Mon Jul 16 15:48:07 2018
Verifying URL's for adele_sprite
Processing ./adele_sprite_finalURLName.txt
End Processing for adele_sprite 
----------------------------------------
See you later! linkChecker.pl ended on Mon Jul 16 15:48:09 2018

---------------------------------Processing Project: hippo---------------------------------
Welcome! linkChecker.pl  began on Mon Jul 16 15:48:09 2018
Verifying URL's for hippo
Processing ./hippo_finalURLName.txt
End Processing for hippo 
----------------------------------------
See you later! linkChecker.pl ended on Mon Jul 16 15:48:09 2018

---------------------------------Processing Project: hippo-1---------------------------------
Welcome! linkChecker.pl  began on Mon Jul 16 15:48:10 2018
Verifying URL's for hippo-1
Processing ./hippo-1_finalURLName.txt
End Processing for hippo-1 
----------------------------------------
See you later! linkChecker.pl ended on Mon Jul 16 15:48:35 2018

---------------------------------Processing Project: hippo-2---------------------------------
Welcome! linkChecker.pl  began on Mon Jul 16 15:48:35 2018
Verifying URL's for hippo-2
Processing ./hippo-2_finalURLName.txt
End Processing for hippo-2 
----------------------------------------
See you later! linkChecker.pl ended on Mon Jul 16 15:49:03 2018

---------------------------------Processing Project: plows---------------------------------
Welcome! linkChecker.pl  began on Mon Jul 16 15:49:03 2018
Verifying URL's for plows
Processing ./plows_finalURLName.txt
End Processing for plows 
----------------------------------------
See you later! linkChecker.pl ended on Mon Jul 16 15:49:28 2018

---------------------------------Processing Project: vortex2---------------------------------
Welcome! linkChecker.pl  began on Mon Jul 16 15:49:28 2018
Verifying URL's for vortex2
Processing ./vortex2_finalURLName.txt
End Processing for vortex2 
----------------------------------------
See you later! linkChecker.pl ended on Mon Jul 16 15:50:57 2018


WrapperLinkChecker.pl completed on Mon Jul 16 15:50:57 2018.

