   15098  712958 3925480 EAOPNW_19991220.0qc
   13338  627891 3467880 EAOPNW_19991221.0qc
   14400  677542 3744000 EAOPNW_19991222.0qc
   14467  680782 3761420 EAOPNW_19991223.0qc
   15349  722618 3990740 EAOPNW_19991224.0qc
   15364  723100 3994640 EAOPNW_19991225.0qc
   14999  708180 3899740 EAOPNW_19991226.0qc
   14995  707218 3898700 EAOPNW_19991227.0qc
   15585  735340 4052100 EAOPNW_19991228.0qc
   15759  742441 4097340 EAOPNW_19991229.0qc
   16111  758498 4188860 EAOPNW_19991230.0qc
   16074  757192 4179240 EAOPNW_19991231.0qc
   15828  745297 4115280 EAOPNW_20000101.0qc
   16012  754810 4163120 EAOPNW_20000102.0qc
   16025  755433 4166500 EAOPNW_20000103.0qc
   15841  748000 4118660 EAOPNW_20000104.0qc
   14376  677952 3737760 EAOPNW_20000105.0qc
   15524  731803 4036240 EAOPNW_20000106.0qc
   16034  755325 4168840 EAOPNW_20000107.0qc
   16082  757276 4181320 EAOPNW_20000108.0qc
   15110  711571 3928600 EAOPNW_20000109.0qc
   15708  741427 4084080 EAOPNW_20000110.0qc
   16135  761819 4195100 EAOPNW_20000111.0qc
   15859  747647 4123340 EAOPNW_20000112.0qc
   15822  744909 4113720 EAOPNW_20000113.0qc
   15755  742591 4096300 EAOPNW_20000114.0qc
   15556  732919 4044560 EAOPNW_20000115.0qc
   15962  752511 4150120 EAOPNW_20000116.0qc
   16076  758304 4179760 EAOPNW_20000117.0qc
   16012  753891 4163120 EAOPNW_20000118.0qc
   15988  753786 4156880 EAOPNW_20000119.0qc
   16121  759741 4191460 EAOPNW_20000120.0qc
  497365 23440772 129314900 total
