AOI_limit = 200.000000 (200)

---- Determine Closest Station Processing ----
Processing began on Aug  3 2004 14:54:00
Station ID/lat/lon file name (e.g., stnlatlon.inp): BAMEX_stn_list_1Minute.ID
Reading stn ID's lats lons 
Total number stations read: 450
Processing completed on Aug  3 2004 14:54:00

form_webPage_output.pl of file BAMEX_stn_list_1Minute.ID began on Tue Oct 19 11:05:59 2004

Call det_closest_stn BAMEX_stn_list_1Minute.ID 200.

 mv Closest_stns_LIST.out Closest_stns_LIST_200.out
Call create_web_page( BAMEX_stn_list_1Minute.ID, 200 ).
stnInfo{num==1}:: HASH(0x1941cc)
stnInfo{num==1}:: HASH(0x192594)
stnInfo{num==1}:: HASH(0x16c310)
stnInfo{num==1}:: HASH(0x1927c8)
stnInfo{num==1}:: HASH(0x191948)
stnInfo{num==1}:: HASH(0x1941c0)
stnInfo{num==1}:: HASH(0x192414)
stnInfo{num==1}:: HASH(0x1750f4)
stnInfo{num==1}:: HASH(0x178bac)
stnInfo{num==1}:: HASH(0x18faa4)
stnInfo{num==1}:: HASH(0x18f9a8)
stnInfo{num==1}:: HASH(0x1924e0)
stnInfo{num==1}:: HASH(0x18e3a0)
stnInfo{num==1}:: HASH(0x18f8a0)
stnInfo{num==1}:: HASH(0x1214bc)
stnInfo{num==1}:: HASH(0x18f2f8)
stnInfo{num==1}:: HASH(0x19422c)
stnInfo{num==1}:: HASH(0x15db04)
stnInfo{num==1}:: HASH(0x12f190)
stnInfo{num==1}:: HASH(0x18e3c4)
stnInfo{num==1}:: HASH(0x16c3dc)
stnInfo{num==1}:: HASH(0x18f8d0)
stnInfo{num==1}:: HASH(0x18e280)
stnInfo{num==1}:: HASH(0x178b40)
stnInfo{num==1}:: HASH(0x165af8)
stnInfo{num==1}:: HASH(0x18e340)
stnInfo{num==1}:: HASH(0x18e1d8)
stnInfo{num==1}:: HASH(0x192738)
stnInfo{num==1}:: HASH(0x15db4c)
stnInfo{num==1}:: HASH(0x16c1a8)
stnInfo{num==1}:: HASH(0x192774)
stnInfo{num==1}:: HASH(0x178b34)
stnInfo{num==1}:: HASH(0x192528)
stnInfo{num==1}:: HASH(0x165858)
stnInfo{num==1}:: HASH(0x12145c)
stnInfo{num==1}:: HASH(0x16c2ec)
stnInfo{num==1}:: HASH(0x18f1b4)
stnInfo{num==1}:: HASH(0x121564)
stnInfo{num==1}:: HASH(0x1927d4)
stnInfo{num==1}:: HASH(0x18fbac)
stnInfo{num==1}:: HASH(0x18f130)
stnInfo{num==1}:: HASH(0x12f0b8)
stnInfo{num==1}:: HASH(0x192510)
stnInfo{num==1}:: HASH(0x18d3d0)
stnInfo{num==1}:: HASH(0x196028)
stnInfo{num==1}:: HASH(0x18d0a0)
stnInfo{num==1}:: HASH(0x18e0b8)
stnInfo{num==1}:: HASH(0x165a38)
stnInfo{num==1}:: HASH(0x16c088)
stnInfo{num==1}:: HASH(0x18e250)
stnInfo{num==1}:: HASH(0x12f0f4)
stnInfo{num==1}:: HASH(0x18f358)
stnInfo{num==1}:: HASH(0x1942bc)
stnInfo{num==1}:: HASH(0x16c088)
stnInfo{num==1}:: HASH(0x18e208)
stnInfo{num==1}:: HASH(0x18fbdc)
stnInfo{num==1}:: HASH(0x15d888)
stnInfo{num==1}:: HASH(0x1750b8)
stnInfo{num==1}:: HASH(0x15da08)
stnInfo{num==1}:: HASH(0x15dba0)
stnInfo{num==1}:: HASH(0x16593c)
stnInfo{num==1}:: HASH(0x15da20)
stnInfo{num==1}:: HASH(0x18e1f0)
stnInfo{num==1}:: HASH(0x1658b8)
stnInfo{num==1}:: HASH(0x121618)
stnInfo{num==1}:: HASH(0x165b1c)
stnInfo{num==1}:: HASH(0x12f1a8)
stnInfo{num==1}:: HASH(0x18f9d8)
stnInfo{num==1}:: HASH(0x18f04c)
stnInfo{num==1}:: HASH(0x1941cc)
stnInfo{num==1}:: HASH(0x18f1e4)
stnInfo{num==1}:: HASH(0x16c298)
stnInfo{num==1}:: HASH(0x191864)
stnInfo{num==1}:: HASH(0x12f2d4)
stnInfo{num==1}:: HASH(0x165bb8)
stnInfo{num==1}:: HASH(0x178b88)
stnInfo{num==1}:: HASH(0x121528)
stnInfo{num==1}:: HASH(0x1941cc)
stnInfo{num==1}:: HASH(0x12f1a8)
stnInfo{num==1}:: HASH(0x194370)
stnInfo{num==1}:: HASH(0x1918b8)
stnInfo{num==1}:: HASH(0x12f094)
stnInfo{num==1}:: HASH(0x191b94)
stnInfo{num==1}:: HASH(0x12f1c0)
stnInfo{num==1}:: HASH(0x165858)
stnInfo{num==1}:: HASH(0x15d864)
stnInfo{num==1}:: HASH(0x16c0e8)
stnInfo{num==1}:: HASH(0x16c340)
stnInfo{num==1}:: HASH(0x12f04c)
stnInfo{num==1}:: HASH(0x16c22c)
stnInfo{num==1}:: HASH(0x16c094)
stnInfo{num==1}:: HASH(0x194058)
stnInfo{num==1}:: HASH(0x165978)
stnInfo{num==1}:: HASH(0x18fa98)
stnInfo{num==1}:: HASH(0x1215d0)
stnInfo{num==1}:: HASH(0x12f3dc)
stnInfo{num==1}:: HASH(0x18f3e8)
stnInfo{num==1}:: HASH(0x18f04c)
stnInfo{num==1}:: HASH(0x1918a0)
stnInfo{num==1}:: HASH(0x15d9c0)
stnInfo{num==1}:: HASH(0x165b58)
stnInfo{num==1}:: HASH(0x18fa5c)
stnInfo{num==1}:: HASH(0x18fb1c)
stnInfo{num==1}:: HASH(0x18f208)
stnInfo{num==1}:: HASH(0x18fa38)
stnInfo{num==1}:: HASH(0x16c190)
stnInfo{num==1}:: HASH(0x18f034)
stnInfo{num==1}:: HASH(0x16c1f0)
stnInfo{num==1}:: HASH(0x15d9c0)
stnInfo{num==1}:: HASH(0x165aa4)
stnInfo{num==1}:: HASH(0x1658e8)
stnInfo{num==1}:: HASH(0x16c1c0)
stnInfo{num==1}:: HASH(0x19242c)
stnInfo{num==1}:: HASH(0x12172c)
stnInfo{num==1}:: HASH(0x191b58)
stnInfo{num==1}:: HASH(0x192690)
stnInfo{num==1}:: HASH(0x14e7e0)
stnInfo{num==1}:: HASH(0x19604c)
stnInfo{num==1}:: HASH(0x16c298)
stnInfo{num==1}:: HASH(0x15d81c)
stnInfo{num==1}:: HASH(0x18f8dc)
stnInfo{num==1}:: HASH(0x1215dc)
stnInfo{num==1}:: HASH(0x12f370)
stnInfo{num==1}:: HASH(0x12175c)
stnInfo{num==1}:: HASH(0x18d3a0)
stnInfo{num==1}:: HASH(0x15dbac)
stnInfo{num==1}:: HASH(0x1215dc)
stnInfo{num==1}:: HASH(0x18f31c)
stnInfo{num==1}:: HASH(0x196064)
stnInfo{num==1}:: HASH(0x18f070)
stnInfo{num==1}:: HASH(0x18f0b8)
stnInfo{num==1}:: HASH(0x16c0f4)
stnInfo{num==1}:: HASH(0x178b28)
stnInfo{num==1}:: HASH(0x1658b8)
stnInfo{num==1}:: HASH(0x18f2b0)
stnInfo{num==1}:: HASH(0x1919fc)
stnInfo{num==1}:: HASH(0x12f3b8)
stnInfo{num==1}:: HASH(0x12f2a4)
stnInfo{num==1}:: HASH(0x18e394)
stnInfo{num==1}:: HASH(0x18d040)
stnInfo{num==1}:: HASH(0x18d0e8)
stnInfo{num==1}:: HASH(0x12f1c0)
stnInfo{num==1}:: HASH(0x165a80)
stnInfo{num==1}:: HASH(0x18d388)
stnInfo{num==1}:: HASH(0x15da08)
stnInfo{num==1}:: HASH(0x16c280)
stnInfo{num==1}:: HASH(0x18f1e4)
stnInfo{num==1}:: HASH(0x12f370)
stnInfo{num==1}:: HASH(0x18f0dc)
stnInfo{num==1}:: HASH(0x15d9a8)
stnInfo{num==1}:: HASH(0x18d0e8)
stnInfo{num==1}:: HASH(0x18d16c)
stnInfo{num==1}:: HASH(0x12145c)
stnInfo{num==1}:: HASH(0x16c13c)
stnInfo{num==1}:: HASH(0x18fb4c)
stnInfo{num==1}:: HASH(0x12f334)
stnInfo{num==1}:: HASH(0x121450)
stnInfo{num==1}:: HASH(0x15da2c)
stnInfo{num==1}:: HASH(0x18e3ac)
stnInfo{num==1}:: HASH(0x16c124)
stnInfo{num==1}:: HASH(0x178bdc)
stnInfo{num==1}:: HASH(0x18fbdc)
stnInfo{num==1}:: HASH(0x18e3e8)
stnInfo{num==1}:: HASH(0x18d25c)
stnInfo{num==1}:: HASH(0x121450)
stnInfo{num==1}:: HASH(0x165b64)
stnInfo{num==1}:: HASH(0x1926cc)
stnInfo{num==1}:: HASH(0x18d274)
stnInfo{num==1}:: HASH(0x165b94)
stnInfo{num==1}:: HASH(0x1214c8)
stnInfo{num==1}:: HASH(0x18d1b4)
stnInfo{num==1}:: HASH(0x18e0ac)
stnInfo{num==1}:: HASH(0x192594)
stnInfo{num==1}:: HASH(0x194238)
stnInfo{num==1}:: HASH(0x12f220)
stnInfo{num==1}:: HASH(0x192630)
stnInfo{num==1}:: HASH(0x165828)
stnInfo{num==1}:: HASH(0x178b4c)
stnInfo{num==1}:: HASH(0x12f028)
stnInfo{num==1}:: HASH(0x16c2ec)
stnInfo{num==1}:: HASH(0x1941f0)
stnInfo{num==1}:: HASH(0x19254c)
stnInfo{num==1}:: HASH(0x18f058)
stnInfo{num==1}:: HASH(0x1215f4)
stnInfo{num==1}:: HASH(0x15da2c)
stnInfo{num==1}:: HASH(0x18e238)
stnInfo{num==1}:: HASH(0x194388)
stnInfo{num==1}:: HASH(0x18f2c8)
stnInfo{num==1}:: HASH(0x19254c)
stnInfo{num==1}:: HASH(0x12f3a0)
stnInfo{num==1}:: HASH(0x121498)
stnInfo{num==1}:: HASH(0x18fa20)
stnInfo{num==1}:: HASH(0x18e274)
stnInfo{num==1}:: HASH(0x194268)
stnInfo{num==1}:: HASH(0x121438)
stnInfo{num==1}:: HASH(0x165ac8)
stnInfo{num==1}:: HASH(0x165b7c)
stnInfo{num==1}:: HASH(0x178af8)
stnInfo{num==1}:: HASH(0x18d304)
stnInfo{num==1}:: HASH(0x1943a0)
stnInfo{num==1}:: HASH(0x16c220)
stnInfo{num==1}:: HASH(0x16c340)
stnInfo{num==1}:: HASH(0x14e7d4)
stnInfo{num==1}:: HASH(0x18e3ac)
stnInfo{num==1}:: HASH(0x12f3b8)
stnInfo{num==1}:: HASH(0x18f1e4)
stnInfo{num==1}:: HASH(0x16c154)
stnInfo{num==1}:: HASH(0x15d894)
stnInfo{num==1}:: HASH(0x18d1b4)
stnInfo{num==1}:: HASH(0x12f1c0)
stnInfo{num==1}:: HASH(0x1215a0)
stnInfo{num==1}:: HASH(0x18f948)
stnInfo{num==1}:: HASH(0x15d894)
stnInfo{num==1}:: HASH(0x18f8e8)
stnInfo{num==1}:: HASH(0x1941d8)
stnInfo{num==1}:: HASH(0x12f280)
stnInfo{num==1}:: HASH(0x121744)
stnInfo{num==1}:: HASH(0x15d828)
stnInfo{num==1}:: HASH(0x15d9e4)
stnInfo{num==1}:: HASH(0x12f25c)
stnInfo{num==1}:: HASH(0x165954)
stnInfo{num==1}:: HASH(0x1217bc)
stnInfo{num==1}:: HASH(0x18e3ac)
stnInfo{num==1}:: HASH(0x18d3b8)
stnInfo{num==1}:: HASH(0x18d298)
stnInfo{num==1}:: HASH(0x18d22c)
stnInfo{num==1}:: HASH(0x194220)
stnInfo{num==1}:: HASH(0x15d8b8)
stnInfo{num==1}:: HASH(0x18f3b8)
stnInfo{num==1}:: HASH(0x18f1e4)
stnInfo{num==1}:: HASH(0x1750b8)
stnInfo{num==1}:: HASH(0x16c0a0)
stnInfo{num==1}:: HASH(0x1943ac)
stnInfo{num==1}:: HASH(0x191b10)
stnInfo{num==1}:: HASH(0x18e208)
stnInfo{num==1}:: HASH(0x15d9d8)
stnInfo{num==1}:: HASH(0x18f954)
stnInfo{num==1}:: HASH(0x18d3b8)
stnInfo{num==1}:: HASH(0x18e184)
stnInfo{num==1}:: HASH(0x192708)
stnInfo{num==1}:: HASH(0x15d864)
stnInfo{num==1}:: HASH(0x1926a8)
stnInfo{num==1}:: HASH(0x194130)
stnInfo{num==1}:: HASH(0x121714)
stnInfo{num==1}:: HASH(0x191990)
stnInfo{num==1}:: HASH(0x194130)
stnInfo{num==1}:: HASH(0x1658dc)
stnInfo{num==1}:: HASH(0x15db7c)
stnInfo{num==1}:: HASH(0x18fb28)
stnInfo{num==1}:: HASH(0x18f0a0)
stnInfo{num==1}:: HASH(0x175058)
stnInfo{num==1}:: HASH(0x1215ac)
stnInfo{num==1}:: HASH(0x18f8f4)
stnInfo{num==1}:: HASH(0x192594)
stnInfo{num==1}:: HASH(0x12f28c)
stnInfo{num==1}:: HASH(0x15d96c)
stnInfo{num==1}:: HASH(0x1919b4)
stnInfo{num==1}:: HASH(0x12f040)
stnInfo{num==1}:: HASH(0x121684)
stnInfo{num==1}:: HASH(0x191a50)
stnInfo{num==1}:: HASH(0x12f1e4)
stnInfo{num==1}:: HASH(0x16596c)
stnInfo{num==1}:: HASH(0x18fa14)
stnInfo{num==1}:: HASH(0x1217ec)
stnInfo{num==1}:: HASH(0x165b04)
stnInfo{num==1}:: HASH(0x15db04)
stnInfo{num==1}:: HASH(0x121528)
stnInfo{num==1}:: HASH(0x18f858)
stnInfo{num==1}:: HASH(0x18f37c)
stnInfo{num==1}:: HASH(0x165954)
stnInfo{num==1}:: HASH(0x194328)
stnInfo{num==1}:: HASH(0x192450)
stnInfo{num==1}:: HASH(0x1924ec)
stnInfo{num==1}:: HASH(0x15d9cc)
stnInfo{num==1}:: HASH(0x191a20)
stnInfo{num==1}:: HASH(0x16c388)
stnInfo{num==1}:: HASH(0x178ae0)
stnInfo{num==1}:: HASH(0x15d8dc)
stnInfo{num==1}:: HASH(0x12f04c)
stnInfo{num==1}:: HASH(0x12f154)
stnInfo{num==1}:: HASH(0x194064)
stnInfo{num==1}:: HASH(0x1658e8)
stnInfo{num==1}:: HASH(0x12145c)
stnInfo{num==1}:: HASH(0x1927e0)
stnInfo{num==1}:: HASH(0x178bd0)
stnInfo{num==1}:: HASH(0x17510c)
stnInfo{num==1}:: HASH(0x121774)
stnInfo{num==1}:: HASH(0x1940ac)
stnInfo{num==1}:: HASH(0x18d07c)
stnInfo{num==1}:: HASH(0x196094)
stnInfo{num==1}:: HASH(0x1926b4)
stnInfo{num==1}:: HASH(0x191b7c)
stnInfo{num==1}:: HASH(0x15da74)
stnInfo{num==1}:: HASH(0x1926e4)
stnInfo{num==1}:: HASH(0x18f250)
stnInfo{num==1}:: HASH(0x196064)
stnInfo{num==1}:: HASH(0x18f10c)
stnInfo{num==1}:: HASH(0x1926f0)
stnInfo{num==1}:: HASH(0x15da20)
stnInfo{num==1}:: HASH(0x18d310)
stnInfo{num==1}:: HASH(0x18d31c)
stnInfo{num==1}:: HASH(0x18f984)
stnInfo{num==1}:: HASH(0x18d334)
stnInfo{num==1}:: HASH(0x14e7c8)
stnInfo{num==1}:: HASH(0x1215d0)
stnInfo{num==1}:: HASH(0x18e0b8)
stnInfo{num==1}:: HASH(0x15dbb8)
stnInfo{num==1}:: HASH(0x14e7c8)
stnInfo{num==1}:: HASH(0x18fb7c)
stnInfo{num==1}:: HASH(0x18f184)
stnInfo{num==1}:: HASH(0x191930)
stnInfo{num==1}:: HASH(0x1941a8)
stnInfo{num==1}:: HASH(0x191bb8)
stnInfo{num==1}:: HASH(0x12f394)
stnInfo{num==1}:: HASH(0x165b64)
stnInfo{num==1}:: HASH(0x18f220)
stnInfo{num==1}:: HASH(0x18f334)
stnInfo{num==1}:: HASH(0x19407c)
stnInfo{num==1}:: HASH(0x18e2c8)
stnInfo{num==1}:: HASH(0x165978)
stnInfo{num==1}:: HASH(0x1217b0)
stnInfo{num==1}:: HASH(0x18f3f4)
stnInfo{num==1}:: HASH(0x18e0ac)
stnInfo{num==1}:: HASH(0x18f858)
stnInfo{num==1}:: HASH(0x18fb1c)
stnInfo{num==1}:: HASH(0x1659f0)
stnInfo{num==1}:: HASH(0x1927a4)
stnInfo{num==1}:: HASH(0x1214a4)
stnInfo{num==1}:: HASH(0x1216a8)
stnInfo{num==1}:: HASH(0x12f0a0)
stnInfo{num==1}:: HASH(0x18f918)
stnInfo{num==1}:: HASH(0x18d3d0)
stnInfo{num==1}:: HASH(0x121450)
stnInfo{num==1}:: HASH(0x16c0a0)
stnInfo{num==1}:: HASH(0x192414)
stnInfo{num==1}:: HASH(0x18e310)
stnInfo{num==1}:: HASH(0x16c28c)
stnInfo{num==1}:: HASH(0x15d9d8)
stnInfo{num==1}:: HASH(0x19272c)
stnInfo{num==1}:: HASH(0x192414)
stnInfo{num==1}:: HASH(0x165b10)
stnInfo{num==1}:: HASH(0x191b10)
stnInfo{num==1}:: HASH(0x18f8ac)
stnInfo{num==1}:: HASH(0x18e2e0)
stnInfo{num==1}:: HASH(0x12f124)
stnInfo{num==1}:: HASH(0x19434c)
stnInfo{num==1}:: HASH(0x18f130)
stnInfo{num==1}:: HASH(0x191a5c)
stnInfo{num==1}:: HASH(0x1925d0)
stnInfo{num==1}:: HASH(0x192450)
stnInfo{num==1}:: HASH(0x194184)
stnInfo{num==1}:: HASH(0x191840)
stnInfo{num==1}:: HASH(0x192540)
stnInfo{num==1}:: HASH(0x18f034)
stnInfo{num==1}:: HASH(0x1750f4)
stnInfo{num==1}:: HASH(0x191b7c)
stnInfo{num==1}:: HASH(0x1942c8)
stnInfo{num==1}:: HASH(0x15dbdc)
stnInfo{num==1}:: HASH(0x1942bc)
stnInfo{num==1}:: HASH(0x1214c8)
stnInfo{num==1}:: HASH(0x1927a4)
stnInfo{num==1}:: HASH(0x19601c)
stnInfo{num==1}:: HASH(0x12f1fc)
stnInfo{num==1}:: HASH(0x196058)
stnInfo{num==1}:: HASH(0x18f90c)
stnInfo{num==1}:: HASH(0x1942d4)
stnInfo{num==1}:: HASH(0x18f268)
stnInfo{num==1}:: HASH(0x18e190)
stnInfo{num==1}:: HASH(0x121558)
stnInfo{num==1}:: HASH(0x15da44)
stnInfo{num==1}:: HASH(0x18f388)
stnInfo{num==1}:: HASH(0x18e130)
stnInfo{num==1}:: HASH(0x18e0b8)
stnInfo{num==1}:: HASH(0x121504)
stnInfo{num==1}:: HASH(0x12f1e4)
stnInfo{num==1}:: HASH(0x16c274)
stnInfo{num==1}:: HASH(0x14e7b0)
stnInfo{num==1}:: HASH(0x1940ac)
stnInfo{num==1}:: HASH(0x1943a0)
stnInfo{num==1}:: HASH(0x18fa08)
stnInfo{num==1}:: HASH(0x18f8dc)
stnInfo{num==1}:: HASH(0x16c0f4)
stnInfo{num==1}:: HASH(0x1216f0)
stnInfo{num==1}:: HASH(0x18d3a0)
stnInfo{num==1}:: HASH(0x196058)
stnInfo{num==1}:: HASH(0x18d3e8)
stnInfo{num==1}:: HASH(0x1918ac)
stnInfo{num==1}:: HASH(0x165b28)
stnInfo{num==1}:: HASH(0x15da68)
stnInfo{num==1}:: HASH(0x15d870)
stnInfo{num==1}:: HASH(0x16c10c)
stnInfo{num==1}:: HASH(0x15d8a0)
stnInfo{num==1}:: HASH(0x15db1c)
stnInfo{num==1}:: HASH(0x194310)
stnInfo{num==1}:: HASH(0x15daec)
stnInfo{num==1}:: HASH(0x18fa38)
stnInfo{num==1}:: HASH(0x19184c)
stnInfo{num==1}:: HASH(0x19404c)
stnInfo{num==1}:: HASH(0x18f100)
stnInfo{num==1}:: HASH(0x165b1c)
stnInfo{num==1}:: HASH(0x16c358)
stnInfo{num==1}:: HASH(0x15d870)
stnInfo{num==1}:: HASH(0x18fb1c)
stnInfo{num==1}:: HASH(0x1960b8)
stnInfo{num==1}:: HASH(0x1750d0)
stnInfo{num==1}:: HASH(0x15d900)
stnInfo{num==1}:: HASH(0x12f088)
stnInfo{num==1}:: HASH(0x194040)
stnInfo{num==1}:: HASH(0x19613c)
stnInfo{num==1}:: HASH(0x191aa4)
stnInfo{num==1}:: HASH(0x18d34c)
stnInfo{num==1}:: HASH(0x18e244)
stnInfo{num==1}:: HASH(0x194274)
stnInfo{num==1}:: HASH(0x18f124)
stnInfo{num==1}:: HASH(0x15d840)
stnInfo{num==1}:: HASH(0x165870)
stnInfo{num==1}:: HASH(0x18f0e8)
stnInfo{num==1}:: HASH(0x16c298)
stnInfo{num==1}:: HASH(0x191978)
stnInfo{num==1}:: HASH(0x121444)
stnInfo{num==1}:: HASH(0x18f9cc)
stnInfo{num==1}:: HASH(0x15dab0)
stnInfo{num==1}:: HASH(0x18e13c)
stnInfo{num==1}:: HASH(0x1927d4)
stnInfo{num==1}:: HASH(0x18f8a0)
stnInfo{num==1}:: HASH(0x1942c8)
stnInfo{num==1}:: HASH(0x1925c4)
stnInfo{num==1}:: HASH(0x16c2d4)
stnInfo{num==1}:: HASH(0x16c3ac)
stnInfo{num==1}:: HASH(0x1926fc)
stnInfo{num==1}:: HASH(0x18f178)
stnInfo{num==1}:: HASH(0x18e3d0)
stnInfo{num==1}:: HASH(0x18f8c4)
stnInfo{num==1}:: HASH(0x16c064)
stnInfo{num==1}:: HASH(0x178bd0)
stnInfo{num==1}:: HASH(0x16c160)
stnInfo{num==1}:: HASH(0x191aa4)
stnInfo{num==1}:: HASH(0x18f9a8)
stnInfo{num==1}:: HASH(0x12f190)
stnInfo{num==1}:: HASH(0x18e1a8)
stnInfo{num==1}:: HASH(0x15db58)
stnInfo{num==1}:: HASH(0x194184)
stnInfo{num==1}:: HASH(0x12f25c)
stnInfo{num==1}:: HASH(0x12f094)
stnInfo{num==1}:: HASH(0x18f1fc)
stnInfo{num==1}:: HASH(0x178b1c)
stnInfo{num==1}:: HASH(0x1216d8)
stnInfo{num==1}:: HASH(0x18e13c)
stnInfo{num==1}:: HASH(0x12142c)
stnInfo{num==1}:: HASH(0x18f298)

Total number lines processed in file Closest_stns_LIST_200.out: 902

form_webPage_output.pl of file BAMEX_stn_list_1Minute.ID ended on Tue Oct 19 11:06:04 2004
