
Hello! WrapperLinkChecker.pl began on Mon Jul 16 16:19:00 2018.

Input file: /net/work/software/tools/link_verification/celeste_tool/input/listofprojects_2015_2019.txt

Project(s) to be processed: 
 aristo2015
 ccope-2015
 cset
 haic-hiwc_2015
 icebridge-2015
 noreaster
 pecan
 sabirpod
 tci
 winter
 aristo2016
 mitts
 orcas
 perdigao
 vertex
 vortex-se_2016
 ace-ena
 aristo2017
 eclipse
 ideal
 snowie
 vortex-se_2017
 grainex
 relampago
 savant
 socrates
 vortex-se_2018
 we-can 

Begin loop with linkChecker.pl
---------------------------------Processing Project: aristo2015---------------------------------
Welcome! linkChecker.pl  began on Mon Jul 16 16:19:00 2018
Verifying URL's for aristo2015
Processing ./aristo2015_finalURLName.txt
End Processing for aristo2015 
----------------------------------------
See you later! linkChecker.pl ended on Mon Jul 16 16:19:05 2018

---------------------------------Processing Project: ccope-2015---------------------------------
Welcome! linkChecker.pl  began on Mon Jul 16 16:19:05 2018
Verifying URL's for ccope-2015
Processing ./ccope-2015_finalURLName.txt
End Processing for ccope-2015 
----------------------------------------
See you later! linkChecker.pl ended on Mon Jul 16 16:19:05 2018

---------------------------------Processing Project: cset---------------------------------
Welcome! linkChecker.pl  began on Mon Jul 16 16:19:05 2018
Verifying URL's for cset
Processing ./cset_finalURLName.txt
End Processing for cset 
----------------------------------------
See you later! linkChecker.pl ended on Mon Jul 16 16:19:26 2018

---------------------------------Processing Project: haic-hiwc_2015---------------------------------
Welcome! linkChecker.pl  began on Mon Jul 16 16:19:26 2018
Verifying URL's for haic-hiwc_2015
Processing ./haic-hiwc_2015_finalURLName.txt
End Processing for haic-hiwc_2015 
----------------------------------------
See you later! linkChecker.pl ended on Mon Jul 16 16:19:41 2018

---------------------------------Processing Project: icebridge-2015---------------------------------
Welcome! linkChecker.pl  began on Mon Jul 16 16:19:41 2018
Verifying URL's for icebridge-2015
Processing ./icebridge-2015_finalURLName.txt
End Processing for icebridge-2015 
----------------------------------------
See you later! linkChecker.pl ended on Mon Jul 16 16:19:42 2018

---------------------------------Processing Project: noreaster---------------------------------
Welcome! linkChecker.pl  began on Mon Jul 16 16:19:42 2018
Verifying URL's for noreaster
Processing ./noreaster_finalURLName.txt
End Processing for noreaster 
----------------------------------------
See you later! linkChecker.pl ended on Mon Jul 16 16:19:44 2018

---------------------------------Processing Project: pecan---------------------------------
Welcome! linkChecker.pl  began on Mon Jul 16 16:19:44 2018
Verifying URL's for pecan
Processing ./pecan_finalURLName.txt
End Processing for pecan 
----------------------------------------
See you later! linkChecker.pl ended on Mon Jul 16 16:21:50 2018

---------------------------------Processing Project: sabirpod---------------------------------
Welcome! linkChecker.pl  began on Mon Jul 16 16:21:50 2018
Verifying URL's for sabirpod
Processing ./sabirpod_finalURLName.txt
End Processing for sabirpod 
----------------------------------------
See you later! linkChecker.pl ended on Mon Jul 16 16:21:52 2018

---------------------------------Processing Project: tci---------------------------------
Welcome! linkChecker.pl  began on Mon Jul 16 16:21:52 2018
Verifying URL's for tci
Processing ./tci_finalURLName.txt
End Processing for tci 
----------------------------------------
See you later! linkChecker.pl ended on Mon Jul 16 16:22:19 2018

---------------------------------Processing Project: winter---------------------------------
Welcome! linkChecker.pl  began on Mon Jul 16 16:22:19 2018
Verifying URL's for winter
Processing ./winter_finalURLName.txt
End Processing for winter 
----------------------------------------
See you later! linkChecker.pl ended on Mon Jul 16 16:22:52 2018

---------------------------------Processing Project: aristo2016---------------------------------
Welcome! linkChecker.pl  began on Mon Jul 16 16:22:52 2018
Verifying URL's for aristo2016
Processing ./aristo2016_finalURLName.txt
End Processing for aristo2016 
----------------------------------------
See you later! linkChecker.pl ended on Mon Jul 16 16:23:01 2018

---------------------------------Processing Project: mitts---------------------------------
Welcome! linkChecker.pl  began on Mon Jul 16 16:23:01 2018
Verifying URL's for mitts
Processing ./mitts_finalURLName.txt
End Processing for mitts 
----------------------------------------
See you later! linkChecker.pl ended on Mon Jul 16 16:23:04 2018

---------------------------------Processing Project: orcas---------------------------------
Welcome! linkChecker.pl  began on Mon Jul 16 16:23:04 2018
Verifying URL's for orcas
Processing ./orcas_finalURLName.txt
End Processing for orcas 
----------------------------------------
See you later! linkChecker.pl ended on Mon Jul 16 16:23:25 2018

---------------------------------Processing Project: perdigao---------------------------------
Welcome! linkChecker.pl  began on Mon Jul 16 16:23:25 2018
Verifying URL's for perdigao
Processing ./perdigao_finalURLName.txt
End Processing for perdigao 
----------------------------------------
See you later! linkChecker.pl ended on Mon Jul 16 16:23:49 2018

---------------------------------Processing Project: vertex---------------------------------
Welcome! linkChecker.pl  began on Mon Jul 16 16:23:49 2018
Verifying URL's for vertex
Processing ./vertex_finalURLName.txt
End Processing for vertex 
----------------------------------------
See you later! linkChecker.pl ended on Mon Jul 16 16:23:54 2018

---------------------------------Processing Project: vortex-se_2016---------------------------------
Welcome! linkChecker.pl  began on Mon Jul 16 16:23:55 2018
Verifying URL's for vortex-se_2016
Processing ./vortex-se_2016_finalURLName.txt
End Processing for vortex-se_2016 
----------------------------------------
See you later! linkChecker.pl ended on Mon Jul 16 16:24:15 2018

---------------------------------Processing Project: ace-ena---------------------------------
Welcome! linkChecker.pl  began on Mon Jul 16 16:24:15 2018
Verifying URL's for ace-ena
Processing ./ace-ena_finalURLName.txt
End Processing for ace-ena 
----------------------------------------
See you later! linkChecker.pl ended on Mon Jul 16 16:24:15 2018

---------------------------------Processing Project: aristo2017---------------------------------
Welcome! linkChecker.pl  began on Mon Jul 16 16:24:15 2018
Verifying URL's for aristo2017
Processing ./aristo2017_finalURLName.txt
End Processing for aristo2017 
----------------------------------------
See you later! linkChecker.pl ended on Mon Jul 16 16:24:21 2018

---------------------------------Processing Project: eclipse---------------------------------
Welcome! linkChecker.pl  began on Mon Jul 16 16:24:21 2018
Verifying URL's for eclipse
Processing ./eclipse_finalURLName.txt
End Processing for eclipse 
----------------------------------------
See you later! linkChecker.pl ended on Mon Jul 16 16:24:21 2018

---------------------------------Processing Project: ideal---------------------------------
Welcome! linkChecker.pl  began on Mon Jul 16 16:24:21 2018
Verifying URL's for ideal
Processing ./ideal_finalURLName.txt
End Processing for ideal 
----------------------------------------
See you later! linkChecker.pl ended on Mon Jul 16 16:24:24 2018

---------------------------------Processing Project: snowie---------------------------------
Welcome! linkChecker.pl  began on Mon Jul 16 16:24:24 2018
Verifying URL's for snowie
Processing ./snowie_finalURLName.txt
End Processing for snowie 
----------------------------------------
See you later! linkChecker.pl ended on Mon Jul 16 16:24:41 2018

---------------------------------Processing Project: vortex-se_2017---------------------------------
Welcome! linkChecker.pl  began on Mon Jul 16 16:24:41 2018
Verifying URL's for vortex-se_2017
Processing ./vortex-se_2017_finalURLName.txt
End Processing for vortex-se_2017 
----------------------------------------
See you later! linkChecker.pl ended on Mon Jul 16 16:24:58 2018

---------------------------------Processing Project: grainex---------------------------------
Welcome! linkChecker.pl  began on Mon Jul 16 16:24:58 2018
Verifying URL's for grainex
Processing ./grainex_finalURLName.txt
End Processing for grainex 
----------------------------------------
See you later! linkChecker.pl ended on Mon Jul 16 16:24:58 2018

---------------------------------Processing Project: relampago---------------------------------
Welcome! linkChecker.pl  began on Mon Jul 16 16:24:58 2018
Verifying URL's for relampago
Processing ./relampago_finalURLName.txt
End Processing for relampago 
----------------------------------------
See you later! linkChecker.pl ended on Mon Jul 16 16:24:59 2018

---------------------------------Processing Project: savant---------------------------------
Welcome! linkChecker.pl  began on Mon Jul 16 16:24:59 2018
Verifying URL's for savant
Processing ./savant_finalURLName.txt
End Processing for savant 
----------------------------------------
See you later! linkChecker.pl ended on Mon Jul 16 16:24:59 2018

---------------------------------Processing Project: socrates---------------------------------
Welcome! linkChecker.pl  began on Mon Jul 16 16:24:59 2018
Verifying URL's for socrates
Processing ./socrates_finalURLName.txt
End Processing for socrates 
----------------------------------------
See you later! linkChecker.pl ended on Mon Jul 16 16:25:37 2018

---------------------------------Processing Project: vortex-se_2018---------------------------------
Welcome! linkChecker.pl  began on Mon Jul 16 16:25:37 2018
Verifying URL's for vortex-se_2018
Processing ./vortex-se_2018_finalURLName.txt
End Processing for vortex-se_2018 
----------------------------------------
See you later! linkChecker.pl ended on Mon Jul 16 16:25:49 2018

---------------------------------Processing Project: we-can---------------------------------
Welcome! linkChecker.pl  began on Mon Jul 16 16:25:49 2018
Verifying URL's for we-can
Processing ./we-can_finalURLName.txt
End Processing for we-can 
----------------------------------------
See you later! linkChecker.pl ended on Mon Jul 16 16:25:49 2018


WrapperLinkChecker.pl completed on Mon Jul 16 16:25:49 2018.

