barolo:/net/work/Projects/WINTRE-MIX/data_processing/upper_air/radiosonde/composites/5mb-> ant dayfiles
Buildfile: /net/work/Projects/WINTRE-MIX/data_processing/upper_air/radiosonde/composites/5mb/build.xml

dayfiles:
     [java] Creating the day files from data in /net/work/Projects/WINTRE-MIX/data_processing/upper_air/radiosonde/co    mposites/5mb/data and putting the files into /net/work/Projects/WINTRE-MIX/data_processing/upper_air/radiosonde/compo    sites/5mb/database using file pattern \.cls(\.gz)?$
     [java] Creating day file: 2022/01/30
     [java] Creating day file: 2022/01/31
     [java] Creating day file: 2022/02/01
     [java] Creating day file: 2022/02/02
     [java] Creating day file: 2022/02/03
     [java] Creating day file: 2022/02/04
     [java] Creating day file: 2022/02/05
     [java] Creating day file: 2022/02/06
     [java] Creating day file: 2022/02/07
     [java] Creating day file: 2022/02/08
     [java] Creating day file: 2022/02/09
     [java] Creating day file: 2022/02/10
     [java] Creating day file: 2022/02/11
     [java] Creating day file: 2022/02/12
     [java] Creating day file: 2022/02/13
     [java] Creating day file: 2022/02/14
     [java] Creating day file: 2022/02/15
     [java] Creating day file: 2022/02/16
     [java] Creating day file: 2022/02/17
     [java] Creating day file: 2022/02/18
     [java] Creating day file: 2022/02/19
     [java] Creating day file: 2022/02/20
     [java] Creating day file: 2022/02/21
     [java] Creating day file: 2022/02/22
     [java] Creating day file: 2022/02/23
     [java] Creating day file: 2022/02/24
     [java] Creating day file: 2022/02/25
     [java] Creating day file: 2022/02/26
     [java] Creating day file: 2022/02/27
     [java] Creating day file: 2022/02/28
     [java] Creating day file: 2022/03/01
     [java] Creating day file: 2022/03/02
     [java] Creating day file: 2022/03/03
     [java] Creating day file: 2022/03/04
     [java] Creating day file: 2022/03/05
     [java] Creating day file: 2022/03/06
     [java] Creating day file: 2022/03/07
     [java] Creating day file: 2022/03/08
     [java] Creating day file: 2022/03/09
     [java] Creating day file: 2022/03/10
     [java] Creating day file: 2022/03/11
     [java] Creating day file: 2022/03/12
     [java] Creating day file: 2022/03/13
     [java] Creating day file: 2022/03/14
     [java] Creating day file: 2022/03/15
     [java] Creating day file: 2022/03/16

BUILD SUCCESSFUL
Total time: 13 seconds
