    2075   97947  539500 solar_19991219.0qc
   15067  711288 3917420 solar_19991220.0qc
   13011  612411 3382860 solar_19991221.0qc
   14744  693699 3833440 solar_19991222.0qc
   14518  683274 3774680 solar_19991223.0qc
   15348  722472 3990480 solar_19991224.0qc
   15339  722145 3988140 solar_19991225.0qc
   14715  694658 3825900 solar_19991226.0qc
   15333  723191 3986580 solar_19991227.0qc
   15607  736258 4057820 solar_19991228.0qc
   15838  746310 4117880 solar_19991229.0qc
   16102  758004 4186520 solar_19991230.0qc
   15944  751029 4145440 solar_19991231.0qc
   15940  750686 4144400 solar_20000101.0qc
   16013  754805 4163380 solar_20000102.0qc
   16023  755626 4165980 solar_20000103.0qc
   15851  748214 4121260 solar_20000104.0qc
   14042  662295 3650920 solar_20000105.0qc
   15860  747561 4123600 solar_20000106.0qc
   16010  754195 4162600 solar_20000107.0qc
   16020  754249 4165200 solar_20000108.0qc
   12971  610910 3372460 solar_20000109.0qc
  322371 15191227 83816460 total
