
Hello! WrapperLinkChecker.pl began on Mon Jul 16 15:12:59 2018.

Input file: /net/work/software/tools/link_verification/celeste_tool/input/listofprojects_2000_2004.txt

Project(s) to be processed: 
 wamme
 epic
 amma
 ihop
 salljex
 sbi
 bamex
 ohhi
 name
 rico 

Begin loop with linkChecker.pl
---------------------------------Processing Project: wamme---------------------------------
Welcome! linkChecker.pl  began on Mon Jul 16 15:12:59 2018
Verifying URL's for wamme
Processing ./wamme_finalURLName.txt
End Processing for wamme 
----------------------------------------
See you later! linkChecker.pl ended on Mon Jul 16 15:13:07 2018

---------------------------------Processing Project: epic---------------------------------
Welcome! linkChecker.pl  began on Mon Jul 16 15:13:07 2018
Verifying URL's for epic
Processing ./epic_finalURLName.txt
End Processing for epic 
----------------------------------------
See you later! linkChecker.pl ended on Mon Jul 16 15:13:58 2018

---------------------------------Processing Project: amma---------------------------------
Welcome! linkChecker.pl  began on Mon Jul 16 15:13:58 2018
Verifying URL's for amma
Processing ./amma_finalURLName.txt
End Processing for amma 
----------------------------------------
See you later! linkChecker.pl ended on Mon Jul 16 15:14:47 2018

---------------------------------Processing Project: ihop---------------------------------
Welcome! linkChecker.pl  began on Mon Jul 16 15:14:47 2018
Verifying URL's for ihop
Processing ./ihop_finalURLName.txt
End Processing for ihop 
----------------------------------------
See you later! linkChecker.pl ended on Mon Jul 16 15:16:59 2018

---------------------------------Processing Project: salljex---------------------------------
Welcome! linkChecker.pl  began on Mon Jul 16 15:16:59 2018
Verifying URL's for salljex
Processing ./salljex_finalURLName.txt
utf8 "\xE3" does not map to Unicode at linkChecker.pl line 293, <$goodLinks> line 40.
utf8 "\xE3" does not map to Unicode at linkChecker.pl line 293, <$goodLinks> line 40.
End Processing for salljex 
----------------------------------------
See you later! linkChecker.pl ended on Mon Jul 16 15:17:24 2018

---------------------------------Processing Project: sbi---------------------------------
Welcome! linkChecker.pl  began on Mon Jul 16 15:17:24 2018
Verifying URL's for sbi
Processing ./sbi_finalURLName.txt
End Processing for sbi 
----------------------------------------
See you later! linkChecker.pl ended on Mon Jul 16 15:21:21 2018

---------------------------------Processing Project: bamex---------------------------------
Welcome! linkChecker.pl  began on Mon Jul 16 15:21:21 2018
Verifying URL's for bamex
Processing ./bamex_finalURLName.txt
End Processing for bamex 
----------------------------------------
See you later! linkChecker.pl ended on Mon Jul 16 15:22:59 2018

---------------------------------Processing Project: ohhi---------------------------------
Welcome! linkChecker.pl  began on Mon Jul 16 15:22:59 2018
Verifying URL's for ohhi
Processing ./ohhi_finalURLName.txt
End Processing for ohhi 
----------------------------------------
See you later! linkChecker.pl ended on Mon Jul 16 15:23:22 2018

---------------------------------Processing Project: name---------------------------------
Welcome! linkChecker.pl  began on Mon Jul 16 15:23:22 2018
Verifying URL's for name
Processing ./name_finalURLName.txt
utf8 "\xB0" does not map to Unicode at linkChecker.pl line 308, <$brokenLinks> line 22.
utf8 "\xB0" does not map to Unicode at linkChecker.pl line 308, <$brokenLinks> line 22.
utf8 "\xB0" does not map to Unicode at linkChecker.pl line 308, <$brokenLinks> line 52.
utf8 "\xB0" does not map to Unicode at linkChecker.pl line 308, <$brokenLinks> line 52.
End Processing for name 
----------------------------------------
See you later! linkChecker.pl ended on Mon Jul 16 15:25:46 2018

---------------------------------Processing Project: rico---------------------------------
Welcome! linkChecker.pl  began on Mon Jul 16 15:25:46 2018
Verifying URL's for rico
Processing ./rico_finalURLName.txt
utf8 "\xB0" does not map to Unicode at linkChecker.pl line 308, <$brokenLinks> line 11.
utf8 "\xB0" does not map to Unicode at linkChecker.pl line 308, <$brokenLinks> line 11.
utf8 "\xB0" does not map to Unicode at linkChecker.pl line 308, <$brokenLinks> line 30.
utf8 "\xB0" does not map to Unicode at linkChecker.pl line 308, <$brokenLinks> line 30.
End Processing for rico 
----------------------------------------
See you later! linkChecker.pl ended on Mon Jul 16 15:27:04 2018


WrapperLinkChecker.pl completed on Mon Jul 16 15:27:04 2018.

