
Hello! WrapperLinkChecker.pl began on Mon Jul 16 10:20:27 2018.

Input file: /net/work/software/tools/link_verification/celeste_tool/input/listofprojects_ALL.txt

Project(s) to be processed: 
 ace-ena
 adele_sprite
 amma
 arcss
 aristo2015
 aristo2016
 aristo2017
 atlas
 bamex
 best
 bsierp
 cases-97
 cases-99
 ccope-2015
 contrast
 cset
 cupido
 dbo
 dc3
 DC3
 deepwave
 dynamo
 eclipse
 epic
 frappe
 front
 front-de2
 front-rose
 front-step
 grainex
 haic-hiwc
 haic-hiwc_2015
 hcrtest
 hippo
 hippo-1
 hippo-2
 hippo-3
 hippo-4
 hippo-5
 hiwc-fl
 icebridge
 icebridge-2015
 ice-l
 ice-t
 ideal
 ideas-1
 ideas-2
 ideas-3
 ideas-4_c130
 ideas-4_gv
 ifracs
 ihop
 indoex
 itex
 itop
 latte
 lpb
 mascrad
 materhorn-x
 milagro
 mitts
 mpex
 name
 noreaster
 ohhi
 orcas
 owles
 pacdex
 pacmars
 pacs
 pase
 pecan
 perdigao
 plows
 post
 predict
 rainex
 relampago
 rico
 saangria-test
 sabirpod
 salljex
 sas
 savant
 sbi
 sheba
 snowie
 socrates
 socrates-test
 sprites-ii
 start08
 t28
 tci
 timrex
 torero
 t-parc
 trex
 vertex
 vocals
 vortex2
 vortex-se_2016
 vortex-se_2017
 vortex-se_2018
 wamme
 we-can
 we-can-test
 winter
 

Begin loop with linkChecker.pl
---------------------------------Processing Project: ace-ena---------------------------------
Welcome! linkChecker.pl  began on Mon Jul 16 10:20:27 2018
Verifying URL's for ace-ena
Processing ./ace-ena_finalURLName.txt
End Processing for ace-ena 
----------------------------------------
See you later! linkChecker.pl ended on Mon Jul 16 10:20:27 2018

---------------------------------Processing Project: adele_sprite---------------------------------
Welcome! linkChecker.pl  began on Mon Jul 16 10:20:27 2018
Verifying URL's for adele_sprite
Processing ./adele_sprite_finalURLName.txt
End Processing for adele_sprite 
----------------------------------------
See you later! linkChecker.pl ended on Mon Jul 16 10:20:30 2018

---------------------------------Processing Project: amma---------------------------------
Welcome! linkChecker.pl  began on Mon Jul 16 10:20:30 2018
Verifying URL's for amma
Processing ./amma_finalURLName.txt
End Processing for amma 
----------------------------------------
See you later! linkChecker.pl ended on Mon Jul 16 10:21:16 2018

---------------------------------Processing Project: arcss---------------------------------
Welcome! linkChecker.pl  began on Mon Jul 16 10:21:16 2018
Verifying URL's for arcss
Processing ./arcss_finalURLName.txt
End Processing for arcss 
----------------------------------------
See you later! linkChecker.pl ended on Mon Jul 16 10:25:36 2018

---------------------------------Processing Project: aristo2015---------------------------------
Welcome! linkChecker.pl  began on Mon Jul 16 10:25:36 2018
Verifying URL's for aristo2015
Processing ./aristo2015_finalURLName.txt
End Processing for aristo2015 
----------------------------------------
See you later! linkChecker.pl ended on Mon Jul 16 10:25:39 2018

---------------------------------Processing Project: aristo2016---------------------------------
Welcome! linkChecker.pl  began on Mon Jul 16 10:25:39 2018
Verifying URL's for aristo2016
Processing ./aristo2016_finalURLName.txt
End Processing for aristo2016 
----------------------------------------
See you later! linkChecker.pl ended on Mon Jul 16 10:25:45 2018

---------------------------------Processing Project: aristo2017---------------------------------
Welcome! linkChecker.pl  began on Mon Jul 16 10:25:45 2018
Verifying URL's for aristo2017
Processing ./aristo2017_finalURLName.txt
End Processing for aristo2017 
----------------------------------------
See you later! linkChecker.pl ended on Mon Jul 16 10:25:55 2018

---------------------------------Processing Project: atlas---------------------------------
Welcome! linkChecker.pl  began on Mon Jul 16 10:25:55 2018
Verifying URL's for atlas
Processing ./atlas_finalURLName.txt
End Processing for atlas 
----------------------------------------
See you later! linkChecker.pl ended on Mon Jul 16 10:27:59 2018

---------------------------------Processing Project: bamex---------------------------------
Welcome! linkChecker.pl  began on Mon Jul 16 10:27:59 2018
Verifying URL's for bamex
Processing ./bamex_finalURLName.txt
End Processing for bamex 
----------------------------------------
See you later! linkChecker.pl ended on Mon Jul 16 10:29:49 2018

---------------------------------Processing Project: best---------------------------------
Welcome! linkChecker.pl  began on Mon Jul 16 10:29:49 2018
Verifying URL's for best
Processing ./best_finalURLName.txt
End Processing for best 
----------------------------------------
See you later! linkChecker.pl ended on Mon Jul 16 10:34:45 2018

---------------------------------Processing Project: bsierp---------------------------------
Welcome! linkChecker.pl  began on Mon Jul 16 10:34:45 2018
Verifying URL's for bsierp
Processing ./bsierp_finalURLName.txt
End Processing for bsierp 
----------------------------------------
See you later! linkChecker.pl ended on Mon Jul 16 10:35:56 2018

---------------------------------Processing Project: cases-97---------------------------------
Welcome! linkChecker.pl  began on Mon Jul 16 10:35:56 2018
Verifying URL's for cases-97
Processing ./cases-97_finalURLName.txt
End Processing for cases-97 
----------------------------------------
See you later! linkChecker.pl ended on Mon Jul 16 10:36:06 2018

---------------------------------Processing Project: cases-99---------------------------------
Welcome! linkChecker.pl  began on Mon Jul 16 10:36:06 2018
Verifying URL's for cases-99
Processing ./cases-99_finalURLName.txt
End Processing for cases-99 
----------------------------------------
See you later! linkChecker.pl ended on Mon Jul 16 10:36:21 2018

---------------------------------Processing Project: ccope-2015---------------------------------
Welcome! linkChecker.pl  began on Mon Jul 16 10:36:21 2018
Verifying URL's for ccope-2015
Processing ./ccope-2015_finalURLName.txt
End Processing for ccope-2015 
----------------------------------------
See you later! linkChecker.pl ended on Mon Jul 16 10:36:21 2018

---------------------------------Processing Project: contrast---------------------------------
Welcome! linkChecker.pl  began on Mon Jul 16 10:36:21 2018
Verifying URL's for contrast
Processing ./contrast_finalURLName.txt
End Processing for contrast 
----------------------------------------
See you later! linkChecker.pl ended on Mon Jul 16 10:37:09 2018

---------------------------------Processing Project: cset---------------------------------
Welcome! linkChecker.pl  began on Mon Jul 16 10:37:09 2018
Verifying URL's for cset
Processing ./cset_finalURLName.txt
End Processing for cset 
----------------------------------------
See you later! linkChecker.pl ended on Mon Jul 16 10:37:30 2018

---------------------------------Processing Project: cupido---------------------------------
Welcome! linkChecker.pl  began on Mon Jul 16 10:37:30 2018
Verifying URL's for cupido
Processing ./cupido_finalURLName.txt
End Processing for cupido 
----------------------------------------
See you later! linkChecker.pl ended on Mon Jul 16 10:37:51 2018

---------------------------------Processing Project: dbo---------------------------------
Welcome! linkChecker.pl  began on Mon Jul 16 10:37:51 2018
Verifying URL's for dbo
Processing ./dbo_finalURLName.txt
End Processing for dbo 
----------------------------------------
See you later! linkChecker.pl ended on Mon Jul 16 10:39:29 2018

---------------------------------Processing Project: dc3---------------------------------
Welcome! linkChecker.pl  began on Mon Jul 16 10:39:29 2018
Verifying URL's for dc3
Processing ./dc3_finalURLName.txt
sh: -c: line 0: syntax error near unexpected token `('
sh: -c: line 0: `wget --spider -nd -nv --timeout=1 --tries=2 -a dc3_wget_log.txt  (NCAR-EOL) '
End Processing for dc3 
----------------------------------------
See you later! linkChecker.pl ended on Mon Jul 16 10:44:49 2018

---------------------------------Processing Project: DC3---------------------------------
ERROR: The project format is not correct. Please use lower case at linkChecker.pl line 44.
Welcome! linkChecker.pl  began on Mon Jul 16 10:44:49 2018

---------------------------------Processing Project: deepwave---------------------------------
Welcome! linkChecker.pl  began on Mon Jul 16 10:44:49 2018
Verifying URL's for deepwave
Processing ./deepwave_finalURLName.txt
End Processing for deepwave 
----------------------------------------
See you later! linkChecker.pl ended on Mon Jul 16 10:46:39 2018

---------------------------------Processing Project: dynamo---------------------------------
Welcome! linkChecker.pl  began on Mon Jul 16 10:46:39 2018
Verifying URL's for dynamo
Processing ./dynamo_finalURLName.txt
sh: -c: line 0: syntax error near unexpected token `('
sh: -c: line 0: `wget --spider -nd -nv --timeout=1 --tries=2 -a dynamo_wget_log.txt  Indonesia Site - Manado Radiosonde L3.1 Data (ESC Format) '
End Processing for dynamo 
----------------------------------------
See you later! linkChecker.pl ended on Mon Jul 16 10:51:39 2018

---------------------------------Processing Project: eclipse---------------------------------
Welcome! linkChecker.pl  began on Mon Jul 16 10:51:39 2018
Verifying URL's for eclipse
Processing ./eclipse_finalURLName.txt
End Processing for eclipse 
----------------------------------------
See you later! linkChecker.pl ended on Mon Jul 16 10:51:39 2018

---------------------------------Processing Project: epic---------------------------------
Welcome! linkChecker.pl  began on Mon Jul 16 10:51:39 2018
Verifying URL's for epic
Processing ./epic_finalURLName.txt
End Processing for epic 
----------------------------------------
See you later! linkChecker.pl ended on Mon Jul 16 10:52:28 2018

---------------------------------Processing Project: frappe---------------------------------
Welcome! linkChecker.pl  began on Mon Jul 16 10:52:28 2018
Verifying URL's for frappe
Processing ./frappe_finalURLName.txt
End Processing for frappe 
----------------------------------------
See you later! linkChecker.pl ended on Mon Jul 16 10:52:35 2018

---------------------------------Processing Project: front---------------------------------
Welcome! linkChecker.pl  began on Mon Jul 16 10:52:35 2018
Verifying URL's for front
Processing ./front_finalURLName.txt
End Processing for front 
----------------------------------------
See you later! linkChecker.pl ended on Mon Jul 16 10:52:37 2018

---------------------------------Processing Project: front-de2---------------------------------
Welcome! linkChecker.pl  began on Mon Jul 16 10:52:37 2018
Verifying URL's for front-de2
Processing ./front-de2_finalURLName.txt
End Processing for front-de2 
----------------------------------------
See you later! linkChecker.pl ended on Mon Jul 16 10:52:38 2018

---------------------------------Processing Project: front-rose---------------------------------
Welcome! linkChecker.pl  began on Mon Jul 16 10:52:38 2018
Verifying URL's for front-rose
Processing ./front-rose_finalURLName.txt
End Processing for front-rose 
----------------------------------------
See you later! linkChecker.pl ended on Mon Jul 16 10:52:40 2018

---------------------------------Processing Project: front-step---------------------------------
Welcome! linkChecker.pl  began on Mon Jul 16 10:52:40 2018
Verifying URL's for front-step
Processing ./front-step_finalURLName.txt
End Processing for front-step 
----------------------------------------
See you later! linkChecker.pl ended on Mon Jul 16 10:52:41 2018

---------------------------------Processing Project: grainex---------------------------------
Welcome! linkChecker.pl  began on Mon Jul 16 10:52:41 2018
Verifying URL's for grainex
Processing ./grainex_finalURLName.txt
End Processing for grainex 
----------------------------------------
See you later! linkChecker.pl ended on Mon Jul 16 10:52:41 2018

---------------------------------Processing Project: haic-hiwc---------------------------------
Welcome! linkChecker.pl  began on Mon Jul 16 10:52:41 2018
Verifying URL's for haic-hiwc
Processing ./haic-hiwc_finalURLName.txt
End Processing for haic-hiwc 
----------------------------------------
See you later! linkChecker.pl ended on Mon Jul 16 10:53:02 2018

---------------------------------Processing Project: haic-hiwc_2015---------------------------------
Welcome! linkChecker.pl  began on Mon Jul 16 10:53:02 2018
Verifying URL's for haic-hiwc_2015
Processing ./haic-hiwc_2015_finalURLName.txt
End Processing for haic-hiwc_2015 
----------------------------------------
See you later! linkChecker.pl ended on Mon Jul 16 10:53:19 2018

---------------------------------Processing Project: hcrtest---------------------------------
Welcome! linkChecker.pl  began on Mon Jul 16 10:53:19 2018
Verifying URL's for hcrtest
Processing ./hcrtest_finalURLName.txt
End Processing for hcrtest 
----------------------------------------
See you later! linkChecker.pl ended on Mon Jul 16 10:53:20 2018

---------------------------------Processing Project: hippo---------------------------------
Welcome! linkChecker.pl  began on Mon Jul 16 10:53:20 2018
Verifying URL's for hippo
Processing ./hippo_finalURLName.txt
End Processing for hippo 
----------------------------------------
See you later! linkChecker.pl ended on Mon Jul 16 10:53:20 2018

---------------------------------Processing Project: hippo-1---------------------------------
Welcome! linkChecker.pl  began on Mon Jul 16 10:53:20 2018
Verifying URL's for hippo-1
Processing ./hippo-1_finalURLName.txt
End Processing for hippo-1 
----------------------------------------
See you later! linkChecker.pl ended on Mon Jul 16 10:53:42 2018

---------------------------------Processing Project: hippo-2---------------------------------
Welcome! linkChecker.pl  began on Mon Jul 16 10:53:42 2018
Verifying URL's for hippo-2
Processing ./hippo-2_finalURLName.txt
End Processing for hippo-2 
----------------------------------------
See you later! linkChecker.pl ended on Mon Jul 16 10:54:16 2018

---------------------------------Processing Project: hippo-3---------------------------------
Welcome! linkChecker.pl  began on Mon Jul 16 10:54:16 2018
Verifying URL's for hippo-3
Processing ./hippo-3_finalURLName.txt
End Processing for hippo-3 
----------------------------------------
See you later! linkChecker.pl ended on Mon Jul 16 10:54:42 2018

---------------------------------Processing Project: hippo-4---------------------------------
Welcome! linkChecker.pl  began on Mon Jul 16 10:54:42 2018
Verifying URL's for hippo-4
Processing ./hippo-4_finalURLName.txt
End Processing for hippo-4 
----------------------------------------
See you later! linkChecker.pl ended on Mon Jul 16 10:55:04 2018

---------------------------------Processing Project: hippo-5---------------------------------
Welcome! linkChecker.pl  began on Mon Jul 16 10:55:04 2018
Verifying URL's for hippo-5
Processing ./hippo-5_finalURLName.txt
End Processing for hippo-5 
----------------------------------------
See you later! linkChecker.pl ended on Mon Jul 16 10:55:24 2018

---------------------------------Processing Project: hiwc-fl---------------------------------
Welcome! linkChecker.pl  began on Mon Jul 16 10:55:24 2018
Verifying URL's for hiwc-fl
Processing ./hiwc-fl_finalURLName.txt
End Processing for hiwc-fl 
----------------------------------------
See you later! linkChecker.pl ended on Mon Jul 16 10:55:34 2018

---------------------------------Processing Project: icebridge---------------------------------
Welcome! linkChecker.pl  began on Mon Jul 16 10:55:34 2018
Verifying URL's for icebridge
Processing ./icebridge_finalURLName.txt
End Processing for icebridge 
----------------------------------------
See you later! linkChecker.pl ended on Mon Jul 16 10:55:34 2018

---------------------------------Processing Project: icebridge-2015---------------------------------
Welcome! linkChecker.pl  began on Mon Jul 16 10:55:34 2018
Verifying URL's for icebridge-2015
Processing ./icebridge-2015_finalURLName.txt
End Processing for icebridge-2015 
----------------------------------------
See you later! linkChecker.pl ended on Mon Jul 16 10:55:39 2018

---------------------------------Processing Project: ice-l---------------------------------
Welcome! linkChecker.pl  began on Mon Jul 16 10:55:39 2018
Verifying URL's for ice-l
Processing ./ice-l_finalURLName.txt
End Processing for ice-l 
----------------------------------------
See you later! linkChecker.pl ended on Mon Jul 16 10:55:55 2018

---------------------------------Processing Project: ice-t---------------------------------
Welcome! linkChecker.pl  began on Mon Jul 16 10:55:55 2018
Verifying URL's for ice-t
Processing ./ice-t_finalURLName.txt
End Processing for ice-t 
----------------------------------------
See you later! linkChecker.pl ended on Mon Jul 16 10:56:09 2018

---------------------------------Processing Project: ideal---------------------------------
Welcome! linkChecker.pl  began on Mon Jul 16 10:56:09 2018
Verifying URL's for ideal
Processing ./ideal_finalURLName.txt
End Processing for ideal 
----------------------------------------
See you later! linkChecker.pl ended on Mon Jul 16 10:56:12 2018

---------------------------------Processing Project: ideas-1---------------------------------
Welcome! linkChecker.pl  began on Mon Jul 16 10:56:12 2018
Verifying URL's for ideas-1
Processing ./ideas-1_finalURLName.txt
End Processing for ideas-1 
----------------------------------------
See you later! linkChecker.pl ended on Mon Jul 16 10:56:13 2018

---------------------------------Processing Project: ideas-2---------------------------------
Welcome! linkChecker.pl  began on Mon Jul 16 10:56:13 2018
Verifying URL's for ideas-2
Processing ./ideas-2_finalURLName.txt
End Processing for ideas-2 
----------------------------------------
See you later! linkChecker.pl ended on Mon Jul 16 10:56:14 2018

---------------------------------Processing Project: ideas-3---------------------------------
Welcome! linkChecker.pl  began on Mon Jul 16 10:56:14 2018
Verifying URL's for ideas-3
Processing ./ideas-3_finalURLName.txt
End Processing for ideas-3 
----------------------------------------
See you later! linkChecker.pl ended on Mon Jul 16 10:56:14 2018

---------------------------------Processing Project: ideas-4_c130---------------------------------
Welcome! linkChecker.pl  began on Mon Jul 16 10:56:14 2018
Verifying URL's for ideas-4_c130
Processing ./ideas-4_c130_finalURLName.txt
End Processing for ideas-4_c130 
----------------------------------------
See you later! linkChecker.pl ended on Mon Jul 16 10:56:20 2018

---------------------------------Processing Project: ideas-4_gv---------------------------------
Welcome! linkChecker.pl  began on Mon Jul 16 10:56:20 2018
Verifying URL's for ideas-4_gv
Processing ./ideas-4_gv_finalURLName.txt
wget: missing URL
Usage: wget [OPTION]... [URL]...

Try `wget --help' for more options.
End Processing for ideas-4_gv 
----------------------------------------
See you later! linkChecker.pl ended on Mon Jul 16 10:56:26 2018

---------------------------------Processing Project: ifracs---------------------------------
Welcome! linkChecker.pl  began on Mon Jul 16 10:56:26 2018
Verifying URL's for ifracs
Processing ./ifracs_finalURLName.txt
End Processing for ifracs 
----------------------------------------
See you later! linkChecker.pl ended on Mon Jul 16 10:56:26 2018

---------------------------------Processing Project: ihop---------------------------------
Welcome! linkChecker.pl  began on Mon Jul 16 10:56:26 2018
Verifying URL's for ihop
Processing ./ihop_finalURLName.txt
End Processing for ihop 
----------------------------------------
See you later! linkChecker.pl ended on Mon Jul 16 10:58:16 2018

---------------------------------Processing Project: indoex---------------------------------
Welcome! linkChecker.pl  began on Mon Jul 16 10:58:16 2018
Verifying URL's for indoex
Processing ./indoex_finalURLName.txt
End Processing for indoex 
----------------------------------------
See you later! linkChecker.pl ended on Mon Jul 16 10:58:45 2018

---------------------------------Processing Project: itex---------------------------------
Welcome! linkChecker.pl  began on Mon Jul 16 10:58:45 2018
Verifying URL's for itex
Processing ./itex_finalURLName.txt
End Processing for itex 
----------------------------------------
See you later! linkChecker.pl ended on Mon Jul 16 10:59:58 2018

---------------------------------Processing Project: itop---------------------------------
Welcome! linkChecker.pl  began on Mon Jul 16 10:59:58 2018
Verifying URL's for itop
Processing ./itop_finalURLName.txt
End Processing for itop 
----------------------------------------
See you later! linkChecker.pl ended on Mon Jul 16 11:02:04 2018

---------------------------------Processing Project: latte---------------------------------
Welcome! linkChecker.pl  began on Mon Jul 16 11:02:04 2018
Verifying URL's for latte
Processing ./latte_finalURLName.txt
End Processing for latte 
----------------------------------------
See you later! linkChecker.pl ended on Mon Jul 16 11:02:06 2018

---------------------------------Processing Project: lpb---------------------------------
Welcome! linkChecker.pl  began on Mon Jul 16 11:02:06 2018
Verifying URL's for lpb
Processing ./lpb_finalURLName.txt
utf8 "\xB0" does not map to Unicode at linkChecker.pl line 308, <$brokenLinks> line 10.
utf8 "\xB0" does not map to Unicode at linkChecker.pl line 308, <$brokenLinks> line 10.
utf8 "\xB0" does not map to Unicode at linkChecker.pl line 308, <$brokenLinks> line 30.
utf8 "\xB0" does not map to Unicode at linkChecker.pl line 308, <$brokenLinks> line 30.
End Processing for lpb 
----------------------------------------
See you later! linkChecker.pl ended on Mon Jul 16 11:03:21 2018

---------------------------------Processing Project: mascrad---------------------------------
Welcome! linkChecker.pl  began on Mon Jul 16 11:03:21 2018
Verifying URL's for mascrad
Processing ./mascrad_finalURLName.txt
End Processing for mascrad 
----------------------------------------
See you later! linkChecker.pl ended on Mon Jul 16 11:03:21 2018

---------------------------------Processing Project: materhorn-x---------------------------------
Welcome! linkChecker.pl  began on Mon Jul 16 11:03:21 2018
Verifying URL's for materhorn-x
Processing ./materhorn-x_finalURLName.txt
End Processing for materhorn-x 
----------------------------------------
See you later! linkChecker.pl ended on Mon Jul 16 11:03:36 2018

---------------------------------Processing Project: milagro---------------------------------
Welcome! linkChecker.pl  began on Mon Jul 16 11:03:36 2018
Verifying URL's for milagro
Processing ./milagro_finalURLName.txt
End Processing for milagro 
----------------------------------------
See you later! linkChecker.pl ended on Mon Jul 16 11:07:28 2018

---------------------------------Processing Project: mitts---------------------------------
Welcome! linkChecker.pl  began on Mon Jul 16 11:07:28 2018
Verifying URL's for mitts
Processing ./mitts_finalURLName.txt
End Processing for mitts 
----------------------------------------
See you later! linkChecker.pl ended on Mon Jul 16 11:07:31 2018

---------------------------------Processing Project: mpex---------------------------------
Welcome! linkChecker.pl  began on Mon Jul 16 11:07:31 2018
Verifying URL's for mpex
Processing ./mpex_finalURLName.txt
End Processing for mpex 
----------------------------------------
See you later! linkChecker.pl ended on Mon Jul 16 11:08:02 2018

---------------------------------Processing Project: name---------------------------------
Welcome! linkChecker.pl  began on Mon Jul 16 11:08:02 2018
Verifying URL's for name
Processing ./name_finalURLName.txt
utf8 "\xB0" does not map to Unicode at linkChecker.pl line 308, <$brokenLinks> line 22.
utf8 "\xB0" does not map to Unicode at linkChecker.pl line 308, <$brokenLinks> line 22.
utf8 "\xB0" does not map to Unicode at linkChecker.pl line 308, <$brokenLinks> line 52.
utf8 "\xB0" does not map to Unicode at linkChecker.pl line 308, <$brokenLinks> line 52.
End Processing for name 
----------------------------------------
See you later! linkChecker.pl ended on Mon Jul 16 11:10:29 2018

---------------------------------Processing Project: noreaster---------------------------------
Welcome! linkChecker.pl  began on Mon Jul 16 11:10:29 2018
Verifying URL's for noreaster
Processing ./noreaster_finalURLName.txt
End Processing for noreaster 
----------------------------------------
See you later! linkChecker.pl ended on Mon Jul 16 11:10:31 2018

---------------------------------Processing Project: ohhi---------------------------------
Welcome! linkChecker.pl  began on Mon Jul 16 11:10:31 2018
Verifying URL's for ohhi
Processing ./ohhi_finalURLName.txt
End Processing for ohhi 
----------------------------------------
See you later! linkChecker.pl ended on Mon Jul 16 11:10:56 2018

---------------------------------Processing Project: orcas---------------------------------
Welcome! linkChecker.pl  began on Mon Jul 16 11:10:56 2018
Verifying URL's for orcas
Processing ./orcas_finalURLName.txt
End Processing for orcas 
----------------------------------------
See you later! linkChecker.pl ended on Mon Jul 16 11:11:16 2018

---------------------------------Processing Project: owles---------------------------------
Welcome! linkChecker.pl  began on Mon Jul 16 11:11:16 2018
Verifying URL's for owles
Processing ./owles_finalURLName.txt
End Processing for owles 
----------------------------------------
See you later! linkChecker.pl ended on Mon Jul 16 11:11:45 2018

---------------------------------Processing Project: pacdex---------------------------------
Welcome! linkChecker.pl  began on Mon Jul 16 11:11:45 2018
Verifying URL's for pacdex
Processing ./pacdex_finalURLName.txt
End Processing for pacdex 
----------------------------------------
See you later! linkChecker.pl ended on Mon Jul 16 11:11:51 2018

---------------------------------Processing Project: pacmars---------------------------------
Welcome! linkChecker.pl  began on Mon Jul 16 11:11:51 2018
Verifying URL's for pacmars
Processing ./pacmars_finalURLName.txt
End Processing for pacmars 
----------------------------------------
See you later! linkChecker.pl ended on Mon Jul 16 11:13:13 2018

---------------------------------Processing Project: pacs---------------------------------
Welcome! linkChecker.pl  began on Mon Jul 16 11:13:13 2018
Verifying URL's for pacs
Processing ./pacs_finalURLName.txt
utf8 "\xE1" does not map to Unicode at linkChecker.pl line 308, <$brokenLinks> line 20.
End Processing for pacs 
----------------------------------------
See you later! linkChecker.pl ended on Mon Jul 16 11:13:46 2018

---------------------------------Processing Project: pase---------------------------------
Welcome! linkChecker.pl  began on Mon Jul 16 11:13:46 2018
Verifying URL's for pase
Processing ./pase_finalURLName.txt
End Processing for pase 
----------------------------------------
See you later! linkChecker.pl ended on Mon Jul 16 11:13:54 2018

---------------------------------Processing Project: pecan---------------------------------
Welcome! linkChecker.pl  began on Mon Jul 16 11:13:54 2018
Verifying URL's for pecan
Processing ./pecan_finalURLName.txt
End Processing for pecan 
----------------------------------------
See you later! linkChecker.pl ended on Mon Jul 16 11:16:01 2018

---------------------------------Processing Project: perdigao---------------------------------
Welcome! linkChecker.pl  began on Mon Jul 16 11:16:01 2018
Verifying URL's for perdigao
Processing ./perdigao_finalURLName.txt
End Processing for perdigao 
----------------------------------------
See you later! linkChecker.pl ended on Mon Jul 16 11:16:25 2018

---------------------------------Processing Project: plows---------------------------------
Welcome! linkChecker.pl  began on Mon Jul 16 11:16:25 2018
Verifying URL's for plows
Processing ./plows_finalURLName.txt
End Processing for plows 
----------------------------------------
See you later! linkChecker.pl ended on Mon Jul 16 11:16:51 2018

---------------------------------Processing Project: post---------------------------------
Welcome! linkChecker.pl  began on Mon Jul 16 11:16:51 2018
Verifying URL's for post
Processing ./post_finalURLName.txt
End Processing for post 
----------------------------------------
See you later! linkChecker.pl ended on Mon Jul 16 11:17:02 2018

---------------------------------Processing Project: predict---------------------------------
Welcome! linkChecker.pl  began on Mon Jul 16 11:17:02 2018
Verifying URL's for predict
Processing ./predict_finalURLName.txt
End Processing for predict 
----------------------------------------
See you later! linkChecker.pl ended on Mon Jul 16 11:17:56 2018

---------------------------------Processing Project: rainex---------------------------------
Welcome! linkChecker.pl  began on Mon Jul 16 11:17:56 2018
Verifying URL's for rainex
Processing ./rainex_finalURLName.txt
End Processing for rainex 
----------------------------------------
See you later! linkChecker.pl ended on Mon Jul 16 11:18:43 2018

---------------------------------Processing Project: relampago---------------------------------
Welcome! linkChecker.pl  began on Mon Jul 16 11:18:43 2018
Verifying URL's for relampago
Processing ./relampago_finalURLName.txt
End Processing for relampago 
----------------------------------------
See you later! linkChecker.pl ended on Mon Jul 16 11:18:44 2018

---------------------------------Processing Project: rico---------------------------------
Welcome! linkChecker.pl  began on Mon Jul 16 11:18:44 2018
Verifying URL's for rico
Processing ./rico_finalURLName.txt
utf8 "\xB0" does not map to Unicode at linkChecker.pl line 308, <$brokenLinks> line 11.
utf8 "\xB0" does not map to Unicode at linkChecker.pl line 308, <$brokenLinks> line 11.
utf8 "\xB0" does not map to Unicode at linkChecker.pl line 308, <$brokenLinks> line 30.
utf8 "\xB0" does not map to Unicode at linkChecker.pl line 308, <$brokenLinks> line 30.
End Processing for rico 
----------------------------------------
See you later! linkChecker.pl ended on Mon Jul 16 11:20:04 2018

---------------------------------Processing Project: saangria-test---------------------------------
Welcome! linkChecker.pl  began on Mon Jul 16 11:20:04 2018
Verifying URL's for saangria-test
Processing ./saangria-test_finalURLName.txt
End Processing for saangria-test 
----------------------------------------
See you later! linkChecker.pl ended on Mon Jul 16 11:20:06 2018

---------------------------------Processing Project: sabirpod---------------------------------
Welcome! linkChecker.pl  began on Mon Jul 16 11:20:06 2018
Verifying URL's for sabirpod
Processing ./sabirpod_finalURLName.txt
End Processing for sabirpod 
----------------------------------------
See you later! linkChecker.pl ended on Mon Jul 16 11:20:08 2018

---------------------------------Processing Project: salljex---------------------------------
Welcome! linkChecker.pl  began on Mon Jul 16 11:20:08 2018
Verifying URL's for salljex
Processing ./salljex_finalURLName.txt
utf8 "\xE3" does not map to Unicode at linkChecker.pl line 293, <$goodLinks> line 40.
utf8 "\xE3" does not map to Unicode at linkChecker.pl line 293, <$goodLinks> line 40.
End Processing for salljex 
----------------------------------------
See you later! linkChecker.pl ended on Mon Jul 16 11:20:32 2018

---------------------------------Processing Project: sas---------------------------------
Welcome! linkChecker.pl  began on Mon Jul 16 11:20:32 2018
Verifying URL's for sas
Processing ./sas_finalURLName.txt
End Processing for sas 
----------------------------------------
See you later! linkChecker.pl ended on Mon Jul 16 11:22:57 2018

---------------------------------Processing Project: savant---------------------------------
Welcome! linkChecker.pl  began on Mon Jul 16 11:22:57 2018
Verifying URL's for savant
Processing ./savant_finalURLName.txt
End Processing for savant 
----------------------------------------
See you later! linkChecker.pl ended on Mon Jul 16 11:22:57 2018

---------------------------------Processing Project: sbi---------------------------------
Welcome! linkChecker.pl  began on Mon Jul 16 11:22:57 2018
Verifying URL's for sbi
Processing ./sbi_finalURLName.txt
End Processing for sbi 
----------------------------------------
See you later! linkChecker.pl ended on Mon Jul 16 11:27:00 2018

---------------------------------Processing Project: sheba---------------------------------
Welcome! linkChecker.pl  began on Mon Jul 16 11:27:00 2018
Verifying URL's for sheba
Processing ./sheba_finalURLName.txt
End Processing for sheba 
----------------------------------------
See you later! linkChecker.pl ended on Mon Jul 16 11:29:34 2018

---------------------------------Processing Project: snowie---------------------------------
Welcome! linkChecker.pl  began on Mon Jul 16 11:29:34 2018
Verifying URL's for snowie
Processing ./snowie_finalURLName.txt
End Processing for snowie 
----------------------------------------
See you later! linkChecker.pl ended on Mon Jul 16 11:29:54 2018

---------------------------------Processing Project: socrates---------------------------------
Welcome! linkChecker.pl  began on Mon Jul 16 11:29:54 2018
Verifying URL's for socrates
Processing ./socrates_finalURLName.txt
End Processing for socrates 
----------------------------------------
See you later! linkChecker.pl ended on Mon Jul 16 11:30:35 2018

---------------------------------Processing Project: socrates-test---------------------------------
Welcome! linkChecker.pl  began on Mon Jul 16 11:30:35 2018
Verifying URL's for socrates-test
Processing ./socrates-test_finalURLName.txt
End Processing for socrates-test 
----------------------------------------
See you later! linkChecker.pl ended on Mon Jul 16 11:30:36 2018

---------------------------------Processing Project: sprites-ii---------------------------------
Welcome! linkChecker.pl  began on Mon Jul 16 11:30:36 2018
Verifying URL's for sprites-ii
Processing ./sprites-ii_finalURLName.txt
End Processing for sprites-ii 
----------------------------------------
See you later! linkChecker.pl ended on Mon Jul 16 11:30:38 2018

---------------------------------Processing Project: start08---------------------------------
Welcome! linkChecker.pl  began on Mon Jul 16 11:30:38 2018
Verifying URL's for start08
Processing ./start08_finalURLName.txt
End Processing for start08 
----------------------------------------
See you later! linkChecker.pl ended on Mon Jul 16 11:30:53 2018

---------------------------------Processing Project: t28---------------------------------
Welcome! linkChecker.pl  began on Mon Jul 16 11:30:53 2018
Verifying URL's for t28
Processing ./t28_finalURLName.txt
End Processing for t28 
----------------------------------------
See you later! linkChecker.pl ended on Mon Jul 16 11:31:05 2018

---------------------------------Processing Project: tci---------------------------------
Welcome! linkChecker.pl  began on Mon Jul 16 11:31:05 2018
Verifying URL's for tci
Processing ./tci_finalURLName.txt
End Processing for tci 
----------------------------------------
See you later! linkChecker.pl ended on Mon Jul 16 11:31:33 2018

---------------------------------Processing Project: timrex---------------------------------
Welcome! linkChecker.pl  began on Mon Jul 16 11:31:33 2018
Verifying URL's for timrex
Processing ./timrex_finalURLName.txt
End Processing for timrex 
----------------------------------------
See you later! linkChecker.pl ended on Mon Jul 16 11:31:34 2018

---------------------------------Processing Project: torero---------------------------------
Welcome! linkChecker.pl  began on Mon Jul 16 11:31:34 2018
Verifying URL's for torero
Processing ./torero_finalURLName.txt
End Processing for torero 
----------------------------------------
See you later! linkChecker.pl ended on Mon Jul 16 11:32:04 2018

---------------------------------Processing Project: t-parc---------------------------------
Welcome! linkChecker.pl  began on Mon Jul 16 11:32:04 2018
Verifying URL's for t-parc
Processing ./t-parc_finalURLName.txt
End Processing for t-parc 
----------------------------------------
See you later! linkChecker.pl ended on Mon Jul 16 11:32:50 2018

---------------------------------Processing Project: trex---------------------------------
Welcome! linkChecker.pl  began on Mon Jul 16 11:32:50 2018
Verifying URL's for trex
Processing ./trex_finalURLName.txt
End Processing for trex 
----------------------------------------
See you later! linkChecker.pl ended on Mon Jul 16 11:33:59 2018

---------------------------------Processing Project: vertex---------------------------------
Welcome! linkChecker.pl  began on Mon Jul 16 11:33:59 2018
Verifying URL's for vertex
Processing ./vertex_finalURLName.txt
End Processing for vertex 
----------------------------------------
See you later! linkChecker.pl ended on Mon Jul 16 11:34:05 2018

---------------------------------Processing Project: vocals---------------------------------
Welcome! linkChecker.pl  began on Mon Jul 16 11:34:05 2018
Verifying URL's for vocals
Processing ./vocals_finalURLName.txt
sh: -c: line 0: syntax error near unexpected token `('
sh: -c: line 0: `wget --spider -nd -nv --timeout=1 --tries=2 -a vocals_wget_log.txt  http://iop.archive.arm.gov/arm-iop/0special-data/ASP_Campaigns_past/2008VOCALS/Processed_Data/High%20Speed%20Data/CAS%20%20Particle-by-Particle%20(PbP)%20%20Cloud%20Data/ '
End Processing for vocals 
----------------------------------------
See you later! linkChecker.pl ended on Mon Jul 16 11:39:07 2018

---------------------------------Processing Project: vortex2---------------------------------
Welcome! linkChecker.pl  began on Mon Jul 16 11:39:07 2018
Verifying URL's for vortex2
Processing ./vortex2_finalURLName.txt
End Processing for vortex2 
----------------------------------------
See you later! linkChecker.pl ended on Mon Jul 16 11:40:32 2018

---------------------------------Processing Project: vortex-se_2016---------------------------------
Welcome! linkChecker.pl  began on Mon Jul 16 11:40:32 2018
Verifying URL's for vortex-se_2016
Processing ./vortex-se_2016_finalURLName.txt
End Processing for vortex-se_2016 
----------------------------------------
See you later! linkChecker.pl ended on Mon Jul 16 11:40:53 2018

---------------------------------Processing Project: vortex-se_2017---------------------------------
Welcome! linkChecker.pl  began on Mon Jul 16 11:40:53 2018
Verifying URL's for vortex-se_2017
Processing ./vortex-se_2017_finalURLName.txt
End Processing for vortex-se_2017 
----------------------------------------
See you later! linkChecker.pl ended on Mon Jul 16 11:41:10 2018

---------------------------------Processing Project: vortex-se_2018---------------------------------
Welcome! linkChecker.pl  began on Mon Jul 16 11:41:10 2018
Verifying URL's for vortex-se_2018
Processing ./vortex-se_2018_finalURLName.txt
End Processing for vortex-se_2018 
----------------------------------------
See you later! linkChecker.pl ended on Mon Jul 16 11:41:22 2018

---------------------------------Processing Project: wamme---------------------------------
Welcome! linkChecker.pl  began on Mon Jul 16 11:41:22 2018
Verifying URL's for wamme
Processing ./wamme_finalURLName.txt
End Processing for wamme 
----------------------------------------
See you later! linkChecker.pl ended on Mon Jul 16 11:41:27 2018

---------------------------------Processing Project: we-can---------------------------------
Welcome! linkChecker.pl  began on Mon Jul 16 11:41:27 2018
Verifying URL's for we-can
Processing ./we-can_finalURLName.txt
End Processing for we-can 
----------------------------------------
See you later! linkChecker.pl ended on Mon Jul 16 11:41:27 2018

---------------------------------Processing Project: we-can-test---------------------------------
Welcome! linkChecker.pl  began on Mon Jul 16 11:41:27 2018
Verifying URL's for we-can-test
Processing ./we-can-test_finalURLName.txt
End Processing for we-can-test 
----------------------------------------
See you later! linkChecker.pl ended on Mon Jul 16 11:41:27 2018

---------------------------------Processing Project: winter---------------------------------
Welcome! linkChecker.pl  began on Mon Jul 16 11:41:27 2018
Verifying URL's for winter
Processing ./winter_finalURLName.txt
End Processing for winter 
----------------------------------------
See you later! linkChecker.pl ended on Mon Jul 16 11:42:08 2018


WrapperLinkChecker.pl completed on Mon Jul 16 11:42:08 2018.

