
fix_neg_zero.pl began at 99/1/2 13:49:40
Processing input file: solar_971128.0qc
Output file name is: ZERO_971128.0qc
Found station with -0.00 dew_pt (  -0.00) at rec 11515.
Found station with -0.00 dew_pt (  -0.00) at rec 12976.
Found station with -0.00 dew_pt (  -0.00) at rec 13178.
Found station with -0.00 dew_pt (  -0.00) at rec 13297.
Found station with -0.00 dew_pt (  -0.00) at rec 13419.
Found station with -0.00 dew_pt (  -0.00) at rec 13560.
Found station with -0.00 dew_pt (  -0.00) at rec 13772.
Found station with -0.00 dew_pt (  -0.00) at rec 13903.
Found station with -0.00 dew_pt (  -0.00) at rec 14036.
Found station with -0.00 dew_pt (  -0.00) at rec 14445.
Found station with -0.00 dew_pt (  -0.00) at rec 15026.
Found station with -0.00 dew_pt (  -0.00) at rec 15168.
Found station with -0.00 dew_pt (  -0.00) at rec 15314.
Found station with -0.00 dew_pt (  -0.00) at rec 15479.
Found station with -0.00 dew_pt (  -0.00) at rec 15719.
Found station with -0.00 dew_pt (  -0.00) at rec 15876.
Found station with -0.00 dew_pt (  -0.00) at rec 16036.
fix_neg_zero.pl ended at 99/1/2 13:50:30
