   15098  712958 3925480 utc_19991220.qcf
   13338  627891 3467880 utc_19991221.qcf
   14400  677542 3744000 utc_19991222.qcf
   14467  680782 3761420 utc_19991223.qcf
   15349  722618 3990740 utc_19991224.qcf
   15364  723100 3994640 utc_19991225.qcf
   14999  708180 3899740 utc_19991226.qcf
   14995  707218 3898700 utc_19991227.qcf
   15585  735340 4052100 utc_19991228.qcf
   15759  742441 4097340 utc_19991229.qcf
   16111  758498 4188860 utc_19991230.qcf
   16074  757192 4179240 utc_19991231.qcf
   15828  745297 4115280 utc_20000101.qcf
   16012  754810 4163120 utc_20000102.qcf
   16025  755433 4166500 utc_20000103.qcf
   15841  748000 4118660 utc_20000104.qcf
   14376  677952 3737760 utc_20000105.qcf
   15524  731803 4036240 utc_20000106.qcf
   16034  755325 4168840 utc_20000107.qcf
   16082  757276 4181320 utc_20000108.qcf
   15110  711571 3928600 utc_20000109.qcf
   15708  741427 4084080 utc_20000110.qcf
   16135  761819 4195100 utc_20000111.qcf
   15859  747647 4123340 utc_20000112.qcf
   15822  744909 4113720 utc_20000113.qcf
   15755  742591 4096300 utc_20000114.qcf
   15556  732919 4044560 utc_20000115.qcf
   15962  752511 4150120 utc_20000116.qcf
   16076  758304 4179760 utc_20000117.qcf
   16012  753891 4163120 utc_20000118.qcf
   15988  753786 4156880 utc_20000119.qcf
   16121  759741 4191460 utc_20000120.qcf
  497365 23440772 129314900 total
