ML.0;94.002;290781
ML.10;94.003;290782
ML.100;85.156;290783
ML.101;85.157;290784
ML.1017;93.041;290785
ML.1018;93.042;290786
ML.1019;93.043;290787
ML.102;85.158;290788
ML.1020;93.044;290789
ML.1021;93.045;290790
ML.1022;93.046;290791
ML.1023;93.047;290792
ML.1024;93.048;290793
ML.1026;93.049;290794
ML.1027;93.050;290795
ML.1028;93.051;290796
ML.1029;93.052;290797
ML.103;85.159;290798
ML.1030;93.053;290799
ML.1031;93.054;290800
ML.1032;93.055;290801
ML.1033;93.056;290802
ML.1034;93.057;290803
ML.1035;93.058;290804
ML.1036;93.059;290805
ML.1037;93.060;290806
ML.1038;93.061;290807
ML.1039;93.062;290808
ML.104;85.160;290809
ML.1040;93.063;290810
ML.1042;93.064;290811
ML.1043;93.065;290812
ML.1044;93.066;290813
ML.105;85.161;290814
ML.1050;93.067;290815
ML.1057;93.068;290816
ML.1058;93.069;290817
ML.1059;93.070;290818
ML.106;85.162;290819
ML.1060;93.071;290820
ML.1061;93.072;290821
ML.1062;93.073;290822
ML.1064;93.074;290823
ML.1065;93.075;290824
ML.1066;93.076;290825
ML.1067;93.077;290826
ML.1068;93.078;290827
ML.1069;93.079;290828
ML.107;85.163;290829
ML.1070;93.080;290830
ML.1071;93.081;290831
ML.1072;93.082;290832
ML.1073;93.083;290833
ML.1074;93.084;290834
ML.1075;93.085;290835
ML.1076;93.086;290836
ML.1077;93.087;290837
ML.1078;93.088;290838
ML.108;85.164;290839
ML.1081;93.089;290840
ML.1082;93.090;290841
ML.1083;93.091;290842
ML.1088;93.092;290843
ML.1089;93.093;290844
ML.109;85.165;290845
ML.1090;93.094;290846
ML.11;94.004;290847
ML.110;85.166;290848
ML.1104;93.095;290849
ML.1105;93.096;290850
ML.1107;93.097;290851
ML.111;85.167;290852
ML.1115;93.098;290853
ML.1116;93.099;290854
ML.1117;93.100;290855
ML.1118;93.101;290856
ML.1119;93.102;290857
ML.112;85.168;290858
ML.1120;93.103;290859
ML.1121;93.104;290860
ML.1123;93.105;290861
ML.1124;93.106;290862
ML.1125;93.107;290863
ML.1127;93.108;290864
ML.1128;93.109;290865
ML.1129;93.110;290866
ML.113;85.169;290867
ML.1132;93.111;290868
ML.1133;93.112;290869
ML.1134;93.113;290870
ML.1135;93.114;290871
ML.1136;93.115;290872
ML.1137;93.116;290873
ML.1138;93.117;290874
ML.114;85.170;290875
ML.1140;93.118;290876
ML.1143;93.119;290877
ML.1144;93.120;290878
ML.1145;93.121;290879
ML.1146;93.122;290880
ML.1148;93.123;290881
ML.115;85.171;290882
ML.1153;93.124;290883
ML.1154;93.125;290884
ML.1155;93.126;290885
ML.1156;93.127;290886
ML.1157;93.128;290887
ML.1158;93.129;290888
ML.1159;93.130;290889
ML.116;85.172;290890
ML.1160;93.131;290891
ML.1161;93.132;290892
ML.1162;93.133;290893
ML.1166;93.134;290894
ML.1168;93.135;290895
ML.1169;93.136;290896
ML.117;85.173;290897
ML.1171;93.137;290898
ML.1177;93.138;290899
ML.1178;93.139;290900
ML.1179;93.140;290901
ML.118;72.115;290902
ML.1180;93.141;290903
ML.1181;93.142;290904
ML.1182;93.143;290905
ML.1183;93.144;290906
ML.1184;93.145;290907
ML.1185;93.146;290908
ML.1186;93.147;290909
ML.1187;93.148;290910
ML.1188;93.149;290911
ML.119;72.116;290912
ML.1190;93.150;290913
ML.1191;93.151;290914
ML.1192;93.152;290915
ML.1193;93.153;290916
ML.1194;93.154;290917
ML.1195;93.155;290918
ML.1196;93.156;290919
ML.1197;93.157;290920
ML.1198;93.158;290921
ML.1199;93.159;290922
ML.12;94.005;290923
ML.120;72.117;290924
ML.1200;93.160;290925
ML.1201;93.161;290926
ML.1202;93.162;290927
ML.1203;93.163;290928
ML.1204;93.164;290929
ML.1205;93.165;290930
ML.1206;93.166;290931
ML.1207;93.167;290932
ML.121;72.118;290933
ML.1212;93.168;290934
ML.1214;93.169;290935
ML.1217;93.170;290936
ML.1218;93.171;290937
ML.1219;93.172;290938
ML.122;72.119;290939
ML.1220;93.173;290940
ML.1221;93.174;290941
ML.1223;93.175;290942
ML.1224;93.176;290943
ML.123;72.120;290944
ML.1234;93.177;290945
ML.1235;93.178;290946
ML.1236;93.179;290947
ML.1237;93.180;290948
ML.1238;93.181;290949
ML.1239;93.182;290950
ML.124;72.121;290951
ML.1240;93.183;290952
ML.1241;93.184;290953
ML.1246;62.317;290954
ML.1247;62.318;290955
ML.1248;62.319;290956
ML.125;72.122;290957
ML.126;72.123;290958
ML.1264;93.185;290959
ML.1265;93.186;290960
ML.127;72.124;290961
ML.1274;93.187;290962
ML.1276;93.188;290963
ML.1277;93.189;290964
ML.1278;93.190;290965
ML.1279;93.191;290966
ML.128;72.125;290967
ML.129;72.126;290968
ML.13;94.006;290969
ML.1309;93.192;290970
ML.1310;93.193;290971
ML.1311;93.194;290972
ML.1312;93.195;290973
ML.1313;93.196;290974
ML.1314;93.197;290975
ML.132;72.127;290976
ML.1325;93.198;290977
ML.1328;93.199;290978
ML.133;72.128;290979
ML.1334;93.200;290980
ML.1335;93.201;290981
ML.1336;93.202;290982
ML.1337;93.203;290983
ML.1338;93.204;290984
ML.1339;93.205;290985
ML.134;72.129;290986
ML.1340;93.206;290987
ML.1341;93.207;290988
ML.1342;93.208;290989
ML.1343;93.209;290990
ML.1344;93.210;290991
ML.1345;93.211;290992
ML.1346;93.212;290993
ML.1347;93.213;290994
ML.1348;93.214;290995
ML.1349;93.215;290996
ML.1350;93.216;290997
ML.1351;93.217;290998
ML.1352;93.218;290999
ML.1353;93.219;291000
ML.1354;93.220;291001
ML.1355;93.221;291002
ML.1356;93.222;291003
ML.1357;93.223;291004
ML.1358;93.224;291005
ML.1360;93.225;291006
ML.1361;93.226;291007
ML.1362;93.227;291008
ML.1363;93.228;291009
ML.1364;93.229;291010
ML.1365;93.230;291011
ML.1366;93.231;291012
ML.1367;93.232;291013
ML.1368;93.233;291014
ML.1369;93.234;291015
ML.137;72.130;291016
ML.1370;93.235;291017
ML.1371;93.236;291018
ML.1372;93.237;291019
ML.1373;93.238;291020
ML.1374;93.239;291021
ML.1375;93.240;291022
ML.1376;93.241;291023
ML.1377;93.242;291024
ML.1378;93.243;291025
ML.1379;93.244;291026
ML.1380;93.245;291027
ML.1381;93.246;291028
ML.1382;93.247;291029
ML.1383;93.248;291030
ML.1384;93.249;291031
ML.1385;93.250;291032
ML.1386;93.251;291033
ML.1387;93.252;291034
ML.1388;93.253;291035
ML.1389;93.254;291036
ML.1390;93.255;291037
ML.1391;93.256;291038
ML.1392;93.257;291039
ML.1393;93.258;291040
ML.1396;93.259;291041
ML.1397;93.260;291042
ML.14;94.007;291043
ML.140;72.131;291044
ML.1402;93.261;291045
ML.1405;93.262;291046
ML.1406;93.263;291047
ML.1407;93.264;291048
ML.1410;93.265;291049
ML.1415;93.266;291050
ML.1416;93.267;291051
ML.1418;93.268;291052
ML.1425;93.269;291053
ML.1426;93.270;291054
ML.1428;93.271;291055
ML.1429;93.272;291056
ML.143;72.132;291057
ML.1431;93.273;291058
ML.1432;93.274;291059
ML.1433;93.275;291060
ML.1434;93.276;291061
ML.1435;93.277;291062
ML.144;72.133;291063
ML.1440;93.278;291064
ML.1441;93.279;291065
ML.1442;93.280;291066
ML.1443;93.281;291067
ML.1444;93.282;291068
ML.1445;93.283;291069
ML.1446;93.284;291070
ML.145;72.134;291071
ML.1461;94.008;291072
ML.1462;94.009;291073
ML.1463;94.010;291074
ML.1464;94.011;291075
ML.1466;95.025;291076
ML.1467;88.211;291077
ML.147;72.135;291078
ML.1477;95.026;291079
ML.1479;92.125;291080
ML.148;72.136;291081
ML.1480;92.126;291082
ML.1481;92.127;291083
ML.1484;93.285;291084
ML.1485;93.286;291085
ML.1488;93.287;291086
ML.1489;93.288;291087
ML.149;72.137;291088
ML.1490;93.289;291089
ML.1491;93.290;291090
ML.1492;93.291;291091
ML.1493;93.292;291092
ML.1494;93.293;291093
ML.1495;93.294;291094
ML.1496;93.295;291095
ML.1497;93.296;291096
ML.1499;93.297;291097
ML.15;94.012;291098
ML.150;72.138;291099
ML.1500;93.298;291100
ML.1501;93.299;291101
ML.1502;93.300;291102
ML.1505;93.301;291103
ML.1507;93.302;291104
ML.151;72.139;291105
ML.1510;93.303;291106
ML.1511;93.304;291107
ML.1512;93.305;291108
ML.1513;93.306;291109
ML.1514;93.307;291110
ML.1518;93.308;291111
ML.152;72.140;291112
ML.1520;93.309;291113
ML.1522;93.310;291114
ML.1523;93.311;291115
ML.1524;93.312;291116
ML.1525;93.313;291117
ML.153;72.141;291118
ML.154;72.142;291119
ML.157;72.143;291120
ML.1587;72.144;291121
ML.1588;93.314;291122
ML.1589;93.315;291123
ML.159;72.145;291124
ML.1590;93.316;291125
ML.1591;93.317;291126
ML.1592;93.318;291127
ML.1593;93.319;291128
ML.1594;93.320;291129
ML.1595;93.321;291130
ML.1596;93.322;291131
ML.16;94.013;291132
ML.160;72.146;291133
ML.161;72.147;291134
ML.1613;93.323;291135
ML.1620;102.288;291136
ML.1625;62.320;291137
ML.1626;62.321;291138
ML.1627;62.322;291139
ML.164;72.148;291140
ML.1647;103.030;291141
ML.1650;88.212;291142
ML.1654;93.324;291143
ML.1672;96.023;291144
ML.1673;82.773;291145
ML.1676;82.774;291146
ML.1678;93.325;291147
ML.1679;93.326;291148
ML.168;72.149;291149
ML.1697;107.040;291150
ML.1699;107.041;291151
ML.17;94.014;291152
ML.1708;15.901;291153
ML.1709;72.150;291154
ML.1710;15.902;291155
ML.1711;72.151;291156
ML.1712;94.015;291157
ML.1713;87.069;291158
ML.1717;107.042;291159
ML.1718;107.043;291160
ML.1725;107.044;291161
ML.1726;107.045;291162
ML.1728;72.152;291163
ML.1729;102.289;291164
ML.175;72.153;291165
ML.1758;89.178;291166
ML.1759;89.179;291167
ML.176;72.154;291168
ML.1760;89.180;291169
ML.1761;89.181;291170
ML.1763;89.182;291171
ML.1764;89.183;291172
ML.177;72.155;291173
ML.1770;89.184;291174
ML.1775;89.185;291175
ML.1776;89.186;291176
ML.1777;89.187;291177
ML.178;72.156;291178
ML.1782;89.188;291179
ML.179;72.157;291180
ML.1797;89.189;291181
ML.1798;89.190;291182
ML.1799;89.191;291183
ML.18;94.016;291184
ML.180;72.158;291185
ML.1800;89.192;291186
ML.1804;89.193;291187
ML.181;72.159;291188
ML.1814;89.194;291189
ML.182;72.160;291190
ML.183;72.161;291191
ML.1838;89.195;291192
ML.184;72.162;291193
ML.1849;110.126;291194
ML.185;72.163;291195
ML.1853;110.127;291196
ML.186;72.164;291197
ML.187;77.150;291198
ML.1875;105.289;291199
ML.188;77.151;291200
ML.1881;110.128;291201
ML.1882;110.129;291202
ML.1884;110.130;291203
ML.1885;110.131;291204
ML.1888;110.132;291205
ML.1889;110.133;291206
ML.189;77.152;291207
ML.1892;110.134;291208
ML.1893;110.135;291209
ML.1894;110.136;291210
ML.1897;110.137;291211
ML.1899;110.138;291212
ML.19;94.017;291213
ML.1900;110.139;291214
ML.192;77.153;291215
ML.193;77.154;291216
ML.194;77.155;291217
ML.195;77.156;291218
ML.1955;110.140;291219
ML.196;77.157;291220
ML.197;77.158;291221
ML.1971;110.141;291222
ML.1973;110.142;291223
ML.1977;110.143;291224
ML.198;77.159;291225
ML.199;77.160;291226
ML.1995;110.144;291227
ML.1996;93.327;291228
ML.1997;89.196;291229
ML.1998;89.197;291230
ML.1999;89.198;291231
ML.2;94.018;291232
ML.20;94.019;291233
ML.200;77.161;291234
ML.2000;89.199;291235
ML.2001;89.200;291236
ML.2002;89.201;291237
ML.2003;89.202;291238
ML.2004;89.203;291239
ML.2005;89.204;291240
ML.2006;89.205;291241
ML.2007;89.206;291242
ML.2009;89.207;291243
ML.2010;89.208;291244
ML.2012;89.209;291245
ML.2013;89.210;291246
ML.2014;89.211;291247
ML.202;77.162;291248
ML.203;77.163;291249
ML.204;77.164;291250
ML.2044;110.145;291251
ML.205;77.165;291252
ML.2057;110.146;291253
ML.2058;110.147;291254
ML.2059;110.148;291255
ML.206;77.166;291256
ML.2060;110.149;291257
ML.2066;89.212;291258
ML.2067;89.213;291259
ML.207;77.167;291260
ML.208;77.168;291261
ML.2084;89.214;291262
ML.209;77.169;291263
ML.21;94.020;291264
ML.210;77.170;291265
ML.211;77.171;291266
ML.2110;82.775;291267
ML.212;77.172;291268
ML.213;77.173;291269
ML.2138;89.215;291270
ML.2139;89.216;291271
ML.214;77.174;291272
ML.215;77.175;291273
ML.216;77.176;291274
ML.2161;89.217;291275
ML.2162;89.218;291276
ML.2163;89.219;291277
ML.2164;89.220;291278
ML.2165;89.221;291279
ML.2166;89.222;291280
ML.2167;89.223;291281
ML.2168;89.224;291282
ML.217;77.177;291283
ML.218;77.178;291284
ML.2187;89.225;291285
ML.219;77.179;291286
ML.22;94.021;291287
ML.220;77.180;291288
ML.2202;89.226;291289
ML.221;77.181;291290
ML.222;77.182;291291
ML.2225;89.227;291292
ML.223;77.183;291293
ML.2231;89.228;291294
ML.2233;89.229;291295
ML.2235;89.230;291296
ML.2236;89.231;291297
ML.2237;89.232;291298
ML.2238;89.233;291299
ML.224;77.184;291300
ML.2241;89.234;291301
ML.2248;89.235;291302
ML.225;77.185;291303
ML.2252;89.236;291304
ML.2253;89.237;291305
ML.2255;89.238;291306
ML.2256;89.239;291307
ML.2257;89.240;291308
ML.2258;89.241;291309
ML.226;77.186;291310
ML.2260;89.242;291311
ML.2261;89.243;291312
ML.2263;89.244;291313
ML.2264;89.245;291314
ML.2265;89.246;291315
ML.2266;89.247;291316
ML.2267;89.248;291317
ML.227;77.187;291318
ML.2270;89.249;291319
ML.2271;89.250;291320
ML.228;77.188;291321
ML.229;77.189;291322
ML.2291;89.251;291323
ML.2296;89.252;291324
ML.23;94.022;291325
ML.230;77.190;291326
ML.2300;89.253;291327
ML.231;77.191;291328
ML.2314;89.254;291329
ML.2319;89.255;291330
ML.232;77.192;291331
ML.2320;89.256;291332
ML.2321;89.257;291333
ML.2322;89.258;291334
ML.2323;89.259;291335
ML.2324;89.260;291336
ML.2325;89.261;291337
ML.2326;89.262;291338
ML.2327;89.263;291339
ML.2328;89.264;291340
ML.2329;89.265;291341
ML.233;77.193;291342
ML.2340;89.266;291343
ML.235;77.194;291344
ML.236;77.195;291345
ML.2369;89.267;291346
ML.237;77.196;291347
ML.2372;89.268;291348
ML.2373;89.269;291349
ML.2378;110.150;291350
ML.2379;110.151;291351
ML.2380;110.152;291352
ML.2381;110.153;291353
ML.2382;110.154;291354
ML.2385;110.155;291355
ML.2386;110.156;291356
ML.2387;110.157;291357
ML.2388;110.158;291358
ML.2389;110.159;291359
ML.239;77.197;291360
ML.2390;110.160;291361
ML.2391;110.161;291362
ML.2392;110.162;291363
ML.2393;110.163;291364
ML.2394;110.164;291365
ML.2395;110.165;291366
ML.2396;110.166;291367
ML.2397;110.167;291368
ML.2398;110.168;291369
ML.2399;110.169;291370
ML.240;77.198;291371
ML.2400;110.170;291372
ML.2401;110.171;291373
ML.2402;110.172;291374
ML.2403;110.173;291375
ML.2404;110.174;291376
ML.2405;110.175;291377
ML.2407;110.176;291378
ML.2408;110.177;291379
ML.2409;89.270;291380
ML.241;77.199;291381
ML.242;77.200;291382
ML.244;77.201;291383
ML.245;77.202;291384
ML.246;77.203;291385
ML.2466;113.108;291386
ML.2469;113.109;291387
ML.249;77.204;291388
ML.25;94.023;291389
ML.250;77.205;291390
ML.251;77.206;291391
ML.252;77.207;291392
ML.253;77.208;291393
ML.254;77.209;291394
ML.255;77.210;291395
ML.257;77.211;291396
ML.258;77.212;291397
ML.259;77.213;291398
ML.26;94.024;291399
ML.2608;102.290;291400
ML.261;77.214;291401
ML.2610;89.271;291402
ML.2617;113.110;291403
ML.262;77.215;291404
ML.264;77.216;291405
ML.2647;89.272;291406
ML.2648;89.273;291407
ML.2649;89.274;291408
ML.265;77.217;291409
ML.2665;89.275;291410
ML.267;77.218;291411
ML.2675;115.001;291412
ML.2676;115.002;291413
ML.2677;115.003;291414
ML.2678;115.004;291415
ML.2679;115.005;291416
ML.2680;115.006;291417
ML.2681;115.007;291418
ML.2682;115.008;291419
ML.2683;115.009;291420
ML.2684;115.010;291421
ML.2685;115.011;291422
ML.2686;115.012;291423
ML.2687;115.013;291424
ML.2688;115.014;291425
ML.2689;115.015;291426
ML.269;77.219;291427
ML.2690;115.016;291428
ML.2691;115.017;291429
ML.2692;115.018;291430
ML.2693;115.019;291431
ML.2694;115.020;291432
ML.2695;115.021;291433
ML.2696;115.022;291434
ML.2697;115.023;291435
ML.2698;115.024;291436
ML.2699;115.025;291437
ML.27;94.025;291438
ML.270;77.220;291439
ML.2700;115.026;291440
ML.2701;115.027;291441
ML.2702;115.028;291442
ML.2703;115.029;291443
ML.2704;115.030;291444
ML.272;77.221;291445
ML.273;77.222;291446
ML.2736;89.276;291447
ML.2737;89.277;291448
ML.274;77.223;291449
ML.2749;89.278;291450
ML.275;77.224;291451
ML.2750;89.279;291452
ML.2751;89.280;291453
ML.2754;89.281;291454
ML.2755;89.282;291455
ML.2756;89.283;291456
ML.276;77.225;291457
ML.2760;89.284;291458
ML.2761;89.285;291459
ML.2762;89.286;291460
ML.2763;89.287;291461
ML.2766;89.288;291462
ML.2767;89.289;291463
ML.2768;89.290;291464
ML.2769;89.291;291465
ML.2770;89.292;291466
ML.2771;89.293;291467
ML.2772;89.294;291468
ML.2779;89.295;291469
ML.2780;89.296;291470
ML.2781;89.297;291471
ML.2785;89.298;291472
ML.2786;89.299;291473
ML.2788;114.147;291474
ML.279;77.226;291475
ML.28;94.026;291476
ML.280;77.227;291477
ML.281;77.228;291478
ML.2814;113.111;291479
ML.2815;113.112;291480
ML.2816;113.113;291481
ML.2817;113.114;291482
ML.2818;89.300;291483
ML.2823;115.031;291484
ML.283;77.229;291485
ML.2833;114.148;291486
ML.2834;114.149;291487
ML.2835;114.150;291488
ML.2837;114.151;291489
ML.2838;114.152;291490
ML.2839;114.153;291491
ML.284;77.230;291492
ML.2840;114.154;291493
ML.2842;114.155;291494
ML.2843;114.156;291495
ML.2844;114.157;291496
ML.2845;114.158;291497
ML.2846;114.159;291498
ML.2847;114.160;291499
ML.2848;114.161;291500
ML.2849;114.162;291501
ML.285;77.231;291502
ML.2850;114.163;291503
ML.2851;114.164;291504
ML.2852;114.165;291505
ML.2853;114.166;291506
ML.2854;114.167;291507
ML.2855;114.168;291508
ML.2856;114.169;291509
ML.2857;114.170;291510
ML.2858;114.171;291511
ML.2859;114.172;291512
ML.2860;114.173;291513
ML.2861;114.174;291514
ML.2862;114.175;291515
ML.2863;114.176;291516
ML.2864;114.177;291517
ML.2865;114.178;291518
ML.2866;114.179;291519
ML.2867;114.180;291520
ML.2868;114.181;291521
ML.2869;114.182;291522
ML.287;77.232;291523
ML.2870;114.183;291524
ML.2871;114.184;291525
ML.2872;114.185;291526
ML.2873;114.186;291527
ML.2874;114.187;291528
ML.2875;114.188;291529
ML.2876;114.189;291530
ML.2877;114.190;291531
ML.2878;114.191;291532
ML.2879;114.192;291533
ML.288;77.233;291534
ML.2880;114.193;291535
ML.2882;115.032;291536
ML.2883;113.115;291537
ML.289;77.234;291538
ML.29;94.027;291539
ML.290;77.235;291540
ML.2904;113.116;291541
ML.291;77.236;291542
ML.2912;119.014;291543
ML.2915;102.291;291544
ML.2917;110.178;291545
ML.2918;110.179;291546
ML.2919;114.194;291547
ML.292;77.237;291548
ML.2920;114.195;291549
ML.2921;114.196;291550
ML.2922;114.197;291551
ML.2923;114.198;291552
ML.2924;114.199;291553
ML.2925;114.200;291554
ML.2926;114.201;291555
ML.2927;114.202;291556
ML.2928;114.203;291557
ML.2929;114.204;291558
ML.293;77.238;291559
ML.2930;114.205;291560
ML.2933;113.117;291561
ML.2936;126.060;291562
ML.294;77.239;291563
ML.295;77.240;291564
ML.2954;126.061;291565
ML.2961;89.301;291566
ML.2962;89.302;291567
ML.2964;89.303;291568
ML.2965;89.304;291569
ML.2968;113.118;291570
ML.2969;113.119;291571
ML.2970;89.305;291572
ML.2971;89.306;291573
ML.2974;89.307;291574
ML.2975;89.308;291575
ML.2977;89.309;291576
ML.298;77.241;291577
ML.2989;89.310;291578
ML.2990;89.311;291579
ML.2995;89.312;291580
ML.3;94.028;291581
ML.300;77.242;291582
ML.3000;89.313;291583
ML.301;77.243;291584
ML.3085;209.110;291585
ML.3087;209.111;291586
ML.3088;209.112;291587
ML.3097;209.113;291588
ML.3098;209.114;291589
ML.31;94.029;291590
ML.3107;89.314;291591
ML.3108;89.315;291592
ML.3109;89.316;291593
ML.3110;89.317;291594
ML.3111;89.318;291595
ML.3112;89.319;291596
ML.3113;89.320;291597
ML.3114;89.321;291598
ML.3115;89.322;291599
ML.3116;89.323;291600
ML.3117;89.324;291601
ML.3118;89.325;291602
ML.3119;89.326;291603
ML.3120;89.327;291604
ML.3121;89.328;291605
ML.3122;89.329;291606
ML.3123;89.330;291607
ML.3124;89.331;291608
ML.3125;89.332;291609
ML.3126;89.333;291610
ML.3127;89.334;291611
ML.3128;89.335;291612
ML.3129;89.336;291613
ML.3130;89.337;291614
ML.3131;89.338;291615
ML.3132;89.339;291616
ML.3143;89.340;291617
ML.3146;112.127;291618
ML.3154;209.115;291619
ML.3155;209.116;291620
ML.3156;209.117;291621
ML.3157;209.118;291622
ML.3159;209.119;291623
ML.3162;209.120;291624
ML.3163;209.121;291625
ML.3164;209.122;291626
ML.3165;209.123;291627
ML.3166;209.124;291628
ML.3167;209.125;291629
ML.3168;209.126;291630
ML.3169;209.127;291631
ML.3170;209.128;291632
ML.3171;209.129;291633
ML.3172;209.130;291634
ML.3173;209.131;291635
ML.3174;209.132;291636
ML.3175;209.133;291637
ML.3176;209.134;291638
ML.3177;209.135;291639
ML.3178;209.136;291640
ML.3179;209.137;291641
ML.318;22.169;291642
ML.3180;209.138;291643
ML.3181;209.139;291644
ML.3182;209.140;291645
ML.3185;209.141;291646
ML.3186;209.142;291647
ML.3187;209.143;291648
ML.319;22.170;291649
ML.3192;112.128;291650
ML.3198;89.341;291651
ML.3199;89.342;291652
ML.32;94.030;291653
ML.3200;89.343;291654
ML.3203;209.144;291655
ML.3206;112.129;291656
ML.321;22.171;291657
ML.3210;121.102;291658
ML.3214;82.776;291659
ML.3215;82.777;291660
ML.3216;209.145;291661
ML.3218;89.344;291662
ML.3219;89.345;291663
ML.3224;89.346;291664
ML.3225;89.347;291665
ML.3226;89.348;291666
ML.3236;220.061;291667
ML.3243;89.349;291668
ML.3246;89.350;291669
ML.3247;89.351;291670
ML.3248;89.352;291671
ML.3249;89.353;291672
ML.3250;89.354;291673
ML.3251;89.355;291674
ML.3266;220.062;291675
ML.3276;220.063;291676
ML.3277;220.064;291677
ML.3278;220.065;291678
ML.3279;126.062;291679
ML.3280;126.063;291680
ML.3281;126.064;291681
ML.3282;126.065;291682
ML.3283;126.066;291683
ML.3284;126.067;291684
ML.3285;126.068;291685
ML.3286;126.069;291686
ML.3287;126.070;291687
ML.3288;126.071;291688
ML.3289;126.072;291689
ML.3290;126.073;291690
ML.3291;126.074;291691
ML.3292;126.075;291692
ML.3293;126.076;291693
ML.3294;126.077;291694
ML.3295;126.078;291695
ML.33;94.031;291696
ML.330;22.172;291697
ML.3309;126.079;291698
ML.3332;126.080;291699
ML.3333;126.081;291700
ML.3334;126.082;291701
ML.3335;126.083;291702
ML.3336;126.084;291703
ML.3337;126.085;291704
ML.3338;126.086;291705
ML.3339;126.087;291706
ML.3340;126.088;291707
ML.3345;220.066;291708
ML.3346;220.067;291709
ML.3347;220.068;291710
ML.3348;220.069;291711
ML.3349;220.070;291712
ML.3352;89.356;291713
ML.3353;89.357;291714
ML.3354;89.358;291715
ML.3373;220.071;291716
ML.3385;347.242;291717
ML.34;94.032;291718
ML.3401;347.243;291719
ML.3402;347.244;291720
ML.3403;347.245;291721
ML.3405;114.206;291722
ML.3406;114.207;291723
ML.341;22.173;291724
ML.3418;347.246;291725
ML.3419;209.146;291726
ML.3421;209.147;291727
ML.3422;209.148;291728
ML.3424;110.180;291729
ML.3473;347.247;291730
ML.3475;347.248;291731
ML.3476;347.249;291732
ML.3477;347.250;291733
ML.3478;347.251;291734
ML.3479;347.252;291735
ML.3480;347.253;291736
ML.3481;347.254;291737
ML.3482;347.255;291738
ML.3483;347.256;291739
ML.3484;347.257;291740
ML.3485;347.258;291741
ML.3486;347.259;291742
ML.3487;347.260;291743
ML.3488;347.261;291744
ML.3489;347.262;291745
ML.3490;347.263;291746
ML.3491;347.264;291747
ML.3492;347.265;291748
ML.3493;347.266;291749
ML.3494;347.267;291750
ML.3495;347.268;291751
ML.3496;347.269;291752
ML.3497;347.270;291753
ML.3498;347.271;291754
ML.35;94.033;291755
ML.3504;347.272;291756
ML.3505;347.273;291757
ML.3507;347.274;291758
ML.3508;347.275;291759
ML.3509;347.276;291760
ML.3511;347.277;291761
ML.3512;347.278;291762
ML.3513;347.279;291763
ML.3514;347.280;291764
ML.3515;347.281;291765
ML.3516;347.282;291766
ML.3517;347.283;291767
ML.3518;347.284;291768
ML.3519;347.285;291769
ML.352;22.174;291770
ML.3520;347.286;291771
ML.3521;347.287;291772
ML.3522;347.288;291773
ML.3525;347.289;291774
ML.3560;347.290;291775
ML.3561;347.291;291776
ML.3562;347.292;291777
ML.3563;347.293;291778
ML.3564;347.294;291779
ML.3565;347.295;291780
ML.3566;347.296;291781
ML.3567;347.297;291782
ML.3568;347.298;291783
ML.3569;347.299;291784
ML.3570;347.300;291785
ML.3571;347.301;291786
ML.3572;347.302;291787
ML.3573;347.303;291788
ML.3574;347.304;291789
ML.3575;347.305;291790
ML.3576;347.306;291791
ML.3577;347.307;291792
ML.3578;347.308;291793
ML.3579;347.309;291794
ML.358;22.175;291795
ML.3580;347.310;291796
ML.3581;347.311;291797
ML.3582;347.312;291798
ML.3583;347.313;291799
ML.3584;347.314;291800
ML.3585;347.315;291801
ML.3586;347.316;291802
ML.3587;347.317;291803
ML.3589;347.318;291804
ML.3591;347.319;291805
ML.3592;347.320;291806
ML.3598;347.321;291807
ML.3599;347.322;291808
ML.36;94.034;291809
ML.3600;347.323;291810
ML.3601;347.324;291811
ML.3602;347.325;291812
ML.3603;126.089;291813
ML.3606;20.023;291814
ML.3607;20.024;291815
ML.3611;353.226;291816
ML.3619;347.326;291817
ML.3620;347.327;291818
ML.3621;347.328;291819
ML.3622;347.329;291820
ML.3623;347.330;291821
ML.3624;347.331;291822
ML.3626;347.332;291823
ML.3628;347.333;291824
ML.3629;347.334;291825
ML.363;22.176;291826
ML.3632;347.335;291827
ML.3635;347.336;291828
ML.3636;347.337;291829
ML.3640;347.338;291830
ML.3641;347.339;291831
ML.3642;347.340;291832
ML.3643;347.341;291833
ML.3644;347.342;291834
ML.3646;347.343;291835
ML.3647;347.344;291836
ML.3716;347.345;291837
ML.3717;347.346;291838
ML.3718;347.347;291839
ML.3722;347.348;291840
ML.3723;347.349;291841
ML.3724;347.350;291842
ML.3725;347.351;291843
ML.3727;347.352;291844
ML.3728;347.353;291845
ML.3729;347.354;291846
ML.373;22.177;291847
ML.3730;347.355;291848
ML.3731;347.356;291849
ML.3732;347.357;291850
ML.3733;347.358;291851
ML.3757;220.072;291852
ML.3758;220.073;291853
ML.3759;220.074;291854
ML.3760;220.075;291855
ML.3762;352.085;291856
ML.3769;352.086;291857
ML.3770;352.087;291858
ML.3771;352.088;291859
ML.378;22.178;291860
ML.3784;352.089;291861
ML.379;22.179;291862
ML.38;94.035;291863
ML.382;22.180;291864
ML.3841;353.227;291865
ML.3842;353.228;291866
ML.3843;353.229;291867
ML.3844;353.230;291868
ML.3845;353.231;291869
ML.3846;353.232;291870
ML.3847;353.233;291871
ML.3853;353.234;291872
ML.3859;353.235;291873
ML.3860;353.236;291874
ML.3861;353.237;291875
ML.3862;353.238;291876
ML.3863;353.239;291877
ML.3866;353.240;291878
ML.3870;353.241;291879
ML.3880;353.242;291880
ML.3883;353.243;291881
ML.3884;353.244;291882
ML.3887;353.245;291883
ML.3888;353.246;291884
ML.3889;353.247;291885
ML.3892;353.248;291886
ML.3897;353.249;291887
ML.3898;353.250;291888
ML.391;22.181;291889
ML.3915;352.090;291890
ML.3916;352.091;291891
ML.3917;352.092;291892
ML.3918;352.093;291893
ML.3919;352.094;291894
ML.3920;352.095;291895
ML.3921;352.096;291896
ML.3926;352.097;291897
ML.393;22.182;291898
ML.3940;352.098;291899
ML.3942;352.099;291900
ML.3943;352.100;291901
ML.3944;352.101;291902
ML.3945;352.102;291903
ML.3946;352.103;291904
ML.3947;352.104;291905
ML.3948;352.105;291906
ML.3949;352.106;291907
ML.3950;352.107;291908
ML.3952;352.108;291909
ML.3953;352.109;291910
ML.3985;353.251;291911
ML.3986;353.252;291912
ML.3997;347.359;291913
ML.3998;347.360;291914
ML.3999;347.361;291915
ML.4;94.036;291916
ML.4000;347.362;291917
ML.4001;347.363;291918
ML.4002;347.364;291919
ML.4003;347.365;291920
ML.4004;347.366;291921
ML.4005;347.367;291922
ML.4006;347.368;291923
ML.4007;353.253;291924
ML.4018;353.254;291925
ML.4019;353.255;291926
ML.4023;347.369;291927
ML.4031;347.370;291928
ML.4033;347.371;291929
ML.4034;347.372;291930
ML.4039;347.373;291931
ML.4041;347.374;291932
ML.4042;347.375;291933
ML.4043;347.376;291934
ML.406;22.183;291935
ML.4062;347.377;291936
ML.4067;112.130;291937
ML.4068;112.131;291938
ML.4095;347.378;291939
ML.4112;353.256;291940
ML.4113;353.257;291941
ML.4114;353.258;291942
ML.4115;353.259;291943
ML.4116;353.260;291944
ML.4117;353.261;291945
ML.4118;353.262;291946
ML.4119;353.263;291947
ML.4120;353.264;291948
ML.4121;353.265;291949
ML.4122;353.266;291950
ML.4123;353.267;291951
ML.4124;353.268;291952
ML.4125;353.269;291953
ML.4126;353.270;291954
ML.4127;353.271;291955
ML.4128;353.272;291956
ML.4129;353.273;291957
ML.4130;353.274;291958
ML.4131;353.275;291959
ML.4132;353.276;291960
ML.4133;353.277;291961
ML.4134;353.278;291962
ML.4135;353.279;291963
ML.4136;353.280;291964
ML.4137;353.281;291965
ML.4138;353.282;291966
ML.4139;353.283;291967
ML.414;22.184;291968
ML.4140;353.284;291969
ML.4141;353.285;291970
ML.4142;353.286;291971
ML.4143;353.287;291972
ML.4144;353.288;291973
ML.4145;353.289;291974
ML.4146;353.290;291975
ML.4147;353.291;291976
ML.4148;353.292;291977
ML.4149;353.293;291978
ML.4150;353.294;291979
ML.4151;353.295;291980
ML.4152;353.296;291981
ML.4153;353.297;291982
ML.4154;353.298;291983
ML.4155;353.299;291984
ML.4156;353.300;291985
ML.4157;353.301;291986
ML.4158;347.379;291987
ML.4159;347.380;291988
ML.4161;353.302;291989
ML.418;22.185;291990
ML.426;22.186;291991
ML.4271;353.303;291992
ML.4272;353.304;291993
ML.4302;353.305;291994
ML.4303;353.306;291995
ML.4304;353.307;291996
ML.4305;353.308;291997
ML.4312;353.309;291998
ML.4313;353.310;291999
ML.4314;353.311;292000
ML.432;22.187;292001
ML.4322;353.312;292002
ML.4323;353.313;292003
ML.4324;353.314;292004
ML.4325;353.315;292005
ML.4326;353.316;292006
ML.4327;353.317;292007
ML.4328;353.318;292008
ML.4329;353.319;292009
ML.4330;353.320;292010
ML.4346;353.321;292011
ML.435;22.188;292012
ML.436;22.189;292013
ML.4379;353.322;292014
ML.4380;353.323;292015
ML.4381;353.324;292016
ML.4382;353.325;292017
ML.4383;112.132;292018
ML.4384;117.154;292019
ML.4385;121.103;292020
ML.4386;248.108;292021
ML.4387;249.073;292022
ML.4397;117.155;292023
ML.4398;117.156;292024
ML.4429;121.104;292025
ML.443;22.190;292026
ML.4430;121.105;292027
ML.4477;353.326;292028
ML.4479;248.109;292029
ML.4480;248.110;292030
ML.4501;353.327;292031
ML.4505;353.328;292032
ML.4508;353.329;292033
ML.4509;353.330;292034
ML.4510;353.331;292035
ML.4511;353.332;292036
ML.4512;353.333;292037
ML.4514;353.334;292038
ML.4515;249.074;292039
ML.4516;249.075;292040
ML.4531;347.381;292041
ML.4532;347.382;292042
ML.4533;347.383;292043
ML.4534;347.384;292044
ML.4535;347.385;292045
ML.4536;347.386;292046
ML.4537;347.387;292047
ML.4538;347.388;292048
ML.4539;347.389;292049
ML.457;22.191;292050
ML.4573;353.335;292051
ML.4577;353.336;292052
ML.4578;353.337;292053
ML.4580;353.338;292054
ML.4581;353.339;292055
ML.4582;347.390;292056
ML.4583;347.391;292057
ML.4584;347.392;292058
ML.4585;347.393;292059
ML.4592;347.394;292060
ML.4593;347.395;292061
ML.4594;347.396;292062
ML.4595;353.340;292063
ML.4596;353.341;292064
ML.4597;353.342;292065
ML.4598;353.343;292066
ML.4599;353.344;292067
ML.4600;353.345;292068
ML.4601;353.346;292069
ML.4602;353.347;292070
ML.4603;353.348;292071
ML.4604;353.349;292072
ML.4605;353.350;292073
ML.4606;353.351;292074
ML.4607;353.352;292075
ML.4608;353.353;292076
ML.4610;112.133;292077
ML.4611;117.157;292078
ML.4612;121.106;292079
ML.4613;248.111;292080
ML.4614;249.076;292081
ML.4615;347.397;292082
ML.4616;347.398;292083
ML.4617;347.399;292084
ML.4618;347.400;292085
ML.4619;347.401;292086
ML.4620;347.402;292087
ML.4621;353.354;292088
ML.4622;353.355;292089
ML.4623;353.356;292090
ML.4625;347.403;292091
ML.4630;347.404;292092
ML.4634;347.405;292093
ML.4643;353.357;292094
ML.4650;353.358;292095
ML.4659;353.359;292096
ML.466;22.192;292097
ML.4660;347.406;292098
ML.4665;353.360;292099
ML.4666;353.361;292100
ML.4667;353.362;292101
ML.4670;353.363;292102
ML.4671;353.364;292103
ML.4672;353.365;292104
ML.4673;353.366;292105
ML.4676;105.290;292106
ML.4677;105.291;292107
ML.4678;105.292;292108
ML.4681;105.293;292109
ML.4682;105.294;292110
ML.4683;105.295;292111
ML.4684;105.296;292112
ML.4685;105.297;292113
ML.4688;352.110;292114
ML.470;22.193;292115
ML.471;22.194;292116
ML.4711;371.026;292117
ML.472;22.195;292118
ML.473;22.196;292119
ML.4732;373.050;292120
ML.4733;373.051;292121
ML.4734;373.052;292122
ML.4735;373.053;292123
ML.4736;373.054;292124
ML.474;22.197;292125
ML.475;22.198;292126
ML.4759;22.199;292127
ML.479;22.200;292128
ML.480;22.201;292129
ML.4808;347.407;292130
ML.4809;347.408;292131
ML.481;22.202;292132
ML.4813;347.409;292133
ML.4814;347.410;292134
ML.4815;371.027;292135
ML.4816;347.411;292136
ML.482;22.203;292137
ML.4824;347.412;292138
ML.4825;347.413;292139
ML.4826;347.414;292140
ML.4827;347.415;292141
ML.4828;347.416;292142
ML.4829;347.417;292143
ML.4830;347.418;292144
ML.4831;347.419;292145
ML.4832;347.420;292146
ML.4833;347.421;292147
ML.4834;347.422;292148
ML.4835;347.423;292149
ML.4836;347.424;292150
ML.4837;347.425;292151
ML.4849;347.426;292152
ML.485;22.204;292153
ML.4850;347.427;292154
ML.4851;347.428;292155
ML.4852;347.429;292156
ML.4853;347.430;292157
ML.486;22.205;292158
ML.4865;371.028;292159
ML.4866;371.029;292160
ML.4867;371.030;292161
ML.4868;371.031;292162
ML.4869;371.032;292163
ML.487;22.206;292164
ML.4870;371.033;292165
ML.4871;371.034;292166
ML.4872;371.035;292167
ML.4873;371.036;292168
ML.4874;371.037;292169
ML.4875;371.038;292170
ML.4876;371.039;292171
ML.4877;371.040;292172
ML.4884;371.041;292173
ML.4885;371.042;292174
ML.4886;371.043;292175
ML.4887;371.044;292176
ML.4888;371.045;292177
ML.4889;371.046;292178
ML.489;22.207;292179
ML.4890;371.047;292180
ML.4891;371.048;292181
ML.4892;371.049;292182
ML.4893;371.050;292183
ML.4894;371.051;292184
ML.4897;371.052;292185
ML.4898;220.076;292186
ML.4899;373.055;292187
ML.490;22.208;292188
ML.4900;373.056;292189
ML.4901;373.057;292190
ML.4902;373.058;292191
ML.4903;373.059;292192
ML.4904;373.060;292193
ML.4905;373.061;292194
ML.4906;373.062;292195
ML.4907;373.063;292196
ML.4908;373.064;292197
ML.4909;373.065;292198
ML.491;22.209;292199
ML.4910;373.066;292200
ML.4911;373.067;292201
ML.4912;373.068;292202
ML.4913;373.069;292203
ML.4914;373.070;292204
ML.4915;373.071;292205
ML.4917;373.072;292206
ML.4918;373.073;292207
ML.4919;373.074;292208
ML.492;104.001;292209
ML.4920;373.075;292210
ML.4921;373.076;292211
ML.4922;373.077;292212
ML.4923;373.078;292213
ML.4924;373.079;292214
ML.4925;373.080;292215
ML.4926;373.081;292216
ML.4927;373.082;292217
ML.4928;373.083;292218
ML.4929;373.084;292219
ML.493;104.002;292220
ML.4930;373.085;292221
ML.4931;373.086;292222
ML.4932;373.087;292223
ML.4935;373.088;292224
ML.4937;373.089;292225
ML.4938;373.090;292226
ML.494;104.003;292227
ML.4940;373.091;292228
ML.4941;373.092;292229
ML.4942;373.093;292230
ML.4943;373.094;292231
ML.4944;373.095;292232
ML.4945;373.096;292233
ML.495;104.004;292234
ML.4952;373.097;292235
ML.4954;373.098;292236
ML.4955;373.099;292237
ML.4956;373.100;292238
ML.4957;373.101;292239
ML.4958;373.102;292240
ML.4959;373.103;292241
ML.496;104.005;292242
ML.4960;373.104;292243
ML.4961;373.105;292244
ML.4962;373.106;292245
ML.4963;373.107;292246
ML.4965;373.108;292247
ML.4968;373.109;292248
ML.4969;373.110;292249
ML.497;104.006;292250
ML.4970;373.111;292251
ML.4971;373.112;292252
ML.498;104.007;292253
ML.4980;373.113;292254
ML.4982;373.114;292255
ML.499;104.008;292256
ML.4998;373.115;292257
ML.4999;373.116;292258
ML.5;94.037;292259
ML.500;104.009;292260
ML.5003;373.117;292261
ML.5004;373.118;292262
ML.5005;373.119;292263
ML.5006;373.120;292264
ML.5007;373.121;292265
ML.5008;373.122;292266
ML.5009;373.123;292267
ML.501;104.010;292268
ML.5011;353.367;292269
ML.5012;353.368;292270
ML.5014;373.124;292271
ML.5015;373.125;292272
ML.5016;373.126;292273
ML.5017;373.127;292274
ML.502;104.011;292275
ML.5020;373.128;292276
ML.5021;371.053;292277
ML.5023;382.055;292278
ML.5024;382.056;292279
ML.5027;382.057;292280
ML.5029;382.058;292281
ML.503;104.012;292282
ML.5030;382.059;292283
ML.5031;382.060;292284
ML.5042;382.061;292285
ML.5056;382.062;292286
ML.506;104.013;292287
ML.5060;379.076;292288
ML.5066;379.077;292289
ML.5068;20.025;292290
ML.507;104.014;292291
ML.5071;383.027;292292
ML.5072;383.028;292293
ML.5073;383.029;292294
ML.5074;383.030;292295
ML.5075;383.031;292296
ML.508;104.015;292297
ML.5081;383.032;292298
ML.5087;382.063;292299
ML.509;104.016;292300
ML.510;104.017;292301
ML.511;104.018;292302
ML.5118;373.129;292303
ML.5119;373.130;292304
ML.512;104.019;292305
ML.5120;373.131;292306
ML.5121;373.132;292307
ML.5122;373.133;292308
ML.5123;373.134;292309
ML.5126;373.135;292310
ML.5129;373.136;292311
ML.513;104.020;292312
ML.5130;373.137;292313
ML.5132;373.138;292314
ML.5139;383.033;292315
ML.514;104.021;292316
ML.5143;383.034;292317
ML.5144;383.035;292318
ML.5145;383.036;292319
ML.5146;383.037;292320
ML.5147;383.038;292321
ML.5149;383.039;292322
ML.515;104.022;292323
ML.5150;383.040;292324
ML.5151;383.041;292325
ML.5153;383.042;292326
ML.5155;383.043;292327
ML.5157;383.044;292328
ML.516;104.023;292329
ML.5160;383.045;292330
ML.5161;383.046;292331
ML.5162;383.047;292332
ML.5163;383.048;292333
ML.5166;383.049;292334
ML.5167;383.050;292335
ML.5168;383.051;292336
ML.5169;383.052;292337
ML.517;104.024;292338
ML.5171;383.053;292339
ML.5172;383.054;292340
ML.5173;383.055;292341
ML.5174;382.064;292342
ML.5175;382.065;292343
ML.5176;382.066;292344
ML.518;104.025;292345
ML.519;104.026;292346
ML.5194;383.056;292347
ML.520;104.027;292348
ML.5204;384.031;292349
ML.5207;384.032;292350
ML.521;104.028;292351
ML.5210;384.033;292352
ML.5211;384.034;292353
ML.5212;384.035;292354
ML.5217;384.036;292355
ML.5218;384.037;292356
ML.5219;384.038;292357
ML.522;104.029;292358
ML.5222;379.078;292359
ML.5227;353.369;292360
ML.523;104.030;292361
ML.524;104.031;292362
ML.525;104.032;292363
ML.5251;379.079;292364
ML.5252;379.080;292365
ML.5254;379.081;292366
ML.526;104.033;292367
ML.527;104.034;292368
ML.5278;379.082;292369
ML.528;104.035;292370
ML.5288;379.083;292371
ML.529;104.036;292372
ML.5293;379.084;292373
ML.5294;379.085;292374
ML.530;104.037;292375
ML.531;104.038;292376
ML.5313;379.086;292377
ML.5318;379.087;292378
ML.532;104.039;292379
ML.5321;379.088;292380
ML.5322;379.089;292381
ML.5323;379.090;292382
ML.5324;379.091;292383
ML.5326;379.092;292384
ML.5327;379.093;292385
ML.5328;379.094;292386
ML.533;104.040;292387
ML.5335;379.095;292388
ML.5337;379.096;292389
ML.534;104.041;292390
ML.5340;379.097;292391
ML.5348;379.098;292392
ML.535;104.042;292393
ML.5350;379.099;292394
ML.5353;379.100;292395
ML.5354;379.101;292396
ML.5356;379.102;292397
ML.5357;379.103;292398
ML.536;104.043;292399
ML.5360;379.104;292400
ML.5365;379.105;292401
ML.5367;379.106;292402
ML.537;104.044;292403
ML.5370;379.107;292404
ML.5371;379.108;292405
ML.5372;379.109;292406
ML.5373;379.110;292407
ML.5375;379.111;292408
ML.5376;379.112;292409
ML.5377;379.113;292410
ML.538;82.778;292411
ML.5380;373.139;292412
ML.5383;379.114;292413
ML.5389;379.115;292414
ML.539;82.779;292415
ML.540;82.780;292416
ML.5403;379.116;292417
ML.541;82.781;292418
ML.5411;379.117;292419
ML.5417;379.118;292420
ML.5418;379.119;292421
ML.5419;379.120;292422
ML.542;82.782;292423
ML.5421;379.121;292424
ML.5423;379.122;292425
ML.5424;379.123;292426
ML.5425;379.124;292427
ML.5426;379.125;292428
ML.5427;379.126;292429
ML.5428;379.127;292430
ML.543;82.783;292431
ML.5432;379.128;292432
ML.5433;379.129;292433
ML.5435;379.130;292434
ML.5436;379.131;292435
ML.544;82.784;292436
ML.5441;379.132;292437
ML.5442;379.133;292438
ML.5443;379.134;292439
ML.5444;379.135;292440
ML.5445;379.136;292441
ML.545;82.785;292442
ML.546;82.786;292443
ML.547;82.787;292444
ML.5473;483.040;292445
ML.5474;483.041;292446
ML.5475;483.042;292447
ML.5476;483.043;292448
ML.5477;483.044;292449
ML.5478;483.045;292450
ML.5479;483.046;292451
ML.548;82.788;292452
ML.5480;483.047;292453
ML.549;82.789;292454
ML.550;82.790;292455
ML.551;82.791;292456
ML.5510;484.010;292457
ML.5511;391.017;292458
ML.552;82.792;292459
ML.5521;353.370;292460
ML.5522;353.371;292461
ML.5523;353.372;292462
ML.5524;353.373;292463
ML.5525;347.431;292464
ML.5526;347.432;292465
ML.5527;347.433;292466
ML.5528;347.434;292467
ML.554;82.793;292468
ML.555;82.794;292469
ML.5570;485.137;292470
ML.5573;485.138;292471
ML.5575;485.139;292472
ML.5576;485.140;292473
ML.5577;485.141;292474
ML.5578;485.142;292475
ML.5579;485.143;292476
ML.5580;485.144;292477
ML.5581;485.145;292478
ML.5582;485.146;292479
ML.5583;485.147;292480
ML.5584;485.148;292481
ML.559;82.795;292482
ML.560;82.796;292483
ML.561;82.797;292484
ML.5614;485.149;292485
ML.5615;485.150;292486
ML.563;82.798;292487
ML.564;82.799;292488
ML.565;82.800;292489
ML.566;82.801;292490
ML.5665;485.151;292491
ML.5666;485.152;292492
ML.5667;485.153;292493
ML.5668;485.154;292494
ML.5669;485.155;292495
ML.567;82.802;292496
ML.5670;485.156;292497
ML.5671;485.157;292498
ML.5672;485.158;292499
ML.5673;485.159;292500
ML.5674;485.160;292501
ML.5675;485.161;292502
ML.5676;485.162;292503
ML.5677;485.163;292504
ML.5678;485.164;292505
ML.5679;485.165;292506
ML.568;82.803;292507
ML.5680;485.166;292508
ML.5681;485.167;292509
ML.5682;485.168;292510
ML.5683;485.169;292511
ML.5684;485.170;292512
ML.5685;485.171;292513
ML.5686;485.172;292514
ML.5687;485.173;292515
ML.569;82.804;292516
ML.5698;487.036;292517
ML.5699;487.037;292518
ML.570;82.805;292519
ML.571;82.806;292520
ML.572;82.807;292521
ML.5727;347.435;292522
ML.5728;347.436;292523
ML.5729;347.437;292524
ML.573;82.808;292525
ML.5730;347.438;292526
ML.5732;487.038;292527
ML.5733;487.039;292528
ML.5734;487.040;292529
ML.5735;487.041;292530
ML.5736;487.042;292531
ML.5737;487.043;292532
ML.5738;487.044;292533
ML.5739;487.045;292534
ML.574;82.809;292535
ML.5742;379.137;292536
ML.5743;379.138;292537
ML.5744;379.139;292538
ML.575;82.810;292539
ML.5754;488.022;292540
ML.5755;545.013;292541
ML.5756;488.023;292542
ML.5757;488.024;292543
ML.5758;488.025;292544
ML.5759;488.026;292545
ML.576;82.811;292546
ML.5760;488.027;292547
ML.5761;488.028;292548
ML.5762;488.029;292549
ML.577;82.812;292550
ML.578;82.813;292551
ML.5788;379.140;292552
ML.5789;379.141;292553
ML.579;82.814;292554
ML.5790;379.142;292555
ML.5791;488.030;292556
ML.5798;384.039;292557
ML.5799;486.023;292558
ML.580;82.815;292559
ML.5801;384.040;292560
ML.5802;485.174;292561
ML.581;82.816;292562
ML.5816;490.038;292563
ML.582;82.817;292564
ML.583;82.818;292565
ML.5834;56.969;292566
ML.5835;56.970;292567
ML.5836;56.971;292568
ML.5837;56.972;292569
ML.5838;56.973;292570
ML.5839;56.974;292571
ML.584;82.819;292572
ML.5840;56.975;292573
ML.5841;490.039;292574
ML.5842;483.048;292575
ML.5843;483.049;292576
ML.5844;483.050;292577
ML.5845;483.051;292578
ML.5846;483.052;292579
ML.5847;483.053;292580
ML.5848;483.054;292581
ML.5849;483.055;292582
ML.5850;384.041;292583
ML.5851;384.042;292584
ML.5852;486.024;292585
ML.5853;486.025;292586
ML.5854;486.026;292587
ML.5855;486.027;292588
ML.5856;486.028;292589
ML.5860;486.029;292590
ML.5861;486.030;292591
ML.5863;527.040;292592
ML.588;82.820;292593
ML.589;82.821;292594
ML.59;94.038;292595
ML.590;82.822;292596
ML.591;82.823;292597
ML.5918;527.041;292598
ML.5919;527.042;292599
ML.592;82.824;292600
ML.5920;527.043;292601
ML.593;82.825;292602
ML.5930;490.040;292603
ML.5936;485.175;292604
ML.5937;485.176;292605
ML.5938;485.177;292606
ML.5939;485.178;292607
ML.594;82.826;292608
ML.5940;485.179;292609
ML.5941;485.180;292610
ML.5942;485.181;292611
ML.5943;485.182;292612
ML.5944;485.183;292613
ML.5945;485.184;292614
ML.5948;527.044;292615
ML.595;82.827;292616
ML.5950;384.043;292617
ML.596;82.828;292618
ML.597;82.829;292619
ML.598;82.830;292620
ML.599;82.831;292621
ML.6;94.039;292622
ML.60;94.040;292623
ML.600;82.832;292624
ML.6003;490.041;292625
ML.601;82.833;292626
ML.6016;526.002;292627
ML.602;82.834;292628
ML.6026;531.001;292629
ML.603;82.835;292630
ML.6036;532.001;292631
ML.604;82.836;292632
ML.6046;530.001;292633
ML.605;82.837;292634
ML.6059;527.045;292635
ML.606;82.838;292636
ML.6060;527.046;292637
ML.6061;527.047;292638
ML.6062;527.048;292639
ML.6063;527.049;292640
ML.6064;527.050;292641
ML.6065;527.051;292642
ML.6066;527.052;292643
ML.6067;527.053;292644
ML.607;82.839;292645
ML.6079;536.059;292646
ML.608;82.840;292647
ML.6080;536.060;292648
ML.609;82.841;292649
ML.6096;536.061;292650
ML.61;94.041;292651
ML.610;82.842;292652
ML.611;82.843;292653
ML.6111;536.062;292654
ML.6112;536.063;292655
ML.612;82.844;292656
ML.6120;536.064;292657
ML.6122;379.143;292658
ML.6128;541.057;292659
ML.613;82.845;292660
ML.614;82.846;292661
ML.615;82.847;292662
ML.616;15.903;292663
ML.617;15.904;292664
ML.618;15.905;292665
ML.619;15.906;292666
ML.6192;541.058;292667
ML.6196;541.059;292668
ML.62;94.042;292669
ML.620;15.907;292670
ML.6203;541.060;292671
ML.621;15.908;292672
ML.6214;537.005;292673
ML.6215;537.006;292674
ML.622;15.909;292675
ML.6227;535.051;292676
ML.6228;535.052;292677
ML.6229;534.031;292678
ML.623;15.910;292679
ML.6230;534.032;292680
ML.6237;534.033;292681
ML.6238;534.034;292682
ML.6239;534.035;292683
ML.624;15.911;292684
ML.6240;534.036;292685
ML.625;15.912;292686
ML.6251;534.037;292687
ML.6256;534.038;292688
ML.626;15.913;292689
ML.6267;534.039;292690
ML.6268;534.040;292691
ML.6269;534.041;292692
ML.627;15.914;292693
ML.6276;534.042;292694
ML.628;15.915;292695
ML.6285;534.043;292696
ML.6286;534.044;292697
ML.6287;534.045;292698
ML.629;15.916;292699
ML.6299;534.046;292700
ML.630;15.917;292701
ML.6301;534.047;292702
ML.6302;534.048;292703
ML.631;15.918;292704
ML.6313;488.031;292705
ML.6314;488.032;292706
ML.6317;490.042;292707
ML.6318;490.043;292708
ML.6319;490.044;292709
ML.632;15.919;292710
ML.6320;490.045;292711
ML.6321;490.046;292712
ML.6322;490.047;292713
ML.6323;490.048;292714
ML.6324;490.049;292715
ML.6325;82.848;292716
ML.633;15.920;292717
ML.6336;490.050;292718
ML.6337;490.051;292719
ML.6338;490.052;292720
ML.634;15.921;292721
ML.6341;534.049;292722
ML.635;15.922;292723
ML.636;15.923;292724
ML.6365;486.031;292725
ML.6369;541.061;292726
ML.637;15.924;292727
ML.6370;486.032;292728
ML.6371;536.065;292729
ML.6372;536.066;292730
ML.6377;536.067;292731
ML.6378;536.068;292732
ML.6379;536.069;292733
ML.638;15.925;292734
ML.6380;536.070;292735
ML.6386;536.071;292736
ML.639;15.926;292737
ML.6397;536.072;292738
ML.6398;536.073;292739
ML.6399;536.074;292740
ML.640;15.927;292741
ML.6400;536.075;292742
ML.6401;536.076;292743
ML.6402;536.077;292744
ML.6403;536.078;292745
ML.6404;536.079;292746
ML.6405;536.080;292747
ML.641;15.928;292748
ML.6418;534.050;292749
ML.6419;534.051;292750
ML.642;15.929;292751
ML.6420;534.052;292752
ML.6422;536.081;292753
ML.643;15.930;292754
ML.644;15.931;292755
ML.6442;552.053;292756
ML.6443;552.054;292757
ML.6445;552.055;292758
ML.6447;552.056;292759
ML.645;15.932;292760
ML.6450;552.057;292761
ML.6452;552.058;292762
ML.646;15.933;292763
ML.6471;552.059;292764
ML.6473;552.060;292765
ML.6474;552.061;292766
ML.6476;552.062;292767
ML.6477;552.063;292768
ML.6478;552.064;292769
ML.6479;552.065;292770
ML.648;15.934;292771
ML.6480;552.066;292772
ML.6481;552.067;292773
ML.6482;552.068;292774
ML.6483;552.069;292775
ML.6484;552.070;292776
ML.6485;552.071;292777
ML.6486;552.072;292778
ML.6487;552.073;292779
ML.649;15.935;292780
ML.650;15.936;292781
ML.6504;552.074;292782
ML.651;15.937;292783
ML.652;15.938;292784
ML.6528;553.045;292785
ML.6529;553.046;292786
ML.653;15.939;292787
ML.6530;553.047;292788
ML.6531;553.048;292789
ML.6532;553.049;292790
ML.6533;553.050;292791
ML.6535;553.051;292792
ML.6537;553.052;292793
ML.6539;553.053;292794
ML.654;15.940;292795
ML.6541;553.054;292796
ML.6543;553.055;292797
ML.6546;553.056;292798
ML.655;15.941;292799
ML.6551;553.057;292800
ML.6563;553.058;292801
ML.6565;553.059;292802
ML.6566;553.060;292803
ML.6567;553.061;292804
ML.6568;553.062;292805
ML.6569;553.063;292806
ML.6571;553.064;292807
ML.6572;553.065;292808
ML.6573;553.066;292809
ML.6575;553.067;292810
ML.6576;553.068;292811
ML.6577;553.069;292812
ML.6578;553.070;292813
ML.6579;553.071;292814
ML.6580;553.072;292815
ML.6581;553.073;292816
ML.6582;553.074;292817
ML.6584;553.075;292818
ML.6585;553.076;292819
ML.6587;553.077;292820
ML.6588;553.078;292821
ML.6590;553.079;292822
ML.6591;553.080;292823
ML.6592;553.081;292824
ML.6593;553.082;292825
ML.6594;553.083;292826
ML.6595;553.084;292827
ML.6596;553.085;292828
ML.6598;553.086;292829
ML.6599;553.087;292830
ML.6601;553.088;292831
ML.6602;553.089;292832
ML.6603;553.090;292833
ML.6605;553.091;292834
ML.6607;553.092;292835
ML.6610;553.093;292836
ML.6611;553.094;292837
ML.6615;553.095;292838
ML.6616;553.096;292839
ML.6617;553.097;292840
ML.6620;545.014;292841
ML.6621;545.015;292842
ML.6622;545.016;292843
ML.6623;545.017;292844
ML.6624;486.033;292845
ML.6625;486.034;292846
ML.6626;545.018;292847
ML.6632;545.019;292848
ML.6634;490.053;292849
ML.6638;547.017;292850
ML.6647;547.018;292851
ML.6649;547.019;292852
ML.6653;552.075;292853
ML.6655;547.020;292854
ML.6657;552.076;292855
ML.6658;552.077;292856
ML.6659;552.078;292857
ML.6660;552.079;292858
ML.6661;552.080;292859
ML.6662;552.081;292860
ML.6663;552.082;292861
ML.6664;552.083;292862
ML.6665;552.084;292863
ML.6666;552.085;292864
ML.6667;552.086;292865
ML.6668;552.087;292866
ML.6669;552.088;292867
ML.6670;552.089;292868
ML.6671;552.090;292869
ML.6672;552.091;292870
ML.6673;552.092;292871
ML.6674;552.093;292872
ML.6675;552.094;292873
ML.6676;552.095;292874
ML.6677;552.096;292875
ML.6678;552.097;292876
ML.6679;552.098;292877
ML.6680;552.099;292878
ML.6681;552.100;292879
ML.6682;552.101;292880
ML.6683;552.102;292881
ML.6684;552.103;292882
ML.6685;552.104;292883
ML.6694;558.033;292884
ML.67;94.043;292885
ML.6701;558.034;292886
ML.6705;558.035;292887
ML.6717;536.082;292888
ML.6718;536.083;292889
ML.6721;536.084;292890
ML.6723;553.098;292891
ML.6730;553.099;292892
ML.6731;552.105;292893
ML.6732;552.106;292894
ML.6733;552.107;292895
ML.6734;552.108;292896
ML.6735;552.109;292897
ML.6737;548.046;292898
ML.6738;548.047;292899
ML.6739;548.048;292900
ML.6740;347.439;292901
ML.6758;558.036;292902
ML.6759;558.037;292903
ML.6760;558.038;292904
ML.6761;558.039;292905
ML.6762;558.040;292906
ML.6763;558.041;292907
ML.6764;541.062;292908
ML.6765;541.063;292909
ML.6766;541.064;292910
ML.6767;541.065;292911
ML.6768;541.066;292912
ML.6769;541.067;292913
ML.677;88.213;292914
ML.6770;541.068;292915
ML.6771;541.069;292916
ML.6772;541.070;292917
ML.6773;541.071;292918
ML.6774;541.072;292919
ML.6775;541.073;292920
ML.6776;541.074;292921
ML.6777;558.042;292922
ML.6778;558.043;292923
ML.6779;558.044;292924
ML.678;88.214;292925
ML.6780;558.045;292926
ML.6781;558.046;292927
ML.6782;558.047;292928
ML.6783;558.048;292929
ML.6784;558.049;292930
ML.6785;558.050;292931
ML.6786;558.051;292932
ML.6787;558.052;292933
ML.6788;558.053;292934
ML.6789;558.054;292935
ML.68;94.044;292936
ML.6808;547.021;292937
ML.6822;548.049;292938
ML.683;88.215;292939
ML.6839;548.050;292940
ML.684;88.216;292941
ML.6842;561.014;292942
ML.6843;561.015;292943
ML.6851;560.018;292944
ML.6859;560.019;292945
ML.6860;560.020;292946
ML.6861;560.021;292947
ML.6874;560.022;292948
ML.688;88.217;292949
ML.6882;560.023;292950
ML.6883;560.024;292951
ML.689;88.218;292952
ML.6892;560.025;292953
ML.6897;560.026;292954
ML.6898;560.027;292955
ML.690;88.219;292956
ML.6901;560.028;292957
ML.6902;552.110;292958
ML.6903;379.144;292959
ML.6904;379.145;292960
ML.6905;379.146;292961
ML.6906;379.147;292962
ML.6907;379.148;292963
ML.6909;553.100;292964
ML.691;88.220;292965
ML.6910;567.015;292966
ML.6911;567.016;292967
ML.6916;567.017;292968
ML.6917;567.018;292969
ML.6919;567.019;292970
ML.692;88.221;292971
ML.6920;552.111;292972
ML.6921;552.112;292973
ML.6922;552.113;292974
ML.6923;553.101;292975
ML.6924;553.102;292976
ML.6925;553.103;292977
ML.6926;553.104;292978
ML.6927;553.105;292979
ML.6928;553.106;292980
ML.6929;553.107;292981
ML.6930;553.108;292982
ML.6931;553.109;292983
ML.6932;553.110;292984
ML.6933;553.111;292985
ML.6934;553.112;292986
ML.6935;553.113;292987
ML.6937;552.114;292988
ML.6938;552.115;292989
ML.6939;552.116;292990
ML.694;87.070;292991
ML.6940;552.117;292992
ML.6946;552.118;292993
ML.6947;553.114;292994
ML.6948;553.115;292995
ML.6949;553.116;292996
ML.695;87.071;292997
ML.6950;553.117;292998
ML.6951;553.118;292999
ML.6952;553.119;293000
ML.6953;553.120;293001
ML.6954;553.121;293002
ML.6955;553.122;293003
ML.6956;553.123;293004
ML.6957;553.124;293005
ML.696;87.072;293006
ML.6961;572.013;293007
ML.697;87.073;293008
ML.6970;572.014;293009
ML.6971;572.015;293010
ML.6974;570.029;293011
ML.6975;570.030;293012
ML.6976;561.016;293013
ML.698;87.074;293014
ML.6989;569.033;293015
ML.699;87.075;293016
ML.7;94.045;293017
ML.70;94.046;293018
ML.700;87.076;293019
ML.7003;548.051;293020
ML.7004;553.125;293021
ML.7006;553.126;293022
ML.7009;553.127;293023
ML.701;87.077;293024
ML.7010;553.128;293025
ML.7011;553.129;293026
ML.7014;553.130;293027
ML.7015;553.131;293028
ML.7016;485.185;293029
ML.7017;485.186;293030
ML.7018;485.187;293031
ML.7019;485.188;293032
ML.702;87.078;293033
ML.7020;561.017;293034
ML.7021;561.018;293035
ML.7022;561.019;293036
ML.7024;560.029;293037
ML.7025;560.030;293038
ML.7029;560.031;293039
ML.703;87.079;293040
ML.7030;560.032;293041
ML.7031;560.033;293042
ML.7032;560.034;293043
ML.7033;560.035;293044
ML.7034;560.036;293045
ML.7035;560.037;293046
ML.704;87.080;293047
ML.705;87.081;293048
ML.7054;561.020;293049
ML.7073;553.132;293050
ML.7074;553.133;293051
ML.7075;553.134;293052
ML.7134;560.038;293053
ML.7135;552.119;293054
ML.7136;552.120;293055
ML.7139;553.135;293056
ML.714;87.082;293057
ML.7140;553.136;293058
ML.7141;553.137;293059
ML.7142;553.138;293060
ML.7143;553.139;293061
ML.716;87.083;293062
ML.7164;553.140;293063
ML.7165;553.141;293064
ML.7166;553.142;293065
ML.7167;553.143;293066
ML.7168;553.144;293067
ML.7169;553.145;293068
ML.717;87.084;293069
ML.7170;553.146;293070
ML.718;87.085;293071
ML.7183;553.147;293072
ML.7184;553.148;293073
ML.7185;553.149;293074
ML.7186;553.150;293075
ML.7187;592.028;293076
ML.7189;592.029;293077
ML.719;87.086;293078
ML.7194;592.030;293079
ML.7195;592.031;293080
ML.7196;592.032;293081
ML.72;85.174;293082
ML.7203;592.033;293083
ML.7209;592.034;293084
ML.721;87.087;293085
ML.7210;592.035;293086
ML.7217;592.036;293087
ML.7229;592.037;293088
ML.7233;592.038;293089
ML.7235;592.039;293090
ML.7237;592.040;293091
ML.7238;592.041;293092
ML.7239;592.042;293093
ML.7242;592.043;293094
ML.7244;592.044;293095
ML.7248;592.045;293096
ML.7249;592.046;293097
ML.7250;592.047;293098
ML.7251;592.048;293099
ML.7252;592.049;293100
ML.7253;592.050;293101
ML.7254;592.051;293102
ML.7257;592.052;293103
ML.7262;592.053;293104
ML.7263;592.054;293105
ML.727;87.088;293106
ML.7272;592.055;293107
ML.7279;560.039;293108
ML.728;87.089;293109
ML.7280;560.040;293110
ML.7281;592.056;293111
ML.7282;592.057;293112
ML.7283;592.058;293113
ML.7284;592.059;293114
ML.7287;592.060;293115
ML.7289;592.061;293116
ML.7295;592.062;293117
ML.7296;592.063;293118
ML.7297;592.064;293119
ML.7298;592.065;293120
ML.7299;592.066;293121
ML.73;85.175;293122
ML.7300;592.067;293123
ML.7301;592.068;293124
ML.7302;592.069;293125
ML.7307;560.041;293126
ML.7308;592.070;293127
ML.734;87.090;293128
ML.735;87.091;293129
ML.736;87.092;293130
ML.7366;553.151;293131
ML.7367;553.152;293132
ML.7368;553.153;293133
ML.7369;553.154;293134
ML.737;87.093;293135
ML.7370;553.155;293136
ML.7372;570.031;293137
ML.7373;570.032;293138
ML.739;87.094;293139
ML.74;85.176;293140
ML.740;87.095;293141
ML.741;87.096;293142
ML.7411;600.001;293143
ML.742;87.097;293144
ML.743;87.098;293145
ML.744;87.099;293146
ML.745;87.100;293147
ML.746;87.101;293148
ML.747;87.102;293149
ML.748;87.103;293150
ML.749;87.104;293151
ML.75;85.177;293152
ML.750;87.105;293153
ML.751;87.106;293154
ML.752;87.107;293155
ML.753;87.108;293156
ML.758;87.109;293157
ML.76;85.178;293158
ML.762;87.110;293159
ML.763;87.111;293160
ML.764;87.112;293161
ML.765;87.113;293162
ML.766;87.114;293163
ML.767;87.115;293164
ML.768;87.116;293165
ML.769;87.117;293166
ML.77;85.179;293167
ML.770;87.118;293168
ML.771;87.119;293169
ML.772;87.120;293170
ML.773;87.121;293171
ML.774;87.122;293172
ML.775;87.123;293173
ML.776;87.124;293174
ML.777;87.125;293175
ML.778;87.126;293176
ML.779;87.127;293177
ML.78;85.180;293178
ML.79;85.181;293179
ML.796;83.210;293180
ML.797;83.211;293181
ML.798;83.212;293182
ML.799;83.213;293183
ML.8;94.047;293184
ML.80;85.182;293185
ML.800;83.214;293186
ML.801;83.215;293187
ML.802;83.216;293188
ML.803;83.217;293189
ML.804;83.218;293190
ML.805;83.219;293191
ML.806;83.220;293192
ML.807;83.221;293193
ML.808;83.222;293194
ML.809;83.223;293195
ML.81;85.183;293196
ML.810;83.224;293197
ML.811;83.225;293198
ML.812;83.226;293199
ML.813;83.227;293200
ML.82;85.184;293201
ML.823;92.128;293202
ML.83;85.185;293203
ML.833;92.129;293204
ML.837;92.130;293205
ML.839;92.131;293206
ML.84;85.186;293207
ML.840;92.132;293208
ML.841;92.133;293209
ML.842;92.134;293210
ML.843;92.135;293211
ML.845;92.136;293212
ML.85;85.187;293213
ML.850;92.137;293214
ML.852;92.138;293215
ML.857;92.139;293216
ML.859;92.140;293217
ML.86;85.188;293218
ML.863;92.141;293219
ML.865;92.142;293220
ML.87;85.189;293221
ML.871;92.143;293222
ML.872;92.144;293223
ML.88;85.190;293224
ML.880;92.145;293225
ML.89;85.191;293226
ML.894;92.146;293227
ML.896;92.147;293228
ML.897;92.148;293229
ML.898;92.149;293230
ML.899;92.150;293231
ML.9;94.048;293232
ML.90;85.192;293233
ML.900;92.151;293234
ML.901;92.152;293235
ML.902;92.153;293236
ML.904;92.154;293237
ML.908;92.155;293238
ML.909;92.156;293239
ML.91;85.193;293240
ML.910;92.157;293241
ML.911;92.158;293242
ML.912;92.159;293243
ML.913;92.160;293244
ML.914;92.161;293245
ML.915;92.162;293246
ML.92;85.194;293247
ML.93;85.195;293248
ML.931;97.034;293249
ML.932;97.035;293250
ML.934;89.359;293251
ML.935;89.360;293252
ML.936;89.361;293253
ML.938;89.362;293254
ML.939;89.363;293255
ML.94;85.196;293256
ML.940;89.364;293257
ML.941;89.365;293258
ML.942;89.366;293259
ML.943;89.367;293260
ML.944;89.368;293261
ML.947;89.369;293262
ML.948;89.370;293263
ML.949;89.371;293264
ML.95;85.197;293265
ML.950;89.372;293266
ML.951;89.373;293267
ML.952;89.374;293268
ML.953;89.375;293269
ML.954;89.376;293270
ML.955;89.377;293271
ML.957;89.378;293272
ML.958;89.379;293273
ML.959;89.380;293274
ML.961;89.381;293275
ML.962;89.382;293276
ML.963;89.383;293277
ML.964;89.384;293278
ML.965;89.385;293279
ML.966;89.386;293280
ML.967;89.387;293281
ML.968;89.388;293282
ML.969;89.389;293283
ML.97;85.198;293284
ML.970;89.390;293285
ML.971;89.391;293286
ML.972;89.392;293287
ML.975;82.849;293288
ML.976;82.850;293289
ML.979;92.163;293290
ML.984;93.328;293291
ML.99;85.199;293292
