tikal:/net/work/Projects/TORUS/2019/data_processing/upper_air/radiosonde/5mb_composite-> ant dayfiles
Buildfile: /net/work/Projects/TORUS/2019/data_processing/upper_air/radiosonde/5mb_composite/build.xml

dayfiles:
     [java] Creating the day files from data in /net/work/Projects/TORUS/2019/data_processing/upper_air/radiosonde/5mb_composite/data and putting the files into /net/work/Projects/TORUS/2019/data_processing/upper_air/radiosonde/5mb_composite/database using file pattern \.05mb(\.gz)?
     [java] Creating day file: 2019/05/15
     [java] Creating day file: 2019/05/16
     [java] Creating day file: 2019/05/17
     [java] Creating day file: 2019/05/18
     [java] Creating day file: 2019/05/19
     [java] Creating day file: 2019/05/20
     [java] Creating day file: 2019/05/21
     [java] Creating day file: 2019/05/22
     [java] Creating day file: 2019/05/23
     [java] Creating day file: 2019/05/24
     [java] Creating day file: 2019/05/25
     [java] Creating day file: 2019/05/26
     [java] Creating day file: 2019/05/27
     [java] Creating day file: 2019/05/28
     [java] Creating day file: 2019/05/29
     [java] Creating day file: 2019/05/30
     [java] Creating day file: 2019/05/31
     [java] Creating day file: 2019/06/01
     [java] Creating day file: 2019/06/02
     [java] Creating day file: 2019/06/03
     [java] Creating day file: 2019/06/04
     [java] Creating day file: 2019/06/05
     [java] Creating day file: 2019/06/06
     [java] Creating day file: 2019/06/07
     [java] Creating day file: 2019/06/08
     [java] Creating day file: 2019/06/09
     [java] Creating day file: 2019/06/10
     [java] Creating day file: 2019/06/11
     [java] Creating day file: 2019/06/12
     [java] Creating day file: 2019/06/13
     [java] Creating day file: 2019/06/14
     [java] Creating day file: 2019/06/15
     [java] Creating day file: 2019/06/16
     [java] Creating day file: 2019/06/17
     [java] Creating day file: 2019/06/18
     [java] Creating day file: 2019/06/19
     [java] Creating day file: 2019/06/20
     [java] Creating day file: 2019/06/21

BUILD SUCCESSFUL
Total time: 9 seconds

