
Hello! WrapperLinkChecker.pl began on Mon Jul 16 14:58:58 2018.

Input file: /net/work/software/tools/link_verification/celeste_tool/input/listofprojects_1970_1999.txt

Project(s) to be processed: 
 arcss
 t28
 itex
 pacs
 cases-97
 sheba
 atlas
 cases-99
 indoex 

Begin loop with linkChecker.pl
---------------------------------Processing Project: arcss---------------------------------
Welcome! linkChecker.pl  began on Mon Jul 16 14:58:58 2018
Verifying URL's for arcss
Processing ./arcss_finalURLName.txt
End Processing for arcss 
----------------------------------------
See you later! linkChecker.pl ended on Mon Jul 16 15:03:18 2018

---------------------------------Processing Project: t28---------------------------------
Welcome! linkChecker.pl  began on Mon Jul 16 15:03:18 2018
Verifying URL's for t28
Processing ./t28_finalURLName.txt
End Processing for t28 
----------------------------------------
See you later! linkChecker.pl ended on Mon Jul 16 15:03:30 2018

---------------------------------Processing Project: itex---------------------------------
Welcome! linkChecker.pl  began on Mon Jul 16 15:03:30 2018
Verifying URL's for itex
Processing ./itex_finalURLName.txt
End Processing for itex 
----------------------------------------
See you later! linkChecker.pl ended on Mon Jul 16 15:04:43 2018

---------------------------------Processing Project: pacs---------------------------------
Welcome! linkChecker.pl  began on Mon Jul 16 15:04:43 2018
Verifying URL's for pacs
Processing ./pacs_finalURLName.txt
utf8 "\xE1" does not map to Unicode at linkChecker.pl line 308, <$brokenLinks> line 20.
End Processing for pacs 
----------------------------------------
See you later! linkChecker.pl ended on Mon Jul 16 15:05:20 2018

---------------------------------Processing Project: cases-97---------------------------------
Welcome! linkChecker.pl  began on Mon Jul 16 15:05:20 2018
Verifying URL's for cases-97
Processing ./cases-97_finalURLName.txt
End Processing for cases-97 
----------------------------------------
See you later! linkChecker.pl ended on Mon Jul 16 15:05:32 2018

---------------------------------Processing Project: sheba---------------------------------
Welcome! linkChecker.pl  began on Mon Jul 16 15:05:32 2018
Verifying URL's for sheba
Processing ./sheba_finalURLName.txt
End Processing for sheba 
----------------------------------------
See you later! linkChecker.pl ended on Mon Jul 16 15:08:04 2018

---------------------------------Processing Project: atlas---------------------------------
Welcome! linkChecker.pl  began on Mon Jul 16 15:08:04 2018
Verifying URL's for atlas
Processing ./atlas_finalURLName.txt
End Processing for atlas 
----------------------------------------
See you later! linkChecker.pl ended on Mon Jul 16 15:10:07 2018

---------------------------------Processing Project: cases-99---------------------------------
Welcome! linkChecker.pl  began on Mon Jul 16 15:10:08 2018
Verifying URL's for cases-99
Processing ./cases-99_finalURLName.txt
End Processing for cases-99 
----------------------------------------
See you later! linkChecker.pl ended on Mon Jul 16 15:10:20 2018

---------------------------------Processing Project: indoex---------------------------------
Welcome! linkChecker.pl  began on Mon Jul 16 15:10:20 2018
Verifying URL's for indoex
Processing ./indoex_finalURLName.txt
End Processing for indoex 
----------------------------------------
See you later! linkChecker.pl ended on Mon Jul 16 15:10:50 2018


WrapperLinkChecker.pl completed on Mon Jul 16 15:10:50 2018.

