
create_nonMobile_sigmaFiles.pl began at 99/2/26 8:41:57
Processing input file: 19962750000.sig.gz
There are   359 stations in this sigmasq file.
Total Lines read: 2140
Total: num mobile records found = 0
Total: num non_zero mobile records found = 0
create_nonMobile_sigmaFiles.pl ended at 99/2/26 8:41:58

create_nonMobile_sigmaFiles.pl began at 99/2/26 8:41:59
Processing input file: 19962750100.sig.gz
There are   359 stations in this sigmasq file.
Total Lines read: 2140
Total: num mobile records found = 0
Total: num non_zero mobile records found = 0
create_nonMobile_sigmaFiles.pl ended at 99/2/26 8:41:59

create_nonMobile_sigmaFiles.pl began at 99/2/26 8:42:0
Processing input file: 19962750200.sig.gz
There are   358 stations in this sigmasq file.
Found Mobile stn with non-missing value: 19962750200.sig.gz DATSAV2M 0 0 10.814663
Found Mobile stn with non-missing value: 19962750200.sig.gz DATSAV2M 0 1 12.992310
Found Mobile stn with non-missing value: 19962750200.sig.gz DATSAV2M 0 2 15.359790
Found Mobile stn with non-missing value: 19962750200.sig.gz DATSAV2M 0 3 11.423284
Found Mobile stn with non-missing value: 19962750200.sig.gz DATSAV2M 0 4 10.226194
Found Mobile stn with non-missing value: 19962750200.sig.gz DATSAV2M 0 5 3.011163
Found Mobile stn with non-missing value: 19962750200.sig.gz DATSAV2M 0 6 5773.016113
Total Lines read: 2139
Total: num mobile records found = 7
Total: num non_zero mobile records found = 7
create_nonMobile_sigmaFiles.pl ended at 99/2/26 8:42:1

create_nonMobile_sigmaFiles.pl began at 99/2/26 8:42:1
Processing input file: 19973610100.sig.gz
There are  1201 stations in this sigmasq file.
Found Mobile stn with non-missing value: 19973610100.sig.gz DATSAV2M 0 0 44.299248
Found Mobile stn with non-missing value: 19973610100.sig.gz DATSAV2M 0 2 44.653461
Found Mobile stn with non-missing value: 19973610100.sig.gz DATSAV2M 0 3 17.309809
Found Mobile stn with non-missing value: 19973610100.sig.gz DATSAV2M 0 4 25.595881
Found Mobile stn with non-missing value: 19973610100.sig.gz DATSAV2M 0 5 3.336464
Found Mobile stn with non-missing value: 19973610100.sig.gz DATSAV2M 0 6 13056.404297
Found Mobile stn with non-missing value: 19973610100.sig.gz GLERLM   2 0 41.498009
Found Mobile stn with non-missing value: 19973610100.sig.gz GLERLM   2 2 44.873341
Found Mobile stn with non-missing value: 19973610100.sig.gz GLERLM   2 3 10.108726
Found Mobile stn with non-missing value: 19973610100.sig.gz GLERLM   2 4 18.037130
Found Mobile stn with non-missing value: 19973610100.sig.gz GLERLM   2 5 3.003073
Found Mobile stn with non-missing value: 19973610100.sig.gz GLERLM   2 6 9545.565430
Found Mobile stn with non-missing value: 19973610100.sig.gz DATSAV2M 151 1 70.419571
Found Mobile stn with non-missing value: 19973610100.sig.gz DATSAV2M 151 3 26.837809
Found Mobile stn with non-missing value: 19973610100.sig.gz DATSAV2M 151 4 27.952377
Found Mobile stn with non-missing value: 19973610100.sig.gz DATSAV2M 151 5 3.743523
Found Mobile stn with non-missing value: 19973610100.sig.gz DATSAV2M 151 6 12135.239258
Found Mobile stn with non-missing value: 19973610100.sig.gz DATSAV2M 168 1 72.424973
Found Mobile stn with non-missing value: 19973610100.sig.gz DATSAV2M 168 3 19.179619
Found Mobile stn with non-missing value: 19973610100.sig.gz DATSAV2M 168 5 2.998905
Found Mobile stn with non-missing value: 19973610100.sig.gz DATSAV2M 168 6 13505.713867
Total Lines read: 7810
Total: num mobile records found = 21
Total: num non_zero mobile records found = 21
create_nonMobile_sigmaFiles.pl ended at 99/2/26 8:42:3
Can NOT open input file (1997sigfile.gz) for reading at ./create_nonMobile_sigmaFiles.pl line 34.

create_nonMobile_sigmaFiles.pl began at 99/2/26 8:42:4
Processing input file: 1997sigfile.gz
Can NOT open input file (1997sigfileNO.g) for reading at ./create_nonMobile_sigmaFiles.pl line 34.

create_nonMobile_sigmaFiles.pl began at 99/2/26 8:42:5
Processing input file: 1997sigfileNO.gz
