   10552 SW20_950401.qcf
   10565 SW20_950402.qcf
   10403 SW20_950403.qcf
   10337 SW20_950404.qcf
   10562 SW20_950405.qcf
   10118 SW20_950406.qcf
   10769 SW20_950407.qcf
   10598 SW20_950408.qcf
   10825 SW20_950409.qcf
   10272 SW20_950410.qcf
   10442 SW20_950411.qcf
   10662 SW20_950412.qcf
   10666 SW20_950413.qcf
   10034 SW20_950414.qcf
   10412 SW20_950415.qcf
   10457 SW20_950416.qcf
   10622 SW20_950417.qcf
   10857 SW20_950418.qcf
   10816 SW20_950419.qcf
   10816 SW20_950420.qcf
   10880 SW20_950421.qcf
   10745 SW20_950422.qcf
   10718 SW20_950423.qcf
   10876 SW20_950424.qcf
   10822 SW20_950425.qcf
   10836 SW20_950426.qcf
   10708 SW20_950427.qcf
   10836 SW20_950428.qcf
   10747 SW20_950429.qcf
   10750 SW20_950430.qcf
   10704 SW20_950501.qcf
   10767 SW20_950502.qcf
   10892 SW20_950503.qcf
   10947 SW20_950504.qcf
   10876 SW20_950505.qcf
   10916 SW20_950506.qcf
   10924 SW20_950507.qcf
   10796 SW20_950508.qcf
   10903 SW20_950509.qcf
   10948 SW20_950510.qcf
   10924 SW20_950511.qcf
   11021 SW20_950512.qcf
   11007 SW20_950513.qcf
   10925 SW20_950514.qcf
   10995 SW20_950515.qcf
   10970 SW20_950516.qcf
   11103 SW20_950517.qcf
   11042 SW20_950518.qcf
   10999 SW20_950519.qcf
   10970 SW20_950520.qcf
   10922 SW20_950521.qcf
   10989 SW20_950522.qcf
   10934 SW20_950523.qcf
   10784 SW20_950524.qcf
   10700 SW20_950525.qcf
   10540 SW20_950526.qcf
   10544 SW20_950527.qcf
   10683 SW20_950528.qcf
   10768 SW20_950529.qcf
   10691 SW20_950530.qcf
   10566 SW20_950531.qcf
   10580 SW20_950601.qcf
   10577 SW20_950602.qcf
   10456 SW20_950603.qcf
   10603 SW20_950604.qcf
   10826 SW20_950605.qcf
   10914 SW20_950606.qcf
   10808 SW20_950607.qcf
   10758 SW20_950608.qcf
   10778 SW20_950609.qcf
   10786 SW20_950610.qcf
   10727 SW20_950611.qcf
   10699 SW20_950612.qcf
   10765 SW20_950613.qcf
   10829 SW20_950614.qcf
   10825 SW20_950615.qcf
   10826 SW20_950616.qcf
   10730 SW20_950617.qcf
   10670 SW20_950618.qcf
   10706 SW20_950619.qcf
   10686 SW20_950620.qcf
   10660 SW20_950621.qcf
   10680 SW20_950622.qcf
   10752 SW20_950623.qcf
   10656 SW20_950624.qcf
   10636 SW20_950625.qcf
   10560 SW20_950626.qcf
   10411 SW20_950627.qcf
    9676 SW20_950628.qcf
    5648 SW20_950629.qcf
    2117 SW20_950630.qcf
  961798 total
