ABLE_AWS:Augusta          37.62600   -96.88200
ABLE_AWS:Beaumont         37.62700   -96.53800
ABLE_AWS:Oxford           37.27300   -97.09500
ABLE_AWS:Smileyberg       37.52100   -96.85500
ABLE_AWS:Whitewater       37.84100   -97.18600
AIRQUAL:1170010006        39.93278   -91.40427
AIRQUAL:1170310001        41.67082   -87.73259
AIRQUAL:1170310072        41.89585   -87.60759
AIRQUAL:1170310076        41.75137   -87.71374
AIRQUAL:1170311018        41.77376   -87.81526
AIRQUAL:1170313103        41.96525   -87.87628
AIRQUAL:1170314201        42.14013   -87.79921
AIRQUAL:1170317002        42.06179   -87.67415
AIRQUAL:1170436001        41.81298   -88.07279
AIRQUAL:1170971007        42.80087   -87.81002
AIRQUAL:1170990007        41.29313   -89.04924
AIRQUAL:1171150013        39.86689   -88.92554
AIRQUAL:1171170002        39.39612   -89.80955
AIRQUAL:1171192007        38.79331   -90.03964
AIRQUAL:1171430024        40.68749   -89.60687
AIRQUAL:1171613002        41.51461   -90.51724
AIRQUAL:1171630010        38.61212   -90.16041
AIRQUAL:1171670006        39.80072   -89.59074
AIRQUAL:1171971011        41.22159   -88.19094
AIRQUAL:1172012001        42.33499   -89.03800
AIRQUAL:39-095-0024       41.64417   -83.54667
AIRQUAL:39-095-0081       41.71944   -83.47500
AIRQUAL:39-151-0016       40.82778   -81.37861
AIRQUAL:39-151-0019       40.70861   -81.60111
AIRQUAL:39-153-0014       41.07917   -81.51667
AWON:ARL                  43.31000   -89.38000
AWON:SPR                  43.18000   -89.91000
AWOS:ADU                  41.70830   -94.91670
AWOS:AIO                  41.40640   -95.04640
AWOS:AWG                  41.27500   -91.67440
AWOS:AXA                  43.07940   -94.27220
AWOS:BNW                  42.04860   -93.84830
AWOS:CAV                  42.74310   -93.75920
AWOS:CBF                  41.25640   -95.76000
AWOS:CCY                  43.07280   -92.61360
AWOS:CIN                  42.41110   -94.78860
AWOS:CNC                  41.01860   -93.36190
AWOS:CSQ                  41.01470   -94.34690
AWOS:DEH                  43.27560   -91.74330
AWOS:DNS                  41.98420   -95.38000
AWOS:EBS                  42.43860   -93.86890
AWOS:EOK                  40.46110   -91.42670
AWOS:FFL                  41.05140   -91.98310
AWOS:FSW                  40.66170   -91.32640
AWOS:HNR                  41.58330   -95.33560
AWOS:ICL                  40.70750   -95.02170
AWOS:IIB                  42.45440   -91.95040
AWOS:IKV                  41.67980   -93.56810
AWOS:LRJ                  42.77530   -96.19190
AWOS:MPZ                  40.94530   -91.51220
AWOS:MUT                  41.36690   -91.14030
AWOS:MXO                  42.22580   -91.16280
AWOS:OLZ                  42.68310   -91.97580
AWOS:ORC                  42.99030   -96.06530
AWOS:OXV                  41.30080   -93.11250
AWOS:PEA                  41.39890   -92.94310
AWOS:RDK                  41.01060   -95.26220
AWOS:SDA                  40.75140   -95.40860
AWOS:SHL                  43.20810   -95.83470
AWOS:SLB                  42.59720   -95.23940
AWOS:TNU                  41.67000   -93.01860
AWOS:VTI                  42.21760   -92.02500
COAGMET:BRL01             39.49980  -102.07400
COAGMET:BRL02             39.26510  -102.10900
COAGMET:FTM01             40.25850  -103.95400
COAGMET:HLY01             38.07000  -102.09000
COAGMET:HXT01             40.67220  -102.64700
COAGMET:HYK02             40.49090  -102.08900
COAGMET:IDL01             39.73120  -102.08900
COAGMET:KRK01             39.65540  -102.62100
COAGMET:LAM01             37.98070  -102.59600
COAGMET:LAM02             38.17340  -102.55900
COAGMET:LAM03             37.58560  -102.42800
COAGMET:RFD01             38.03330  -103.70000
COAGMET:WGG02             40.29980  -103.95200
COAGMET:WRY01             40.19240  -102.20300
COAGMET:YUM02             40.15040  -102.72400
GLERL:ALPENA              45.04639   -83.44583
GLERL:CHICAGO             42.00000   -87.50000
GLERL:KENOSHA             42.58889   -87.80861
GLERL:MICHIGAN_CITY       41.72917   -86.92806
GLERL:MILWAUKEE           43.04556   -87.87889
GLERL:MUSKEGON            43.22778   -86.33889
GLERL:SAUGATUCK           42.67500   -86.21667
GWMD5:weather_stn01       37.64489   -99.31336
GWMD5:weather_stn02       37.94081   -99.23357
GWMD5:weather_stn03       38.16304   -99.33188
GWMD5:weather_stn04       37.64386   -98.90546
GWMD5:weather_stn05       37.92658   -98.90348
GWMD5:weather_stn06       38.16652   -98.91145
GWMD5:weather_stn07       38.39776   -98.80619
GWMD5:weather_stn08       38.27800   -98.21040
GWMD5:weather_stn09       37.58717   -98.55527
GWMD5:weather_stn10       37.96870   -98.51785
HPCN:A050119              40.15000  -103.15000
HPCN:A057959              40.47000  -103.02000
HPCN:A058019              39.30000  -102.52000
HPCN:A058799              37.28000  -102.20000
HPCN:A130209              42.02000   -93.75000
HPCN:A130219              42.03000   -93.75000
HPCN:A131299              42.07000   -95.83000
HPCN:A131559              41.00000   -93.43000
HPCN:A131909              41.20000   -91.48000
HPCN:A133259              42.70000   -94.42000
HPCN:A135879              42.97000   -92.53000
HPCN:A141689              39.38000  -101.07000
HPCN:A142099              38.98000   -94.93000
HPCN:A142979              37.98000  -100.82000
HPCN:A143529              38.87000   -99.33000
HPCN:A143599              38.13000   -97.40000
HPCN:A143939              37.93000   -98.03000
HPCN:A144959              39.20000   -96.58000
HPCN:A146139              38.62000   -95.28000
HPCN:A146249              37.37000   -95.28000
HPCN:A146539              39.80000   -95.80000
HPCN:A147019              39.12000   -95.92000
HPCN:A147169              37.93000   -98.77000
HPCN:A147239              38.47000  -101.77000
HPCN:A147259              39.78000   -97.78000
HPCN:A147399              39.03000   -95.70000
HPCN:A148839              37.87000   -97.50000
HPCN:A211549              47.68000   -96.82000
HPCN:A216419              47.18000   -96.68000
HPCN:A237229              40.47000   -95.48000
HPCN:A237439              39.77000   -94.92000
HPCN:A250059              42.55000   -99.82000
HPCN:A250138              42.02000  -103.13000
HPCN:A250148              42.18000  -102.92000
HPCN:A250259              41.48000  -101.85000
HPCN:A250369              41.65000  -101.52000
HPCN:A250629              40.30000   -96.93000
HPCN:A251549              41.20000  -101.63000
HPCN:A251569              41.15000   -97.97000
HPCN:A251599              40.40000  -101.72000
HPCN:A252109              40.63000  -100.50000
HPCN:A252319              40.95000  -100.97000
HPCN:A252599              41.93000   -98.18000
HPCN:A253359              42.73000  -102.17000
HPCN:A253409              40.88000   -98.50000
HPCN:A253479              42.07000  -101.43000
HPCN:A253549              41.90000  -100.15000
HPCN:A253919              40.33000   -99.37000
HPCN:A253929              40.50000   -99.35000
HPCN:A254339              40.72000   -99.02000
HPCN:A254669              40.77000   -99.73000
HPCN:A254699              40.85000   -96.60000
HPCN:A254719              40.77000   -96.68000
HPCN:A254729              40.78000   -96.60000
HPCN:A254739              40.87000   -96.73000
HPCN:A254749              40.78000   -96.65000
HPCN:A254769              40.75000   -96.67000
HPCN:A254809              40.82000   -96.65000
HPCN:A255319              40.23000  -100.58000
HPCN:A255367              41.15000   -96.40000
HPCN:A255368              41.17000   -96.47000
HPCN:A255369              41.15000   -96.48000
HPCN:A255569              40.52000   -99.05000
HPCN:A255599              41.93000  -103.70000
HPCN:A255649              41.38000   -97.52000
HPCN:A256019              42.38000   -96.95000
HPCN:A256079              41.08000  -100.77000
HPCN:A256299              42.47000   -98.75000
HPCN:A256339              41.62000   -98.93000
HPCN:A257079              40.08000   -98.28000
HPCN:A257679              41.88000  -103.67000
HPCN:A257779              40.73000   -98.75000
HPCN:A257839              41.22000  -103.02000
HPCN:A257899              40.57000   -98.13000
HPCN:A258109              40.58000   -99.67000
HPCN:A259209              41.85000   -96.73000
HPCN:A259519              40.87000   -97.62000
HPCN:A320599              46.78000  -103.97000
HPCN:A320999              46.20000  -103.47000
HPCN:A321369              47.52000   -99.13000
HPCN:A321999              47.18000   -98.13000
HPCN:A322189              46.90000  -102.82000
HPCN:A322489              46.32000   -98.77000
HPCN:A322858              46.90000   -96.82000
HPCN:A323359              47.35000   -97.72000
HPCN:A323619              47.83000   -97.07000
HPCN:A324009              47.73000   -99.92000
HPCN:A324019              47.30000  -101.68000
HPCN:A324187              46.00000  -102.50000
HPCN:A324209              47.35000   -96.92000
HPCN:A325219              46.90000   -98.93000
HPCN:A325229              46.33000  -100.28000
HPCN:A325679              47.50000   -97.27000
HPCN:A325749              47.68000   -98.62000
HPCN:A325759              46.43000   -97.40000
HPCN:A326629              46.07000   -98.10000
HPCN:A327359              47.00000   -97.12000
HPCN:A327589              47.17000   -99.80000
HPCN:A328367              46.72000   -99.45000
HPCN:A328849              47.57000  -100.90000
HPCN:A329249              47.80000  -103.28000
HPCN:A329709              46.27000   -97.10000
HPCN:A390669              43.07000   -96.93000
HPCN:A391079              44.32000   -96.77000
HPCN:A391619              43.80000   -99.33000
HPCN:A391979              43.97000  -101.87000
HPCN:A393229              44.98000  -100.28000
HPCN:A396079              44.68000  -103.57000
HPCN:A396599              44.28000  -100.00000
HPCN:A396959              44.00000  -103.00000
HPCN:A397049              44.88000   -98.38000
HPCN:A398939              44.92000   -97.15000
KONZA_LTER:AWE01          39.10220   -96.60920
LCRA:1199                 31.46860   -99.16230
LCRA:1540                 30.84440   -99.41840
LCRA:1578                 30.95130   -99.11620
LCRA:1707                 31.08060   -98.92140
LCRA:1742                 31.18220   -98.85630
LCRA:1777                 31.10920   -98.71330
LCRA:1915                 31.16420   -98.59690
LCRA:1921                 31.22540   -98.41820
LCRA:1922                 31.06480   -98.60300
LCRA:1924                 30.95110   -98.81030
LCRA:1925                 31.09060   -98.52000
LCRA:1926                 30.99990   -98.86690
LCRA:1927                 30.98070   -98.63570
LCRA:1928                 31.01670   -98.72210
LCRA:1936                 31.15770   -98.47250
LCRA:1940                 31.08710   -98.42940
LCRA:1945                 31.03670   -98.46590
LCRA:1949                 31.08380   -98.36610
LCRA:1950                 31.00800   -98.40010
LCRA:1964                 30.97970   -98.32510
LCRA:1966                 30.95510   -98.54560
LCRA:1981                 30.91500   -98.29110
LCRA:1982                 30.81870   -98.49960
LCRA:1983                 30.84130   -98.35700
LCRA:1984                 30.82800   -98.26230
LCRA:1993                 30.76480   -98.45260
LCRA:2029                 30.71600   -98.30790
LCRA:2096                 30.65760   -98.42760
LCRA:2312                 30.35210   -99.59140
LCRA:2347                 30.60360   -99.50700
LCRA:2348                 30.75830   -99.71040
LCRA:2367                 30.71490   -99.47870
LCRA:2397                 30.35740   -99.33050
LCRA:2398                 30.43420   -99.40120
LCRA:2399                 30.58780   -99.30920
LCRA:2411                 30.54390   -99.27110
LCRA:2422                 30.78730   -99.22080
LCRA:2432                 30.41000   -99.00720
LCRA:2433                 30.38070   -99.14640
LCRA:2450                 30.57140   -99.03780
LCRA:2473                 30.64270   -98.94290
LCRA:2476                 30.80360   -98.97940
LCRA:2491                 30.55940   -98.88470
LCRA:2614                 30.90110   -98.95030
LCRA:2621                 30.85530   -98.77810
LCRA:2634                 30.92320   -98.68460
LCRA:2641                 30.75120   -98.66970
LCRA:2646                 30.69360   -98.68500
LCRA:2651                 30.67280   -98.63560
LCRA:2655                 30.85640   -98.65530
LCRA:2668                 30.88190   -98.55130
LCRA:2679                 30.67940   -98.55510
LCRA:2843                 30.59170   -98.77190
LCRA:2847                 30.42110   -98.85170
LCRA:2849                 30.50760   -98.79530
LCRA:2864                 30.60060   -98.62410
LCRA:2868                 30.43060   -98.61360
LCRA:2869                 30.52030   -98.60330
LCRA:2874                 30.59330   -98.57860
LCRA:2889                 30.48300   -98.51210
LCRA:2899                 30.56040   -98.43020
LCRA:2928                 30.48860   -98.43190
LCRA:2959                 30.55450   -98.33680
LCRA:2991                 30.64370   -98.34180
LCRA:3009                 30.44760   -98.33790
LCRA:3014                 30.66860   -98.21100
LCRA:3015                 30.75700   -98.23510
LCRA:3028                 30.59930   -98.17100
LCRA:3035                 30.49310   -98.24200
LCRA:3258                 30.19200   -99.17740
LCRA:3268                 30.24730   -99.03030
LCRA:3285                 30.16610   -98.94970
LCRA:3317                 30.34250   -98.86780
LCRA:3327                 30.14320   -98.80680
LCRA:3330                 30.32750   -98.74720
LCRA:3350                 30.17170   -98.61360
LCRA:3365                 30.43140   -98.72690
LCRA:3368                 30.33000   -98.61160
LCRA:3370                 30.39870   -98.49340
LCRA:3377                 30.33220   -98.42990
LCRA:3383                 30.22440   -98.47810
LCRA:3448                 30.16170   -98.38250
LCRA:3491                 30.28400   -98.29810
LCRA:3520                 30.28250   -98.23910
LCRA:3528                 30.19670   -98.22250
LCRA:3557                 30.39300   -98.35560
LCRA:3576                 30.42080   -98.15960
LCRA:3582                 30.36800   -98.09550
LCRA:3917                 30.63920   -98.10880
LCRA:3918                 30.56690   -98.03890
LCRA:3948                 30.36650   -97.96410
LCRA:3949                 30.45690   -97.97940
LCRA:3950                 30.53840   -97.92890
LCRA:3961                 30.47390   -97.85940
LCRA:3964                 30.39130   -97.89840
LCRA:3992                 30.37210   -97.78500
LCRA:4517                 30.24570   -98.06040
LCRA:4593                 30.12220   -98.11360
LCRA:4596                 30.14160   -97.90020
LCRA:5461                 30.42390   -97.46770
LCRA:5473                 30.26560   -97.32820
LCRA:5590                 30.17090   -96.97910
LCRA:5691                 30.14370   -96.68810
LDMSFCMETR:11J            31.40000   -84.90000
LDMSFCMETR:11R            30.22000   -96.37000
LDMSFCMETR:1F0            34.17000   -97.12000
LDMSFCMETR:1H2            39.07000   -88.53000
LDMSFCMETR:27A            34.10000   -82.82000
LDMSFCMETR:2WX            45.57000  -103.52000
LDMSFCMETR:40J            30.07000   -83.57000
LDMSFCMETR:4T6            32.46000   -96.91000
LDMSFCMETR:6R6            30.04000  -102.21000
LDMSFCMETR:6V3            37.06000   -81.80000
LDMSFCMETR:79J            31.32000   -86.40000
LDMSFCMETR:7F6            33.59000   -95.06000
LDMSFCMETR:8D3            45.67000   -97.00000
LDMSFCMETR:9V9            43.80000   -99.32000
LDMSFCMETR:AAA            40.16000   -89.33000
LDMSFCMETR:AAO            37.75000   -97.22000
LDMSFCMETR:ABI            32.42000   -99.68000
LDMSFCMETR:ABR            45.45000   -98.43000
LDMSFCMETR:ABY            31.53000   -84.18000
LDMSFCMETR:ACB            44.99000   -85.20000
LDMSFCMETR:ACQ            44.07000   -93.55000
LDMSFCMETR:ACT            31.62000   -97.22000
LDMSFCMETR:ADC            46.45000   -95.21000
LDMSFCMETR:ADG            41.87000   -84.07000
LDMSFCMETR:ADH            34.81000   -96.67000
LDMSFCMETR:ADM            34.30000   -97.02000
LDMSFCMETR:ADS            32.97000   -96.83000
LDMSFCMETR:ADU            41.70000   -94.92000
LDMSFCMETR:AEL            43.68000   -93.37000
LDMSFCMETR:AEX            31.33000   -92.55000
LDMSFCMETR:AFJ            40.13000   -80.28000
LDMSFCMETR:AFK            40.61000   -95.87000
LDMSFCMETR:AFW            32.98000   -97.32000
LDMSFCMETR:AGS            33.37000   -81.97000
LDMSFCMETR:AHN            33.95000   -83.32000
LDMSFCMETR:AIA            42.05000  -102.80000
LDMSFCMETR:AID            40.12000   -85.62000
LDMSFCMETR:AIG            45.03000   -89.14000
LDMSFCMETR:AIO            41.40000   -95.05000
LDMSFCMETR:AIT            46.55000   -93.68000
LDMSFCMETR:AIZ            38.10000   -92.55000
LDMSFCMETR:AKH            35.20000   -81.15000
LDMSFCMETR:AKO            40.17000  -103.22000
LDMSFCMETR:AKR            41.04000   -81.47000
LDMSFCMETR:ALN            38.90000   -90.05000
LDMSFCMETR:ALO            42.55000   -92.40000
LDMSFCMETR:ALX            32.91000   -85.96000
LDMSFCMETR:AMA            35.23000  -101.70000
LDMSFCMETR:AMG            31.53000   -82.50000
LDMSFCMETR:AMN            43.32000   -84.69000
LDMSFCMETR:AMW            41.99000   -93.62000
LDMSFCMETR:ANB            33.58000   -85.85000
LDMSFCMETR:AND            34.50000   -82.72000
LDMSFCMETR:ANE            45.15000   -93.22000
LDMSFCMETR:ANJ            46.48000   -84.37000
LDMSFCMETR:ANW            42.58000  -100.00000
LDMSFCMETR:AOH            40.71000   -84.03000
LDMSFCMETR:APN            45.07000   -83.57000
LDMSFCMETR:AQP            45.23000   -96.00000
LDMSFCMETR:AQR            34.40000   -96.15000
LDMSFCMETR:ARA            30.03000   -91.88000
LDMSFCMETR:ARB            42.22000   -83.75000
LDMSFCMETR:ARG            36.13000   -90.92000
LDMSFCMETR:ARR            41.77000   -88.47000
LDMSFCMETR:ARV            45.93000   -89.73000
LDMSFCMETR:ASD            30.35000   -89.82000
LDMSFCMETR:ASG            36.18000   -94.12000
LDMSFCMETR:ASX            46.55000   -90.92000
LDMSFCMETR:ATL            33.65000   -84.42000
LDMSFCMETR:ATT            30.30000   -97.70000
LDMSFCMETR:ATW            44.25000   -88.52000
LDMSFCMETR:ATY            44.92000   -97.15000
LDMSFCMETR:AUH            40.89000   -98.00000
LDMSFCMETR:AUM            43.67000   -92.93000
LDMSFCMETR:AUO            32.62000   -85.43000
LDMSFCMETR:AUS            30.30000   -97.70000
LDMSFCMETR:AUW            44.93000   -89.63000
LDMSFCMETR:AVK            36.77000   -98.67000
LDMSFCMETR:AVL            35.43000   -82.55000
LDMSFCMETR:AWG            41.28000   -91.67000
LDMSFCMETR:AWM            35.13000   -90.23000
LDMSFCMETR:AXA            43.08000   -94.27000
LDMSFCMETR:AXN            45.87000   -95.40000
LDMSFCMETR:AYS            31.25000   -82.40000
LDMSFCMETR:AZO            42.23000   -85.55000
LDMSFCMETR:BAD            32.50000   -93.67000
LDMSFCMETR:BAK            39.27000   -85.90000
LDMSFCMETR:BAX            43.79000   -82.99000
LDMSFCMETR:BBB            45.32000   -95.65000
LDMSFCMETR:BBW            41.43000   -99.65000
LDMSFCMETR:BCB            37.22000   -80.42000
LDMSFCMETR:BEH            42.13000   -86.43000
LDMSFCMETR:BFF            41.87000  -103.60000
LDMSFCMETR:BFM            30.63000   -88.07000
LDMSFCMETR:BFW            47.20000   -91.40000
LDMSFCMETR:BGD            35.70000  -101.40000
LDMSFCMETR:BGE            30.97000   -84.64000
LDMSFCMETR:BHM            33.57000   -86.75000
LDMSFCMETR:BIE            40.30000   -96.75000
LDMSFCMETR:BIS            46.77000  -100.75000
LDMSFCMETR:BIV            42.75000   -86.10000
LDMSFCMETR:BIX            30.42000   -88.92000
LDMSFCMETR:BJI            47.50000   -94.93000
LDMSFCMETR:BJJ            40.87000   -81.89000
LDMSFCMETR:BKL            41.52000   -81.68000
LDMSFCMETR:BKW            37.78000   -81.12000
LDMSFCMETR:BKX            44.30000   -96.82000
LDMSFCMETR:BLF            37.30000   -81.20000
LDMSFCMETR:BLV            38.55000   -89.85000
LDMSFCMETR:BMG            39.15000   -86.62000
LDMSFCMETR:BMI            40.48000   -88.92000
LDMSFCMETR:BMQ            30.74000   -98.23000
LDMSFCMETR:BNA            36.13000   -86.68000
LDMSFCMETR:BNW            42.05000   -93.85000
LDMSFCMETR:BPG            32.21000  -101.52000
LDMSFCMETR:BPK            36.37000   -92.47000
LDMSFCMETR:BQK            31.25000   -81.47000
LDMSFCMETR:BRD            46.40000   -94.13000
LDMSFCMETR:BRL            40.78000   -91.13000
LDMSFCMETR:BTL            42.30000   -85.25000
LDMSFCMETR:BTR            30.53000   -91.15000
LDMSFCMETR:BUU            42.69000   -88.30000
LDMSFCMETR:BVI            40.77000   -80.40000
LDMSFCMETR:BVO            36.77000   -96.02000
LDMSFCMETR:BVX            35.73000   -91.65000
LDMSFCMETR:BWD            31.80000   -98.95000
LDMSFCMETR:BWG            36.97000   -86.42000
LDMSFCMETR:BYH            35.97000   -89.95000
LDMSFCMETR:C09            41.43000   -88.42000
LDMSFCMETR:C75            41.02000   -89.39000
LDMSFCMETR:CAD            44.28000   -85.42000
LDMSFCMETR:CAE            33.95000   -81.12000
LDMSFCMETR:CAK            40.92000   -81.43000
LDMSFCMETR:CAO            36.45000  -103.15000
LDMSFCMETR:CAV            42.75000   -93.77000
LDMSFCMETR:CBF            41.27000   -95.77000
LDMSFCMETR:CBG            45.57000   -93.27000
LDMSFCMETR:CBM            33.65000   -88.45000
LDMSFCMETR:CCO            33.31000   -84.77000
LDMSFCMETR:CCY            43.07000   -92.62000
LDMSFCMETR:CDJ            39.82000   -93.58000
LDMSFCMETR:CDR            42.83000  -103.10000
LDMSFCMETR:CDS            34.43000  -100.28000
LDMSFCMETR:CEU            34.67000   -82.89000
LDMSFCMETR:CEW            30.78000   -86.52000
LDMSFCMETR:CFV            37.08000   -95.57000
LDMSFCMETR:CGF            41.57000   -81.48000
LDMSFCMETR:CGI            37.23000   -89.57000
LDMSFCMETR:CHA            35.03000   -85.20000
LDMSFCMETR:CHK            35.10000   -97.97000
LDMSFCMETR:CHS            32.90000   -80.03000
LDMSFCMETR:CID            41.88000   -91.70000
LDMSFCMETR:CIN            42.05000   -94.78000
LDMSFCMETR:CIU            46.25000   -84.47000
LDMSFCMETR:CKB            39.30000   -80.23000
LDMSFCMETR:CKC            47.84000   -90.38000
LDMSFCMETR:CKN            47.85000   -96.62000
LDMSFCMETR:CKV            36.62000   -87.42000
LDMSFCMETR:CLE            41.42000   -81.87000
LDMSFCMETR:CLI            44.61000   -88.73000
LDMSFCMETR:CLL            30.58000   -96.37000
LDMSFCMETR:CLT            35.22000   -80.93000
LDMSFCMETR:CMH            40.00000   -82.88000
LDMSFCMETR:CMI            40.03000   -88.28000
LDMSFCMETR:CMX            47.17000   -88.50000
LDMSFCMETR:CMY            43.97000   -90.73000
LDMSFCMETR:CNC            41.03000   -93.37000
LDMSFCMETR:CNK            39.55000   -97.65000
LDMSFCMETR:CNU            37.67000   -95.48000
LDMSFCMETR:COQ            46.70000   -92.50000
LDMSFCMETR:COU            38.82000   -92.22000
LDMSFCMETR:CPS            38.57000   -90.15000
LDMSFCMETR:CQB            35.72000   -96.82000
LDMSFCMETR:CQM            47.82000   -92.69000
LDMSFCMETR:CRG            30.33000   -81.52000
LDMSFCMETR:CRS            32.03000   -96.40000
LDMSFCMETR:CRW            38.37000   -81.60000
LDMSFCMETR:CSG            32.52000   -84.93000
LDMSFCMETR:CSM            35.33000   -99.20000
LDMSFCMETR:CSQ            41.02000   -94.37000
LDMSFCMETR:CSV            35.95000   -85.08000
LDMSFCMETR:CUB            33.97000   -81.00000
LDMSFCMETR:CUT            43.73000  -103.62000
LDMSFCMETR:CVG            39.05000   -84.67000
LDMSFCMETR:CVN            34.43000  -103.08000
LDMSFCMETR:CVS            34.38000  -103.32000
LDMSFCMETR:CVX            45.30000   -85.27000
LDMSFCMETR:CWA            44.78000   -89.67000
LDMSFCMETR:CWF            30.22000   -93.15000
LDMSFCMETR:CWI            41.83000   -90.33000
LDMSFCMETR:CXO            30.36000   -95.41000
LDMSFCMETR:D07            45.03000  -102.02000
LDMSFCMETR:DAL            32.85000   -96.85000
LDMSFCMETR:DAY            39.90000   -84.20000
LDMSFCMETR:DBQ            42.40000   -90.70000
LDMSFCMETR:DCU            34.66000   -86.94000
LDMSFCMETR:DDC            37.77000   -99.97000
LDMSFCMETR:DEC            39.83000   -88.87000
LDMSFCMETR:DEH            43.28000   -91.73000
LDMSFCMETR:DEQ            34.05000   -94.40000
LDMSFCMETR:DET            42.42000   -83.02000
LDMSFCMETR:DFI            41.34000   -84.43000
LDMSFCMETR:DFW            32.90000   -97.03000
LDMSFCMETR:DHN            31.32000   -85.45000
LDMSFCMETR:DHT            36.02000  -102.55000
LDMSFCMETR:DIK            46.80000  -102.80000
LDMSFCMETR:DKB            41.93000   -88.72000
LDMSFCMETR:DLH            46.83000   -92.18000
LDMSFCMETR:DLL            43.52000   -89.77000
LDMSFCMETR:DMO            38.72000   -93.17000
LDMSFCMETR:DNL            33.47000   -82.03000
LDMSFCMETR:DNN            34.72000   -84.87000
LDMSFCMETR:DNS            41.98000   -95.38000
LDMSFCMETR:DNV            40.20000   -87.60000
LDMSFCMETR:DPA            41.92000   -88.25000
LDMSFCMETR:DSM            41.53000   -93.65000
LDMSFCMETR:DTL            46.83000   -95.88000
LDMSFCMETR:DTN            32.53000   -93.75000
LDMSFCMETR:DTO            33.20000   -97.18000
LDMSFCMETR:DTS            30.40000   -86.47000
LDMSFCMETR:DTW            42.23000   -83.33000
LDMSFCMETR:DUA            33.99000   -96.39000
LDMSFCMETR:DUC            34.47000   -97.96000
LDMSFCMETR:DUH            41.74000   -83.66000
LDMSFCMETR:DVN            41.61000   -90.57000
LDMSFCMETR:DWH            30.07000   -95.55000
LDMSFCMETR:DXX            44.99000   -96.18000
LDMSFCMETR:DYR            36.00000   -89.40000
LDMSFCMETR:DYS            32.43000   -99.85000
LDMSFCMETR:DYT            46.72000   -92.04000
LDMSFCMETR:E38            30.38000  -103.68000
LDMSFCMETR:EAR            40.73000   -99.00000
LDMSFCMETR:EAU            44.87000   -91.48000
LDMSFCMETR:EBS            42.43000   -93.87000
LDMSFCMETR:EET            33.18000   -86.78000
LDMSFCMETR:EFC            44.73000  -103.87000
LDMSFCMETR:EFT            42.61000   -89.59000
LDMSFCMETR:EGV            45.93000   -89.27000
LDMSFCMETR:EHR            37.82000   -87.68000
LDMSFCMETR:EKM            41.72000   -86.00000
LDMSFCMETR:ELD            33.22000   -92.80000
LDMSFCMETR:ELO            47.82000   -91.83000
LDMSFCMETR:EMP            38.33000   -96.18000
LDMSFCMETR:END            36.33000   -97.92000
LDMSFCMETR:ENL            38.52000   -89.08000
LDMSFCMETR:ENW            42.59000   -87.94000
LDMSFCMETR:EOK            40.47000   -91.43000
LDMSFCMETR:EQY            35.02000   -80.62000
LDMSFCMETR:ERI            42.08000   -80.18000
LDMSFCMETR:ERY            46.31000   -85.46000
LDMSFCMETR:ESC            45.75000   -87.03000
LDMSFCMETR:ESF            31.40000   -92.30000
LDMSFCMETR:EST            43.40000   -94.75000
LDMSFCMETR:ETB            43.42000   -88.13000
LDMSFCMETR:ETH            45.70000   -96.50000
LDMSFCMETR:EVM            47.40000   -92.50000
LDMSFCMETR:EVV            38.05000   -87.53000
LDMSFCMETR:EWK            38.05000   -97.28000
LDMSFCMETR:EXX            35.78000   -80.30000
LDMSFCMETR:EYE            39.83000   -86.30000
LDMSFCMETR:F05            34.23000   -99.28000
LDMSFCMETR:FAM            37.77000   -90.43000
LDMSFCMETR:FAR            46.90000   -96.80000
LDMSFCMETR:FBL            44.33000   -93.32000
LDMSFCMETR:FCM            44.83000   -93.45000
LDMSFCMETR:FDR            34.35000   -98.98000
LDMSFCMETR:FDY            41.02000   -83.67000
LDMSFCMETR:FEP            42.25000   -89.58000
LDMSFCMETR:FET            41.45000   -96.52000
LDMSFCMETR:FFC            33.36000   -84.56000
LDMSFCMETR:FFL            41.05000   -91.98000
LDMSFCMETR:FFM            46.28000   -96.15000
LDMSFCMETR:FFO            39.83000   -84.05000
LDMSFCMETR:FFT            38.19000   -84.90000
LDMSFCMETR:FKA            43.68000   -92.18000
LDMSFCMETR:FLD            43.77000   -88.49000
LDMSFCMETR:FLP            36.30000   -92.47000
LDMSFCMETR:FNB            40.08000   -95.60000
LDMSFCMETR:FNT            42.97000   -83.75000
LDMSFCMETR:FOA            38.67000   -88.45000
LDMSFCMETR:FOD            42.55000   -94.18000
LDMSFCMETR:FOE            38.95000   -95.67000
LDMSFCMETR:FOZ            47.78000   -93.65000
LDMSFCMETR:FPK            42.57000   -84.81000
LDMSFCMETR:FQD            35.43000   -81.94000
LDMSFCMETR:FRM            43.65000   -94.42000
LDMSFCMETR:FSD            43.58000   -96.73000
LDMSFCMETR:FSE            47.59000   -95.77000
LDMSFCMETR:FSI            34.65000   -98.40000
LDMSFCMETR:FSM            35.33000   -94.37000
LDMSFCMETR:FST            30.90000  -102.85000
LDMSFCMETR:FSW            40.67000   -91.33000
LDMSFCMETR:FTK            37.90000   -85.97000
LDMSFCMETR:FTW            32.82000   -97.37000
LDMSFCMETR:FTY            33.78000   -84.52000
LDMSFCMETR:FWA            41.00000   -85.20000
LDMSFCMETR:FWC            38.38000   -88.42000
LDMSFCMETR:FWS            32.57000   -97.30000
LDMSFCMETR:FYV            36.00000   -94.17000
LDMSFCMETR:GAD            33.97000   -86.08000
LDMSFCMETR:GAG            36.30000   -99.77000
LDMSFCMETR:GBD            38.35000   -98.87000
LDMSFCMETR:GBG            40.93000   -90.43000
LDMSFCMETR:GCK            37.93000  -100.72000
LDMSFCMETR:GCM            36.29000   -95.48000
LDMSFCMETR:GEV            36.43000   -81.42000
LDMSFCMETR:GEZ            39.59000   -85.80000
LDMSFCMETR:GFK            47.95000   -97.18000
LDMSFCMETR:GGG            32.35000   -94.65000
LDMSFCMETR:GHW            45.65000   -95.32000
LDMSFCMETR:GKJ            41.62000   -80.21000
LDMSFCMETR:GKY            32.66000   -97.09000
LDMSFCMETR:GLD            39.37000  -101.70000
LDMSFCMETR:GLE            33.65000   -97.20000
LDMSFCMETR:GLH            33.48000   -90.98000
LDMSFCMETR:GLR            45.01000   -84.70000
LDMSFCMETR:GMJ            36.61000   -94.74000
LDMSFCMETR:GMU            34.85000   -82.35000
LDMSFCMETR:GNA            47.75000   -90.34000
LDMSFCMETR:GOK            35.85000   -97.42000
LDMSFCMETR:GOV            44.68000   -84.73000
LDMSFCMETR:GPM            32.70000   -97.05000
LDMSFCMETR:GPT            30.40000   -89.07000
LDMSFCMETR:GPZ            47.22000   -93.52000
LDMSFCMETR:GRB            44.48000   -88.13000
LDMSFCMETR:GRD            34.25000   -82.16000
LDMSFCMETR:GRI            40.97000   -98.32000
LDMSFCMETR:GRK            31.07000   -97.83000
LDMSFCMETR:GRR            42.88000   -85.52000
LDMSFCMETR:GSH            41.53000   -85.79000
LDMSFCMETR:GSP            34.90000   -82.22000
LDMSFCMETR:GTR            33.45000   -88.58000
LDMSFCMETR:GTU            30.68000   -97.68000
LDMSFCMETR:GUS            40.65000   -86.15000
LDMSFCMETR:GUY            36.69000  -101.51000
LDMSFCMETR:GVL            34.32000   -83.83000
LDMSFCMETR:GVT            33.07000   -96.07000
LDMSFCMETR:GWO            33.50000   -90.08000
LDMSFCMETR:GYI            33.71000   -96.67000
LDMSFCMETR:GYL            44.76000   -94.08000
LDMSFCMETR:GYY            41.62000   -87.42000
LDMSFCMETR:GZH            31.42000   -87.04000
LDMSFCMETR:HAO            39.36000   -84.52000
LDMSFCMETR:HBG            31.27000   -89.25000
LDMSFCMETR:HBR            34.98000   -99.05000
LDMSFCMETR:HCD            44.87000   -94.38000
LDMSFCMETR:HDC            30.52000   -90.42000
LDMSFCMETR:HDE            40.45000   -99.33000
LDMSFCMETR:HEI            46.00000  -102.65000
LDMSFCMETR:HEZ            31.62000   -91.30000
LDMSFCMETR:HIB            47.38000   -92.83000
LDMSFCMETR:HKA            35.94000   -89.83000
LDMSFCMETR:HKS            32.33000   -90.22000
LDMSFCMETR:HKY            35.73000   -81.38000
LDMSFCMETR:HLC            39.38000   -99.83000
LDMSFCMETR:HLG            40.18000   -80.65000
LDMSFCMETR:HLR            31.15000   -97.72000
LDMSFCMETR:HLX            36.77000   -80.82000
LDMSFCMETR:HNB            38.25000   -86.95000
LDMSFCMETR:HNR            41.59000   -95.34000
LDMSFCMETR:HOB            32.68000  -103.22000
LDMSFCMETR:HON            44.38000   -98.22000
LDMSFCMETR:HOP            36.67000   -87.50000
LDMSFCMETR:HOT            34.48000   -93.10000
LDMSFCMETR:HQU            33.53000   -82.52000
LDMSFCMETR:HRO            36.27000   -93.15000
LDMSFCMETR:HRT            30.43000   -86.68000
LDMSFCMETR:HSB            37.82000   -88.55000
LDMSFCMETR:HSI            40.60000   -98.43000
LDMSFCMETR:HSV            34.65000   -86.77000
LDMSFCMETR:HTL            44.37000   -84.68000
LDMSFCMETR:HTS            38.37000   -82.55000
LDMSFCMETR:HUF            39.45000   -87.32000
LDMSFCMETR:HUT            38.07000   -97.87000
LDMSFCMETR:HYR            46.02000   -91.45000
LDMSFCMETR:HYS            38.85000   -99.27000
LDMSFCMETR:HYX            43.43000   -83.86000
LDMSFCMETR:HZY            41.78000   -80.69000
LDMSFCMETR:IAB            37.62000   -97.27000
LDMSFCMETR:IBM            41.19000  -103.68000
LDMSFCMETR:ICL            40.72000   -95.03000
LDMSFCMETR:ICT            37.65000   -97.43000
LDMSFCMETR:IEN            43.01000  -102.51000
LDMSFCMETR:IER            31.74000   -93.10000
LDMSFCMETR:IGQ            41.53000   -87.53000
LDMSFCMETR:IIB            42.45000   -91.95000
LDMSFCMETR:IIY            33.78000   -82.82000
LDMSFCMETR:IJX            39.78000   -90.23000
LDMSFCMETR:IKK            41.07000   -87.85000
LDMSFCMETR:IKV            41.69000   -93.57000
LDMSFCMETR:ILE            31.08000   -97.68000
LDMSFCMETR:ILL            45.12000   -95.08000
LDMSFCMETR:ILN            39.42000   -83.82000
LDMSFCMETR:IML            40.52000  -101.62000
LDMSFCMETR:IMT            45.82000   -88.12000
LDMSFCMETR:IND            39.73000   -86.27000
LDMSFCMETR:INK            31.78000  -103.20000
LDMSFCMETR:INT            36.13000   -80.22000
LDMSFCMETR:IOW            41.63000   -91.55000
LDMSFCMETR:IPJ            35.48000   -81.16000
LDMSFCMETR:IRK            40.10000   -92.55000
LDMSFCMETR:IRS            41.81000   -85.44000
LDMSFCMETR:ISQ            45.97000   -86.17000
LDMSFCMETR:ISW            44.36000   -89.83000
LDMSFCMETR:ITR            39.24000  -102.29000
LDMSFCMETR:IWD            46.53000   -90.13000
LDMSFCMETR:IXD            38.83000   -94.88000
LDMSFCMETR:JAN            32.32000   -90.08000
LDMSFCMETR:JAS            30.89000   -94.03000
LDMSFCMETR:JAX            30.50000   -81.70000
LDMSFCMETR:JBR            35.83000   -90.65000
LDMSFCMETR:JCT            30.50000   -99.77000
LDMSFCMETR:JEF            38.58000   -92.15000
LDMSFCMETR:JKJ            46.84000   -96.66000
LDMSFCMETR:JKL            37.60000   -83.32000
LDMSFCMETR:JLN            37.15000   -94.50000
LDMSFCMETR:JMR            45.89000   -93.27000
LDMSFCMETR:JMS            46.93000   -98.68000
LDMSFCMETR:JOT            41.52000   -88.18000
LDMSFCMETR:JQF            35.39000   -80.71000
LDMSFCMETR:JSV            35.44000   -94.80000
LDMSFCMETR:JVL            42.62000   -89.03000
LDMSFCMETR:JWG            35.86000   -98.42000
LDMSFCMETR:JXN            42.27000   -84.47000
LDMSFCMETR:JYG            43.99000   -94.56000
LDMSFCMETR:JYM            41.92000   -84.59000
LDMSFCMETR:JYR            40.90000   -97.62000
LDMSFCMETR:LAA            38.08000  -102.62000
LDMSFCMETR:LAF            40.42000   -86.93000
LDMSFCMETR:LAN            42.77000   -84.60000
LDMSFCMETR:LAW            34.57000   -98.42000
LDMSFCMETR:LBB            33.65000  -101.82000
LDMSFCMETR:LBF            41.13000  -100.68000
LDMSFCMETR:LBL            37.05000  -100.97000
LDMSFCMETR:LCH            30.12000   -93.22000
LDMSFCMETR:LCK            39.82000   -82.93000
LDMSFCMETR:LDM            43.96000   -86.41000
LDMSFCMETR:LEX            38.03000   -84.60000
LDMSFCMETR:LFK            31.23000   -94.75000
LDMSFCMETR:LFT            30.20000   -91.98000
LDMSFCMETR:LGC            33.00000   -85.00000
LDMSFCMETR:LHQ            39.73000   -82.65000
LDMSFCMETR:LHW            31.88000   -81.57000
LDMSFCMETR:LHX            38.05000  -103.52000
LDMSFCMETR:LIC            39.27000  -103.67000
LDMSFCMETR:LIT            34.73000   -92.23000
LDMSFCMETR:LJF            45.10000   -94.51000
LDMSFCMETR:LLQ            33.64000   -91.75000
LDMSFCMETR:LNK            40.85000   -96.75000
LDMSFCMETR:LNP            36.98000   -82.53000
LDMSFCMETR:LNR            43.22000   -90.18000
LDMSFCMETR:LOT            41.60000   -88.08000
LDMSFCMETR:LOU            38.23000   -85.67000
LDMSFCMETR:LOZ            37.08000   -84.08000
LDMSFCMETR:LPR            41.35000   -82.18000
LDMSFCMETR:LRF            34.92000   -92.15000
LDMSFCMETR:LRJ            42.78000   -96.20000
LDMSFCMETR:LSE            43.87000   -91.25000
LDMSFCMETR:LSF            32.33000   -85.00000
LDMSFCMETR:LTS            34.67000   -99.27000
LDMSFCMETR:LUD            33.25000   -97.58000
LDMSFCMETR:LUK            39.10000   -84.42000
LDMSFCMETR:LVN            44.63000   -93.23000
LDMSFCMETR:LWB            37.87000   -80.40000
LDMSFCMETR:LWC            39.02000   -95.22000
LDMSFCMETR:LWD            40.62000   -93.95000
LDMSFCMETR:LWV            38.76000   -87.60000
LDMSFCMETR:LXL            45.95000   -94.35000
LDMSFCMETR:LXN            40.79000   -99.77000
LDMSFCMETR:LXT            38.96000   -94.37000
LDMSFCMETR:LZK            34.83000   -92.25000
LDMSFCMETR:LZU            33.98000   -83.96000
LDMSFCMETR:MAF            31.95000  -102.18000
LDMSFCMETR:MAI            30.80000   -85.21000
LDMSFCMETR:MBG            45.53000  -100.43000
LDMSFCMETR:MBL            44.27000   -86.25000
LDMSFCMETR:MBS            43.53000   -84.08000
LDMSFCMETR:MCB            31.18000   -90.47000
LDMSFCMETR:MCD            45.86000   -84.64000
LDMSFCMETR:MCI            39.32000   -94.72000
LDMSFCMETR:MCK            40.20000  -100.58000
LDMSFCMETR:MCN            32.70000   -83.65000
LDMSFCMETR:MCW            43.15000   -93.33000
LDMSFCMETR:MDH            37.78000   -89.25000
LDMSFCMETR:MDQ            34.86000   -86.56000
LDMSFCMETR:MDW            41.78000   -87.75000
LDMSFCMETR:MDZ            45.10000   -90.30000
LDMSFCMETR:MEI            32.33000   -88.75000
LDMSFCMETR:MEM            35.05000   -90.00000
LDMSFCMETR:MFD            40.82000   -82.52000
LDMSFCMETR:MFI            44.63000   -90.18000
LDMSFCMETR:MGE            33.92000   -84.52000
LDMSFCMETR:MGG            45.24000   -93.99000
LDMSFCMETR:MGM            32.30000   -86.40000
LDMSFCMETR:MGN            45.43000   -84.91000
LDMSFCMETR:MGY            39.59000   -84.22000
LDMSFCMETR:MHE            43.77000   -98.03000
LDMSFCMETR:MHK            39.13000   -96.67000
LDMSFCMETR:MIC            45.07000   -93.35000
LDMSFCMETR:MIE            40.25000   -85.40000
LDMSFCMETR:MIW            42.11000   -92.91000
LDMSFCMETR:MJQ            43.65000   -94.98000
LDMSFCMETR:MKC            39.12000   -94.60000
LDMSFCMETR:MKE            42.95000   -87.90000
LDMSFCMETR:MKG            43.17000   -86.25000
LDMSFCMETR:MKJ            36.90000   -81.35000
LDMSFCMETR:MKL            35.60000   -88.92000
LDMSFCMETR:MKO            35.65000   -95.37000
LDMSFCMETR:MKT            44.22000   -93.92000
LDMSFCMETR:MLC            34.88000   -95.78000
LDMSFCMETR:MLE            41.20000   -96.11000
LDMSFCMETR:MLI            41.45000   -90.52000
LDMSFCMETR:MLU            32.52000   -92.03000
LDMSFCMETR:MML            44.45000   -95.82000
LDMSFCMETR:MMT            33.92000   -80.80000
LDMSFCMETR:MNM            45.13000   -87.63000
LDMSFCMETR:MNN            40.62000   -83.06000
LDMSFCMETR:MOB            30.68000   -88.25000
LDMSFCMETR:MOP            43.62000   -84.74000
LDMSFCMETR:MOX            45.57000   -95.97000
LDMSFCMETR:MPZ            40.95000   -91.51000
LDMSFCMETR:MQB            40.52000   -90.65000
LDMSFCMETR:MQY            36.02000   -86.52000
LDMSFCMETR:MRJ            42.89000   -90.23000
LDMSFCMETR:MRN            35.82000   -81.61000
LDMSFCMETR:MSL            34.75000   -87.62000
LDMSFCMETR:MSN            43.13000   -89.33000
LDMSFCMETR:MSP            44.88000   -93.22000
LDMSFCMETR:MTC            42.62000   -82.83000
LDMSFCMETR:MTO            39.48000   -88.28000
LDMSFCMETR:MTV            36.63000   -80.02000
LDMSFCMETR:MTW            44.13000   -87.68000
LDMSFCMETR:MUT            41.37000   -91.15000
LDMSFCMETR:MVE            44.97000   -95.72000
LDMSFCMETR:MVN            38.32000   -88.87000
LDMSFCMETR:MWA            37.75000   -89.02000
LDMSFCMETR:MWC            43.12000   -88.03000
LDMSFCMETR:MWK            36.46000   -80.55000
LDMSFCMETR:MWL            32.78000   -98.07000
LDMSFCMETR:MWM            43.91000   -95.11000
LDMSFCMETR:MWT            34.55000   -93.58000
LDMSFCMETR:MXF            32.38000   -86.37000
LDMSFCMETR:MXO            42.23000   -91.17000
LDMSFCMETR:MZH            46.42000   -92.80000
LDMSFCMETR:N60            47.65000  -101.43000
LDMSFCMETR:NBC            32.48000   -80.72000
LDMSFCMETR:NEW            30.05000   -90.03000
LDMSFCMETR:NFW            32.77000   -97.45000
LDMSFCMETR:NIP            30.23000   -81.68000
LDMSFCMETR:NMM            32.55000   -88.57000
LDMSFCMETR:NPA            30.35000   -87.32000
LDMSFCMETR:NQA            35.35000   -89.87000
LDMSFCMETR:NRB            30.40000   -81.42000
LDMSFCMETR:NSE            30.72000   -87.02000
LDMSFCMETR:OCH            31.58000   -94.72000
LDMSFCMETR:ODO            31.92000  -102.39000
LDMSFCMETR:ODX            41.62000   -98.95000
LDMSFCMETR:OEB            41.93000   -85.05000
LDMSFCMETR:OEO            45.31000   -92.69000
LDMSFCMETR:OFF            41.12000   -95.92000
LDMSFCMETR:OFK            41.98000   -97.43000
LDMSFCMETR:OGA            41.05000  -101.80000
LDMSFCMETR:OGB            33.46000   -80.86000
LDMSFCMETR:OJC            38.85000   -94.73000
LDMSFCMETR:OKC            35.40000   -97.60000
LDMSFCMETR:OKK            40.53000   -86.07000
LDMSFCMETR:OKM            35.67000   -95.95000
LDMSFCMETR:OLU            41.45000   -97.33000
LDMSFCMETR:OLV            34.98000   -89.79000
LDMSFCMETR:OLY            38.73000   -88.18000
LDMSFCMETR:OLZ            42.68000   -91.97000
LDMSFCMETR:OMA            41.30000   -95.90000
LDMSFCMETR:ONA            44.08000   -91.70000
LDMSFCMETR:ONL            42.47000   -98.68000
LDMSFCMETR:ONZ            42.10000   -83.16000
LDMSFCMETR:OPN            32.95000   -84.27000
LDMSFCMETR:OQT            36.02000   -84.23000
LDMSFCMETR:ORC            42.98000   -96.07000
LDMSFCMETR:ORD            41.98000   -87.90000
LDMSFCMETR:OSA            33.10000   -94.96000
LDMSFCMETR:OSC            44.45000   -83.40000
LDMSFCMETR:OSH            43.98000   -88.55000
LDMSFCMETR:OSU            40.08000   -83.07000
LDMSFCMETR:OTG            43.65000   -95.58000
LDMSFCMETR:OTM            41.10000   -92.45000
LDMSFCMETR:OUN            35.22000   -97.45000
LDMSFCMETR:OVL            44.78000   -95.03000
LDMSFCMETR:OVS            43.15000   -90.67000
LDMSFCMETR:OWA            44.12000   -93.25000
LDMSFCMETR:OWB            37.73000   -87.17000
LDMSFCMETR:OXV            41.30000   -93.12000
LDMSFCMETR:OZR            31.28000   -85.72000
LDMSFCMETR:OZW            42.63000   -83.98000
LDMSFCMETR:P28            37.30000   -98.58000
LDMSFCMETR:P58            44.02000   -82.80000
LDMSFCMETR:P59            47.45000   -87.90000
LDMSFCMETR:P75            45.92000   -85.92000
LDMSFCMETR:PAH            37.07000   -88.77000
LDMSFCMETR:PAM            30.07000   -85.58000
LDMSFCMETR:PBF            34.18000   -91.93000
LDMSFCMETR:PBH            45.70000   -90.40000
LDMSFCMETR:PDC            43.02000   -91.12000
LDMSFCMETR:PDK            33.88000   -84.30000
LDMSFCMETR:PEA            41.40000   -92.95000
LDMSFCMETR:PFN            30.22000   -85.68000
LDMSFCMETR:PHD            40.47000   -81.42000
LDMSFCMETR:PHN            42.92000   -82.53000
LDMSFCMETR:PHP            44.07000  -101.65000
LDMSFCMETR:PIA            40.67000   -89.68000
LDMSFCMETR:PIB            31.47000   -89.33000
LDMSFCMETR:PIR            44.38000  -100.28000
LDMSFCMETR:PIT            40.50000   -80.22000
LDMSFCMETR:PKB            39.35000   -81.43000
LDMSFCMETR:PKD            46.90000   -95.07000
LDMSFCMETR:PLN            45.57000   -84.80000
LDMSFCMETR:PNC            36.73000   -97.10000
LDMSFCMETR:PNM            45.56000   -93.61000
LDMSFCMETR:PNS            30.47000   -87.18000
LDMSFCMETR:PNT            40.92000   -88.63000
LDMSFCMETR:POE            31.05000   -93.20000
LDMSFCMETR:POF            36.77000   -90.32000
LDMSFCMETR:PPF            37.33000   -95.52000
LDMSFCMETR:PPQ            39.63000   -90.78000
LDMSFCMETR:PQL            30.46000   -88.53000
LDMSFCMETR:PQN            43.98000   -96.32000
LDMSFCMETR:PRG            39.70000   -87.67000
LDMSFCMETR:PRX            33.63000   -95.45000
LDMSFCMETR:PSK            37.13000   -80.68000
LDMSFCMETR:PTK            42.67000   -83.42000
LDMSFCMETR:PVJ            34.71000   -97.22000
LDMSFCMETR:PVW            34.17000  -101.72000
LDMSFCMETR:PWA            35.53000   -97.65000
LDMSFCMETR:PWC            46.72000   -94.38000
LDMSFCMETR:PWG            31.48000   -97.32000
LDMSFCMETR:PWK            42.12000   -87.92000
LDMSFCMETR:PYX            36.41000  -100.75000
LDMSFCMETR:RAC            42.76000   -87.81000
LDMSFCMETR:RAP            44.05000  -103.07000
LDMSFCMETR:RBD            32.68000   -96.87000
LDMSFCMETR:RCA            44.15000  -103.10000
LDMSFCMETR:RDK            41.02000   -95.27000
LDMSFCMETR:RDR            47.97000   -97.40000
LDMSFCMETR:RFD            42.20000   -89.10000
LDMSFCMETR:RGK            44.58000   -92.48000
LDMSFCMETR:RHI            45.63000   -89.47000
LDMSFCMETR:RHP            35.19000   -83.86000
LDMSFCMETR:RKR            35.02000   -94.62000
LDMSFCMETR:RMG            34.35000   -85.17000
LDMSFCMETR:RMY            42.24000   -84.96000
LDMSFCMETR:RNH            45.15000   -92.54000
LDMSFCMETR:ROG            36.37000   -94.10000
LDMSFCMETR:ROS            45.70000   -92.95000
LDMSFCMETR:RPD            45.48000   -91.72000
LDMSFCMETR:RPH            33.11000   -98.56000
LDMSFCMETR:RPJ            41.89000   -89.08000
LDMSFCMETR:RQB            43.72000   -85.50000
LDMSFCMETR:RRL            45.20000   -89.71000
LDMSFCMETR:RSL            38.87000   -98.82000
LDMSFCMETR:RST            43.92000   -92.50000
LDMSFCMETR:RUE            35.26000   -93.09000
LDMSFCMETR:RUQ            35.65000   -80.52000
LDMSFCMETR:RVS            36.03000   -95.98000
LDMSFCMETR:RWF            44.55000   -95.08000
LDMSFCMETR:RYV            43.17000   -88.72000
LDMSFCMETR:RYY            34.01000   -84.60000
LDMSFCMETR:RZN            45.82000   -92.37000
LDMSFCMETR:SAR            38.15000   -89.70000
LDMSFCMETR:SAV            32.13000   -81.20000
LDMSFCMETR:SAW            46.35000   -87.40000
LDMSFCMETR:SAZ            46.38000   -94.81000
LDMSFCMETR:SBM            43.78000   -87.85000
LDMSFCMETR:SBN            41.70000   -86.32000
LDMSFCMETR:SDA            40.75000   -95.42000
LDMSFCMETR:SDF            38.18000   -85.73000
LDMSFCMETR:SEP            32.22000   -98.18000
LDMSFCMETR:SET            38.93000   -90.43000
LDMSFCMETR:SFD            43.38000   -99.85000
LDMSFCMETR:SGF            37.23000   -93.38000
LDMSFCMETR:SGS            44.85000   -93.15000
LDMSFCMETR:SGT            34.60000   -91.57000
LDMSFCMETR:SHL            43.22000   -95.83000
LDMSFCMETR:SHV            32.47000   -93.82000
LDMSFCMETR:SJT            31.37000  -100.50000
LDMSFCMETR:SJX            45.69000   -85.57000
LDMSFCMETR:SLB            42.60000   -95.23000
LDMSFCMETR:SLG            36.20000   -94.48000
LDMSFCMETR:SLH            45.65000   -84.52000
LDMSFCMETR:SLN            38.80000   -97.65000
LDMSFCMETR:SLO            38.65000   -88.97000
LDMSFCMETR:SME            37.05000   -84.61000
LDMSFCMETR:SNL            35.36000   -96.94000
LDMSFCMETR:SNY            41.10000  -102.98000
LDMSFCMETR:SPD            37.28000  -102.61000
LDMSFCMETR:SPI            39.85000   -89.67000
LDMSFCMETR:SPS            33.98000   -98.50000
LDMSFCMETR:SPW            43.17000   -95.21000
LDMSFCMETR:SQI            41.75000   -89.67000
LDMSFCMETR:SRC            35.21000   -91.74000
LDMSFCMETR:SSC            33.97000   -80.47000
LDMSFCMETR:SSI            31.15000   -81.38000
LDMSFCMETR:STC            45.55000   -94.07000
LDMSFCMETR:STE            44.55000   -89.53000
LDMSFCMETR:STJ            39.77000   -94.92000
LDMSFCMETR:STL            38.75000   -90.37000
LDMSFCMETR:STP            44.95000   -93.07000
LDMSFCMETR:SUE            44.85000   -87.42000
LDMSFCMETR:SUS            38.67000   -90.65000
LDMSFCMETR:SUW            46.41000   -92.06000
LDMSFCMETR:SUX            42.40000   -96.38000
LDMSFCMETR:SVH            35.76000   -80.96000
LDMSFCMETR:SVN            32.02000   -81.15000
LDMSFCMETR:SWO            36.17000   -97.08000
LDMSFCMETR:SWW            32.47000  -100.47000
LDMSFCMETR:SZL            38.73000   -93.55000
LDMSFCMETR:T82            30.24000   -98.91000
LDMSFCMETR:TAZ            39.53000   -89.33000
LDMSFCMETR:TBN            37.73000   -92.13000
LDMSFCMETR:TBR            32.48000   -81.74000
LDMSFCMETR:TCC            35.18000  -103.60000
LDMSFCMETR:TCL            33.22000   -87.62000
LDMSFCMETR:TDZ            41.56000   -83.48000
LDMSFCMETR:TEW            42.57000   -84.42000
LDMSFCMETR:TIK            35.42000   -97.38000
LDMSFCMETR:TIP            40.29000   -88.14000
LDMSFCMETR:TKI            33.18000   -96.59000
LDMSFCMETR:TLH            30.38000   -84.37000
LDMSFCMETR:TNB            36.20000   -81.65000
LDMSFCMETR:TNU            41.68000   -93.02000
LDMSFCMETR:TOB            44.02000   -92.83000
LDMSFCMETR:TOI            31.87000   -86.02000
LDMSFCMETR:TOL            41.60000   -83.80000
LDMSFCMETR:TOP            39.07000   -95.62000
LDMSFCMETR:TPL            31.15000   -97.40000
LDMSFCMETR:TQE            41.77000   -96.17000
LDMSFCMETR:TQH            35.93000   -95.00000
LDMSFCMETR:TRI            36.48000   -82.40000
LDMSFCMETR:TRL            32.71000   -96.27000
LDMSFCMETR:TTF            41.94000   -83.43000
LDMSFCMETR:TUL            36.20000   -95.90000
LDMSFCMETR:TUP            34.27000   -88.77000
LDMSFCMETR:TVC            44.73000   -85.58000
LDMSFCMETR:TVR            32.35000   -91.03000
LDMSFCMETR:TWM            47.05000   -91.75000
LDMSFCMETR:TXK            33.45000   -93.98000
LDMSFCMETR:TYR            32.35000   -95.40000
LDMSFCMETR:TYS            35.82000   -83.98000
LDMSFCMETR:TZR            39.90000   -83.14000
LDMSFCMETR:UES            43.02000   -88.14000
LDMSFCMETR:UGN            42.42000   -87.87000
LDMSFCMETR:UIN            39.95000   -91.20000
LDMSFCMETR:UKF            36.22000   -81.10000
LDMSFCMETR:ULM            44.32000   -94.50000
LDMSFCMETR:UNO            36.88000   -91.90000
LDMSFCMETR:UNU            43.43000   -88.70000
LDMSFCMETR:UTS            30.75000   -95.59000
LDMSFCMETR:UZA            34.99000   -81.05000
LDMSFCMETR:VAD            30.97000   -83.20000
LDMSFCMETR:VBT            36.35000   -94.22000
LDMSFCMETR:VDI            32.19000   -82.37000
LDMSFCMETR:VIH            38.13000   -91.77000
LDMSFCMETR:VJI            36.68000   -82.03000
LDMSFCMETR:VLD            30.78000   -83.28000
LDMSFCMETR:VOK            43.93000   -90.27000
LDMSFCMETR:VPC            34.12000   -84.85000
LDMSFCMETR:VPS            30.48000   -86.53000
LDMSFCMETR:VPZ            41.45000   -86.99000
LDMSFCMETR:VQQ            30.22000   -81.88000
LDMSFCMETR:VTA            40.02000   -82.45000
LDMSFCMETR:VTI            42.22000   -92.03000
LDMSFCMETR:VTN            42.87000  -100.55000
LDMSFCMETR:VUJ            35.42000   -80.15000
LDMSFCMETR:VVV            45.31000   -96.42000
LDMSFCMETR:VYS            41.35000   -89.15000
LDMSFCMETR:WDG            36.38000   -97.78000
LDMSFCMETR:WDR            33.98000   -83.67000
LDMSFCMETR:WLD            37.17000   -97.03000
LDMSFCMETR:WWR            36.43000   -99.53000
LDMSFCMETR:XNA            36.28000   -94.31000
LDMSFCMETR:XVG            46.99000   -94.20000
LDMSFCMETR:YIP            42.23000   -83.53000
LDMSFCMETR:YKN            42.92000   -97.38000
LDMSFCMETR:YNG            41.27000   -80.67000
LDMSFCMETR:ZZV            39.95000   -81.90000
MAWN:ALB                  42.26190   -84.77410
MAWN:BAT                  42.82690   -84.36500
MAWN:BBC                  42.13330   -86.25000
MAWN:BEL                  43.11250   -85.31220
MAWN:BLK                  44.37190   -86.16270
MAWN:BNZ                  44.55920   -86.12380
MAWN:CER                  42.22000   -85.15260
MAWN:CLR                  42.87330   -85.26040
MAWN:CNT                  41.82240   -85.66110
MAWN:CTH                  46.34050   -86.92730
MAWN:ELD                  45.03010   -85.67430
MAWN:ELK                  44.84480   -85.40620
MAWN:ESC                  45.85510   -87.18440
MAWN:FEV                  42.59510   -86.15610
MAWN:FRM                  43.32250   -85.95510
MAWN:GRJ                  42.40200   -86.07310
MAWN:HAW                  45.29940   -83.85280
MAWN:HFD                  42.22980   -86.15590
MAWN:HRT                  43.73660   -86.35940
MAWN:HVL                  42.85940   -85.88950
MAWN:ITH                  43.31540   -84.48840
MAWN:KWD                  44.94860   -85.35570
MAWN:LDT                  43.90430   -86.37980
MAWN:MSU                  42.67340   -84.48700
MAWN:NTH                  45.13560   -85.65080
MAWN:NWM                  44.88310   -85.67770
MAWN:OLD                  44.93190   -85.50370
MAWN:PIG                  43.89920   -83.26670
MAWN:PTR                  41.93010   -83.70110
MAWN:SGA                  43.37870   -84.11280
MAWN:SPO                  43.11670   -85.75600
MAWN:SWM                  42.08410   -86.35700
MAWN:WEO                  42.97150   -86.07650
MOCAWS:Albany             40.24111   -94.34389
MOCAWS:Auxvasse           39.08917   -91.99806
MOCAWS:Brunswick          39.41278   -93.19639
MOCAWS:Cameron            39.77639   -94.30889
MOCAWS:Cardwell           36.01556   -90.31139
MOCAWS:Charleston         36.84639   -89.35639
MOCAWS:Clarkton           36.46750   -89.96361
MOCAWS:Columbia           38.90472   -92.27333
MOCAWS:Cook_Station       37.79806   -91.42972
MOCAWS:Corning            40.29361   -95.48278
MOCAWS:Delta              37.21889   -89.72889
MOCAWS:Delta_Center       36.41389   -89.69972
MOCAWS:Glennonville       36.57472   -90.12583
MOCAWS:Lamar              37.49306   -94.31472
MOCAWS:Lee_Farm           36.39639   -89.61500
MOCAWS:Linneus            39.85694   -93.14722
MOCAWS:Monroe_City        39.63333   -91.72556
MOCAWS:Novelty            40.02056   -92.19000
MOCAWS:Sanborn_Field      38.94250   -92.32000
MOCAWS:St_Joseph          39.75694   -94.79472
MOCAWS:Steele             36.10306   -89.92528
OARDC:COLUMBUS            39.98333   -83.01667
OARDC:DELAWARE            40.35000   -83.06667
OARDC:GRAPE               41.88333   -80.06667
OARDC:JACKSON             39.01667   -82.60000
OARDC:MIAMI               39.53333   -84.73333
OARDC:NORTHWEST           41.21667   -83.76667
OARDC:PERRY               41.76667   -81.15000
OARDC:PIKETON             39.06667   -83.00000
OARDC:SUNLEAF             41.80000   -81.06667
OARDC:WESTERN             39.86667   -83.66667
OARDC:WOOSTER             40.78333   -81.91667
PAAWS:BUTLERVILLE         39.03600   -85.53100
PAAWS:COLUMBIA_CITY       41.10700   -85.39900
PAAWS:FARMLAND            40.25000   -85.15000
PAAWS:LAFAYETTE           40.29800   -86.90300
PAAWS:VINCENNES           38.73900   -87.48500
PAAWS:WANATAH             41.27000   -86.56000
PAAWS:WEST_LAFAYETTE      40.56000   -86.93000
PET:BUSHLAND              35.21667  -102.06667
PET:CHILLICOTHE           34.20000   -99.51667
PET:DALHART               36.33333  -102.53333
PET:DIMMITT               34.66667  -102.50000
PET:EARTH                 34.23333  -102.41667
PET:ETTER                 36.00000  -102.00000
PET:FARWELL               34.43333  -103.03333
PET:HALFWAY               34.18333  -101.93333
PET:LAMESA                32.78333  -101.93333
PET:LUBBOCK               33.68333  -101.81667
PET:MORSE                 35.98333  -101.55000
PET:MUNDAY                33.45000   -99.56667
PET:PERRYTON              36.20000  -100.90000
PET:WELLINGTON            34.95000  -100.26667
PET:WHITE_DEER            35.43333  -101.08333
RWIS:12                   39.43995   -82.37321
RWIS:13                   40.22944   -82.30630
RWIS:15                   39.31520   -83.28472
RWIS:16                   39.36672   -82.56745
RWIS:17                   40.36151   -83.08403
RWIS:19                   40.06482   -83.46176
RWIS:2                    40.37777   -83.36838
RWIS:21                   40.19781   -83.45596
RWIS:23                   38.47169   -83.33416
RWIS:24                   38.51548   -83.52760
RWIS:25                   39.11996   -83.35809
RWIS:27                   38.30668   -82.39641
RWIS:29                   39.21993   -83.01324
RWIS:30                   38.51661   -82.59444
RWIS:32                   38.50652   -82.16721
RWIS:33                   39.32176   -82.26628
RWIS:34                   39.03618   -81.57594
RWIS:51                   39.83469   -81.81245
RWIS:52                   39.83834   -84.49845
RWIS:53                   39.86594   -84.05831
RWIS:54                   39.93990   -83.54425
RWIS:55                   39.94029   -82.23758
RWIS:56                   39.98105   -81.73201
RWIS:57                   40.05696   -81.23682
RWIS:58                   40.04766   -80.74596
RWIS:59                   39.42688   -84.08827
RWIS:6                    40.50047   -83.15421
RWIS:60                   39.57063   -83.70471
RWIS:61                   39.70501   -83.45216
RWIS:62                   39.81959   -83.18494
RWIS:63                   40.37166   -82.83562
RWIS:64                   40.57023   -82.62370
RWIS:65                   40.78169   -82.41299
RWIS:66                   40.91685   -82.13331
RWIS:67                   41.03325   -81.88762
RWIS:68                   41.22792   -81.62797
RWIS:69                   39.19094   -84.77747
RWIS:70                   39.18782   -84.26353
RWIS:71                   39.77827   -84.01233
RWIS:72                   39.32740   -84.42286
RWIS:73                   39.44146   -84.33690
RWIS:74                   39.59511   -84.23981
RWIS:75                   39.93365   -84.19049
RWIS:76                   40.18157   -84.21766
RWIS:77                   40.49615   -84.16592
RWIS:78                   40.68157   -84.12902
RWIS:79                   40.88730   -83.87431
RWIS:80                   39.40523   -81.42844
RWIS:81                   39.63062   -81.46321
RWIS:82                   39.90949   -81.52723
RWIS:83                   40.23768   -81.55476
RWIS:84                   40.64601   -81.45188
RWIS:85                   41.37323   -82.56915
RWIS:86                   41.42688   -82.07765
RWIS:87                   41.76562   -80.99280
RWIS:88                   41.82812   -80.77413
RWIS:89                   41.89875   -80.62416
RWIS:90                   41.18436   -80.51969
RWIS:91                   41.10090   -81.02234
RWIS:92                   41.10018   -81.37723
RWIS:94                   41.46486   -80.71195
RWIS:95                   40.89992   -80.72318
RWIS:Bismarck             46.83000  -100.85000
RWIS:Buffalo              47.03000   -97.55000
RWIS:Emerado              47.93000   -97.35000
RWIS:Fargo                46.85000   -96.79000
RWIS:Fryburg              46.89000  -103.29000
RWIS:Golden_Valley        47.30000  -102.05000
RWIS:Medina               46.88000   -99.28000
RWIS:New_Salem            46.86000  -101.45000
RWIS:Sterling             46.84000  -100.85000
RWIS_IA:RADA              41.49000   -94.72000
RWIS_IA:RALG              43.08000   -94.39000
RWIS_IA:RALT              41.66000   -93.52000
RWIS_IA:RAME              42.03000   -93.57000
RWIS_IA:RANK              41.76000   -93.57000
RWIS_IA:RATN              42.99000   -96.08000
RWIS_IA:RAVO              41.49000   -95.28000
RWIS_IA:RBUR              40.81000   -91.09000
RWIS_IA:RCAR              42.08000   -94.89000
RWIS_IA:RCDR              41.98000   -91.67000
RWIS_IA:RCEN              40.73000   -93.00000
RWIS_IA:RCID              41.93000   -91.68000
RWIS_IA:RCOU              41.23000   -95.86000
RWIS_IA:RCRE              41.04000   -94.30000
RWIS_IA:RDAV              41.60000   -90.68000
RWIS_IA:RDEC              43.24000   -91.69000
RWIS_IA:RDEW              41.83000   -90.57000
RWIS_IA:RDSM              41.53000   -93.77000
RWIS_IA:RDST              41.53000   -94.01000
RWIS_IA:RDUB              42.48000   -90.73000
RWIS_IA:RFOD              42.44000   -94.18000
RWIS_IA:RGRI              41.69000   -92.73000
RWIS_IA:RHAN              43.39000   -93.34000
RWIS_IA:RIAC              41.63000   -91.59000
RWIS_IA:RJEF              42.05000   -94.38000
RWIS_IA:RLEO              40.73000   -93.84000
RWIS_IA:RMAN              42.43000   -91.44000
RWIS_IA:RMAQ              42.07000   -90.68000
RWIS_IA:RMAR              42.02000   -92.96000
RWIS_IA:RMCW              43.03000   -93.34000
RWIS_IA:RMIS              41.54000   -95.92000
RWIS_IA:RMOU              40.89000   -91.55000
RWIS_IA:RNEW              43.07000   -92.46000
RWIS_IA:RONA              41.86000   -96.01000
RWIS_IA:ROSC              41.03000   -93.79000
RWIS_IA:ROTT              41.02000   -92.42000
RWIS_IA:RPEL              41.38000   -92.87000
RWIS_IA:RRED              40.98000   -94.98000
RWIS_IA:RSID              40.68000   -95.78000
RWIS_IA:RSIG              41.33000   -92.31000
RWIS_IA:RSIO              42.48000   -96.38000
RWIS_IA:RSPE              43.13000   -95.08000
RWIS_IA:RSTO              42.74000   -95.15000
RWIS_IA:RTIP              41.64000   -91.13000
RWIS_IA:RURB              42.31000   -91.98000
RWIS_IA:RWAT              42.45000   -92.31000
RWIS_IA:RWBG              41.68000   -92.01000
RWIS_IA:RWIL              42.53000   -93.57000
RWIS_SD:_SBAT             43.06000  -102.28000
RWIS_SD:_SBRA             44.68000   -96.84000
RWIS_SD:_SELS             44.12000  -103.18000
RWIS_SD:_SFOR             44.02000   -98.06000
RWIS_SD:_SFRD             45.93000   -98.56000
RWIS_SD:_SGLD             45.46000  -102.12000
RWIS_SD:_SHAR             44.54000   -99.70000
RWIS_SD:_SHER             45.85000  -100.10000
RWIS_SD:_SKIM             43.74000   -98.99000
RWIS_SD:_SLEM             45.93000  -102.22000
RWIS_SD:_SLUD             45.92000  -103.48000
RWIS_SD:_SNSC             42.53000   -96.50000
RWIS_SD:_SRAP             44.04000  -103.44000
RWIS_SD:_SSLV             44.11000  -103.52000
RWIS_SD:_SSUM             45.33000   -97.08000
RWIS_SD:_STOL             45.22000   -99.66000
RWIS_SD:_SVIC             45.90000   -96.87000
RWIS_SD:_SWAS             44.03000  -102.51000
TNRCC:C1006               33.15306   -96.11556
TNRCC:C1014               31.87111  -102.33889
TNRCC:C104                35.33583  -101.58694
TNRCC:C105                35.35278  -101.58056
TNRCC:C13                 32.80583   -97.35667
TNRCC:C134                32.77889   -96.87306
TNRCC:C17                 32.92250   -97.28194
TNRCC:C171                30.26333   -97.71306
TNRCC:C19                 32.38250   -94.71250
TNRCC:C2                  30.03944   -94.07472
TNRCC:C26                 30.03944   -95.67389
TNRCC:C3                  30.35417   -97.76000
TNRCC:C306                33.59083  -101.84750
TNRCC:C31                 33.13250   -96.78611
TNRCC:C312                32.77417   -96.79778
TNRCC:C318                30.36583  -103.64917
TNRCC:C38                 30.48361   -97.87222
TNRCC:C401                32.82000   -96.86000
TNRCC:C402                32.67667   -96.87167
TNRCC:C47                 31.83667  -102.34194
TNRCC:C5001               30.31361   -97.76139
TNRCC:C5006               30.35667   -95.41389
TNRCC:C5007               32.66389   -97.09583
TNRCC:C5008               33.20611   -97.19889
TNRCC:C52                 32.48222   -97.02694
TNRCC:C54                 30.06694   -94.07722
TNRCC:C56                 33.19472   -97.19333
TNRCC:C61                 32.65639   -97.08861
TNRCC:C612                32.42111   -94.06389
TNRCC:C613                30.41861   -97.60139
TNRCC:C614                30.21472   -98.08333
TNRCC:C63                 32.91917   -96.80833
TNRCC:C642                30.18000   -93.87306
TNRCC:C68                 33.35611   -96.55111
TNRCC:C69                 32.93611   -96.45917
TNRCC:C70                 32.98417   -97.06361
TNRCC:C71                 32.56500   -96.31750
TNRCC:C73                 32.44194   -97.80333
TNRCC:C74                 32.76917   -96.54611
TNRCC:C75                 32.98806   -97.47639
TNRCC:C76                 32.86861   -97.90583
TNRCC:C77                 32.35333   -97.43667
TNRCC:C78                 30.35028   -95.42500
TNRCC:C79                 35.38278  -101.56083
TNRCC:C82                 32.34389   -95.41556
TNRCC:C85                 32.67056   -94.16806
TNRCC:C9                  30.08444   -93.76167
TNRCC:C94                 32.43667   -97.02444
